<?xml version="1.0" encoding="UTF-8"?>
<testsuites name="Acceptance" time="5397.075" tests="27" failures="9" errors="0">
   <testsuite name="Acceptance" tests="27" failures="9" errors="0" time="5397.075" timestamp="2019-12-03 19:15:28" hostname="akhilesh - 192.168.1.6" id="Test Suites/Acceptance">
      <properties>
         <property name="deviceName" value=""/>
         <property name="devicePlatform" value=""/>
         <property name="logFolder" value="/Users/akhilesh/git/KatalonBDD1/Reports/20191203_191511/Acceptance/20191203_191511"/>
         <property name="logFiles" value="/Users/akhilesh/git/KatalonBDD1/Reports/20191203_191511/Acceptance/20191203_191511/execution0.log"/>
         <property name="attachments" value="/Users/akhilesh/git/KatalonBDD1/Reports/20191203_191511/Acceptance/20191203_191511/videos/test_1.avi, /Users/akhilesh/git/KatalonBDD1/Reports/20191203_191511/Acceptance/20191203_191511/videos/test_2.avi, /Users/akhilesh/git/KatalonBDD1/Reports/20191203_191511/Acceptance/20191203_191511/videos/test_3.avi, /Users/akhilesh/git/KatalonBDD1/Reports/20191203_191511/Acceptance/20191203_191511/1575380961911.png, /Users/akhilesh/git/KatalonBDD1/Reports/20191203_191511/Acceptance/20191203_191511/videos/test_4.avi, /Users/akhilesh/git/KatalonBDD1/Reports/20191203_191511/Acceptance/20191203_191511/videos/test_5.avi, /Users/akhilesh/git/KatalonBDD1/Reports/20191203_191511/Acceptance/20191203_191511/1575380978354.png, /Users/akhilesh/git/KatalonBDD1/Reports/20191203_191511/Acceptance/20191203_191511/videos/test_6.avi, /Users/akhilesh/git/KatalonBDD1/Reports/20191203_191511/Acceptance/20191203_191511/videos/test_7.avi, /Users/akhilesh/git/KatalonBDD1/Reports/20191203_191511/Acceptance/20191203_191511/1575382922482.png, /Users/akhilesh/git/KatalonBDD1/Reports/20191203_191511/Acceptance/20191203_191511/videos/test_8.avi, /Users/akhilesh/git/KatalonBDD1/Reports/20191203_191511/Acceptance/20191203_191511/1575384937498.png, /Users/akhilesh/git/KatalonBDD1/Reports/20191203_191511/Acceptance/20191203_191511/videos/test_9.avi, /Users/akhilesh/git/KatalonBDD1/Reports/20191203_191511/Acceptance/20191203_191511/videos/test_10.avi, /Users/akhilesh/git/KatalonBDD1/Reports/20191203_191511/Acceptance/20191203_191511/1575385150567.png, /Users/akhilesh/git/KatalonBDD1/Reports/20191203_191511/Acceptance/20191203_191511/videos/test_11.avi, /Users/akhilesh/git/KatalonBDD1/Reports/20191203_191511/Acceptance/20191203_191511/videos/test_12.avi, /Users/akhilesh/git/KatalonBDD1/Reports/20191203_191511/Acceptance/20191203_191511/1575385316825.png, /Users/akhilesh/git/KatalonBDD1/Reports/20191203_191511/Acceptance/20191203_191511/videos/test_13.avi, /Users/akhilesh/git/KatalonBDD1/Reports/20191203_191511/Acceptance/20191203_191511/videos/test_14.avi, /Users/akhilesh/git/KatalonBDD1/Reports/20191203_191511/Acceptance/20191203_191511/videos/test_15.avi, /Users/akhilesh/git/KatalonBDD1/Reports/20191203_191511/Acceptance/20191203_191511/1575385538021.png, /Users/akhilesh/git/KatalonBDD1/Reports/20191203_191511/Acceptance/20191203_191511/videos/test_16.avi, /Users/akhilesh/git/KatalonBDD1/Reports/20191203_191511/Acceptance/20191203_191511/1575385603326.png, /Users/akhilesh/git/KatalonBDD1/Reports/20191203_191511/Acceptance/20191203_191511/videos/test_17.avi, /Users/akhilesh/git/KatalonBDD1/Reports/20191203_191511/Acceptance/20191203_191511/videos/test_18.avi, /Users/akhilesh/git/KatalonBDD1/Reports/20191203_191511/Acceptance/20191203_191511/1575385705867.png, /Users/akhilesh/git/KatalonBDD1/Reports/20191203_191511/Acceptance/20191203_191511/1575385706090.png, /Users/akhilesh/git/KatalonBDD1/Reports/20191203_191511/Acceptance/20191203_191511/videos/test_19.avi, /Users/akhilesh/git/KatalonBDD1/Reports/20191203_191511/Acceptance/20191203_191511/videos/test_20.avi, /Users/akhilesh/git/KatalonBDD1/Reports/20191203_191511/Acceptance/20191203_191511/videos/test_21.avi, /Users/akhilesh/git/KatalonBDD1/Reports/20191203_191511/Acceptance/20191203_191511/videos/test_22.avi, /Users/akhilesh/git/KatalonBDD1/Reports/20191203_191511/Acceptance/20191203_191511/videos/test_23.avi, /Users/akhilesh/git/KatalonBDD1/Reports/20191203_191511/Acceptance/20191203_191511/videos/test_24.avi, /Users/akhilesh/git/KatalonBDD1/Reports/20191203_191511/Acceptance/20191203_191511/videos/test_25.avi, /Users/akhilesh/git/KatalonBDD1/Reports/20191203_191511/Acceptance/20191203_191511/videos/test_26.avi, /Users/akhilesh/git/KatalonBDD1/Reports/20191203_191511/Acceptance/20191203_191511/videos/test_27.avi"/>
         <property name="hostName" value="akhilesh - 192.168.1.6"/>
         <property name="os" value="Mac OS X 64bit"/>
         <property name="katalonVersion" value="7.1.0.1"/>
         <property name="browser" value="Firefox 70.0"/>
         <property name="hostAddress" value="192.168.1.6"/>
         <property name="sessionId" value="5f8c4984-45d9-0142-8e20-5101ad8d374b"/>
         <property name="seleniumVersion" value="3.141.59"/>
         <property name="proxyInformation" value="ProxyInformation{proxyOption=NO_PROXY, proxyServerType=HTTP, password=, proxyServerAddress=, proxyServerPort=0}"/>
         <property name="platform" value="Mac OS X"/>
      </properties>
      <testcase name="Test Cases/Rate users - third party" time="61.256" classname="Test Cases/Rate users - third party" status="PASSED">
         <system-out><![CDATA[2019-12-03 19:15:28 - [TEST_CASE][PASSED] - Test Cases/Rate users - third party: Test Cases/Rate users - third party

2019-12-03 19:15:28 - [TEST_STEP][PASSED] - Start listener action : beforeTestcase: null

2019-12-03 19:15:28 - [TEST_STEP][PASSED] - openBrowser(AppUrl): Browser is opened with url: 'https://qa.thework.life'

2019-12-03 19:15:29 - [MESSAGE][INFO] - Starting 'Firefox' driver

2019-12-03 19:15:29 - [MESSAGE][INFO] - Action delay is set to 0 seconds

2019-12-03 19:15:40 - [MESSAGE][PASSED] - Browser is opened with url: 'https://qa.thework.life'

2019-12-03 19:15:40 - [TEST_STEP][PASSED] - navigateToUrl(AppUrl): Navigate to 'https://qa.thework.life' successfully

2019-12-03 19:15:42 - [MESSAGE][PASSED] - Navigate to 'https://qa.thework.life' successfully

2019-12-03 19:15:42 - [TEST_STEP][PASSED] - setText(findTestObject("Object Repository/Rate/Page_theworklife - Find Great People To Work With/input_Forgot password_username"), "worklifetest10001@gmail.com"): Text 'worklifetest10001@gmail.com' is set on object 'Object Repository/Rate/Page_theworklife - Find Great People To Work With/input_Forgot password_username'

2019-12-03 19:15:43 - [MESSAGE][PASSED] - Text 'worklifetest10001@gmail.com' is set on object 'Object Repository/Rate/Page_theworklife - Find Great People To Work With/input_Forgot password_username'

2019-12-03 19:15:43 - [TEST_STEP][PASSED] - setEncryptedText(findTestObject("Object Repository/Rate/Page_theworklife - Find Great People To Work With/input_Forgot password_password"), "x8UobeF0bbxd7GrPsdhkIlsTrhBxwBw1"): Text ****** has been set on object 'Object Repository/Rate/Page_theworklife - Find Great People To Work With/input_Forgot password_password'

2019-12-03 19:15:43 - [MESSAGE][PASSED] - Text ****** has been set on object 'Object Repository/Rate/Page_theworklife - Find Great People To Work With/input_Forgot password_password'

2019-12-03 19:15:43 - [TEST_STEP][PASSED] - click(findTestObject("Object Repository/Rate/Page_theworklife - Find Great People To Work With/button_Sign in")): Object: 'Object Repository/Rate/Page_theworklife - Find Great People To Work With/button_Sign in' is clicked on

2019-12-03 19:15:47 - [MESSAGE][PASSED] - Object: 'Object Repository/Rate/Page_theworklife - Find Great People To Work With/button_Sign in' is clicked on

2019-12-03 19:15:47 - [TEST_STEP][PASSED] - setEncryptedText(findTestObject("Object Repository/Rate/Page_theworklife - Find Great People To Work With/input_Password does not match_password"), "XU9cBalmEBp1UP+jEU2w4UUBUuNgBY4U"): Text ****** has been set on object 'Object Repository/Rate/Page_theworklife - Find Great People To Work With/input_Password does not match_password'

2019-12-03 19:15:47 - [MESSAGE][PASSED] - Text ****** has been set on object 'Object Repository/Rate/Page_theworklife - Find Great People To Work With/input_Password does not match_password'

2019-12-03 19:15:47 - [TEST_STEP][PASSED] - click(findTestObject("Object Repository/Rate/Page_theworklife - Find Great People To Work With/button_Sign in")): Object: 'Object Repository/Rate/Page_theworklife - Find Great People To Work With/button_Sign in' is clicked on

2019-12-03 19:15:54 - [MESSAGE][PASSED] - Object: 'Object Repository/Rate/Page_theworklife - Find Great People To Work With/button_Sign in' is clicked on

2019-12-03 19:15:54 - [TEST_STEP][PASSED] - setText(findTestObject("Object Repository/Rate/Page_Home/input_View all_searchText"), "user1570385143181"): Text 'user1570385143181' is set on object 'Object Repository/Rate/Page_Home/input_View all_searchText'

2019-12-03 19:15:55 - [MESSAGE][PASSED] - Text 'user1570385143181' is set on object 'Object Repository/Rate/Page_Home/input_View all_searchText'

2019-12-03 19:15:55 - [TEST_STEP][PASSED] - click(findTestObject("Rate/Page_Home/Search user button")): Object: 'Object Repository/Rate/Page_Home/Search user button' is clicked on

2019-12-03 19:16:01 - [MESSAGE][PASSED] - Object: 'Object Repository/Rate/Page_Home/Search user button' is clicked on

2019-12-03 19:16:01 - [TEST_STEP][PASSED] - click(findTestObject("Rate/Page_Home/click on user to rate")): Object: 'Object Repository/Rate/Page_Home/click on user to rate' is clicked on

2019-12-03 19:16:01 - [MESSAGE][PASSED] - Object: 'Object Repository/Rate/Page_Home/click on user to rate' is clicked on

2019-12-03 19:16:01 - [TEST_STEP][PASSED] - click(findTestObject("Rate/Page_Home/Click rate now")): Object: 'Object Repository/Rate/Page_Home/Click rate now' is clicked on

2019-12-03 19:16:06 - [MESSAGE][PASSED] - Object: 'Object Repository/Rate/Page_Home/Click rate now' is clicked on

2019-12-03 19:16:06 - [TEST_STEP][PASSED] - waitForElementClickable(findTestObject("Rate/Page_View Profile/span_Desire to work with again_star3"), 5): Object 'Object Repository/Rate/Page_View Profile/span_Desire to work with again_star3' is clickable

2019-12-03 19:16:07 - [MESSAGE][PASSED] - Object 'Object Repository/Rate/Page_View Profile/span_Desire to work with again_star3' is clickable

2019-12-03 19:16:07 - [TEST_STEP][NOT_RUN] - sleep(5000): NOT_RUN: sleep(5000)

2019-12-03 19:16:07 - [MESSAGE][NOT_RUN] - NOT_RUN: sleep(5000)

2019-12-03 19:16:07 - [TEST_STEP][PASSED] - delay(5): Delayed 5 second(s)

2019-12-03 19:16:12 - [MESSAGE][PASSED] - Delayed 5 second(s)

2019-12-03 19:16:12 - [TEST_STEP][PASSED] - click(findTestObject("Object Repository/Rate/Page_View Profile/span_Desire to work with again_star3")): Object: 'Object Repository/Rate/Page_View Profile/span_Desire to work with again_star3' is clicked on

2019-12-03 19:16:13 - [MESSAGE][PASSED] - Object: 'Object Repository/Rate/Page_View Profile/span_Desire to work with again_star3' is clicked on

2019-12-03 19:16:13 - [TEST_STEP][PASSED] - click(findTestObject("Object Repository/Rate/Page_View Profile/span_Encourages work life balance_star3")): Object: 'Object Repository/Rate/Page_View Profile/span_Encourages work life balance_star3' is clicked on

2019-12-03 19:16:13 - [MESSAGE][PASSED] - Object: 'Object Repository/Rate/Page_View Profile/span_Encourages work life balance_star3' is clicked on

2019-12-03 19:16:13 - [TEST_STEP][PASSED] - click(findTestObject("Object Repository/Rate/Page_View Profile/span_Dependability_star3")): Object: 'Object Repository/Rate/Page_View Profile/span_Dependability_star3' is clicked on

2019-12-03 19:16:14 - [MESSAGE][PASSED] - Object: 'Object Repository/Rate/Page_View Profile/span_Dependability_star3' is clicked on

2019-12-03 19:16:14 - [TEST_STEP][PASSED] - click(findTestObject("Object Repository/Rate/Page_View Profile/span_Solution Seeker_star3")): Object: 'Object Repository/Rate/Page_View Profile/span_Solution Seeker_star3' is clicked on

2019-12-03 19:16:14 - [MESSAGE][PASSED] - Object: 'Object Repository/Rate/Page_View Profile/span_Solution Seeker_star3' is clicked on

2019-12-03 19:16:14 - [TEST_STEP][PASSED] - click(findTestObject("Object Repository/Rate/Page_View Profile/span_Willingness to Learn_star3")): Object: 'Object Repository/Rate/Page_View Profile/span_Willingness to Learn_star3' is clicked on

2019-12-03 19:16:15 - [MESSAGE][PASSED] - Object: 'Object Repository/Rate/Page_View Profile/span_Willingness to Learn_star3' is clicked on

2019-12-03 19:16:15 - [TEST_STEP][PASSED] - click(findTestObject("Object Repository/Rate/Page_View Profile/span_Enthusiasm_star3")): Object: 'Object Repository/Rate/Page_View Profile/span_Enthusiasm_star3' is clicked on

2019-12-03 19:16:15 - [MESSAGE][PASSED] - Object: 'Object Repository/Rate/Page_View Profile/span_Enthusiasm_star3' is clicked on

2019-12-03 19:16:15 - [TEST_STEP][PASSED] - click(findTestObject("Object Repository/Rate/Page_View Profile/span_Clarity in Communication_star3")): Object: 'Object Repository/Rate/Page_View Profile/span_Clarity in Communication_star3' is clicked on

2019-12-03 19:16:15 - [MESSAGE][PASSED] - Object: 'Object Repository/Rate/Page_View Profile/span_Clarity in Communication_star3' is clicked on

2019-12-03 19:16:15 - [TEST_STEP][PASSED] - click(findTestObject("Object Repository/Rate/Page_View Profile/span_Mutual Respect_star3")): Object: 'Object Repository/Rate/Page_View Profile/span_Mutual Respect_star3' is clicked on

2019-12-03 19:16:16 - [MESSAGE][PASSED] - Object: 'Object Repository/Rate/Page_View Profile/span_Mutual Respect_star3' is clicked on

2019-12-03 19:16:16 - [TEST_STEP][PASSED] - click(findTestObject("Object Repository/Rate/Page_View Profile/button_Next")): Object: 'Object Repository/Rate/Page_View Profile/button_Next' is clicked on

2019-12-03 19:16:17 - [MESSAGE][PASSED] - Object: 'Object Repository/Rate/Page_View Profile/button_Next' is clicked on

2019-12-03 19:16:17 - [TEST_STEP][PASSED] - waitForElementClickable(findTestObject("Rate/Page_View Profile/textarea_test recomendation test on qa enviornment for vijay test account"), 3): Object 'Object Repository/Rate/Page_View Profile/textarea_test recomendation test on qa enviornment for vijay test account' is clickable

2019-12-03 19:16:18 - [MESSAGE][PASSED] - Object 'Object Repository/Rate/Page_View Profile/textarea_test recomendation test on qa enviornment for vijay test account' is clickable

2019-12-03 19:16:18 - [TEST_STEP][PASSED] - setText(findTestObject("Object Repository/Rate/Page_View Profile/textarea_test recomendation test on qa enviornment for vijay test account"), "test recomendation test on qa enviornment for vijay test account tst test test test for recommendation test scenario vijay test"): Text 'test recomendation test on qa enviornment for vijay test account tst test test test for recommendation test scenario vijay test' is set on object 'Object Repository/Rate/Page_View Profile/textarea_test recomendation test on qa enviornment for vijay test account'

2019-12-03 19:16:18 - [MESSAGE][PASSED] - Text 'test recomendation test on qa enviornment for vijay test account tst test test test for recommendation test scenario vijay test' is set on object 'Object Repository/Rate/Page_View Profile/textarea_test recomendation test on qa enviornment for vijay test account'

2019-12-03 19:16:18 - [TEST_STEP][PASSED] - click(findTestObject("Object Repository/Rate/Page_View Profile/button_Submit")): Object: 'Object Repository/Rate/Page_View Profile/button_Submit' is clicked on

2019-12-03 19:16:19 - [MESSAGE][PASSED] - Object: 'Object Repository/Rate/Page_View Profile/button_Submit' is clicked on

2019-12-03 19:16:19 - [TEST_STEP][PASSED] - waitForElementClickable(findTestObject("Rate/Page_View Profile/a_OK"), 3): Object 'Object Repository/Rate/Page_View Profile/a_OK' is clickable

2019-12-03 19:16:20 - [MESSAGE][PASSED] - Object 'Object Repository/Rate/Page_View Profile/a_OK' is clickable

2019-12-03 19:16:20 - [TEST_STEP][PASSED] - delay(5): Delayed 5 second(s)

2019-12-03 19:16:25 - [MESSAGE][PASSED] - Delayed 5 second(s)

2019-12-03 19:16:25 - [TEST_STEP][PASSED] - click(findTestObject("Rate/Page_View Profile/a_OK")): Object: 'Object Repository/Rate/Page_View Profile/a_OK' is clicked on

2019-12-03 19:16:25 - [MESSAGE][PASSED] - Object: 'Object Repository/Rate/Page_View Profile/a_OK' is clicked on

2019-12-03 19:16:25 - [TEST_STEP][PASSED] - closeBrowser(): Browser is closed

2019-12-03 19:16:27 - [MESSAGE][PASSED] - Browser is closed

2019-12-03 19:16:27 - [TEST_STEP][PASSED] - Start listener action : afterTestcase: Browser is closed

2019-12-03 19:16:27 - [TEST_STEP][PASSED] - closeBrowser(): Browser is closed

2019-12-03 19:16:27 - [MESSAGE][PASSED] - Browser is closed

2019-12-03 19:16:29 - [TEST_STEP][PASSED] - Video: Video recording for test case 'Test Cases/Rate users - third party' .

2019-12-03 19:16:29 - [MESSAGE][INFO] - Video recording for test case 'Test Cases/Rate users - third party' .
[[ATTACHMENT|/Users/akhilesh/git/KatalonBDD1/Reports/20191203_191511/Acceptance/20191203_191511/videos/test_1.avi]]]]></system-out>
         <system-err><![CDATA[]]></system-err>
      </testcase>
      <testcase name="Test Cases/Connect with users" time="40.075" classname="Test Cases/Connect with users" status="PASSED">
         <system-out><![CDATA[2019-12-03 19:16:29 - [TEST_CASE][PASSED] - Test Cases/Connect with users: Test Cases/Connect with users

2019-12-03 19:16:29 - [TEST_STEP][PASSED] - Start listener action : beforeTestcase: null

2019-12-03 19:16:29 - [TEST_STEP][PASSED] - openBrowser(AppUrl): Browser is opened with url: 'https://qa.thework.life'

2019-12-03 19:16:29 - [MESSAGE][INFO] - Starting 'Firefox' driver

2019-12-03 19:16:39 - [MESSAGE][PASSED] - Browser is opened with url: 'https://qa.thework.life'

2019-12-03 19:16:39 - [TEST_STEP][PASSED] - navigateToUrl(AppUrl): Navigate to 'https://qa.thework.life' successfully

2019-12-03 19:16:41 - [MESSAGE][PASSED] - Navigate to 'https://qa.thework.life' successfully

2019-12-03 19:16:41 - [TEST_STEP][PASSED] - setText(findTestObject("Experience/Page_theworklife - Find Great People To Work With/input_Forgot password_username"), "worklifetest10001@gmail.com"): Text 'worklifetest10001@gmail.com' is set on object 'Object Repository/Experience/Page_theworklife - Find Great People To Work With/input_Forgot password_username'

2019-12-03 19:16:42 - [MESSAGE][PASSED] - Text 'worklifetest10001@gmail.com' is set on object 'Object Repository/Experience/Page_theworklife - Find Great People To Work With/input_Forgot password_username'

2019-12-03 19:16:42 - [TEST_STEP][PASSED] - setEncryptedText(findTestObject("Experience/Page_theworklife - Find Great People To Work With/input_Forgot password_password"), "XU9cBalmEBp1UP+jEU2w4UUBUuNgBY4U"): Text ****** has been set on object 'Object Repository/Experience/Page_theworklife - Find Great People To Work With/input_Forgot password_password'

2019-12-03 19:16:42 - [MESSAGE][PASSED] - Text ****** has been set on object 'Object Repository/Experience/Page_theworklife - Find Great People To Work With/input_Forgot password_password'

2019-12-03 19:16:42 - [TEST_STEP][PASSED] - click(findTestObject("Object Repository/Rate/Page_theworklife - Find Great People To Work With/button_Sign in")): Object: 'Object Repository/Rate/Page_theworklife - Find Great People To Work With/button_Sign in' is clicked on

2019-12-03 19:16:52 - [MESSAGE][PASSED] - Object: 'Object Repository/Rate/Page_theworklife - Find Great People To Work With/button_Sign in' is clicked on

2019-12-03 19:16:52 - [TEST_STEP][PASSED] - waitForElementPresent(findTestObject("connect with user/Page_Home/a_connections"), 3): Object 'Object Repository/connect with user/Page_Home/a_connections' is present

2019-12-03 19:16:52 - [MESSAGE][PASSED] - Object 'Object Repository/connect with user/Page_Home/a_connections' is present

2019-12-03 19:16:52 - [TEST_STEP][PASSED] - delay(4): Delayed 4 second(s)

2019-12-03 19:16:56 - [MESSAGE][PASSED] - Delayed 4 second(s)

2019-12-03 19:16:56 - [TEST_STEP][PASSED] - click(findTestObject("connect with user/Page_Home/a_connections")): Object: 'Object Repository/connect with user/Page_Home/a_connections' is clicked on

2019-12-03 19:16:59 - [MESSAGE][PASSED] - Object: 'Object Repository/connect with user/Page_Home/a_connections' is clicked on

2019-12-03 19:16:59 - [TEST_STEP][PASSED] - setText(findTestObject("Rate/Page_Home/input_View all_searchText"), "vijay"): Text 'vijay' is set on object 'Object Repository/Rate/Page_Home/input_View all_searchText'

2019-12-03 19:16:59 - [MESSAGE][PASSED] - Text 'vijay' is set on object 'Object Repository/Rate/Page_Home/input_View all_searchText'

2019-12-03 19:16:59 - [TEST_STEP][PASSED] - click(findTestObject("Rate/Page_Home/Search user button")): Object: 'Object Repository/Rate/Page_Home/Search user button' is clicked on

2019-12-03 19:17:05 - [MESSAGE][PASSED] - Object: 'Object Repository/Rate/Page_Home/Search user button' is clicked on

2019-12-03 19:17:05 - [TEST_STEP][PASSED] - click(findTestObject("connect with user/Page_Search/button_Connect")): Object: 'Object Repository/connect with user/Page_Search/button_Connect' is clicked on

2019-12-03 19:17:06 - [MESSAGE][PASSED] - Object: 'Object Repository/connect with user/Page_Search/button_Connect' is clicked on

2019-12-03 19:17:06 - [TEST_STEP][PASSED] - closeBrowser(): Browser is closed

2019-12-03 19:17:07 - [MESSAGE][PASSED] - Browser is closed

2019-12-03 19:17:07 - [TEST_STEP][PASSED] - Start listener action : afterTestcase: Browser is closed

2019-12-03 19:17:07 - [TEST_STEP][PASSED] - closeBrowser(): Browser is closed

2019-12-03 19:17:07 - [MESSAGE][PASSED] - Browser is closed

2019-12-03 19:17:09 - [TEST_STEP][PASSED] - Video: Video recording for test case 'Test Cases/Connect with users' .

2019-12-03 19:17:09 - [MESSAGE][INFO] - Video recording for test case 'Test Cases/Connect with users' .
[[ATTACHMENT|/Users/akhilesh/git/KatalonBDD1/Reports/20191203_191511/Acceptance/20191203_191511/videos/test_2.avi]]]]></system-out>
         <system-err><![CDATA[]]></system-err>
      </testcase>
      <testcase name="Test Cases/Endorse skills" time="57.129" classname="Test Cases/Endorse skills" status="PASSED">
         <system-out><![CDATA[2019-12-03 19:17:09 - [TEST_CASE][PASSED] - Test Cases/Endorse skills: Test Cases/Endorse skills

2019-12-03 19:17:09 - [TEST_STEP][PASSED] - Start listener action : beforeTestcase: null

2019-12-03 19:17:09 - [TEST_STEP][PASSED] - openBrowser(AppUrl): Browser is opened with url: 'https://qa.thework.life'

2019-12-03 19:17:09 - [MESSAGE][INFO] - Starting 'Firefox' driver

2019-12-03 19:17:24 - [MESSAGE][PASSED] - Browser is opened with url: 'https://qa.thework.life'

2019-12-03 19:17:24 - [TEST_STEP][PASSED] - navigateToUrl(AppUrl): Navigate to 'https://qa.thework.life' successfully

2019-12-03 19:17:27 - [MESSAGE][PASSED] - Navigate to 'https://qa.thework.life' successfully

2019-12-03 19:17:27 - [TEST_STEP][PASSED] - setText(findTestObject("Object Repository/Endorse skills/Page_theworklife - Find Great People To Work With/input_Forgot password_username"), "worklifetest10001@gmail.com"): Text 'worklifetest10001@gmail.com' is set on object 'Object Repository/Endorse skills/Page_theworklife - Find Great People To Work With/input_Forgot password_username'

2019-12-03 19:17:28 - [MESSAGE][PASSED] - Text 'worklifetest10001@gmail.com' is set on object 'Object Repository/Endorse skills/Page_theworklife - Find Great People To Work With/input_Forgot password_username'

2019-12-03 19:17:28 - [TEST_STEP][PASSED] - setEncryptedText(findTestObject("Object Repository/Endorse skills/Page_theworklife - Find Great People To Work With/input_Forgot password_password"), "XU9cBalmEBp1UP+jEU2w4UUBUuNgBY4U"): Text ****** has been set on object 'Object Repository/Endorse skills/Page_theworklife - Find Great People To Work With/input_Forgot password_password'

2019-12-03 19:17:28 - [MESSAGE][PASSED] - Text ****** has been set on object 'Object Repository/Endorse skills/Page_theworklife - Find Great People To Work With/input_Forgot password_password'

2019-12-03 19:17:28 - [TEST_STEP][PASSED] - click(findTestObject("Object Repository/Rate/Page_theworklife - Find Great People To Work With/button_Sign in")): Object: 'Object Repository/Rate/Page_theworklife - Find Great People To Work With/button_Sign in' is clicked on

2019-12-03 19:17:37 - [MESSAGE][PASSED] - Object: 'Object Repository/Rate/Page_theworklife - Find Great People To Work With/button_Sign in' is clicked on

2019-12-03 19:17:37 - [TEST_STEP][PASSED] - setText(findTestObject("Object Repository/Endorse skills/Page_Home/input_View all_searchText"), "vijay"): Text 'vijay' is set on object 'Object Repository/Endorse skills/Page_Home/input_View all_searchText'

2019-12-03 19:17:38 - [MESSAGE][PASSED] - Text 'vijay' is set on object 'Object Repository/Endorse skills/Page_Home/input_View all_searchText'

2019-12-03 19:17:38 - [TEST_STEP][PASSED] - delay(3): Delayed 3 second(s)

2019-12-03 19:17:41 - [MESSAGE][PASSED] - Delayed 3 second(s)

2019-12-03 19:17:41 - [TEST_STEP][PASSED] - click(findTestObject("Object Repository/Endorse skills/Page_Search/div_Vijay Test")): Object: 'Object Repository/Endorse skills/Page_Search/div_Vijay Test' is clicked on

2019-12-03 19:17:45 - [MESSAGE][PASSED] - Object: 'Object Repository/Endorse skills/Page_Search/div_Vijay Test' is clicked on

2019-12-03 19:17:45 - [TEST_STEP][PASSED] - click(findTestObject("Endorse skills/Page_Search/search vijay test")): Object: 'Object Repository/Endorse skills/Page_Search/search vijay test' is clicked on

2019-12-03 19:17:45 - [MESSAGE][PASSED] - Object: 'Object Repository/Endorse skills/Page_Search/search vijay test' is clicked on

2019-12-03 19:17:45 - [TEST_STEP][PASSED] - delay(5): Delayed 5 second(s)

2019-12-03 19:17:50 - [MESSAGE][PASSED] - Delayed 5 second(s)

2019-12-03 19:17:50 - [TEST_STEP][PASSED] - click(findTestObject("Object Repository/Endorse skills/Page_View Profile/span_Endorse Skills")): Object: 'Object Repository/Endorse skills/Page_View Profile/span_Endorse Skills' is clicked on

2019-12-03 19:17:51 - [MESSAGE][PASSED] - Object: 'Object Repository/Endorse skills/Page_View Profile/span_Endorse Skills' is clicked on

2019-12-03 19:17:51 - [TEST_STEP][NOT_RUN] - delay(5): NOT_RUN: delay(5)

2019-12-03 19:17:51 - [MESSAGE][NOT_RUN] - NOT_RUN: delay(5)

2019-12-03 19:17:51 - [TEST_STEP][NOT_RUN] - waitForElementClickable(findTestObject("Endorse skills/click on endorse skill"), 5): NOT_RUN: waitForElementClickable(findTestObject("Endorse skills/click on endorse skill"), 5)

2019-12-03 19:17:51 - [MESSAGE][NOT_RUN] - NOT_RUN: waitForElementClickable(findTestObject("Endorse skills/click on endorse skill"), 5)

2019-12-03 19:17:51 - [TEST_STEP][NOT_RUN] - click(findTestObject("Endorse skills/click on endorse skill")): NOT_RUN: click(findTestObject("Endorse skills/click on endorse skill"))

2019-12-03 19:17:51 - [MESSAGE][NOT_RUN] - NOT_RUN: click(findTestObject("Endorse skills/click on endorse skill"))

2019-12-03 19:17:51 - [TEST_STEP][PASSED] - delay(5): Delayed 5 second(s)

2019-12-03 19:17:56 - [MESSAGE][PASSED] - Delayed 5 second(s)

2019-12-03 19:17:56 - [TEST_STEP][PASSED] - click(findTestObject("Endorse skills/Page_View Profile/button_Endorse")): Object: 'Object Repository/Endorse skills/Page_View Profile/button_Endorse' is clicked on

2019-12-03 19:17:56 - [MESSAGE][PASSED] - Object: 'Object Repository/Endorse skills/Page_View Profile/button_Endorse' is clicked on

2019-12-03 19:17:56 - [TEST_STEP][PASSED] - waitForElementClickable(findTestObject("Endorse skills/Page_View Profile/a_OK"), 5): Object 'Object Repository/Endorse skills/Page_View Profile/a_OK' is clickable

2019-12-03 19:17:57 - [MESSAGE][PASSED] - Object 'Object Repository/Endorse skills/Page_View Profile/a_OK' is clickable

2019-12-03 19:17:57 - [TEST_STEP][PASSED] - delay(5): Delayed 5 second(s)

2019-12-03 19:18:02 - [MESSAGE][PASSED] - Delayed 5 second(s)

2019-12-03 19:18:02 - [TEST_STEP][PASSED] - click(findTestObject("Object Repository/Endorse skills/Page_View Profile/a_OK")): Object: 'Object Repository/Endorse skills/Page_View Profile/a_OK' is clicked on

2019-12-03 19:18:03 - [MESSAGE][PASSED] - Object: 'Object Repository/Endorse skills/Page_View Profile/a_OK' is clicked on

2019-12-03 19:18:03 - [TEST_STEP][PASSED] - closeBrowser(): Browser is closed

2019-12-03 19:18:04 - [MESSAGE][PASSED] - Browser is closed

2019-12-03 19:18:04 - [TEST_STEP][PASSED] - Start listener action : afterTestcase: Browser is closed

2019-12-03 19:18:04 - [TEST_STEP][PASSED] - closeBrowser(): Browser is closed

2019-12-03 19:18:04 - [MESSAGE][PASSED] - Browser is closed

2019-12-03 19:18:06 - [TEST_STEP][PASSED] - Video: Video recording for test case 'Test Cases/Endorse skills' .

2019-12-03 19:18:06 - [MESSAGE][INFO] - Video recording for test case 'Test Cases/Endorse skills' .
[[ATTACHMENT|/Users/akhilesh/git/KatalonBDD1/Reports/20191203_191511/Acceptance/20191203_191511/videos/test_3.avi]]]]></system-out>
         <system-err><![CDATA[]]></system-err>
      </testcase>
      <testcase name="Test Cases/Flag reviews" time="78.146" classname="Test Cases/Flag reviews" status="FAILED">
         <failure type="FAILED" message="Test Cases/Flag reviews FAILED.
Reason:
com.kms.katalon.core.exception.StepFailedException: Unable to click on object 'Object Repository/flag review/Page_View Profile/click btn-btn report'
	at com.kms.katalon.core.webui.keyword.internal.WebUIKeywordMain.stepFailed(WebUIKeywordMain.groovy:64)
	at com.kms.katalon.core.webui.keyword.internal.WebUIKeywordMain.runKeyword(WebUIKeywordMain.groovy:26)
	at com.kms.katalon.core.webui.keyword.builtin.ClickKeyword.click(ClickKeyword.groovy:103)
	at com.kms.katalon.core.webui.keyword.builtin.ClickKeyword.execute(ClickKeyword.groovy:43)
	at com.kms.katalon.core.keyword.internal.KeywordExecutor.executeKeywordForPlatform(KeywordExecutor.groovy:60)
	at com.kms.katalon.core.webui.keyword.WebUiBuiltInKeywords.click(WebUiBuiltInKeywords.groovy:616)
	at com.kms.katalon.core.webui.keyword.WebUiBuiltInKeywords$click$3.call(Unknown Source)
	at Flag reviews.run(Flag reviews:37)
	at com.kms.katalon.core.main.ScriptEngine.run(ScriptEngine.java:194)
	at com.kms.katalon.core.main.ScriptEngine.runScriptAsRawText(ScriptEngine.java:119)
	at com.kms.katalon.core.main.TestCaseExecutor.runScript(TestCaseExecutor.java:337)
	at com.kms.katalon.core.main.TestCaseExecutor.doExecute(TestCaseExecutor.java:328)
	at com.kms.katalon.core.main.TestCaseExecutor.processExecutionPhase(TestCaseExecutor.java:307)
	at com.kms.katalon.core.main.TestCaseExecutor.accessMainPhase(TestCaseExecutor.java:299)
	at com.kms.katalon.core.main.TestCaseExecutor.execute(TestCaseExecutor.java:233)
	at com.kms.katalon.core.main.TestSuiteExecutor.accessTestCaseMainPhase(TestSuiteExecutor.java:169)
	at com.kms.katalon.core.main.TestSuiteExecutor.accessTestSuiteMainPhase(TestSuiteExecutor.java:142)
	at com.kms.katalon.core.main.TestSuiteExecutor.execute(TestSuiteExecutor.java:91)
	at com.kms.katalon.core.main.TestCaseMain.startTestSuite(TestCaseMain.java:157)
	at com.kms.katalon.core.main.TestCaseMain$startTestSuite$0.call(Unknown Source)
	at TempTestSuite1575380721167.run(TempTestSuite1575380721167.groovy:36)
Caused by: com.kms.katalon.core.webui.exception.WebElementNotFoundException: Web element with id: 'Object Repository/flag review/Page_View Profile/click btn-btn report' located by 'By.xpath: //button[contains(@class,'btn btn-report')]' not found
	at com.kms.katalon.core.webui.common.WebUiCommonHelper.findWebElement(WebUiCommonHelper.java:1113)
	at com.kms.katalon.core.webui.keyword.internal.WebUIAbstractKeyword.findWebElement(WebUIAbstractKeyword.groovy:27)
	at com.kms.katalon.core.webui.keyword.internal.WebUIAbstractKeyword.findWebElement(WebUIAbstractKeyword.groovy:26)
	at com.kms.katalon.core.webui.keyword.builtin.ClickKeyword$_click_closure1.doCall(ClickKeyword.groovy:68)
	at com.kms.katalon.core.webui.keyword.builtin.ClickKeyword$_click_closure1.call(ClickKeyword.groovy)
	at com.kms.katalon.core.webui.keyword.internal.WebUIKeywordMain.runKeyword(WebUIKeywordMain.groovy:20)
	... 19 more
"/>
         <system-out><![CDATA[2019-12-03 19:18:06 - [TEST_CASE][FAILED] - Test Cases/Flag reviews: Test Cases/Flag reviews FAILED.
Reason:
com.kms.katalon.core.exception.StepFailedException: Unable to click on object 'Object Repository/flag review/Page_View Profile/click btn-btn report'
	at com.kms.katalon.core.webui.keyword.internal.WebUIKeywordMain.stepFailed(WebUIKeywordMain.groovy:64)
	at com.kms.katalon.core.webui.keyword.internal.WebUIKeywordMain.runKeyword(WebUIKeywordMain.groovy:26)
	at com.kms.katalon.core.webui.keyword.builtin.ClickKeyword.click(ClickKeyword.groovy:103)
	at com.kms.katalon.core.webui.keyword.builtin.ClickKeyword.execute(ClickKeyword.groovy:43)
	at com.kms.katalon.core.keyword.internal.KeywordExecutor.executeKeywordForPlatform(KeywordExecutor.groovy:60)
	at com.kms.katalon.core.webui.keyword.WebUiBuiltInKeywords.click(WebUiBuiltInKeywords.groovy:616)
	at com.kms.katalon.core.webui.keyword.WebUiBuiltInKeywords$click$3.call(Unknown Source)
	at Flag reviews.run(Flag reviews:37)
	at com.kms.katalon.core.main.ScriptEngine.run(ScriptEngine.java:194)
	at com.kms.katalon.core.main.ScriptEngine.runScriptAsRawText(ScriptEngine.java:119)
	at com.kms.katalon.core.main.TestCaseExecutor.runScript(TestCaseExecutor.java:337)
	at com.kms.katalon.core.main.TestCaseExecutor.doExecute(TestCaseExecutor.java:328)
	at com.kms.katalon.core.main.TestCaseExecutor.processExecutionPhase(TestCaseExecutor.java:307)
	at com.kms.katalon.core.main.TestCaseExecutor.accessMainPhase(TestCaseExecutor.java:299)
	at com.kms.katalon.core.main.TestCaseExecutor.execute(TestCaseExecutor.java:233)
	at com.kms.katalon.core.main.TestSuiteExecutor.accessTestCaseMainPhase(TestSuiteExecutor.java:169)
	at com.kms.katalon.core.main.TestSuiteExecutor.accessTestSuiteMainPhase(TestSuiteExecutor.java:142)
	at com.kms.katalon.core.main.TestSuiteExecutor.execute(TestSuiteExecutor.java:91)
	at com.kms.katalon.core.main.TestCaseMain.startTestSuite(TestCaseMain.java:157)
	at com.kms.katalon.core.main.TestCaseMain$startTestSuite$0.call(Unknown Source)
	at TempTestSuite1575380721167.run(TempTestSuite1575380721167.groovy:36)
Caused by: com.kms.katalon.core.webui.exception.WebElementNotFoundException: Web element with id: 'Object Repository/flag review/Page_View Profile/click btn-btn report' located by 'By.xpath: //button[contains(@class,'btn btn-report')]' not found
	at com.kms.katalon.core.webui.common.WebUiCommonHelper.findWebElement(WebUiCommonHelper.java:1113)
	at com.kms.katalon.core.webui.keyword.internal.WebUIAbstractKeyword.findWebElement(WebUIAbstractKeyword.groovy:27)
	at com.kms.katalon.core.webui.keyword.internal.WebUIAbstractKeyword.findWebElement(WebUIAbstractKeyword.groovy:26)
	at com.kms.katalon.core.webui.keyword.builtin.ClickKeyword$_click_closure1.doCall(ClickKeyword.groovy:68)
	at com.kms.katalon.core.webui.keyword.builtin.ClickKeyword$_click_closure1.call(ClickKeyword.groovy)
	at com.kms.katalon.core.webui.keyword.internal.WebUIKeywordMain.runKeyword(WebUIKeywordMain.groovy:20)
	... 19 more


2019-12-03 19:18:06 - [TEST_STEP][PASSED] - Start listener action : beforeTestcase: null

2019-12-03 19:18:07 - [TEST_STEP][PASSED] - openBrowser(AppUrl): Browser is opened with url: 'https://qa.thework.life'

2019-12-03 19:18:07 - [MESSAGE][INFO] - Starting 'Firefox' driver

2019-12-03 19:18:14 - [MESSAGE][PASSED] - Browser is opened with url: 'https://qa.thework.life'

2019-12-03 19:18:14 - [TEST_STEP][PASSED] - navigateToUrl(AppUrl): Navigate to 'https://qa.thework.life' successfully

2019-12-03 19:18:16 - [MESSAGE][PASSED] - Navigate to 'https://qa.thework.life' successfully

2019-12-03 19:18:16 - [TEST_STEP][PASSED] - setText(findTestObject("Object Repository/flag review/Page_theworklife - Find Great People To Work With/input_Forgot password_username"), "vijayvstest01@gmail.com"): Text 'vijayvstest01@gmail.com' is set on object 'Object Repository/flag review/Page_theworklife - Find Great People To Work With/input_Forgot password_username'

2019-12-03 19:18:17 - [MESSAGE][PASSED] - Text 'vijayvstest01@gmail.com' is set on object 'Object Repository/flag review/Page_theworklife - Find Great People To Work With/input_Forgot password_username'

2019-12-03 19:18:17 - [TEST_STEP][PASSED] - setEncryptedText(findTestObject("Object Repository/flag review/Page_theworklife - Find Great People To Work With/input_Forgot password_password"), "cvW8qx4B2o3F4VwP/kNsqA=="): Text ****** has been set on object 'Object Repository/flag review/Page_theworklife - Find Great People To Work With/input_Forgot password_password'

2019-12-03 19:18:17 - [MESSAGE][PASSED] - Text ****** has been set on object 'Object Repository/flag review/Page_theworklife - Find Great People To Work With/input_Forgot password_password'

2019-12-03 19:18:17 - [TEST_STEP][PASSED] - click(findTestObject("Object Repository/Rate/Page_theworklife - Find Great People To Work With/button_Sign in")): Object: 'Object Repository/Rate/Page_theworklife - Find Great People To Work With/button_Sign in' is clicked on

2019-12-03 19:18:23 - [MESSAGE][PASSED] - Object: 'Object Repository/Rate/Page_theworklife - Find Great People To Work With/button_Sign in' is clicked on

2019-12-03 19:18:23 - [TEST_STEP][PASSED] - click(findTestObject("flag review/Click profile")): Object: 'Object Repository/flag review/Click profile' is clicked on

2019-12-03 19:18:25 - [MESSAGE][PASSED] - Object: 'Object Repository/flag review/Click profile' is clicked on

2019-12-03 19:18:25 - [TEST_STEP][PASSED] - click(findTestObject("flag review/click myprofile")): Object: 'Object Repository/flag review/click myprofile' is clicked on

2019-12-03 19:18:31 - [MESSAGE][PASSED] - Object: 'Object Repository/flag review/click myprofile' is clicked on

2019-12-03 19:18:31 - [TEST_STEP][PASSED] - waitForElementClickable(findTestObject("flag review/Page_View Profile/span_Report"), 3): Object 'Object Repository/flag review/Page_View Profile/span_Report' is clickable

2019-12-03 19:18:31 - [MESSAGE][PASSED] - Object 'Object Repository/flag review/Page_View Profile/span_Report' is clickable

2019-12-03 19:18:31 - [TEST_STEP][PASSED] - click(findTestObject("Object Repository/flag review/Page_View Profile/span_Report")): Object: 'Object Repository/flag review/Page_View Profile/span_Report' is clicked on

2019-12-03 19:18:36 - [MESSAGE][PASSED] - Object: 'Object Repository/flag review/Page_View Profile/span_Report' is clicked on

2019-12-03 19:18:36 - [TEST_STEP][FAILED] - click(findTestObject("flag review/Page_View Profile/click btn-btn report")): Unable to click on object 'Object Repository/flag review/Page_View Profile/click btn-btn report' (Root cause: com.kms.katalon.core.exception.StepFailedException: Unable to click on object 'Object Repository/flag review/Page_View Profile/click btn-btn report'
	at com.kms.katalon.core.webui.keyword.internal.WebUIKeywordMain.stepFailed(WebUIKeywordMain.groovy:64)
	at com.kms.katalon.core.webui.keyword.internal.WebUIKeywordMain.runKeyword(WebUIKeywordMain.groovy:26)
	at com.kms.katalon.core.webui.keyword.builtin.ClickKeyword.click(ClickKeyword.groovy:103)
	at com.kms.katalon.core.webui.keyword.builtin.ClickKeyword.execute(ClickKeyword.groovy:43)
	at com.kms.katalon.core.keyword.internal.KeywordExecutor.executeKeywordForPlatform(KeywordExecutor.groovy:60)
	at com.kms.katalon.core.webui.keyword.WebUiBuiltInKeywords.click(WebUiBuiltInKeywords.groovy:616)
	at com.kms.katalon.core.webui.keyword.WebUiBuiltInKeywords$click$3.call(Unknown Source)
	at Flag reviews.run(Flag reviews:37)
	at com.kms.katalon.core.main.ScriptEngine.run(ScriptEngine.java:194)
	at com.kms.katalon.core.main.ScriptEngine.runScriptAsRawText(ScriptEngine.java:119)
	at com.kms.katalon.core.main.TestCaseExecutor.runScript(TestCaseExecutor.java:337)
	at com.kms.katalon.core.main.TestCaseExecutor.doExecute(TestCaseExecutor.java:328)
	at com.kms.katalon.core.main.TestCaseExecutor.processExecutionPhase(TestCaseExecutor.java:307)
	at com.kms.katalon.core.main.TestCaseExecutor.accessMainPhase(TestCaseExecutor.java:299)
	at com.kms.katalon.core.main.TestCaseExecutor.execute(TestCaseExecutor.java:233)
	at com.kms.katalon.core.main.TestSuiteExecutor.accessTestCaseMainPhase(TestSuiteExecutor.java:169)
	at com.kms.katalon.core.main.TestSuiteExecutor.accessTestSuiteMainPhase(TestSuiteExecutor.java:142)
	at com.kms.katalon.core.main.TestSuiteExecutor.execute(TestSuiteExecutor.java:91)
	at com.kms.katalon.core.main.TestCaseMain.startTestSuite(TestCaseMain.java:157)
	at com.kms.katalon.core.main.TestCaseMain$startTestSuite$0.call(Unknown Source)
	at TempTestSuite1575380721167.run(TempTestSuite1575380721167.groovy:36)
Caused by: com.kms.katalon.core.webui.exception.WebElementNotFoundException: Web element with id: 'Object Repository/flag review/Page_View Profile/click btn-btn report' located by 'By.xpath: //button[contains(@class,'btn btn-report')]' not found
	at com.kms.katalon.core.webui.common.WebUiCommonHelper.findWebElement(WebUiCommonHelper.java:1113)
	at com.kms.katalon.core.webui.keyword.internal.WebUIAbstractKeyword.findWebElement(WebUIAbstractKeyword.groovy:27)
	at com.kms.katalon.core.webui.keyword.internal.WebUIAbstractKeyword.findWebElement(WebUIAbstractKeyword.groovy:26)
	at com.kms.katalon.core.webui.keyword.builtin.ClickKeyword$_click_closure1.doCall(ClickKeyword.groovy:68)
	at com.kms.katalon.core.webui.keyword.builtin.ClickKeyword$_click_closure1.call(ClickKeyword.groovy)
	at com.kms.katalon.core.webui.keyword.internal.WebUIKeywordMain.runKeyword(WebUIKeywordMain.groovy:20)
	at com.kms.katalon.core.webui.keyword.builtin.ClickKeyword.click(ClickKeyword.groovy:103)
	at com.kms.katalon.core.webui.keyword.builtin.ClickKeyword.execute(ClickKeyword.groovy:43)
	at com.kms.katalon.core.keyword.internal.KeywordExecutor.executeKeywordForPlatform(KeywordExecutor.groovy:60)
	at com.kms.katalon.core.webui.keyword.WebUiBuiltInKeywords.click(WebUiBuiltInKeywords.groovy:616)
	at com.kms.katalon.core.webui.keyword.WebUiBuiltInKeywords$click$3.call(Unknown Source)
	at Script1570271316443.run(Script1570271316443.groovy:37)
	... 13 more
)

2019-12-03 19:19:21 - [MESSAGE][INFO] - Unable to find the element located by 'By.xpath: //button[contains(@class,'btn btn-report')]'. Please recheck the objects properties to make sure the desired element is located. 

2019-12-03 19:19:22 - [MESSAGE][FAILED] - Unable to click on object 'Object Repository/flag review/Page_View Profile/click btn-btn report' (Root cause: com.kms.katalon.core.exception.StepFailedException: Unable to click on object 'Object Repository/flag review/Page_View Profile/click btn-btn report'
	at com.kms.katalon.core.webui.keyword.internal.WebUIKeywordMain.stepFailed(WebUIKeywordMain.groovy:64)
	at com.kms.katalon.core.webui.keyword.internal.WebUIKeywordMain.runKeyword(WebUIKeywordMain.groovy:26)
	at com.kms.katalon.core.webui.keyword.builtin.ClickKeyword.click(ClickKeyword.groovy:103)
	at com.kms.katalon.core.webui.keyword.builtin.ClickKeyword.execute(ClickKeyword.groovy:43)
	at com.kms.katalon.core.keyword.internal.KeywordExecutor.executeKeywordForPlatform(KeywordExecutor.groovy:60)
	at com.kms.katalon.core.webui.keyword.WebUiBuiltInKeywords.click(WebUiBuiltInKeywords.groovy:616)
	at com.kms.katalon.core.webui.keyword.WebUiBuiltInKeywords$click$3.call(Unknown Source)
	at Flag reviews.run(Flag reviews:37)
	at com.kms.katalon.core.main.ScriptEngine.run(ScriptEngine.java:194)
	at com.kms.katalon.core.main.ScriptEngine.runScriptAsRawText(ScriptEngine.java:119)
	at com.kms.katalon.core.main.TestCaseExecutor.runScript(TestCaseExecutor.java:337)
	at com.kms.katalon.core.main.TestCaseExecutor.doExecute(TestCaseExecutor.java:328)
	at com.kms.katalon.core.main.TestCaseExecutor.processExecutionPhase(TestCaseExecutor.java:307)
	at com.kms.katalon.core.main.TestCaseExecutor.accessMainPhase(TestCaseExecutor.java:299)
	at com.kms.katalon.core.main.TestCaseExecutor.execute(TestCaseExecutor.java:233)
	at com.kms.katalon.core.main.TestSuiteExecutor.accessTestCaseMainPhase(TestSuiteExecutor.java:169)
	at com.kms.katalon.core.main.TestSuiteExecutor.accessTestSuiteMainPhase(TestSuiteExecutor.java:142)
	at com.kms.katalon.core.main.TestSuiteExecutor.execute(TestSuiteExecutor.java:91)
	at com.kms.katalon.core.main.TestCaseMain.startTestSuite(TestCaseMain.java:157)
	at com.kms.katalon.core.main.TestCaseMain$startTestSuite$0.call(Unknown Source)
	at TempTestSuite1575380721167.run(TempTestSuite1575380721167.groovy:36)
Caused by: com.kms.katalon.core.webui.exception.WebElementNotFoundException: Web element with id: 'Object Repository/flag review/Page_View Profile/click btn-btn report' located by 'By.xpath: //button[contains(@class,'btn btn-report')]' not found
	at com.kms.katalon.core.webui.common.WebUiCommonHelper.findWebElement(WebUiCommonHelper.java:1113)
	at com.kms.katalon.core.webui.keyword.internal.WebUIAbstractKeyword.findWebElement(WebUIAbstractKeyword.groovy:27)
	at com.kms.katalon.core.webui.keyword.internal.WebUIAbstractKeyword.findWebElement(WebUIAbstractKeyword.groovy:26)
	at com.kms.katalon.core.webui.keyword.builtin.ClickKeyword$_click_closure1.doCall(ClickKeyword.groovy:68)
	at com.kms.katalon.core.webui.keyword.builtin.ClickKeyword$_click_closure1.call(ClickKeyword.groovy)
	at com.kms.katalon.core.webui.keyword.internal.WebUIKeywordMain.runKeyword(WebUIKeywordMain.groovy:20)
	at com.kms.katalon.core.webui.keyword.builtin.ClickKeyword.click(ClickKeyword.groovy:103)
	at com.kms.katalon.core.webui.keyword.builtin.ClickKeyword.execute(ClickKeyword.groovy:43)
	at com.kms.katalon.core.keyword.internal.KeywordExecutor.executeKeywordForPlatform(KeywordExecutor.groovy:60)
	at com.kms.katalon.core.webui.keyword.WebUiBuiltInKeywords.click(WebUiBuiltInKeywords.groovy:616)
	at com.kms.katalon.core.webui.keyword.WebUiBuiltInKeywords$click$3.call(Unknown Source)
	at Script1570271316443.run(Script1570271316443.groovy:37)
	... 13 more
)
[[ATTACHMENT|/Users/akhilesh/git/KatalonBDD1/Reports/20191203_191511/Acceptance/20191203_191511/1575380961911.png]]

2019-12-03 19:19:22 - [TEST_STEP][PASSED] - Start listener action : afterTestcase: Browser is closed

2019-12-03 19:19:22 - [TEST_STEP][PASSED] - closeBrowser(): Browser is closed

2019-12-03 19:19:23 - [MESSAGE][PASSED] - Browser is closed

2019-12-03 19:19:25 - [TEST_STEP][PASSED] - Video: Video recording for test case 'Test Cases/Flag reviews' .

2019-12-03 19:19:25 - [MESSAGE][INFO] - Video recording for test case 'Test Cases/Flag reviews' .
[[ATTACHMENT|/Users/akhilesh/git/KatalonBDD1/Reports/20191203_191511/Acceptance/20191203_191511/videos/test_4.avi]]]]></system-out>
         <system-err><![CDATA[2019-12-03 19:18:06 - [TEST_CASE][FAILED] - Test Cases/Flag reviews: Test Cases/Flag reviews FAILED.
Reason:
com.kms.katalon.core.exception.StepFailedException: Unable to click on object 'Object Repository/flag review/Page_View Profile/click btn-btn report'
	at com.kms.katalon.core.webui.keyword.internal.WebUIKeywordMain.stepFailed(WebUIKeywordMain.groovy:64)
	at com.kms.katalon.core.webui.keyword.internal.WebUIKeywordMain.runKeyword(WebUIKeywordMain.groovy:26)
	at com.kms.katalon.core.webui.keyword.builtin.ClickKeyword.click(ClickKeyword.groovy:103)
	at com.kms.katalon.core.webui.keyword.builtin.ClickKeyword.execute(ClickKeyword.groovy:43)
	at com.kms.katalon.core.keyword.internal.KeywordExecutor.executeKeywordForPlatform(KeywordExecutor.groovy:60)
	at com.kms.katalon.core.webui.keyword.WebUiBuiltInKeywords.click(WebUiBuiltInKeywords.groovy:616)
	at com.kms.katalon.core.webui.keyword.WebUiBuiltInKeywords$click$3.call(Unknown Source)
	at Flag reviews.run(Flag reviews:37)
	at com.kms.katalon.core.main.ScriptEngine.run(ScriptEngine.java:194)
	at com.kms.katalon.core.main.ScriptEngine.runScriptAsRawText(ScriptEngine.java:119)
	at com.kms.katalon.core.main.TestCaseExecutor.runScript(TestCaseExecutor.java:337)
	at com.kms.katalon.core.main.TestCaseExecutor.doExecute(TestCaseExecutor.java:328)
	at com.kms.katalon.core.main.TestCaseExecutor.processExecutionPhase(TestCaseExecutor.java:307)
	at com.kms.katalon.core.main.TestCaseExecutor.accessMainPhase(TestCaseExecutor.java:299)
	at com.kms.katalon.core.main.TestCaseExecutor.execute(TestCaseExecutor.java:233)
	at com.kms.katalon.core.main.TestSuiteExecutor.accessTestCaseMainPhase(TestSuiteExecutor.java:169)
	at com.kms.katalon.core.main.TestSuiteExecutor.accessTestSuiteMainPhase(TestSuiteExecutor.java:142)
	at com.kms.katalon.core.main.TestSuiteExecutor.execute(TestSuiteExecutor.java:91)
	at com.kms.katalon.core.main.TestCaseMain.startTestSuite(TestCaseMain.java:157)
	at com.kms.katalon.core.main.TestCaseMain$startTestSuite$0.call(Unknown Source)
	at TempTestSuite1575380721167.run(TempTestSuite1575380721167.groovy:36)
Caused by: com.kms.katalon.core.webui.exception.WebElementNotFoundException: Web element with id: 'Object Repository/flag review/Page_View Profile/click btn-btn report' located by 'By.xpath: //button[contains(@class,'btn btn-report')]' not found
	at com.kms.katalon.core.webui.common.WebUiCommonHelper.findWebElement(WebUiCommonHelper.java:1113)
	at com.kms.katalon.core.webui.keyword.internal.WebUIAbstractKeyword.findWebElement(WebUIAbstractKeyword.groovy:27)
	at com.kms.katalon.core.webui.keyword.internal.WebUIAbstractKeyword.findWebElement(WebUIAbstractKeyword.groovy:26)
	at com.kms.katalon.core.webui.keyword.builtin.ClickKeyword$_click_closure1.doCall(ClickKeyword.groovy:68)
	at com.kms.katalon.core.webui.keyword.builtin.ClickKeyword$_click_closure1.call(ClickKeyword.groovy)
	at com.kms.katalon.core.webui.keyword.internal.WebUIKeywordMain.runKeyword(WebUIKeywordMain.groovy:20)
	... 19 more]]></system-err>
      </testcase>
      <testcase name="Test Cases/Verify connection" time="2.143" classname="Test Cases/Verify connection" status="PASSED">
         <system-out><![CDATA[2019-12-03 19:19:25 - [TEST_CASE][PASSED] - Test Cases/Verify connection: Test Cases/Verify connection

2019-12-03 19:19:25 - [TEST_STEP][PASSED] - Start listener action : beforeTestcase: null

2019-12-03 19:19:25 - [TEST_STEP][PASSED] - return null: null

2019-12-03 19:19:25 - [TEST_STEP][PASSED] - Start listener action : afterTestcase: Browser is closed

2019-12-03 19:19:25 - [TEST_STEP][PASSED] - closeBrowser(): Browser is closed

2019-12-03 19:19:25 - [MESSAGE][PASSED] - Browser is closed

2019-12-03 19:19:27 - [TEST_STEP][PASSED] - Video: Video recording for test case 'Test Cases/Verify connection' .

2019-12-03 19:19:27 - [MESSAGE][INFO] - Video recording for test case 'Test Cases/Verify connection' .
[[ATTACHMENT|/Users/akhilesh/git/KatalonBDD1/Reports/20191203_191511/Acceptance/20191203_191511/videos/test_5.avi]]]]></system-out>
         <system-err><![CDATA[]]></system-err>
      </testcase>
      <testcase name="Test Cases/verify pending connctions" time="14.954" classname="Test Cases/verify pending connctions" status="FAILED">
         <failure type="FAILED" message="Test Cases/verify pending connctions FAILED.
Reason:
com.kms.katalon.core.exception.StepFailedException: Unable to set text
	at com.kms.katalon.core.webui.keyword.internal.WebUIKeywordMain.stepFailed(WebUIKeywordMain.groovy:64)
	at com.kms.katalon.core.webui.keyword.internal.WebUIKeywordMain.runKeyword(WebUIKeywordMain.groovy:26)
	at com.kms.katalon.core.webui.keyword.builtin.SetTextKeyword.setText(SetTextKeyword.groovy:66)
	at com.kms.katalon.core.webui.keyword.builtin.SetTextKeyword.execute(SetTextKeyword.groovy:37)
	at com.kms.katalon.core.keyword.internal.KeywordExecutor.executeKeywordForPlatform(KeywordExecutor.groovy:60)
	at com.kms.katalon.core.webui.keyword.WebUiBuiltInKeywords.setText(WebUiBuiltInKeywords.groovy:950)
	at com.kms.katalon.core.webui.keyword.WebUiBuiltInKeywords$setText$1.call(Unknown Source)
	at verify pending connctions.run(verify pending connctions:21)
	at com.kms.katalon.core.main.ScriptEngine.run(ScriptEngine.java:194)
	at com.kms.katalon.core.main.ScriptEngine.runScriptAsRawText(ScriptEngine.java:119)
	at com.kms.katalon.core.main.TestCaseExecutor.runScript(TestCaseExecutor.java:337)
	at com.kms.katalon.core.main.TestCaseExecutor.doExecute(TestCaseExecutor.java:328)
	at com.kms.katalon.core.main.TestCaseExecutor.processExecutionPhase(TestCaseExecutor.java:307)
	at com.kms.katalon.core.main.TestCaseExecutor.accessMainPhase(TestCaseExecutor.java:299)
	at com.kms.katalon.core.main.TestCaseExecutor.execute(TestCaseExecutor.java:233)
	at com.kms.katalon.core.main.TestSuiteExecutor.accessTestCaseMainPhase(TestSuiteExecutor.java:169)
	at com.kms.katalon.core.main.TestSuiteExecutor.accessTestSuiteMainPhase(TestSuiteExecutor.java:142)
	at com.kms.katalon.core.main.TestSuiteExecutor.execute(TestSuiteExecutor.java:91)
	at com.kms.katalon.core.main.TestCaseMain.startTestSuite(TestCaseMain.java:157)
	at com.kms.katalon.core.main.TestCaseMain$startTestSuite$0.call(Unknown Source)
	at TempTestSuite1575380721167.run(TempTestSuite1575380721167.groovy:36)
Caused by: java.lang.IllegalArgumentException: Object is null
	at com.kms.katalon.core.helper.KeywordHelper.checkTestObjectParameter(KeywordHelper.java:33)
	at com.kms.katalon.core.webui.keyword.builtin.SetTextKeyword$_setText_closure1.doCall(SetTextKeyword.groovy:45)
	at com.kms.katalon.core.webui.keyword.builtin.SetTextKeyword$_setText_closure1.call(SetTextKeyword.groovy)
	at com.kms.katalon.core.webui.keyword.internal.WebUIKeywordMain.runKeyword(WebUIKeywordMain.groovy:20)
	... 19 more
"/>
         <system-out><![CDATA[2019-12-03 19:19:27 - [TEST_CASE][FAILED] - Test Cases/verify pending connctions: Test Cases/verify pending connctions FAILED.
Reason:
com.kms.katalon.core.exception.StepFailedException: Unable to set text
	at com.kms.katalon.core.webui.keyword.internal.WebUIKeywordMain.stepFailed(WebUIKeywordMain.groovy:64)
	at com.kms.katalon.core.webui.keyword.internal.WebUIKeywordMain.runKeyword(WebUIKeywordMain.groovy:26)
	at com.kms.katalon.core.webui.keyword.builtin.SetTextKeyword.setText(SetTextKeyword.groovy:66)
	at com.kms.katalon.core.webui.keyword.builtin.SetTextKeyword.execute(SetTextKeyword.groovy:37)
	at com.kms.katalon.core.keyword.internal.KeywordExecutor.executeKeywordForPlatform(KeywordExecutor.groovy:60)
	at com.kms.katalon.core.webui.keyword.WebUiBuiltInKeywords.setText(WebUiBuiltInKeywords.groovy:950)
	at com.kms.katalon.core.webui.keyword.WebUiBuiltInKeywords$setText$1.call(Unknown Source)
	at verify pending connctions.run(verify pending connctions:21)
	at com.kms.katalon.core.main.ScriptEngine.run(ScriptEngine.java:194)
	at com.kms.katalon.core.main.ScriptEngine.runScriptAsRawText(ScriptEngine.java:119)
	at com.kms.katalon.core.main.TestCaseExecutor.runScript(TestCaseExecutor.java:337)
	at com.kms.katalon.core.main.TestCaseExecutor.doExecute(TestCaseExecutor.java:328)
	at com.kms.katalon.core.main.TestCaseExecutor.processExecutionPhase(TestCaseExecutor.java:307)
	at com.kms.katalon.core.main.TestCaseExecutor.accessMainPhase(TestCaseExecutor.java:299)
	at com.kms.katalon.core.main.TestCaseExecutor.execute(TestCaseExecutor.java:233)
	at com.kms.katalon.core.main.TestSuiteExecutor.accessTestCaseMainPhase(TestSuiteExecutor.java:169)
	at com.kms.katalon.core.main.TestSuiteExecutor.accessTestSuiteMainPhase(TestSuiteExecutor.java:142)
	at com.kms.katalon.core.main.TestSuiteExecutor.execute(TestSuiteExecutor.java:91)
	at com.kms.katalon.core.main.TestCaseMain.startTestSuite(TestCaseMain.java:157)
	at com.kms.katalon.core.main.TestCaseMain$startTestSuite$0.call(Unknown Source)
	at TempTestSuite1575380721167.run(TempTestSuite1575380721167.groovy:36)
Caused by: java.lang.IllegalArgumentException: Object is null
	at com.kms.katalon.core.helper.KeywordHelper.checkTestObjectParameter(KeywordHelper.java:33)
	at com.kms.katalon.core.webui.keyword.builtin.SetTextKeyword$_setText_closure1.doCall(SetTextKeyword.groovy:45)
	at com.kms.katalon.core.webui.keyword.builtin.SetTextKeyword$_setText_closure1.call(SetTextKeyword.groovy)
	at com.kms.katalon.core.webui.keyword.internal.WebUIKeywordMain.runKeyword(WebUIKeywordMain.groovy:20)
	... 19 more


2019-12-03 19:19:27 - [TEST_STEP][PASSED] - Start listener action : beforeTestcase: null

2019-12-03 19:19:27 - [TEST_STEP][PASSED] - openBrowser(AppUrl): Browser is opened with url: 'https://qa.thework.life'

2019-12-03 19:19:27 - [MESSAGE][INFO] - Starting 'Firefox' driver

2019-12-03 19:19:36 - [MESSAGE][PASSED] - Browser is opened with url: 'https://qa.thework.life'

2019-12-03 19:19:36 - [TEST_STEP][PASSED] - navigateToUrl(AppUrl): Navigate to 'https://qa.thework.life' successfully

2019-12-03 19:19:38 - [MESSAGE][PASSED] - Navigate to 'https://qa.thework.life' successfully

2019-12-03 19:19:38 - [TEST_STEP][FAILED] - setText(findTestObject("Object Repository/pending connections/Page_theworklife - Find Great People To Work With/input_Forgot password_username"), "vijayvstest01@gmail.com"): Unable to set text (Root cause: com.kms.katalon.core.exception.StepFailedException: Unable to set text
	at com.kms.katalon.core.webui.keyword.internal.WebUIKeywordMain.stepFailed(WebUIKeywordMain.groovy:64)
	at com.kms.katalon.core.webui.keyword.internal.WebUIKeywordMain.runKeyword(WebUIKeywordMain.groovy:26)
	at com.kms.katalon.core.webui.keyword.builtin.SetTextKeyword.setText(SetTextKeyword.groovy:66)
	at com.kms.katalon.core.webui.keyword.builtin.SetTextKeyword.execute(SetTextKeyword.groovy:37)
	at com.kms.katalon.core.keyword.internal.KeywordExecutor.executeKeywordForPlatform(KeywordExecutor.groovy:60)
	at com.kms.katalon.core.webui.keyword.WebUiBuiltInKeywords.setText(WebUiBuiltInKeywords.groovy:950)
	at com.kms.katalon.core.webui.keyword.WebUiBuiltInKeywords$setText$1.call(Unknown Source)
	at verify pending connctions.run(verify pending connctions:21)
	at com.kms.katalon.core.main.ScriptEngine.run(ScriptEngine.java:194)
	at com.kms.katalon.core.main.ScriptEngine.runScriptAsRawText(ScriptEngine.java:119)
	at com.kms.katalon.core.main.TestCaseExecutor.runScript(TestCaseExecutor.java:337)
	at com.kms.katalon.core.main.TestCaseExecutor.doExecute(TestCaseExecutor.java:328)
	at com.kms.katalon.core.main.TestCaseExecutor.processExecutionPhase(TestCaseExecutor.java:307)
	at com.kms.katalon.core.main.TestCaseExecutor.accessMainPhase(TestCaseExecutor.java:299)
	at com.kms.katalon.core.main.TestCaseExecutor.execute(TestCaseExecutor.java:233)
	at com.kms.katalon.core.main.TestSuiteExecutor.accessTestCaseMainPhase(TestSuiteExecutor.java:169)
	at com.kms.katalon.core.main.TestSuiteExecutor.accessTestSuiteMainPhase(TestSuiteExecutor.java:142)
	at com.kms.katalon.core.main.TestSuiteExecutor.execute(TestSuiteExecutor.java:91)
	at com.kms.katalon.core.main.TestCaseMain.startTestSuite(TestCaseMain.java:157)
	at com.kms.katalon.core.main.TestCaseMain$startTestSuite$0.call(Unknown Source)
	at TempTestSuite1575380721167.run(TempTestSuite1575380721167.groovy:36)
Caused by: java.lang.IllegalArgumentException: Object is null
	at com.kms.katalon.core.helper.KeywordHelper.checkTestObjectParameter(KeywordHelper.java:33)
	at com.kms.katalon.core.webui.keyword.builtin.SetTextKeyword$_setText_closure1.doCall(SetTextKeyword.groovy:45)
	at com.kms.katalon.core.webui.keyword.builtin.SetTextKeyword$_setText_closure1.call(SetTextKeyword.groovy)
	at com.kms.katalon.core.webui.keyword.internal.WebUIKeywordMain.runKeyword(WebUIKeywordMain.groovy:20)
	at com.kms.katalon.core.webui.keyword.builtin.SetTextKeyword.setText(SetTextKeyword.groovy:66)
	at com.kms.katalon.core.webui.keyword.builtin.SetTextKeyword.execute(SetTextKeyword.groovy:37)
	at com.kms.katalon.core.keyword.internal.KeywordExecutor.executeKeywordForPlatform(KeywordExecutor.groovy:60)
	at com.kms.katalon.core.webui.keyword.WebUiBuiltInKeywords.setText(WebUiBuiltInKeywords.groovy:950)
	at com.kms.katalon.core.webui.keyword.WebUiBuiltInKeywords$setText$1.call(Unknown Source)
	at Script1571559282889.run(Script1571559282889.groovy:21)
	... 13 more
)

2019-12-03 19:19:38 - [MESSAGE][WARNING] - Test object with id 'Object Repository/pending connections/Page_theworklife - Find Great People To Work With/input_Forgot password_username' does not exist

2019-12-03 19:19:38 - [MESSAGE][WARNING] - Test object with id 'Object Repository/' does not exist

2019-12-03 19:19:38 - [MESSAGE][FAILED] - Unable to set text (Root cause: com.kms.katalon.core.exception.StepFailedException: Unable to set text
	at com.kms.katalon.core.webui.keyword.internal.WebUIKeywordMain.stepFailed(WebUIKeywordMain.groovy:64)
	at com.kms.katalon.core.webui.keyword.internal.WebUIKeywordMain.runKeyword(WebUIKeywordMain.groovy:26)
	at com.kms.katalon.core.webui.keyword.builtin.SetTextKeyword.setText(SetTextKeyword.groovy:66)
	at com.kms.katalon.core.webui.keyword.builtin.SetTextKeyword.execute(SetTextKeyword.groovy:37)
	at com.kms.katalon.core.keyword.internal.KeywordExecutor.executeKeywordForPlatform(KeywordExecutor.groovy:60)
	at com.kms.katalon.core.webui.keyword.WebUiBuiltInKeywords.setText(WebUiBuiltInKeywords.groovy:950)
	at com.kms.katalon.core.webui.keyword.WebUiBuiltInKeywords$setText$1.call(Unknown Source)
	at verify pending connctions.run(verify pending connctions:21)
	at com.kms.katalon.core.main.ScriptEngine.run(ScriptEngine.java:194)
	at com.kms.katalon.core.main.ScriptEngine.runScriptAsRawText(ScriptEngine.java:119)
	at com.kms.katalon.core.main.TestCaseExecutor.runScript(TestCaseExecutor.java:337)
	at com.kms.katalon.core.main.TestCaseExecutor.doExecute(TestCaseExecutor.java:328)
	at com.kms.katalon.core.main.TestCaseExecutor.processExecutionPhase(TestCaseExecutor.java:307)
	at com.kms.katalon.core.main.TestCaseExecutor.accessMainPhase(TestCaseExecutor.java:299)
	at com.kms.katalon.core.main.TestCaseExecutor.execute(TestCaseExecutor.java:233)
	at com.kms.katalon.core.main.TestSuiteExecutor.accessTestCaseMainPhase(TestSuiteExecutor.java:169)
	at com.kms.katalon.core.main.TestSuiteExecutor.accessTestSuiteMainPhase(TestSuiteExecutor.java:142)
	at com.kms.katalon.core.main.TestSuiteExecutor.execute(TestSuiteExecutor.java:91)
	at com.kms.katalon.core.main.TestCaseMain.startTestSuite(TestCaseMain.java:157)
	at com.kms.katalon.core.main.TestCaseMain$startTestSuite$0.call(Unknown Source)
	at TempTestSuite1575380721167.run(TempTestSuite1575380721167.groovy:36)
Caused by: java.lang.IllegalArgumentException: Object is null
	at com.kms.katalon.core.helper.KeywordHelper.checkTestObjectParameter(KeywordHelper.java:33)
	at com.kms.katalon.core.webui.keyword.builtin.SetTextKeyword$_setText_closure1.doCall(SetTextKeyword.groovy:45)
	at com.kms.katalon.core.webui.keyword.builtin.SetTextKeyword$_setText_closure1.call(SetTextKeyword.groovy)
	at com.kms.katalon.core.webui.keyword.internal.WebUIKeywordMain.runKeyword(WebUIKeywordMain.groovy:20)
	at com.kms.katalon.core.webui.keyword.builtin.SetTextKeyword.setText(SetTextKeyword.groovy:66)
	at com.kms.katalon.core.webui.keyword.builtin.SetTextKeyword.execute(SetTextKeyword.groovy:37)
	at com.kms.katalon.core.keyword.internal.KeywordExecutor.executeKeywordForPlatform(KeywordExecutor.groovy:60)
	at com.kms.katalon.core.webui.keyword.WebUiBuiltInKeywords.setText(WebUiBuiltInKeywords.groovy:950)
	at com.kms.katalon.core.webui.keyword.WebUiBuiltInKeywords$setText$1.call(Unknown Source)
	at Script1571559282889.run(Script1571559282889.groovy:21)
	... 13 more
)
[[ATTACHMENT|/Users/akhilesh/git/KatalonBDD1/Reports/20191203_191511/Acceptance/20191203_191511/1575380978354.png]]

2019-12-03 19:19:38 - [TEST_STEP][PASSED] - Start listener action : afterTestcase: Browser is closed

2019-12-03 19:19:38 - [TEST_STEP][PASSED] - closeBrowser(): Browser is closed

2019-12-03 19:19:40 - [MESSAGE][PASSED] - Browser is closed

2019-12-03 19:19:42 - [TEST_STEP][PASSED] - Video: Video recording for test case 'Test Cases/verify pending connctions' .

2019-12-03 19:19:42 - [MESSAGE][INFO] - Video recording for test case 'Test Cases/verify pending connctions' .
[[ATTACHMENT|/Users/akhilesh/git/KatalonBDD1/Reports/20191203_191511/Acceptance/20191203_191511/videos/test_6.avi]]]]></system-out>
         <system-err><![CDATA[2019-12-03 19:19:27 - [TEST_CASE][FAILED] - Test Cases/verify pending connctions: Test Cases/verify pending connctions FAILED.
Reason:
com.kms.katalon.core.exception.StepFailedException: Unable to set text
	at com.kms.katalon.core.webui.keyword.internal.WebUIKeywordMain.stepFailed(WebUIKeywordMain.groovy:64)
	at com.kms.katalon.core.webui.keyword.internal.WebUIKeywordMain.runKeyword(WebUIKeywordMain.groovy:26)
	at com.kms.katalon.core.webui.keyword.builtin.SetTextKeyword.setText(SetTextKeyword.groovy:66)
	at com.kms.katalon.core.webui.keyword.builtin.SetTextKeyword.execute(SetTextKeyword.groovy:37)
	at com.kms.katalon.core.keyword.internal.KeywordExecutor.executeKeywordForPlatform(KeywordExecutor.groovy:60)
	at com.kms.katalon.core.webui.keyword.WebUiBuiltInKeywords.setText(WebUiBuiltInKeywords.groovy:950)
	at com.kms.katalon.core.webui.keyword.WebUiBuiltInKeywords$setText$1.call(Unknown Source)
	at verify pending connctions.run(verify pending connctions:21)
	at com.kms.katalon.core.main.ScriptEngine.run(ScriptEngine.java:194)
	at com.kms.katalon.core.main.ScriptEngine.runScriptAsRawText(ScriptEngine.java:119)
	at com.kms.katalon.core.main.TestCaseExecutor.runScript(TestCaseExecutor.java:337)
	at com.kms.katalon.core.main.TestCaseExecutor.doExecute(TestCaseExecutor.java:328)
	at com.kms.katalon.core.main.TestCaseExecutor.processExecutionPhase(TestCaseExecutor.java:307)
	at com.kms.katalon.core.main.TestCaseExecutor.accessMainPhase(TestCaseExecutor.java:299)
	at com.kms.katalon.core.main.TestCaseExecutor.execute(TestCaseExecutor.java:233)
	at com.kms.katalon.core.main.TestSuiteExecutor.accessTestCaseMainPhase(TestSuiteExecutor.java:169)
	at com.kms.katalon.core.main.TestSuiteExecutor.accessTestSuiteMainPhase(TestSuiteExecutor.java:142)
	at com.kms.katalon.core.main.TestSuiteExecutor.execute(TestSuiteExecutor.java:91)
	at com.kms.katalon.core.main.TestCaseMain.startTestSuite(TestCaseMain.java:157)
	at com.kms.katalon.core.main.TestCaseMain$startTestSuite$0.call(Unknown Source)
	at TempTestSuite1575380721167.run(TempTestSuite1575380721167.groovy:36)
Caused by: java.lang.IllegalArgumentException: Object is null
	at com.kms.katalon.core.helper.KeywordHelper.checkTestObjectParameter(KeywordHelper.java:33)
	at com.kms.katalon.core.webui.keyword.builtin.SetTextKeyword$_setText_closure1.doCall(SetTextKeyword.groovy:45)
	at com.kms.katalon.core.webui.keyword.builtin.SetTextKeyword$_setText_closure1.call(SetTextKeyword.groovy)
	at com.kms.katalon.core.webui.keyword.internal.WebUIKeywordMain.runKeyword(WebUIKeywordMain.groovy:20)
	... 19 more]]></system-err>
      </testcase>
      <testcase name="Test Cases/Search users" time="29.411" classname="Test Cases/Search users" status="PASSED">
         <system-out><![CDATA[2019-12-03 19:19:42 - [TEST_CASE][PASSED] - Test Cases/Search users: Test Cases/Search users

2019-12-03 19:19:42 - [TEST_STEP][PASSED] - Start listener action : beforeTestcase: null

2019-12-03 19:19:42 - [TEST_STEP][PASSED] - openBrowser(AppUrl): Browser is opened with url: 'https://qa.thework.life'

2019-12-03 19:19:42 - [MESSAGE][INFO] - Starting 'Firefox' driver

2019-12-03 19:19:50 - [MESSAGE][PASSED] - Browser is opened with url: 'https://qa.thework.life'

2019-12-03 19:19:50 - [TEST_STEP][PASSED] - navigateToUrl(AppUrl): Navigate to 'https://qa.thework.life' successfully

2019-12-03 19:19:52 - [MESSAGE][PASSED] - Navigate to 'https://qa.thework.life' successfully

2019-12-03 19:19:52 - [TEST_STEP][PASSED] - setText(findTestObject("Object Repository/Search user/Page_theworklife - Find Great People To Work With/input_Forgot password_username"), "worklifetest10001@gmail.com"): Text 'worklifetest10001@gmail.com' is set on object 'Object Repository/Search user/Page_theworklife - Find Great People To Work With/input_Forgot password_username'

2019-12-03 19:19:52 - [MESSAGE][PASSED] - Text 'worklifetest10001@gmail.com' is set on object 'Object Repository/Search user/Page_theworklife - Find Great People To Work With/input_Forgot password_username'

2019-12-03 19:19:52 - [TEST_STEP][PASSED] - setEncryptedText(findTestObject("Object Repository/Search user/Page_theworklife - Find Great People To Work With/input_Forgot password_password"), "XU9cBalmEBp1UP+jEU2w4UUBUuNgBY4U"): Text ****** has been set on object 'Object Repository/Search user/Page_theworklife - Find Great People To Work With/input_Forgot password_password'

2019-12-03 19:19:53 - [MESSAGE][PASSED] - Text ****** has been set on object 'Object Repository/Search user/Page_theworklife - Find Great People To Work With/input_Forgot password_password'

2019-12-03 19:19:53 - [TEST_STEP][PASSED] - click(findTestObject("Object Repository/Search user/Page_theworklife - Find Great People To Work With/button_Sign in")): Object: 'Object Repository/Search user/Page_theworklife - Find Great People To Work With/button_Sign in' is clicked on

2019-12-03 19:20:00 - [MESSAGE][PASSED] - Object: 'Object Repository/Search user/Page_theworklife - Find Great People To Work With/button_Sign in' is clicked on

2019-12-03 19:20:00 - [TEST_STEP][PASSED] - waitForElementClickable(findTestObject("Object Repository/Rate/Page_Home/input_View all_searchText"), 2): Object 'Object Repository/Rate/Page_Home/input_View all_searchText' is clickable

2019-12-03 19:20:01 - [MESSAGE][PASSED] - Object 'Object Repository/Rate/Page_Home/input_View all_searchText' is clickable

2019-12-03 19:20:01 - [TEST_STEP][PASSED] - setText(findTestObject("Object Repository/Rate/Page_Home/input_View all_searchText"), "vijay"): Text 'vijay' is set on object 'Object Repository/Rate/Page_Home/input_View all_searchText'

2019-12-03 19:20:01 - [MESSAGE][PASSED] - Text 'vijay' is set on object 'Object Repository/Rate/Page_Home/input_View all_searchText'

2019-12-03 19:20:01 - [TEST_STEP][PASSED] - click(findTestObject("Search user/Search user button")): Object: 'Object Repository/Search user/Search user button' is clicked on

2019-12-03 19:20:07 - [MESSAGE][PASSED] - Object: 'Object Repository/Search user/Search user button' is clicked on

2019-12-03 19:20:07 - [TEST_STEP][PASSED] - click(findTestObject("Object Repository/Rate/Page_Search/div_Vijay Test")): Object: 'Object Repository/Rate/Page_Search/div_Vijay Test' is clicked on

2019-12-03 19:20:07 - [MESSAGE][PASSED] - Object: 'Object Repository/Rate/Page_Search/div_Vijay Test' is clicked on

2019-12-03 19:20:07 - [TEST_STEP][PASSED] - closeBrowser(): Browser is closed

2019-12-03 19:20:09 - [MESSAGE][PASSED] - Browser is closed

2019-12-03 19:20:09 - [TEST_STEP][PASSED] - Start listener action : afterTestcase: Browser is closed

2019-12-03 19:20:09 - [TEST_STEP][PASSED] - closeBrowser(): Browser is closed

2019-12-03 19:20:09 - [MESSAGE][PASSED] - Browser is closed

2019-12-03 19:20:11 - [TEST_STEP][PASSED] - Video: Video recording for test case 'Test Cases/Search users' .

2019-12-03 19:20:11 - [MESSAGE][INFO] - Video recording for test case 'Test Cases/Search users' .
[[ATTACHMENT|/Users/akhilesh/git/KatalonBDD1/Reports/20191203_191511/Acceptance/20191203_191511/videos/test_7.avi]]]]></system-out>
         <system-err><![CDATA[]]></system-err>
      </testcase>
      <testcase name="Test Cases/Thumbing - Upvote and downvote" time="1914.76" classname="Test Cases/Thumbing - Upvote and downvote" status="FAILED">
         <failure type="FAILED" message="Test Cases/Thumbing - Upvote and downvote FAILED.
Reason:
com.kms.katalon.core.exception.StepFailedException: Unable to click on object 'Object Repository/Thumbing-Upvote and Downvote/Page_View Profile/span_Agree'
	at com.kms.katalon.core.webui.keyword.internal.WebUIKeywordMain.stepFailed(WebUIKeywordMain.groovy:64)
	at com.kms.katalon.core.webui.keyword.internal.WebUIKeywordMain.runKeyword(WebUIKeywordMain.groovy:26)
	at com.kms.katalon.core.webui.keyword.builtin.ClickKeyword.click(ClickKeyword.groovy:103)
	at com.kms.katalon.core.webui.keyword.builtin.ClickKeyword.execute(ClickKeyword.groovy:43)
	at com.kms.katalon.core.keyword.internal.KeywordExecutor.executeKeywordForPlatform(KeywordExecutor.groovy:60)
	at com.kms.katalon.core.webui.keyword.WebUiBuiltInKeywords.click(WebUiBuiltInKeywords.groovy:616)
	at com.kms.katalon.core.webui.keyword.WebUiBuiltInKeywords$click$3.call(Unknown Source)
	at Thumbing - Upvote and downvote.run(Thumbing - Upvote and downvote:41)
	at com.kms.katalon.core.main.ScriptEngine.run(ScriptEngine.java:194)
	at com.kms.katalon.core.main.ScriptEngine.runScriptAsRawText(ScriptEngine.java:119)
	at com.kms.katalon.core.main.TestCaseExecutor.runScript(TestCaseExecutor.java:337)
	at com.kms.katalon.core.main.TestCaseExecutor.doExecute(TestCaseExecutor.java:328)
	at com.kms.katalon.core.main.TestCaseExecutor.processExecutionPhase(TestCaseExecutor.java:307)
	at com.kms.katalon.core.main.TestCaseExecutor.accessMainPhase(TestCaseExecutor.java:299)
	at com.kms.katalon.core.main.TestCaseExecutor.execute(TestCaseExecutor.java:233)
	at com.kms.katalon.core.main.TestSuiteExecutor.accessTestCaseMainPhase(TestSuiteExecutor.java:169)
	at com.kms.katalon.core.main.TestSuiteExecutor.accessTestSuiteMainPhase(TestSuiteExecutor.java:142)
	at com.kms.katalon.core.main.TestSuiteExecutor.execute(TestSuiteExecutor.java:91)
	at com.kms.katalon.core.main.TestCaseMain.startTestSuite(TestCaseMain.java:157)
	at com.kms.katalon.core.main.TestCaseMain$startTestSuite$0.call(Unknown Source)
	at TempTestSuite1575380721167.run(TempTestSuite1575380721167.groovy:36)
Caused by: com.kms.katalon.core.webui.exception.WebElementNotFoundException: Web element with id: 'Object Repository/Thumbing-Upvote and Downvote/Page_View Profile/span_Agree' located by 'By.xpath: //button[@id=&quot;btnAgree&quot;]' not found
	at com.kms.katalon.core.webui.common.WebUiCommonHelper.findWebElement(WebUiCommonHelper.java:1113)
	at com.kms.katalon.core.webui.keyword.internal.WebUIAbstractKeyword.findWebElement(WebUIAbstractKeyword.groovy:27)
	at com.kms.katalon.core.webui.keyword.internal.WebUIAbstractKeyword.findWebElement(WebUIAbstractKeyword.groovy:26)
	at com.kms.katalon.core.webui.keyword.builtin.ClickKeyword$_click_closure1.doCall(ClickKeyword.groovy:68)
	at com.kms.katalon.core.webui.keyword.builtin.ClickKeyword$_click_closure1.call(ClickKeyword.groovy)
	at com.kms.katalon.core.webui.keyword.internal.WebUIKeywordMain.runKeyword(WebUIKeywordMain.groovy:20)
	... 19 more
"/>
         <system-out><![CDATA[2019-12-03 19:20:11 - [TEST_CASE][FAILED] - Test Cases/Thumbing - Upvote and downvote: Test Cases/Thumbing - Upvote and downvote FAILED.
Reason:
com.kms.katalon.core.exception.StepFailedException: Unable to click on object 'Object Repository/Thumbing-Upvote and Downvote/Page_View Profile/span_Agree'
	at com.kms.katalon.core.webui.keyword.internal.WebUIKeywordMain.stepFailed(WebUIKeywordMain.groovy:64)
	at com.kms.katalon.core.webui.keyword.internal.WebUIKeywordMain.runKeyword(WebUIKeywordMain.groovy:26)
	at com.kms.katalon.core.webui.keyword.builtin.ClickKeyword.click(ClickKeyword.groovy:103)
	at com.kms.katalon.core.webui.keyword.builtin.ClickKeyword.execute(ClickKeyword.groovy:43)
	at com.kms.katalon.core.keyword.internal.KeywordExecutor.executeKeywordForPlatform(KeywordExecutor.groovy:60)
	at com.kms.katalon.core.webui.keyword.WebUiBuiltInKeywords.click(WebUiBuiltInKeywords.groovy:616)
	at com.kms.katalon.core.webui.keyword.WebUiBuiltInKeywords$click$3.call(Unknown Source)
	at Thumbing - Upvote and downvote.run(Thumbing - Upvote and downvote:41)
	at com.kms.katalon.core.main.ScriptEngine.run(ScriptEngine.java:194)
	at com.kms.katalon.core.main.ScriptEngine.runScriptAsRawText(ScriptEngine.java:119)
	at com.kms.katalon.core.main.TestCaseExecutor.runScript(TestCaseExecutor.java:337)
	at com.kms.katalon.core.main.TestCaseExecutor.doExecute(TestCaseExecutor.java:328)
	at com.kms.katalon.core.main.TestCaseExecutor.processExecutionPhase(TestCaseExecutor.java:307)
	at com.kms.katalon.core.main.TestCaseExecutor.accessMainPhase(TestCaseExecutor.java:299)
	at com.kms.katalon.core.main.TestCaseExecutor.execute(TestCaseExecutor.java:233)
	at com.kms.katalon.core.main.TestSuiteExecutor.accessTestCaseMainPhase(TestSuiteExecutor.java:169)
	at com.kms.katalon.core.main.TestSuiteExecutor.accessTestSuiteMainPhase(TestSuiteExecutor.java:142)
	at com.kms.katalon.core.main.TestSuiteExecutor.execute(TestSuiteExecutor.java:91)
	at com.kms.katalon.core.main.TestCaseMain.startTestSuite(TestCaseMain.java:157)
	at com.kms.katalon.core.main.TestCaseMain$startTestSuite$0.call(Unknown Source)
	at TempTestSuite1575380721167.run(TempTestSuite1575380721167.groovy:36)
Caused by: com.kms.katalon.core.webui.exception.WebElementNotFoundException: Web element with id: 'Object Repository/Thumbing-Upvote and Downvote/Page_View Profile/span_Agree' located by 'By.xpath: //button[@id="btnAgree"]' not found
	at com.kms.katalon.core.webui.common.WebUiCommonHelper.findWebElement(WebUiCommonHelper.java:1113)
	at com.kms.katalon.core.webui.keyword.internal.WebUIAbstractKeyword.findWebElement(WebUIAbstractKeyword.groovy:27)
	at com.kms.katalon.core.webui.keyword.internal.WebUIAbstractKeyword.findWebElement(WebUIAbstractKeyword.groovy:26)
	at com.kms.katalon.core.webui.keyword.builtin.ClickKeyword$_click_closure1.doCall(ClickKeyword.groovy:68)
	at com.kms.katalon.core.webui.keyword.builtin.ClickKeyword$_click_closure1.call(ClickKeyword.groovy)
	at com.kms.katalon.core.webui.keyword.internal.WebUIKeywordMain.runKeyword(WebUIKeywordMain.groovy:20)
	... 19 more


2019-12-03 19:20:11 - [TEST_STEP][PASSED] - Start listener action : beforeTestcase: null

2019-12-03 19:20:11 - [TEST_STEP][PASSED] - openBrowser(AppUrl): Browser is opened with url: 'https://qa.thework.life'

2019-12-03 19:20:11 - [MESSAGE][INFO] - Starting 'Firefox' driver

2019-12-03 19:20:21 - [MESSAGE][PASSED] - Browser is opened with url: 'https://qa.thework.life'

2019-12-03 19:20:21 - [TEST_STEP][PASSED] - navigateToUrl(AppUrl): Navigate to 'https://qa.thework.life' successfully

2019-12-03 19:20:23 - [MESSAGE][PASSED] - Navigate to 'https://qa.thework.life' successfully

2019-12-03 19:20:23 - [TEST_STEP][PASSED] - setText(findTestObject("Object Repository/Thumbing-Upvote and Downvote/Page_theworklife - Find Great People To Work With/input_Please enter username or email_username"), "vijayvstest01@gmail.com"): Text 'vijayvstest01@gmail.com' is set on object 'Object Repository/Thumbing-Upvote and Downvote/Page_theworklife - Find Great People To Work With/input_Please enter username or email_username'

2019-12-03 19:20:24 - [MESSAGE][PASSED] - Text 'vijayvstest01@gmail.com' is set on object 'Object Repository/Thumbing-Upvote and Downvote/Page_theworklife - Find Great People To Work With/input_Please enter username or email_username'

2019-12-03 19:20:24 - [TEST_STEP][PASSED] - setEncryptedText(findTestObject("Object Repository/Thumbing-Upvote and Downvote/Page_theworklife - Find Great People To Work With/input_Forgot password_password"), "cvW8qx4B2o3F4VwP/kNsqA=="): Text ****** has been set on object 'Object Repository/Thumbing-Upvote and Downvote/Page_theworklife - Find Great People To Work With/input_Forgot password_password'

2019-12-03 19:20:24 - [MESSAGE][PASSED] - Text ****** has been set on object 'Object Repository/Thumbing-Upvote and Downvote/Page_theworklife - Find Great People To Work With/input_Forgot password_password'

2019-12-03 19:20:24 - [TEST_STEP][PASSED] - click(findTestObject("Object Repository/Thumbing-Upvote and Downvote/Page_theworklife - Find Great People To Work With/button_Sign in")): Object: 'Object Repository/Thumbing-Upvote and Downvote/Page_theworklife - Find Great People To Work With/button_Sign in' is clicked on

2019-12-03 19:20:30 - [MESSAGE][PASSED] - Object: 'Object Repository/Thumbing-Upvote and Downvote/Page_theworklife - Find Great People To Work With/button_Sign in' is clicked on

2019-12-03 19:20:30 - [TEST_STEP][PASSED] - setText(findTestObject("Object Repository/Thumbing-Upvote and Downvote/Page_Home/input_View all_searchText"), "suraj"): Text 'suraj' is set on object 'Object Repository/Thumbing-Upvote and Downvote/Page_Home/input_View all_searchText'

2019-12-03 19:20:33 - [MESSAGE][PASSED] - Text 'suraj' is set on object 'Object Repository/Thumbing-Upvote and Downvote/Page_Home/input_View all_searchText'

2019-12-03 19:20:33 - [TEST_STEP][PASSED] - click(findTestObject("Search user/Search user button")): Object: 'Object Repository/Search user/Search user button' is clicked on

2019-12-03 19:20:39 - [MESSAGE][PASSED] - Object: 'Object Repository/Search user/Search user button' is clicked on

2019-12-03 19:20:39 - [TEST_STEP][PASSED] - waitForElementClickable(findTestObject("Thumbing-Upvote and Downvote/Page_Home/span_Suraj1569758600295makhija"), 3): Object 'Object Repository/Thumbing-Upvote and Downvote/Page_Home/span_Suraj1569758600295makhija' is clickable

2019-12-03 19:20:40 - [MESSAGE][PASSED] - Object 'Object Repository/Thumbing-Upvote and Downvote/Page_Home/span_Suraj1569758600295makhija' is clickable

2019-12-03 19:20:40 - [TEST_STEP][PASSED] - delay(10): Delayed 10 second(s)

2019-12-03 19:20:50 - [MESSAGE][PASSED] - Delayed 10 second(s)

2019-12-03 19:20:50 - [TEST_STEP][PASSED] - click(findTestObject("Object Repository/Thumbing-Upvote and Downvote/Page_Home/span_Suraj1569758600295makhija")): Object: 'Object Repository/Thumbing-Upvote and Downvote/Page_Home/span_Suraj1569758600295makhija' is clicked on

2019-12-03 19:20:50 - [MESSAGE][PASSED] - Object: 'Object Repository/Thumbing-Upvote and Downvote/Page_Home/span_Suraj1569758600295makhija' is clicked on

2019-12-03 19:20:50 - [TEST_STEP][PASSED] - waitForElementClickable(findTestObject("Thumbing-Upvote and Downvote/Page_View Profile/span_Agree"), 5): Web element with id: 'Object Repository/Thumbing-Upvote and Downvote/Page_View Profile/span_Agree' located by 'By.xpath: //button[@id="btnAgree"]' not found

2019-12-03 19:20:58 - [MESSAGE][INFO] - Unable to find the element located by 'By.xpath: //button[@id="btnAgree"]'. Please recheck the objects properties to make sure the desired element is located. 

2019-12-03 19:20:58 - [MESSAGE][WARNING] - Web element with id: 'Object Repository/Thumbing-Upvote and Downvote/Page_View Profile/span_Agree' located by 'By.xpath: //button[@id="btnAgree"]' not found

2019-12-03 19:20:58 - [TEST_STEP][FAILED] - click(findTestObject("Object Repository/Thumbing-Upvote and Downvote/Page_View Profile/span_Agree")): Unable to click on object 'Object Repository/Thumbing-Upvote and Downvote/Page_View Profile/span_Agree' (Root cause: com.kms.katalon.core.exception.StepFailedException: Unable to click on object 'Object Repository/Thumbing-Upvote and Downvote/Page_View Profile/span_Agree'
	at com.kms.katalon.core.webui.keyword.internal.WebUIKeywordMain.stepFailed(WebUIKeywordMain.groovy:64)
	at com.kms.katalon.core.webui.keyword.internal.WebUIKeywordMain.runKeyword(WebUIKeywordMain.groovy:26)
	at com.kms.katalon.core.webui.keyword.builtin.ClickKeyword.click(ClickKeyword.groovy:103)
	at com.kms.katalon.core.webui.keyword.builtin.ClickKeyword.execute(ClickKeyword.groovy:43)
	at com.kms.katalon.core.keyword.internal.KeywordExecutor.executeKeywordForPlatform(KeywordExecutor.groovy:60)
	at com.kms.katalon.core.webui.keyword.WebUiBuiltInKeywords.click(WebUiBuiltInKeywords.groovy:616)
	at com.kms.katalon.core.webui.keyword.WebUiBuiltInKeywords$click$3.call(Unknown Source)
	at Thumbing - Upvote and downvote.run(Thumbing - Upvote and downvote:41)
	at com.kms.katalon.core.main.ScriptEngine.run(ScriptEngine.java:194)
	at com.kms.katalon.core.main.ScriptEngine.runScriptAsRawText(ScriptEngine.java:119)
	at com.kms.katalon.core.main.TestCaseExecutor.runScript(TestCaseExecutor.java:337)
	at com.kms.katalon.core.main.TestCaseExecutor.doExecute(TestCaseExecutor.java:328)
	at com.kms.katalon.core.main.TestCaseExecutor.processExecutionPhase(TestCaseExecutor.java:307)
	at com.kms.katalon.core.main.TestCaseExecutor.accessMainPhase(TestCaseExecutor.java:299)
	at com.kms.katalon.core.main.TestCaseExecutor.execute(TestCaseExecutor.java:233)
	at com.kms.katalon.core.main.TestSuiteExecutor.accessTestCaseMainPhase(TestSuiteExecutor.java:169)
	at com.kms.katalon.core.main.TestSuiteExecutor.accessTestSuiteMainPhase(TestSuiteExecutor.java:142)
	at com.kms.katalon.core.main.TestSuiteExecutor.execute(TestSuiteExecutor.java:91)
	at com.kms.katalon.core.main.TestCaseMain.startTestSuite(TestCaseMain.java:157)
	at com.kms.katalon.core.main.TestCaseMain$startTestSuite$0.call(Unknown Source)
	at TempTestSuite1575380721167.run(TempTestSuite1575380721167.groovy:36)
Caused by: com.kms.katalon.core.webui.exception.WebElementNotFoundException: Web element with id: 'Object Repository/Thumbing-Upvote and Downvote/Page_View Profile/span_Agree' located by 'By.xpath: //button[@id="btnAgree"]' not found
	at com.kms.katalon.core.webui.common.WebUiCommonHelper.findWebElement(WebUiCommonHelper.java:1113)
	at com.kms.katalon.core.webui.keyword.internal.WebUIAbstractKeyword.findWebElement(WebUIAbstractKeyword.groovy:27)
	at com.kms.katalon.core.webui.keyword.internal.WebUIAbstractKeyword.findWebElement(WebUIAbstractKeyword.groovy:26)
	at com.kms.katalon.core.webui.keyword.builtin.ClickKeyword$_click_closure1.doCall(ClickKeyword.groovy:68)
	at com.kms.katalon.core.webui.keyword.builtin.ClickKeyword$_click_closure1.call(ClickKeyword.groovy)
	at com.kms.katalon.core.webui.keyword.internal.WebUIKeywordMain.runKeyword(WebUIKeywordMain.groovy:20)
	at com.kms.katalon.core.webui.keyword.builtin.ClickKeyword.click(ClickKeyword.groovy:103)
	at com.kms.katalon.core.webui.keyword.builtin.ClickKeyword.execute(ClickKeyword.groovy:43)
	at com.kms.katalon.core.keyword.internal.KeywordExecutor.executeKeywordForPlatform(KeywordExecutor.groovy:60)
	at com.kms.katalon.core.webui.keyword.WebUiBuiltInKeywords.click(WebUiBuiltInKeywords.groovy:616)
	at com.kms.katalon.core.webui.keyword.WebUiBuiltInKeywords$click$3.call(Unknown Source)
	at Script1570289084235.run(Script1570289084235.groovy:41)
	... 13 more
)

2019-12-03 19:52:02 - [MESSAGE][INFO] - Unable to find the element located by 'By.xpath: //button[@id="btnAgree"]'. Please recheck the objects properties to make sure the desired element is located. 

2019-12-03 19:52:03 - [MESSAGE][FAILED] - Unable to click on object 'Object Repository/Thumbing-Upvote and Downvote/Page_View Profile/span_Agree' (Root cause: com.kms.katalon.core.exception.StepFailedException: Unable to click on object 'Object Repository/Thumbing-Upvote and Downvote/Page_View Profile/span_Agree'
	at com.kms.katalon.core.webui.keyword.internal.WebUIKeywordMain.stepFailed(WebUIKeywordMain.groovy:64)
	at com.kms.katalon.core.webui.keyword.internal.WebUIKeywordMain.runKeyword(WebUIKeywordMain.groovy:26)
	at com.kms.katalon.core.webui.keyword.builtin.ClickKeyword.click(ClickKeyword.groovy:103)
	at com.kms.katalon.core.webui.keyword.builtin.ClickKeyword.execute(ClickKeyword.groovy:43)
	at com.kms.katalon.core.keyword.internal.KeywordExecutor.executeKeywordForPlatform(KeywordExecutor.groovy:60)
	at com.kms.katalon.core.webui.keyword.WebUiBuiltInKeywords.click(WebUiBuiltInKeywords.groovy:616)
	at com.kms.katalon.core.webui.keyword.WebUiBuiltInKeywords$click$3.call(Unknown Source)
	at Thumbing - Upvote and downvote.run(Thumbing - Upvote and downvote:41)
	at com.kms.katalon.core.main.ScriptEngine.run(ScriptEngine.java:194)
	at com.kms.katalon.core.main.ScriptEngine.runScriptAsRawText(ScriptEngine.java:119)
	at com.kms.katalon.core.main.TestCaseExecutor.runScript(TestCaseExecutor.java:337)
	at com.kms.katalon.core.main.TestCaseExecutor.doExecute(TestCaseExecutor.java:328)
	at com.kms.katalon.core.main.TestCaseExecutor.processExecutionPhase(TestCaseExecutor.java:307)
	at com.kms.katalon.core.main.TestCaseExecutor.accessMainPhase(TestCaseExecutor.java:299)
	at com.kms.katalon.core.main.TestCaseExecutor.execute(TestCaseExecutor.java:233)
	at com.kms.katalon.core.main.TestSuiteExecutor.accessTestCaseMainPhase(TestSuiteExecutor.java:169)
	at com.kms.katalon.core.main.TestSuiteExecutor.accessTestSuiteMainPhase(TestSuiteExecutor.java:142)
	at com.kms.katalon.core.main.TestSuiteExecutor.execute(TestSuiteExecutor.java:91)
	at com.kms.katalon.core.main.TestCaseMain.startTestSuite(TestCaseMain.java:157)
	at com.kms.katalon.core.main.TestCaseMain$startTestSuite$0.call(Unknown Source)
	at TempTestSuite1575380721167.run(TempTestSuite1575380721167.groovy:36)
Caused by: com.kms.katalon.core.webui.exception.WebElementNotFoundException: Web element with id: 'Object Repository/Thumbing-Upvote and Downvote/Page_View Profile/span_Agree' located by 'By.xpath: //button[@id="btnAgree"]' not found
	at com.kms.katalon.core.webui.common.WebUiCommonHelper.findWebElement(WebUiCommonHelper.java:1113)
	at com.kms.katalon.core.webui.keyword.internal.WebUIAbstractKeyword.findWebElement(WebUIAbstractKeyword.groovy:27)
	at com.kms.katalon.core.webui.keyword.internal.WebUIAbstractKeyword.findWebElement(WebUIAbstractKeyword.groovy:26)
	at com.kms.katalon.core.webui.keyword.builtin.ClickKeyword$_click_closure1.doCall(ClickKeyword.groovy:68)
	at com.kms.katalon.core.webui.keyword.builtin.ClickKeyword$_click_closure1.call(ClickKeyword.groovy)
	at com.kms.katalon.core.webui.keyword.internal.WebUIKeywordMain.runKeyword(WebUIKeywordMain.groovy:20)
	at com.kms.katalon.core.webui.keyword.builtin.ClickKeyword.click(ClickKeyword.groovy:103)
	at com.kms.katalon.core.webui.keyword.builtin.ClickKeyword.execute(ClickKeyword.groovy:43)
	at com.kms.katalon.core.keyword.internal.KeywordExecutor.executeKeywordForPlatform(KeywordExecutor.groovy:60)
	at com.kms.katalon.core.webui.keyword.WebUiBuiltInKeywords.click(WebUiBuiltInKeywords.groovy:616)
	at com.kms.katalon.core.webui.keyword.WebUiBuiltInKeywords$click$3.call(Unknown Source)
	at Script1570289084235.run(Script1570289084235.groovy:41)
	... 13 more
)
[[ATTACHMENT|/Users/akhilesh/git/KatalonBDD1/Reports/20191203_191511/Acceptance/20191203_191511/1575382922482.png]]

2019-12-03 19:52:03 - [TEST_STEP][PASSED] - Start listener action : afterTestcase: Browser is closed

2019-12-03 19:52:03 - [TEST_STEP][PASSED] - closeBrowser(): Browser is closed

2019-12-03 19:52:04 - [MESSAGE][PASSED] - Browser is closed

2019-12-03 19:52:06 - [TEST_STEP][PASSED] - Video: Video recording for test case 'Test Cases/Thumbing - Upvote and downvote' .

2019-12-03 19:52:06 - [MESSAGE][INFO] - Video recording for test case 'Test Cases/Thumbing - Upvote and downvote' .
[[ATTACHMENT|/Users/akhilesh/git/KatalonBDD1/Reports/20191203_191511/Acceptance/20191203_191511/videos/test_8.avi]]]]></system-out>
         <system-err><![CDATA[2019-12-03 19:20:11 - [TEST_CASE][FAILED] - Test Cases/Thumbing - Upvote and downvote: Test Cases/Thumbing - Upvote and downvote FAILED.
Reason:
com.kms.katalon.core.exception.StepFailedException: Unable to click on object 'Object Repository/Thumbing-Upvote and Downvote/Page_View Profile/span_Agree'
	at com.kms.katalon.core.webui.keyword.internal.WebUIKeywordMain.stepFailed(WebUIKeywordMain.groovy:64)
	at com.kms.katalon.core.webui.keyword.internal.WebUIKeywordMain.runKeyword(WebUIKeywordMain.groovy:26)
	at com.kms.katalon.core.webui.keyword.builtin.ClickKeyword.click(ClickKeyword.groovy:103)
	at com.kms.katalon.core.webui.keyword.builtin.ClickKeyword.execute(ClickKeyword.groovy:43)
	at com.kms.katalon.core.keyword.internal.KeywordExecutor.executeKeywordForPlatform(KeywordExecutor.groovy:60)
	at com.kms.katalon.core.webui.keyword.WebUiBuiltInKeywords.click(WebUiBuiltInKeywords.groovy:616)
	at com.kms.katalon.core.webui.keyword.WebUiBuiltInKeywords$click$3.call(Unknown Source)
	at Thumbing - Upvote and downvote.run(Thumbing - Upvote and downvote:41)
	at com.kms.katalon.core.main.ScriptEngine.run(ScriptEngine.java:194)
	at com.kms.katalon.core.main.ScriptEngine.runScriptAsRawText(ScriptEngine.java:119)
	at com.kms.katalon.core.main.TestCaseExecutor.runScript(TestCaseExecutor.java:337)
	at com.kms.katalon.core.main.TestCaseExecutor.doExecute(TestCaseExecutor.java:328)
	at com.kms.katalon.core.main.TestCaseExecutor.processExecutionPhase(TestCaseExecutor.java:307)
	at com.kms.katalon.core.main.TestCaseExecutor.accessMainPhase(TestCaseExecutor.java:299)
	at com.kms.katalon.core.main.TestCaseExecutor.execute(TestCaseExecutor.java:233)
	at com.kms.katalon.core.main.TestSuiteExecutor.accessTestCaseMainPhase(TestSuiteExecutor.java:169)
	at com.kms.katalon.core.main.TestSuiteExecutor.accessTestSuiteMainPhase(TestSuiteExecutor.java:142)
	at com.kms.katalon.core.main.TestSuiteExecutor.execute(TestSuiteExecutor.java:91)
	at com.kms.katalon.core.main.TestCaseMain.startTestSuite(TestCaseMain.java:157)
	at com.kms.katalon.core.main.TestCaseMain$startTestSuite$0.call(Unknown Source)
	at TempTestSuite1575380721167.run(TempTestSuite1575380721167.groovy:36)
Caused by: com.kms.katalon.core.webui.exception.WebElementNotFoundException: Web element with id: 'Object Repository/Thumbing-Upvote and Downvote/Page_View Profile/span_Agree' located by 'By.xpath: //button[@id="btnAgree"]' not found
	at com.kms.katalon.core.webui.common.WebUiCommonHelper.findWebElement(WebUiCommonHelper.java:1113)
	at com.kms.katalon.core.webui.keyword.internal.WebUIAbstractKeyword.findWebElement(WebUIAbstractKeyword.groovy:27)
	at com.kms.katalon.core.webui.keyword.internal.WebUIAbstractKeyword.findWebElement(WebUIAbstractKeyword.groovy:26)
	at com.kms.katalon.core.webui.keyword.builtin.ClickKeyword$_click_closure1.doCall(ClickKeyword.groovy:68)
	at com.kms.katalon.core.webui.keyword.builtin.ClickKeyword$_click_closure1.call(ClickKeyword.groovy)
	at com.kms.katalon.core.webui.keyword.internal.WebUIKeywordMain.runKeyword(WebUIKeywordMain.groovy:20)
	... 19 more]]></system-err>
      </testcase>
      <testcase name="Test Cases/Post something" time="2016.614" classname="Test Cases/Post something" status="FAILED">
         <failure type="FAILED" message="Test Cases/Post something FAILED.
Reason:
com.kms.katalon.core.exception.StepFailedException: Unable to set text 'Hello my name is uraj' of object 'Object Repository/Post case/Page_Home/textarea_suraj kumar_txtUserPost'
	at com.kms.katalon.core.webui.keyword.internal.WebUIKeywordMain.stepFailed(WebUIKeywordMain.groovy:64)
	at com.kms.katalon.core.webui.keyword.internal.WebUIKeywordMain.runKeyword(WebUIKeywordMain.groovy:26)
	at com.kms.katalon.core.webui.keyword.builtin.SetTextKeyword.setText(SetTextKeyword.groovy:66)
	at com.kms.katalon.core.webui.keyword.builtin.SetTextKeyword.execute(SetTextKeyword.groovy:37)
	at com.kms.katalon.core.keyword.internal.KeywordExecutor.executeKeywordForPlatform(KeywordExecutor.groovy:60)
	at com.kms.katalon.core.webui.keyword.WebUiBuiltInKeywords.setText(WebUiBuiltInKeywords.groovy:950)
	at com.kms.katalon.core.webui.keyword.WebUiBuiltInKeywords$setText$1.call(Unknown Source)
	at Post something.run(Post something:29)
	at com.kms.katalon.core.main.ScriptEngine.run(ScriptEngine.java:194)
	at com.kms.katalon.core.main.ScriptEngine.runScriptAsRawText(ScriptEngine.java:119)
	at com.kms.katalon.core.main.TestCaseExecutor.runScript(TestCaseExecutor.java:337)
	at com.kms.katalon.core.main.TestCaseExecutor.doExecute(TestCaseExecutor.java:328)
	at com.kms.katalon.core.main.TestCaseExecutor.processExecutionPhase(TestCaseExecutor.java:307)
	at com.kms.katalon.core.main.TestCaseExecutor.accessMainPhase(TestCaseExecutor.java:299)
	at com.kms.katalon.core.main.TestCaseExecutor.execute(TestCaseExecutor.java:233)
	at com.kms.katalon.core.main.TestSuiteExecutor.accessTestCaseMainPhase(TestSuiteExecutor.java:169)
	at com.kms.katalon.core.main.TestSuiteExecutor.accessTestSuiteMainPhase(TestSuiteExecutor.java:142)
	at com.kms.katalon.core.main.TestSuiteExecutor.execute(TestSuiteExecutor.java:91)
	at com.kms.katalon.core.main.TestCaseMain.startTestSuite(TestCaseMain.java:157)
	at com.kms.katalon.core.main.TestCaseMain$startTestSuite$0.call(Unknown Source)
	at TempTestSuite1575380721167.run(TempTestSuite1575380721167.groovy:36)
Caused by: com.kms.katalon.core.webui.exception.WebElementNotFoundException: Web element with id: 'Object Repository/Post case/Page_Home/textarea_suraj kumar_txtUserPost' located by 'By.xpath: //*[@id = 'txtUserPost' and @placeholder = 'Hello suraj kumar , Share an idea,post or thought....']' not found
	at com.kms.katalon.core.webui.common.WebUiCommonHelper.findWebElement(WebUiCommonHelper.java:1113)
	at com.kms.katalon.core.webui.keyword.internal.WebUIAbstractKeyword.findWebElement(WebUIAbstractKeyword.groovy:27)
	at com.kms.katalon.core.webui.keyword.internal.WebUIAbstractKeyword.findWebElement(WebUIAbstractKeyword.groovy:26)
	at com.kms.katalon.core.webui.keyword.builtin.SetTextKeyword$_setText_closure1.doCall(SetTextKeyword.groovy:51)
	at com.kms.katalon.core.webui.keyword.builtin.SetTextKeyword$_setText_closure1.call(SetTextKeyword.groovy)
	at com.kms.katalon.core.webui.keyword.internal.WebUIKeywordMain.runKeyword(WebUIKeywordMain.groovy:20)
	... 19 more
"/>
         <system-out><![CDATA[2019-12-03 19:52:06 - [TEST_CASE][FAILED] - Test Cases/Post something: Test Cases/Post something FAILED.
Reason:
com.kms.katalon.core.exception.StepFailedException: Unable to set text 'Hello my name is uraj' of object 'Object Repository/Post case/Page_Home/textarea_suraj kumar_txtUserPost'
	at com.kms.katalon.core.webui.keyword.internal.WebUIKeywordMain.stepFailed(WebUIKeywordMain.groovy:64)
	at com.kms.katalon.core.webui.keyword.internal.WebUIKeywordMain.runKeyword(WebUIKeywordMain.groovy:26)
	at com.kms.katalon.core.webui.keyword.builtin.SetTextKeyword.setText(SetTextKeyword.groovy:66)
	at com.kms.katalon.core.webui.keyword.builtin.SetTextKeyword.execute(SetTextKeyword.groovy:37)
	at com.kms.katalon.core.keyword.internal.KeywordExecutor.executeKeywordForPlatform(KeywordExecutor.groovy:60)
	at com.kms.katalon.core.webui.keyword.WebUiBuiltInKeywords.setText(WebUiBuiltInKeywords.groovy:950)
	at com.kms.katalon.core.webui.keyword.WebUiBuiltInKeywords$setText$1.call(Unknown Source)
	at Post something.run(Post something:29)
	at com.kms.katalon.core.main.ScriptEngine.run(ScriptEngine.java:194)
	at com.kms.katalon.core.main.ScriptEngine.runScriptAsRawText(ScriptEngine.java:119)
	at com.kms.katalon.core.main.TestCaseExecutor.runScript(TestCaseExecutor.java:337)
	at com.kms.katalon.core.main.TestCaseExecutor.doExecute(TestCaseExecutor.java:328)
	at com.kms.katalon.core.main.TestCaseExecutor.processExecutionPhase(TestCaseExecutor.java:307)
	at com.kms.katalon.core.main.TestCaseExecutor.accessMainPhase(TestCaseExecutor.java:299)
	at com.kms.katalon.core.main.TestCaseExecutor.execute(TestCaseExecutor.java:233)
	at com.kms.katalon.core.main.TestSuiteExecutor.accessTestCaseMainPhase(TestSuiteExecutor.java:169)
	at com.kms.katalon.core.main.TestSuiteExecutor.accessTestSuiteMainPhase(TestSuiteExecutor.java:142)
	at com.kms.katalon.core.main.TestSuiteExecutor.execute(TestSuiteExecutor.java:91)
	at com.kms.katalon.core.main.TestCaseMain.startTestSuite(TestCaseMain.java:157)
	at com.kms.katalon.core.main.TestCaseMain$startTestSuite$0.call(Unknown Source)
	at TempTestSuite1575380721167.run(TempTestSuite1575380721167.groovy:36)
Caused by: com.kms.katalon.core.webui.exception.WebElementNotFoundException: Web element with id: 'Object Repository/Post case/Page_Home/textarea_suraj kumar_txtUserPost' located by 'By.xpath: //*[@id = 'txtUserPost' and @placeholder = 'Hello suraj kumar , Share an idea,post or thought....']' not found
	at com.kms.katalon.core.webui.common.WebUiCommonHelper.findWebElement(WebUiCommonHelper.java:1113)
	at com.kms.katalon.core.webui.keyword.internal.WebUIAbstractKeyword.findWebElement(WebUIAbstractKeyword.groovy:27)
	at com.kms.katalon.core.webui.keyword.internal.WebUIAbstractKeyword.findWebElement(WebUIAbstractKeyword.groovy:26)
	at com.kms.katalon.core.webui.keyword.builtin.SetTextKeyword$_setText_closure1.doCall(SetTextKeyword.groovy:51)
	at com.kms.katalon.core.webui.keyword.builtin.SetTextKeyword$_setText_closure1.call(SetTextKeyword.groovy)
	at com.kms.katalon.core.webui.keyword.internal.WebUIKeywordMain.runKeyword(WebUIKeywordMain.groovy:20)
	... 19 more


2019-12-03 19:52:06 - [TEST_STEP][PASSED] - Start listener action : beforeTestcase: null

2019-12-03 19:52:07 - [TEST_STEP][PASSED] - openBrowser(AppUrl): Browser is opened with url: 'https://qa.thework.life'

2019-12-03 19:52:07 - [MESSAGE][INFO] - Starting 'Firefox' driver

2019-12-03 20:19:00 - [MESSAGE][PASSED] - Browser is opened with url: 'https://qa.thework.life'

2019-12-03 20:19:00 - [TEST_STEP][PASSED] - navigateToUrl(AppUrl): Navigate to 'https://qa.thework.life' successfully

2019-12-03 20:19:06 - [MESSAGE][PASSED] - Navigate to 'https://qa.thework.life' successfully

2019-12-03 20:19:06 - [TEST_STEP][PASSED] - setText(findTestObject("Object Repository/Post case/Page_theworklife - Find Great People To Work With/input_Forgot password_username"), "surajkumarsrivastava1991"): Text 'surajkumarsrivastava1991' is set on object 'Object Repository/Post case/Page_theworklife - Find Great People To Work With/input_Forgot password_username'

2019-12-03 20:19:09 - [MESSAGE][PASSED] - Text 'surajkumarsrivastava1991' is set on object 'Object Repository/Post case/Page_theworklife - Find Great People To Work With/input_Forgot password_username'

2019-12-03 20:19:09 - [TEST_STEP][PASSED] - setEncryptedText(findTestObject("Object Repository/Post case/Page_theworklife - Find Great People To Work With/input_Forgot password_password"), "nzEsFCGA/BtMPXLkTTMM4w=="): Text ****** has been set on object 'Object Repository/Post case/Page_theworklife - Find Great People To Work With/input_Forgot password_password'

2019-12-03 20:19:10 - [MESSAGE][PASSED] - Text ****** has been set on object 'Object Repository/Post case/Page_theworklife - Find Great People To Work With/input_Forgot password_password'

2019-12-03 20:19:10 - [TEST_STEP][PASSED] - click(findTestObject("Object Repository/Post case/Page_theworklife - Find Great People To Work With/button_Sign in")): Object: 'Object Repository/Post case/Page_theworklife - Find Great People To Work With/button_Sign in' is clicked on

2019-12-03 20:19:17 - [MESSAGE][PASSED] - Object: 'Object Repository/Post case/Page_theworklife - Find Great People To Work With/button_Sign in' is clicked on

2019-12-03 20:19:17 - [TEST_STEP][FAILED] - setText(findTestObject("Object Repository/Post case/Page_Home/textarea_suraj kumar_txtUserPost"), "Hello my name is uraj"): Unable to set text 'Hello my name is uraj' of object 'Object Repository/Post case/Page_Home/textarea_suraj kumar_txtUserPost' (Root cause: com.kms.katalon.core.exception.StepFailedException: Unable to set text 'Hello my name is uraj' of object 'Object Repository/Post case/Page_Home/textarea_suraj kumar_txtUserPost'
	at com.kms.katalon.core.webui.keyword.internal.WebUIKeywordMain.stepFailed(WebUIKeywordMain.groovy:64)
	at com.kms.katalon.core.webui.keyword.internal.WebUIKeywordMain.runKeyword(WebUIKeywordMain.groovy:26)
	at com.kms.katalon.core.webui.keyword.builtin.SetTextKeyword.setText(SetTextKeyword.groovy:66)
	at com.kms.katalon.core.webui.keyword.builtin.SetTextKeyword.execute(SetTextKeyword.groovy:37)
	at com.kms.katalon.core.keyword.internal.KeywordExecutor.executeKeywordForPlatform(KeywordExecutor.groovy:60)
	at com.kms.katalon.core.webui.keyword.WebUiBuiltInKeywords.setText(WebUiBuiltInKeywords.groovy:950)
	at com.kms.katalon.core.webui.keyword.WebUiBuiltInKeywords$setText$1.call(Unknown Source)
	at Post something.run(Post something:29)
	at com.kms.katalon.core.main.ScriptEngine.run(ScriptEngine.java:194)
	at com.kms.katalon.core.main.ScriptEngine.runScriptAsRawText(ScriptEngine.java:119)
	at com.kms.katalon.core.main.TestCaseExecutor.runScript(TestCaseExecutor.java:337)
	at com.kms.katalon.core.main.TestCaseExecutor.doExecute(TestCaseExecutor.java:328)
	at com.kms.katalon.core.main.TestCaseExecutor.processExecutionPhase(TestCaseExecutor.java:307)
	at com.kms.katalon.core.main.TestCaseExecutor.accessMainPhase(TestCaseExecutor.java:299)
	at com.kms.katalon.core.main.TestCaseExecutor.execute(TestCaseExecutor.java:233)
	at com.kms.katalon.core.main.TestSuiteExecutor.accessTestCaseMainPhase(TestSuiteExecutor.java:169)
	at com.kms.katalon.core.main.TestSuiteExecutor.accessTestSuiteMainPhase(TestSuiteExecutor.java:142)
	at com.kms.katalon.core.main.TestSuiteExecutor.execute(TestSuiteExecutor.java:91)
	at com.kms.katalon.core.main.TestCaseMain.startTestSuite(TestCaseMain.java:157)
	at com.kms.katalon.core.main.TestCaseMain$startTestSuite$0.call(Unknown Source)
	at TempTestSuite1575380721167.run(TempTestSuite1575380721167.groovy:36)
Caused by: com.kms.katalon.core.webui.exception.WebElementNotFoundException: Web element with id: 'Object Repository/Post case/Page_Home/textarea_suraj kumar_txtUserPost' located by 'By.xpath: //*[@id = 'txtUserPost' and @placeholder = 'Hello suraj kumar , Share an idea,post or thought....']' not found
	at com.kms.katalon.core.webui.common.WebUiCommonHelper.findWebElement(WebUiCommonHelper.java:1113)
	at com.kms.katalon.core.webui.keyword.internal.WebUIAbstractKeyword.findWebElement(WebUIAbstractKeyword.groovy:27)
	at com.kms.katalon.core.webui.keyword.internal.WebUIAbstractKeyword.findWebElement(WebUIAbstractKeyword.groovy:26)
	at com.kms.katalon.core.webui.keyword.builtin.SetTextKeyword$_setText_closure1.doCall(SetTextKeyword.groovy:51)
	at com.kms.katalon.core.webui.keyword.builtin.SetTextKeyword$_setText_closure1.call(SetTextKeyword.groovy)
	at com.kms.katalon.core.webui.keyword.internal.WebUIKeywordMain.runKeyword(WebUIKeywordMain.groovy:20)
	at com.kms.katalon.core.webui.keyword.builtin.SetTextKeyword.setText(SetTextKeyword.groovy:66)
	at com.kms.katalon.core.webui.keyword.builtin.SetTextKeyword.execute(SetTextKeyword.groovy:37)
	at com.kms.katalon.core.keyword.internal.KeywordExecutor.executeKeywordForPlatform(KeywordExecutor.groovy:60)
	at com.kms.katalon.core.webui.keyword.WebUiBuiltInKeywords.setText(WebUiBuiltInKeywords.groovy:950)
	at com.kms.katalon.core.webui.keyword.WebUiBuiltInKeywords$setText$1.call(Unknown Source)
	at Script1570017061173.run(Script1570017061173.groovy:29)
	... 13 more
)

2019-12-03 20:25:37 - [MESSAGE][INFO] - Unable to find the element located by 'By.xpath: //*[@id = 'txtUserPost' and @placeholder = 'Hello suraj kumar , Share an idea,post or thought....']'. Please recheck the objects properties to make sure the desired element is located. 

2019-12-03 20:25:37 - [MESSAGE][FAILED] - Unable to set text 'Hello my name is uraj' of object 'Object Repository/Post case/Page_Home/textarea_suraj kumar_txtUserPost' (Root cause: com.kms.katalon.core.exception.StepFailedException: Unable to set text 'Hello my name is uraj' of object 'Object Repository/Post case/Page_Home/textarea_suraj kumar_txtUserPost'
	at com.kms.katalon.core.webui.keyword.internal.WebUIKeywordMain.stepFailed(WebUIKeywordMain.groovy:64)
	at com.kms.katalon.core.webui.keyword.internal.WebUIKeywordMain.runKeyword(WebUIKeywordMain.groovy:26)
	at com.kms.katalon.core.webui.keyword.builtin.SetTextKeyword.setText(SetTextKeyword.groovy:66)
	at com.kms.katalon.core.webui.keyword.builtin.SetTextKeyword.execute(SetTextKeyword.groovy:37)
	at com.kms.katalon.core.keyword.internal.KeywordExecutor.executeKeywordForPlatform(KeywordExecutor.groovy:60)
	at com.kms.katalon.core.webui.keyword.WebUiBuiltInKeywords.setText(WebUiBuiltInKeywords.groovy:950)
	at com.kms.katalon.core.webui.keyword.WebUiBuiltInKeywords$setText$1.call(Unknown Source)
	at Post something.run(Post something:29)
	at com.kms.katalon.core.main.ScriptEngine.run(ScriptEngine.java:194)
	at com.kms.katalon.core.main.ScriptEngine.runScriptAsRawText(ScriptEngine.java:119)
	at com.kms.katalon.core.main.TestCaseExecutor.runScript(TestCaseExecutor.java:337)
	at com.kms.katalon.core.main.TestCaseExecutor.doExecute(TestCaseExecutor.java:328)
	at com.kms.katalon.core.main.TestCaseExecutor.processExecutionPhase(TestCaseExecutor.java:307)
	at com.kms.katalon.core.main.TestCaseExecutor.accessMainPhase(TestCaseExecutor.java:299)
	at com.kms.katalon.core.main.TestCaseExecutor.execute(TestCaseExecutor.java:233)
	at com.kms.katalon.core.main.TestSuiteExecutor.accessTestCaseMainPhase(TestSuiteExecutor.java:169)
	at com.kms.katalon.core.main.TestSuiteExecutor.accessTestSuiteMainPhase(TestSuiteExecutor.java:142)
	at com.kms.katalon.core.main.TestSuiteExecutor.execute(TestSuiteExecutor.java:91)
	at com.kms.katalon.core.main.TestCaseMain.startTestSuite(TestCaseMain.java:157)
	at com.kms.katalon.core.main.TestCaseMain$startTestSuite$0.call(Unknown Source)
	at TempTestSuite1575380721167.run(TempTestSuite1575380721167.groovy:36)
Caused by: com.kms.katalon.core.webui.exception.WebElementNotFoundException: Web element with id: 'Object Repository/Post case/Page_Home/textarea_suraj kumar_txtUserPost' located by 'By.xpath: //*[@id = 'txtUserPost' and @placeholder = 'Hello suraj kumar , Share an idea,post or thought....']' not found
	at com.kms.katalon.core.webui.common.WebUiCommonHelper.findWebElement(WebUiCommonHelper.java:1113)
	at com.kms.katalon.core.webui.keyword.internal.WebUIAbstractKeyword.findWebElement(WebUIAbstractKeyword.groovy:27)
	at com.kms.katalon.core.webui.keyword.internal.WebUIAbstractKeyword.findWebElement(WebUIAbstractKeyword.groovy:26)
	at com.kms.katalon.core.webui.keyword.builtin.SetTextKeyword$_setText_closure1.doCall(SetTextKeyword.groovy:51)
	at com.kms.katalon.core.webui.keyword.builtin.SetTextKeyword$_setText_closure1.call(SetTextKeyword.groovy)
	at com.kms.katalon.core.webui.keyword.internal.WebUIKeywordMain.runKeyword(WebUIKeywordMain.groovy:20)
	at com.kms.katalon.core.webui.keyword.builtin.SetTextKeyword.setText(SetTextKeyword.groovy:66)
	at com.kms.katalon.core.webui.keyword.builtin.SetTextKeyword.execute(SetTextKeyword.groovy:37)
	at com.kms.katalon.core.keyword.internal.KeywordExecutor.executeKeywordForPlatform(KeywordExecutor.groovy:60)
	at com.kms.katalon.core.webui.keyword.WebUiBuiltInKeywords.setText(WebUiBuiltInKeywords.groovy:950)
	at com.kms.katalon.core.webui.keyword.WebUiBuiltInKeywords$setText$1.call(Unknown Source)
	at Script1570017061173.run(Script1570017061173.groovy:29)
	... 13 more
)
[[ATTACHMENT|/Users/akhilesh/git/KatalonBDD1/Reports/20191203_191511/Acceptance/20191203_191511/1575384937498.png]]

2019-12-03 20:25:37 - [TEST_STEP][PASSED] - Start listener action : afterTestcase: Browser is closed

2019-12-03 20:25:37 - [TEST_STEP][PASSED] - closeBrowser(): Browser is closed

2019-12-03 20:25:40 - [MESSAGE][PASSED] - Browser is closed

2019-12-03 20:25:43 - [TEST_STEP][PASSED] - Video: Video recording for test case 'Test Cases/Post something' .

2019-12-03 20:25:43 - [MESSAGE][INFO] - Video recording for test case 'Test Cases/Post something' .
[[ATTACHMENT|/Users/akhilesh/git/KatalonBDD1/Reports/20191203_191511/Acceptance/20191203_191511/videos/test_9.avi]]]]></system-out>
         <system-err><![CDATA[2019-12-03 19:52:06 - [TEST_CASE][FAILED] - Test Cases/Post something: Test Cases/Post something FAILED.
Reason:
com.kms.katalon.core.exception.StepFailedException: Unable to set text 'Hello my name is uraj' of object 'Object Repository/Post case/Page_Home/textarea_suraj kumar_txtUserPost'
	at com.kms.katalon.core.webui.keyword.internal.WebUIKeywordMain.stepFailed(WebUIKeywordMain.groovy:64)
	at com.kms.katalon.core.webui.keyword.internal.WebUIKeywordMain.runKeyword(WebUIKeywordMain.groovy:26)
	at com.kms.katalon.core.webui.keyword.builtin.SetTextKeyword.setText(SetTextKeyword.groovy:66)
	at com.kms.katalon.core.webui.keyword.builtin.SetTextKeyword.execute(SetTextKeyword.groovy:37)
	at com.kms.katalon.core.keyword.internal.KeywordExecutor.executeKeywordForPlatform(KeywordExecutor.groovy:60)
	at com.kms.katalon.core.webui.keyword.WebUiBuiltInKeywords.setText(WebUiBuiltInKeywords.groovy:950)
	at com.kms.katalon.core.webui.keyword.WebUiBuiltInKeywords$setText$1.call(Unknown Source)
	at Post something.run(Post something:29)
	at com.kms.katalon.core.main.ScriptEngine.run(ScriptEngine.java:194)
	at com.kms.katalon.core.main.ScriptEngine.runScriptAsRawText(ScriptEngine.java:119)
	at com.kms.katalon.core.main.TestCaseExecutor.runScript(TestCaseExecutor.java:337)
	at com.kms.katalon.core.main.TestCaseExecutor.doExecute(TestCaseExecutor.java:328)
	at com.kms.katalon.core.main.TestCaseExecutor.processExecutionPhase(TestCaseExecutor.java:307)
	at com.kms.katalon.core.main.TestCaseExecutor.accessMainPhase(TestCaseExecutor.java:299)
	at com.kms.katalon.core.main.TestCaseExecutor.execute(TestCaseExecutor.java:233)
	at com.kms.katalon.core.main.TestSuiteExecutor.accessTestCaseMainPhase(TestSuiteExecutor.java:169)
	at com.kms.katalon.core.main.TestSuiteExecutor.accessTestSuiteMainPhase(TestSuiteExecutor.java:142)
	at com.kms.katalon.core.main.TestSuiteExecutor.execute(TestSuiteExecutor.java:91)
	at com.kms.katalon.core.main.TestCaseMain.startTestSuite(TestCaseMain.java:157)
	at com.kms.katalon.core.main.TestCaseMain$startTestSuite$0.call(Unknown Source)
	at TempTestSuite1575380721167.run(TempTestSuite1575380721167.groovy:36)
Caused by: com.kms.katalon.core.webui.exception.WebElementNotFoundException: Web element with id: 'Object Repository/Post case/Page_Home/textarea_suraj kumar_txtUserPost' located by 'By.xpath: //*[@id = 'txtUserPost' and @placeholder = 'Hello suraj kumar , Share an idea,post or thought....']' not found
	at com.kms.katalon.core.webui.common.WebUiCommonHelper.findWebElement(WebUiCommonHelper.java:1113)
	at com.kms.katalon.core.webui.keyword.internal.WebUIAbstractKeyword.findWebElement(WebUIAbstractKeyword.groovy:27)
	at com.kms.katalon.core.webui.keyword.internal.WebUIAbstractKeyword.findWebElement(WebUIAbstractKeyword.groovy:26)
	at com.kms.katalon.core.webui.keyword.builtin.SetTextKeyword$_setText_closure1.doCall(SetTextKeyword.groovy:51)
	at com.kms.katalon.core.webui.keyword.builtin.SetTextKeyword$_setText_closure1.call(SetTextKeyword.groovy)
	at com.kms.katalon.core.webui.keyword.internal.WebUIKeywordMain.runKeyword(WebUIKeywordMain.groovy:20)
	... 19 more]]></system-err>
      </testcase>
      <testcase name="Test Cases/Flag a post" time="81.955" classname="Test Cases/Flag a post" status="PASSED">
         <system-out><![CDATA[2019-12-03 20:25:43 - [TEST_CASE][PASSED] - Test Cases/Flag a post: Test Cases/Flag a post

2019-12-03 20:25:43 - [TEST_STEP][PASSED] - Start listener action : beforeTestcase: null

2019-12-03 20:25:43 - [TEST_STEP][PASSED] - openBrowser(""): Browser is opened with url: ''

2019-12-03 20:25:43 - [MESSAGE][INFO] - Starting 'Firefox' driver

2019-12-03 20:25:46 - [MESSAGE][PASSED] - Browser is opened with url: ''

2019-12-03 20:25:46 - [TEST_STEP][PASSED] - navigateToUrl("https://qa.thework.life/"): Navigate to 'https://qa.thework.life/' successfully

2019-12-03 20:25:53 - [MESSAGE][PASSED] - Navigate to 'https://qa.thework.life/' successfully

2019-12-03 20:25:53 - [TEST_STEP][PASSED] - setText(findTestObject("Object Repository/flag a post/Page_theworklife - Find Great People To Work With/input_Forgot password_username"), "worklifetest10001@gmail.com"): Text 'worklifetest10001@gmail.com' is set on object 'Object Repository/flag a post/Page_theworklife - Find Great People To Work With/input_Forgot password_username'

2019-12-03 20:25:56 - [MESSAGE][PASSED] - Text 'worklifetest10001@gmail.com' is set on object 'Object Repository/flag a post/Page_theworklife - Find Great People To Work With/input_Forgot password_username'

2019-12-03 20:25:56 - [TEST_STEP][PASSED] - setEncryptedText(findTestObject("Object Repository/flag a post/Page_theworklife - Find Great People To Work With/input_Forgot password_password"), "XU9cBalmEBp1UP+jEU2w4UUBUuNgBY4U"): Text ****** has been set on object 'Object Repository/flag a post/Page_theworklife - Find Great People To Work With/input_Forgot password_password'

2019-12-03 20:25:58 - [MESSAGE][PASSED] - Text ****** has been set on object 'Object Repository/flag a post/Page_theworklife - Find Great People To Work With/input_Forgot password_password'

2019-12-03 20:25:58 - [TEST_STEP][PASSED] - click(findTestObject("Object Repository/flag a post/Page_theworklife - Find Great People To Work With/button_Sign in")): Object: 'Object Repository/flag a post/Page_theworklife - Find Great People To Work With/button_Sign in' is clicked on

2019-12-03 20:26:52 - [MESSAGE][PASSED] - Object: 'Object Repository/flag a post/Page_theworklife - Find Great People To Work With/button_Sign in' is clicked on

2019-12-03 20:26:52 - [TEST_STEP][PASSED] - delay(4): Delayed 4 second(s)

2019-12-03 20:26:56 - [MESSAGE][PASSED] - Delayed 4 second(s)

2019-12-03 20:26:56 - [TEST_STEP][PASSED] - click(findTestObject("flag a post/Page_Home/click flag report")): Object: 'Object Repository/flag a post/Page_Home/click flag report' is clicked on

2019-12-03 20:26:57 - [MESSAGE][PASSED] - Object: 'Object Repository/flag a post/Page_Home/click flag report' is clicked on

2019-12-03 20:26:57 - [TEST_STEP][PASSED] - waitForElementPresent(findTestObject("flag a post/Page_Home/Report New window"), 3): Object 'Object Repository/flag a post/Page_Home/Report New window' is present

2019-12-03 20:26:58 - [MESSAGE][PASSED] - Object 'Object Repository/flag a post/Page_Home/Report New window' is present

2019-12-03 20:26:58 - [TEST_STEP][PASSED] - waitForElementClickable(findTestObject("flag a post/Page_Home/click accusatory"), 3): Object 'Object Repository/flag a post/Page_Home/click accusatory' is clickable

2019-12-03 20:26:58 - [MESSAGE][PASSED] - Object 'Object Repository/flag a post/Page_Home/click accusatory' is clickable

2019-12-03 20:26:58 - [TEST_STEP][PASSED] - click(findTestObject("flag a post/Page_Home/click accusatory")): Object: 'Object Repository/flag a post/Page_Home/click accusatory' is clicked on

2019-12-03 20:26:59 - [MESSAGE][PASSED] - Object: 'Object Repository/flag a post/Page_Home/click accusatory' is clicked on

2019-12-03 20:26:59 - [TEST_STEP][PASSED] - setText(findTestObject("Object Repository/flag a post/Page_Home/textarea_Detail your complaint_txtDetailReport"), "ssgsssfsfsfsffsfsfsfsf"): Text 'ssgsssfsfsfsffsfsfsfsf' is set on object 'Object Repository/flag a post/Page_Home/textarea_Detail your complaint_txtDetailReport'

2019-12-03 20:26:59 - [MESSAGE][PASSED] - Text 'ssgsssfsfsfsffsfsfsfsf' is set on object 'Object Repository/flag a post/Page_Home/textarea_Detail your complaint_txtDetailReport'

2019-12-03 20:26:59 - [TEST_STEP][PASSED] - click(findTestObject("Object Repository/flag a post/Page_Home/button_Submit")): Object: 'Object Repository/flag a post/Page_Home/button_Submit' is clicked on

2019-12-03 20:27:00 - [MESSAGE][PASSED] - Object: 'Object Repository/flag a post/Page_Home/button_Submit' is clicked on

2019-12-03 20:27:00 - [TEST_STEP][PASSED] - click(findTestObject("Object Repository/flag a post/Page_Home/a_OK")): Object: 'Object Repository/flag a post/Page_Home/a_OK' is clicked on

2019-12-03 20:27:01 - [MESSAGE][PASSED] - Object: 'Object Repository/flag a post/Page_Home/a_OK' is clicked on

2019-12-03 20:27:01 - [TEST_STEP][PASSED] - closeBrowser(): Browser is closed

2019-12-03 20:27:02 - [MESSAGE][PASSED] - Browser is closed

2019-12-03 20:27:02 - [TEST_STEP][PASSED] - Start listener action : afterTestcase: Browser is closed

2019-12-03 20:27:02 - [TEST_STEP][PASSED] - closeBrowser(): Browser is closed

2019-12-03 20:27:02 - [MESSAGE][PASSED] - Browser is closed

2019-12-03 20:27:05 - [TEST_STEP][PASSED] - Video: Video recording for test case 'Test Cases/Flag a post' .

2019-12-03 20:27:05 - [MESSAGE][INFO] - Video recording for test case 'Test Cases/Flag a post' .
[[ATTACHMENT|/Users/akhilesh/git/KatalonBDD1/Reports/20191203_191511/Acceptance/20191203_191511/videos/test_10.avi]]]]></system-out>
         <system-err><![CDATA[]]></system-err>
      </testcase>
      <testcase name="Test Cases/claim profile" time="129.863" classname="Test Cases/claim profile" status="FAILED">
         <failure type="FAILED" message="Test Cases/claim profile FAILED.
Reason:
com.kms.katalon.core.exception.StepFailedException: Unable to set text 'testingLink1575385107938' of object 'Object Repository/Page_Sign Up/input_Username_username'
	at com.kms.katalon.core.webui.keyword.internal.WebUIKeywordMain.stepFailed(WebUIKeywordMain.groovy:64)
	at com.kms.katalon.core.webui.keyword.internal.WebUIKeywordMain.runKeyword(WebUIKeywordMain.groovy:26)
	at com.kms.katalon.core.webui.keyword.builtin.SetTextKeyword.setText(SetTextKeyword.groovy:66)
	at com.kms.katalon.core.webui.keyword.builtin.SetTextKeyword.execute(SetTextKeyword.groovy:37)
	at com.kms.katalon.core.keyword.internal.KeywordExecutor.executeKeywordForPlatform(KeywordExecutor.groovy:60)
	at com.kms.katalon.core.webui.keyword.WebUiBuiltInKeywords.setText(WebUiBuiltInKeywords.groovy:950)
	at com.kms.katalon.core.webui.keyword.WebUiBuiltInKeywords$setText$1.call(Unknown Source)
	at claim profile.run(claim profile:84)
	at com.kms.katalon.core.main.ScriptEngine.run(ScriptEngine.java:194)
	at com.kms.katalon.core.main.ScriptEngine.runScriptAsRawText(ScriptEngine.java:119)
	at com.kms.katalon.core.main.TestCaseExecutor.runScript(TestCaseExecutor.java:337)
	at com.kms.katalon.core.main.TestCaseExecutor.doExecute(TestCaseExecutor.java:328)
	at com.kms.katalon.core.main.TestCaseExecutor.processExecutionPhase(TestCaseExecutor.java:307)
	at com.kms.katalon.core.main.TestCaseExecutor.accessMainPhase(TestCaseExecutor.java:299)
	at com.kms.katalon.core.main.TestCaseExecutor.execute(TestCaseExecutor.java:233)
	at com.kms.katalon.core.main.TestSuiteExecutor.accessTestCaseMainPhase(TestSuiteExecutor.java:169)
	at com.kms.katalon.core.main.TestSuiteExecutor.accessTestSuiteMainPhase(TestSuiteExecutor.java:142)
	at com.kms.katalon.core.main.TestSuiteExecutor.execute(TestSuiteExecutor.java:91)
	at com.kms.katalon.core.main.TestCaseMain.startTestSuite(TestCaseMain.java:157)
	at com.kms.katalon.core.main.TestCaseMain$startTestSuite$0.call(Unknown Source)
	at TempTestSuite1575380721167.run(TempTestSuite1575380721167.groovy:36)
Caused by: com.kms.katalon.core.webui.exception.WebElementNotFoundException: Web element with id: 'Object Repository/Page_Sign Up/input_Username_username' located by 'By.xpath: //*[@id = 'username' and @name = 'username' and @placeholder = 'Choose your thework.life username' and @type = 'text']' not found
	at com.kms.katalon.core.webui.common.WebUiCommonHelper.findWebElement(WebUiCommonHelper.java:1113)
	at com.kms.katalon.core.webui.keyword.internal.WebUIAbstractKeyword.findWebElement(WebUIAbstractKeyword.groovy:27)
	at com.kms.katalon.core.webui.keyword.internal.WebUIAbstractKeyword.findWebElement(WebUIAbstractKeyword.groovy:26)
	at com.kms.katalon.core.webui.keyword.builtin.SetTextKeyword$_setText_closure1.doCall(SetTextKeyword.groovy:51)
	at com.kms.katalon.core.webui.keyword.builtin.SetTextKeyword$_setText_closure1.call(SetTextKeyword.groovy)
	at com.kms.katalon.core.webui.keyword.internal.WebUIKeywordMain.runKeyword(WebUIKeywordMain.groovy:20)
	... 19 more
"/>
         <system-out><![CDATA[2019-12-03 20:27:05 - [TEST_CASE][FAILED] - Test Cases/claim profile: Test Cases/claim profile FAILED.
Reason:
com.kms.katalon.core.exception.StepFailedException: Unable to set text 'testingLink1575385107938' of object 'Object Repository/Page_Sign Up/input_Username_username'
	at com.kms.katalon.core.webui.keyword.internal.WebUIKeywordMain.stepFailed(WebUIKeywordMain.groovy:64)
	at com.kms.katalon.core.webui.keyword.internal.WebUIKeywordMain.runKeyword(WebUIKeywordMain.groovy:26)
	at com.kms.katalon.core.webui.keyword.builtin.SetTextKeyword.setText(SetTextKeyword.groovy:66)
	at com.kms.katalon.core.webui.keyword.builtin.SetTextKeyword.execute(SetTextKeyword.groovy:37)
	at com.kms.katalon.core.keyword.internal.KeywordExecutor.executeKeywordForPlatform(KeywordExecutor.groovy:60)
	at com.kms.katalon.core.webui.keyword.WebUiBuiltInKeywords.setText(WebUiBuiltInKeywords.groovy:950)
	at com.kms.katalon.core.webui.keyword.WebUiBuiltInKeywords$setText$1.call(Unknown Source)
	at claim profile.run(claim profile:84)
	at com.kms.katalon.core.main.ScriptEngine.run(ScriptEngine.java:194)
	at com.kms.katalon.core.main.ScriptEngine.runScriptAsRawText(ScriptEngine.java:119)
	at com.kms.katalon.core.main.TestCaseExecutor.runScript(TestCaseExecutor.java:337)
	at com.kms.katalon.core.main.TestCaseExecutor.doExecute(TestCaseExecutor.java:328)
	at com.kms.katalon.core.main.TestCaseExecutor.processExecutionPhase(TestCaseExecutor.java:307)
	at com.kms.katalon.core.main.TestCaseExecutor.accessMainPhase(TestCaseExecutor.java:299)
	at com.kms.katalon.core.main.TestCaseExecutor.execute(TestCaseExecutor.java:233)
	at com.kms.katalon.core.main.TestSuiteExecutor.accessTestCaseMainPhase(TestSuiteExecutor.java:169)
	at com.kms.katalon.core.main.TestSuiteExecutor.accessTestSuiteMainPhase(TestSuiteExecutor.java:142)
	at com.kms.katalon.core.main.TestSuiteExecutor.execute(TestSuiteExecutor.java:91)
	at com.kms.katalon.core.main.TestCaseMain.startTestSuite(TestCaseMain.java:157)
	at com.kms.katalon.core.main.TestCaseMain$startTestSuite$0.call(Unknown Source)
	at TempTestSuite1575380721167.run(TempTestSuite1575380721167.groovy:36)
Caused by: com.kms.katalon.core.webui.exception.WebElementNotFoundException: Web element with id: 'Object Repository/Page_Sign Up/input_Username_username' located by 'By.xpath: //*[@id = 'username' and @name = 'username' and @placeholder = 'Choose your thework.life username' and @type = 'text']' not found
	at com.kms.katalon.core.webui.common.WebUiCommonHelper.findWebElement(WebUiCommonHelper.java:1113)
	at com.kms.katalon.core.webui.keyword.internal.WebUIAbstractKeyword.findWebElement(WebUIAbstractKeyword.groovy:27)
	at com.kms.katalon.core.webui.keyword.internal.WebUIAbstractKeyword.findWebElement(WebUIAbstractKeyword.groovy:26)
	at com.kms.katalon.core.webui.keyword.builtin.SetTextKeyword$_setText_closure1.doCall(SetTextKeyword.groovy:51)
	at com.kms.katalon.core.webui.keyword.builtin.SetTextKeyword$_setText_closure1.call(SetTextKeyword.groovy)
	at com.kms.katalon.core.webui.keyword.internal.WebUIKeywordMain.runKeyword(WebUIKeywordMain.groovy:20)
	... 19 more


2019-12-03 20:27:05 - [TEST_STEP][PASSED] - Start listener action : beforeTestcase: null

2019-12-03 20:27:05 - [TEST_STEP][PASSED] - openBrowser(AppUrl): Browser is opened with url: 'https://qa.thework.life'

2019-12-03 20:27:05 - [MESSAGE][INFO] - Starting 'Firefox' driver

2019-12-03 20:27:14 - [MESSAGE][PASSED] - Browser is opened with url: 'https://qa.thework.life'

2019-12-03 20:27:14 - [TEST_STEP][PASSED] - navigateToUrl(AppUrl): Navigate to 'https://qa.thework.life' successfully

2019-12-03 20:27:16 - [MESSAGE][PASSED] - Navigate to 'https://qa.thework.life' successfully

2019-12-03 20:27:16 - [TEST_STEP][PASSED] - setText(findTestObject("Object Repository/Third party/Page_theworklife - Find Great People To Work With/input_Forgot password_username"), "vijayvstest01@gmail.com"): Text 'vijayvstest01@gmail.com' is set on object 'Object Repository/Third party/Page_theworklife - Find Great People To Work With/input_Forgot password_username'

2019-12-03 20:27:19 - [MESSAGE][PASSED] - Text 'vijayvstest01@gmail.com' is set on object 'Object Repository/Third party/Page_theworklife - Find Great People To Work With/input_Forgot password_username'

2019-12-03 20:27:19 - [TEST_STEP][PASSED] - setEncryptedText(findTestObject("Object Repository/Third party/Page_theworklife - Find Great People To Work With/input_Forgot password_password"), "cvW8qx4B2o3F4VwP/kNsqA=="): Text ****** has been set on object 'Object Repository/Third party/Page_theworklife - Find Great People To Work With/input_Forgot password_password'

2019-12-03 20:27:21 - [MESSAGE][PASSED] - Text ****** has been set on object 'Object Repository/Third party/Page_theworklife - Find Great People To Work With/input_Forgot password_password'

2019-12-03 20:27:21 - [TEST_STEP][PASSED] - click(findTestObject("Object Repository/Third party/Page_theworklife - Find Great People To Work With/button_Sign in")): Object: 'Object Repository/Third party/Page_theworklife - Find Great People To Work With/button_Sign in' is clicked on

2019-12-03 20:27:27 - [MESSAGE][PASSED] - Object: 'Object Repository/Third party/Page_theworklife - Find Great People To Work With/button_Sign in' is clicked on

2019-12-03 20:27:27 - [TEST_STEP][PASSED] - setText(findTestObject("Object Repository/Third party/Page_Home/input_View all_searchText"), "user"): Text 'user' is set on object 'Object Repository/Third party/Page_Home/input_View all_searchText'

2019-12-03 20:27:30 - [MESSAGE][PASSED] - Text 'user' is set on object 'Object Repository/Third party/Page_Home/input_View all_searchText'

2019-12-03 20:27:30 - [TEST_STEP][PASSED] - click(findTestObject("Third party/Page_Search/Search user button")): Object: 'Object Repository/Third party/Page_Search/Search user button' is clicked on

2019-12-03 20:27:37 - [MESSAGE][PASSED] - Object: 'Object Repository/Third party/Page_Search/Search user button' is clicked on

2019-12-03 20:27:37 - [TEST_STEP][PASSED] - waitForElementVisible(findTestObject("Third party/Page_Search/span_Create their profile anonymously"), 3): Object 'Object Repository/Third party/Page_Search/span_Create their profile anonymously' is visible

2019-12-03 20:27:37 - [MESSAGE][PASSED] - Object 'Object Repository/Third party/Page_Search/span_Create their profile anonymously' is visible

2019-12-03 20:27:37 - [TEST_STEP][PASSED] - click(findTestObject("Object Repository/Third party/Page_Search/span_Create their profile anonymously")): Object: 'Object Repository/Third party/Page_Search/span_Create their profile anonymously' is clicked on

2019-12-03 20:27:38 - [MESSAGE][PASSED] - Object: 'Object Repository/Third party/Page_Search/span_Create their profile anonymously' is clicked on

2019-12-03 20:27:38 - [TEST_STEP][PASSED] - waitForElementVisible(findTestObject("Third party/Page_Search/div_(Optional)_multiple_emails-container"), 3): Object 'Object Repository/Third party/Page_Search/div_(Optional)_multiple_emails-container' is visible

2019-12-03 20:27:38 - [MESSAGE][PASSED] - Object 'Object Repository/Third party/Page_Search/div_(Optional)_multiple_emails-container' is visible

2019-12-03 20:27:38 - [TEST_STEP][PASSED] - click(findTestObject("Object Repository/Third party/Page_Search/div_(Optional)_multiple_emails-container")): Object: 'Object Repository/Third party/Page_Search/div_(Optional)_multiple_emails-container' is clicked on

2019-12-03 20:27:39 - [MESSAGE][PASSED] - Object: 'Object Repository/Third party/Page_Search/div_(Optional)_multiple_emails-container' is clicked on

2019-12-03 20:27:39 - [TEST_STEP][PASSED] - setText(findTestObject("Object Repository/Third party/Page_Search/input_Linkedin_txtLiLink"), "appliedai" + System.currentTimeMillis()): Text 'appliedai1575385059420' is set on object 'Object Repository/Third party/Page_Search/input_Linkedin_txtLiLink'

2019-12-03 20:27:39 - [MESSAGE][PASSED] - Text 'appliedai1575385059420' is set on object 'Object Repository/Third party/Page_Search/input_Linkedin_txtLiLink'

2019-12-03 20:27:39 - [TEST_STEP][PASSED] - click(findTestObject("Object Repository/Third party/Page_Search/div_(Optional)_multiple_emails-container")): Object: 'Object Repository/Third party/Page_Search/div_(Optional)_multiple_emails-container' is clicked on

2019-12-03 20:27:40 - [MESSAGE][PASSED] - Object: 'Object Repository/Third party/Page_Search/div_(Optional)_multiple_emails-container' is clicked on

2019-12-03 20:27:40 - [TEST_STEP][PASSED] - setText(findTestObject("Object Repository/Third party/Page_Search/input_(Optional)_multiple_emails-input text-left"), "testing@appliedaiconsulting.com"): Text 'testing@appliedaiconsulting.com' is set on object 'Object Repository/Third party/Page_Search/input_(Optional)_multiple_emails-input text-left'

2019-12-03 20:27:40 - [MESSAGE][PASSED] - Text 'testing@appliedaiconsulting.com' is set on object 'Object Repository/Third party/Page_Search/input_(Optional)_multiple_emails-input text-left'

2019-12-03 20:27:40 - [TEST_STEP][PASSED] - setText(findTestObject("Object Repository/Third party/Page_Search/input_Name_txtFirstName"), "dd" + System.currentTimeMillis()): Text 'dd1575385060714' is set on object 'Object Repository/Third party/Page_Search/input_Name_txtFirstName'

2019-12-03 20:27:40 - [MESSAGE][PASSED] - Text 'dd1575385060714' is set on object 'Object Repository/Third party/Page_Search/input_Name_txtFirstName'

2019-12-03 20:27:40 - [TEST_STEP][PASSED] - UserToSearch = getText(findTestObject("Third party/Page_Search/input_Name_txtFirstName")): Text of object 'Object Repository/Third party/Page_Search/input_Name_txtFirstName' is: ''

2019-12-03 20:27:41 - [MESSAGE][PASSED] - Text of object 'Object Repository/Third party/Page_Search/input_Name_txtFirstName' is: ''

2019-12-03 20:27:41 - [TEST_STEP][PASSED] - click(findTestObject("Object Repository/Third party/Page_Search/button_Add")): Object: 'Object Repository/Third party/Page_Search/button_Add' is clicked on

2019-12-03 20:27:41 - [MESSAGE][PASSED] - Object: 'Object Repository/Third party/Page_Search/button_Add' is clicked on

2019-12-03 20:27:41 - [TEST_STEP][PASSED] - waitForElementClickable(findTestObject("Third party/Page_Search/a_OK"), 3): Object 'Object Repository/Third party/Page_Search/a_OK' is clickable

2019-12-03 20:27:45 - [MESSAGE][PASSED] - Object 'Object Repository/Third party/Page_Search/a_OK' is clickable

2019-12-03 20:27:45 - [TEST_STEP][PASSED] - sleep(4000): null

2019-12-03 20:27:49 - [TEST_STEP][PASSED] - click(findTestObject("Third party/Page_Search/a_OK")): Object: 'Object Repository/Third party/Page_Search/a_OK' is clicked on

2019-12-03 20:27:56 - [MESSAGE][PASSED] - Object: 'Object Repository/Third party/Page_Search/a_OK' is clicked on

2019-12-03 20:27:56 - [TEST_STEP][PASSED] - closeBrowser(): Browser is closed

2019-12-03 20:27:58 - [MESSAGE][PASSED] - Browser is closed

2019-12-03 20:27:58 - [TEST_STEP][PASSED] - openBrowser(AppUrl): Browser is opened with url: 'https://qa.thework.life'

2019-12-03 20:27:58 - [MESSAGE][INFO] - Starting 'Firefox' driver

2019-12-03 20:28:06 - [MESSAGE][PASSED] - Browser is opened with url: 'https://qa.thework.life'

2019-12-03 20:28:06 - [TEST_STEP][PASSED] - navigateToUrl(AppUrl): Navigate to 'https://qa.thework.life' successfully

2019-12-03 20:28:08 - [MESSAGE][PASSED] - Navigate to 'https://qa.thework.life' successfully

2019-12-03 20:28:08 - [TEST_STEP][PASSED] - click(findTestObject("Object Repository/Page_theworklife - Find Great People To Work With/a_Join Now")): Object: 'Object Repository/Page_theworklife - Find Great People To Work With/a_Join Now' is clicked on

2019-12-03 20:28:08 - [MESSAGE][PASSED] - Object: 'Object Repository/Page_theworklife - Find Great People To Work With/a_Join Now' is clicked on

2019-12-03 20:28:08 - [TEST_STEP][PASSED] - waitForElementPresent(findTestObject("Page_theworklife - Find Great People To Work With/button_LinkedIn"), 5): Object 'Object Repository/Page_theworklife - Find Great People To Work With/button_LinkedIn' is present

2019-12-03 20:28:09 - [MESSAGE][PASSED] - Object 'Object Repository/Page_theworklife - Find Great People To Work With/button_LinkedIn' is present

2019-12-03 20:28:09 - [TEST_STEP][PASSED] - click(findTestObject("Object Repository/Page_theworklife - Find Great People To Work With/button_LinkedIn")): Object: 'Object Repository/Page_theworklife - Find Great People To Work With/button_LinkedIn' is clicked on

2019-12-03 20:28:10 - [MESSAGE][PASSED] - Object: 'Object Repository/Page_theworklife - Find Great People To Work With/button_LinkedIn' is clicked on

2019-12-03 20:28:10 - [TEST_STEP][PASSED] - setText(findTestObject("Object Repository/Page_LinkedIn Login Sign in  LinkedIn/input_Welcome Back_session_key"), "testing@appliedaiconsulting.com"): Text 'testing@appliedaiconsulting.com' is set on object 'Object Repository/Page_LinkedIn Login Sign in  LinkedIn/input_Welcome Back_session_key'

2019-12-03 20:28:13 - [MESSAGE][PASSED] - Text 'testing@appliedaiconsulting.com' is set on object 'Object Repository/Page_LinkedIn Login Sign in  LinkedIn/input_Welcome Back_session_key'

2019-12-03 20:28:13 - [TEST_STEP][PASSED] - setEncryptedText(findTestObject("Object Repository/Page_LinkedIn Login Sign in  LinkedIn/input_Welcome Back_session_password"), "YpWQ2DI2eLzqZleLDbTOWw=="): Text ****** has been set on object 'Object Repository/Page_LinkedIn Login Sign in  LinkedIn/input_Welcome Back_session_password'

2019-12-03 20:28:13 - [MESSAGE][PASSED] - Text ****** has been set on object 'Object Repository/Page_LinkedIn Login Sign in  LinkedIn/input_Welcome Back_session_password'

2019-12-03 20:28:13 - [TEST_STEP][PASSED] - click(findTestObject("Object Repository/Page_LinkedIn Login Sign in  LinkedIn/span_Show")): Object: 'Object Repository/Page_LinkedIn Login Sign in  LinkedIn/span_Show' is clicked on

2019-12-03 20:28:14 - [MESSAGE][PASSED] - Object: 'Object Repository/Page_LinkedIn Login Sign in  LinkedIn/span_Show' is clicked on

2019-12-03 20:28:14 - [TEST_STEP][PASSED] - click(findTestObject("Object Repository/Page_LinkedIn Login Sign in  LinkedIn/button_Sign in")): Object: 'Object Repository/Page_LinkedIn Login Sign in  LinkedIn/button_Sign in' is clicked on

2019-12-03 20:28:22 - [MESSAGE][PASSED] - Object: 'Object Repository/Page_LinkedIn Login Sign in  LinkedIn/button_Sign in' is clicked on

2019-12-03 20:28:22 - [TEST_STEP][PASSED] - delay(5): Delayed 5 second(s)

2019-12-03 20:28:27 - [MESSAGE][PASSED] - Delayed 5 second(s)

2019-12-03 20:28:27 - [TEST_STEP][FAILED] - setText(findTestObject("Object Repository/Page_Sign Up/input_Username_username"), "testingLink" + System.currentTimeMillis()): Unable to set text 'testingLink1575385107938' of object 'Object Repository/Page_Sign Up/input_Username_username' (Root cause: com.kms.katalon.core.exception.StepFailedException: Unable to set text 'testingLink1575385107938' of object 'Object Repository/Page_Sign Up/input_Username_username'
	at com.kms.katalon.core.webui.keyword.internal.WebUIKeywordMain.stepFailed(WebUIKeywordMain.groovy:64)
	at com.kms.katalon.core.webui.keyword.internal.WebUIKeywordMain.runKeyword(WebUIKeywordMain.groovy:26)
	at com.kms.katalon.core.webui.keyword.builtin.SetTextKeyword.setText(SetTextKeyword.groovy:66)
	at com.kms.katalon.core.webui.keyword.builtin.SetTextKeyword.execute(SetTextKeyword.groovy:37)
	at com.kms.katalon.core.keyword.internal.KeywordExecutor.executeKeywordForPlatform(KeywordExecutor.groovy:60)
	at com.kms.katalon.core.webui.keyword.WebUiBuiltInKeywords.setText(WebUiBuiltInKeywords.groovy:950)
	at com.kms.katalon.core.webui.keyword.WebUiBuiltInKeywords$setText$1.call(Unknown Source)
	at claim profile.run(claim profile:84)
	at com.kms.katalon.core.main.ScriptEngine.run(ScriptEngine.java:194)
	at com.kms.katalon.core.main.ScriptEngine.runScriptAsRawText(ScriptEngine.java:119)
	at com.kms.katalon.core.main.TestCaseExecutor.runScript(TestCaseExecutor.java:337)
	at com.kms.katalon.core.main.TestCaseExecutor.doExecute(TestCaseExecutor.java:328)
	at com.kms.katalon.core.main.TestCaseExecutor.processExecutionPhase(TestCaseExecutor.java:307)
	at com.kms.katalon.core.main.TestCaseExecutor.accessMainPhase(TestCaseExecutor.java:299)
	at com.kms.katalon.core.main.TestCaseExecutor.execute(TestCaseExecutor.java:233)
	at com.kms.katalon.core.main.TestSuiteExecutor.accessTestCaseMainPhase(TestSuiteExecutor.java:169)
	at com.kms.katalon.core.main.TestSuiteExecutor.accessTestSuiteMainPhase(TestSuiteExecutor.java:142)
	at com.kms.katalon.core.main.TestSuiteExecutor.execute(TestSuiteExecutor.java:91)
	at com.kms.katalon.core.main.TestCaseMain.startTestSuite(TestCaseMain.java:157)
	at com.kms.katalon.core.main.TestCaseMain$startTestSuite$0.call(Unknown Source)
	at TempTestSuite1575380721167.run(TempTestSuite1575380721167.groovy:36)
Caused by: com.kms.katalon.core.webui.exception.WebElementNotFoundException: Web element with id: 'Object Repository/Page_Sign Up/input_Username_username' located by 'By.xpath: //*[@id = 'username' and @name = 'username' and @placeholder = 'Choose your thework.life username' and @type = 'text']' not found
	at com.kms.katalon.core.webui.common.WebUiCommonHelper.findWebElement(WebUiCommonHelper.java:1113)
	at com.kms.katalon.core.webui.keyword.internal.WebUIAbstractKeyword.findWebElement(WebUIAbstractKeyword.groovy:27)
	at com.kms.katalon.core.webui.keyword.internal.WebUIAbstractKeyword.findWebElement(WebUIAbstractKeyword.groovy:26)
	at com.kms.katalon.core.webui.keyword.builtin.SetTextKeyword$_setText_closure1.doCall(SetTextKeyword.groovy:51)
	at com.kms.katalon.core.webui.keyword.builtin.SetTextKeyword$_setText_closure1.call(SetTextKeyword.groovy)
	at com.kms.katalon.core.webui.keyword.internal.WebUIKeywordMain.runKeyword(WebUIKeywordMain.groovy:20)
	at com.kms.katalon.core.webui.keyword.builtin.SetTextKeyword.setText(SetTextKeyword.groovy:66)
	at com.kms.katalon.core.webui.keyword.builtin.SetTextKeyword.execute(SetTextKeyword.groovy:37)
	at com.kms.katalon.core.keyword.internal.KeywordExecutor.executeKeywordForPlatform(KeywordExecutor.groovy:60)
	at com.kms.katalon.core.webui.keyword.WebUiBuiltInKeywords.setText(WebUiBuiltInKeywords.groovy:950)
	at com.kms.katalon.core.webui.keyword.WebUiBuiltInKeywords$setText$1.call(Unknown Source)
	at Script1571494686258.run(Script1571494686258.groovy:84)
	... 13 more
)

2019-12-03 20:29:10 - [MESSAGE][INFO] - Unable to find the element located by 'By.xpath: //*[@id = 'username' and @name = 'username' and @placeholder = 'Choose your thework.life username' and @type = 'text']'. Please recheck the objects properties to make sure the desired element is located. 

2019-12-03 20:29:10 - [MESSAGE][FAILED] - Unable to set text 'testingLink1575385107938' of object 'Object Repository/Page_Sign Up/input_Username_username' (Root cause: com.kms.katalon.core.exception.StepFailedException: Unable to set text 'testingLink1575385107938' of object 'Object Repository/Page_Sign Up/input_Username_username'
	at com.kms.katalon.core.webui.keyword.internal.WebUIKeywordMain.stepFailed(WebUIKeywordMain.groovy:64)
	at com.kms.katalon.core.webui.keyword.internal.WebUIKeywordMain.runKeyword(WebUIKeywordMain.groovy:26)
	at com.kms.katalon.core.webui.keyword.builtin.SetTextKeyword.setText(SetTextKeyword.groovy:66)
	at com.kms.katalon.core.webui.keyword.builtin.SetTextKeyword.execute(SetTextKeyword.groovy:37)
	at com.kms.katalon.core.keyword.internal.KeywordExecutor.executeKeywordForPlatform(KeywordExecutor.groovy:60)
	at com.kms.katalon.core.webui.keyword.WebUiBuiltInKeywords.setText(WebUiBuiltInKeywords.groovy:950)
	at com.kms.katalon.core.webui.keyword.WebUiBuiltInKeywords$setText$1.call(Unknown Source)
	at claim profile.run(claim profile:84)
	at com.kms.katalon.core.main.ScriptEngine.run(ScriptEngine.java:194)
	at com.kms.katalon.core.main.ScriptEngine.runScriptAsRawText(ScriptEngine.java:119)
	at com.kms.katalon.core.main.TestCaseExecutor.runScript(TestCaseExecutor.java:337)
	at com.kms.katalon.core.main.TestCaseExecutor.doExecute(TestCaseExecutor.java:328)
	at com.kms.katalon.core.main.TestCaseExecutor.processExecutionPhase(TestCaseExecutor.java:307)
	at com.kms.katalon.core.main.TestCaseExecutor.accessMainPhase(TestCaseExecutor.java:299)
	at com.kms.katalon.core.main.TestCaseExecutor.execute(TestCaseExecutor.java:233)
	at com.kms.katalon.core.main.TestSuiteExecutor.accessTestCaseMainPhase(TestSuiteExecutor.java:169)
	at com.kms.katalon.core.main.TestSuiteExecutor.accessTestSuiteMainPhase(TestSuiteExecutor.java:142)
	at com.kms.katalon.core.main.TestSuiteExecutor.execute(TestSuiteExecutor.java:91)
	at com.kms.katalon.core.main.TestCaseMain.startTestSuite(TestCaseMain.java:157)
	at com.kms.katalon.core.main.TestCaseMain$startTestSuite$0.call(Unknown Source)
	at TempTestSuite1575380721167.run(TempTestSuite1575380721167.groovy:36)
Caused by: com.kms.katalon.core.webui.exception.WebElementNotFoundException: Web element with id: 'Object Repository/Page_Sign Up/input_Username_username' located by 'By.xpath: //*[@id = 'username' and @name = 'username' and @placeholder = 'Choose your thework.life username' and @type = 'text']' not found
	at com.kms.katalon.core.webui.common.WebUiCommonHelper.findWebElement(WebUiCommonHelper.java:1113)
	at com.kms.katalon.core.webui.keyword.internal.WebUIAbstractKeyword.findWebElement(WebUIAbstractKeyword.groovy:27)
	at com.kms.katalon.core.webui.keyword.internal.WebUIAbstractKeyword.findWebElement(WebUIAbstractKeyword.groovy:26)
	at com.kms.katalon.core.webui.keyword.builtin.SetTextKeyword$_setText_closure1.doCall(SetTextKeyword.groovy:51)
	at com.kms.katalon.core.webui.keyword.builtin.SetTextKeyword$_setText_closure1.call(SetTextKeyword.groovy)
	at com.kms.katalon.core.webui.keyword.internal.WebUIKeywordMain.runKeyword(WebUIKeywordMain.groovy:20)
	at com.kms.katalon.core.webui.keyword.builtin.SetTextKeyword.setText(SetTextKeyword.groovy:66)
	at com.kms.katalon.core.webui.keyword.builtin.SetTextKeyword.execute(SetTextKeyword.groovy:37)
	at com.kms.katalon.core.keyword.internal.KeywordExecutor.executeKeywordForPlatform(KeywordExecutor.groovy:60)
	at com.kms.katalon.core.webui.keyword.WebUiBuiltInKeywords.setText(WebUiBuiltInKeywords.groovy:950)
	at com.kms.katalon.core.webui.keyword.WebUiBuiltInKeywords$setText$1.call(Unknown Source)
	at Script1571494686258.run(Script1571494686258.groovy:84)
	... 13 more
)
[[ATTACHMENT|/Users/akhilesh/git/KatalonBDD1/Reports/20191203_191511/Acceptance/20191203_191511/1575385150567.png]]

2019-12-03 20:29:10 - [TEST_STEP][PASSED] - Start listener action : afterTestcase: Browser is closed

2019-12-03 20:29:10 - [TEST_STEP][PASSED] - closeBrowser(): Browser is closed

2019-12-03 20:29:12 - [MESSAGE][PASSED] - Browser is closed

2019-12-03 20:29:14 - [TEST_STEP][PASSED] - Video: Video recording for test case 'Test Cases/claim profile' .

2019-12-03 20:29:14 - [MESSAGE][INFO] - Video recording for test case 'Test Cases/claim profile' .
[[ATTACHMENT|/Users/akhilesh/git/KatalonBDD1/Reports/20191203_191511/Acceptance/20191203_191511/videos/test_11.avi]]]]></system-out>
         <system-err><![CDATA[2019-12-03 20:27:05 - [TEST_CASE][FAILED] - Test Cases/claim profile: Test Cases/claim profile FAILED.
Reason:
com.kms.katalon.core.exception.StepFailedException: Unable to set text 'testingLink1575385107938' of object 'Object Repository/Page_Sign Up/input_Username_username'
	at com.kms.katalon.core.webui.keyword.internal.WebUIKeywordMain.stepFailed(WebUIKeywordMain.groovy:64)
	at com.kms.katalon.core.webui.keyword.internal.WebUIKeywordMain.runKeyword(WebUIKeywordMain.groovy:26)
	at com.kms.katalon.core.webui.keyword.builtin.SetTextKeyword.setText(SetTextKeyword.groovy:66)
	at com.kms.katalon.core.webui.keyword.builtin.SetTextKeyword.execute(SetTextKeyword.groovy:37)
	at com.kms.katalon.core.keyword.internal.KeywordExecutor.executeKeywordForPlatform(KeywordExecutor.groovy:60)
	at com.kms.katalon.core.webui.keyword.WebUiBuiltInKeywords.setText(WebUiBuiltInKeywords.groovy:950)
	at com.kms.katalon.core.webui.keyword.WebUiBuiltInKeywords$setText$1.call(Unknown Source)
	at claim profile.run(claim profile:84)
	at com.kms.katalon.core.main.ScriptEngine.run(ScriptEngine.java:194)
	at com.kms.katalon.core.main.ScriptEngine.runScriptAsRawText(ScriptEngine.java:119)
	at com.kms.katalon.core.main.TestCaseExecutor.runScript(TestCaseExecutor.java:337)
	at com.kms.katalon.core.main.TestCaseExecutor.doExecute(TestCaseExecutor.java:328)
	at com.kms.katalon.core.main.TestCaseExecutor.processExecutionPhase(TestCaseExecutor.java:307)
	at com.kms.katalon.core.main.TestCaseExecutor.accessMainPhase(TestCaseExecutor.java:299)
	at com.kms.katalon.core.main.TestCaseExecutor.execute(TestCaseExecutor.java:233)
	at com.kms.katalon.core.main.TestSuiteExecutor.accessTestCaseMainPhase(TestSuiteExecutor.java:169)
	at com.kms.katalon.core.main.TestSuiteExecutor.accessTestSuiteMainPhase(TestSuiteExecutor.java:142)
	at com.kms.katalon.core.main.TestSuiteExecutor.execute(TestSuiteExecutor.java:91)
	at com.kms.katalon.core.main.TestCaseMain.startTestSuite(TestCaseMain.java:157)
	at com.kms.katalon.core.main.TestCaseMain$startTestSuite$0.call(Unknown Source)
	at TempTestSuite1575380721167.run(TempTestSuite1575380721167.groovy:36)
Caused by: com.kms.katalon.core.webui.exception.WebElementNotFoundException: Web element with id: 'Object Repository/Page_Sign Up/input_Username_username' located by 'By.xpath: //*[@id = 'username' and @name = 'username' and @placeholder = 'Choose your thework.life username' and @type = 'text']' not found
	at com.kms.katalon.core.webui.common.WebUiCommonHelper.findWebElement(WebUiCommonHelper.java:1113)
	at com.kms.katalon.core.webui.keyword.internal.WebUIAbstractKeyword.findWebElement(WebUIAbstractKeyword.groovy:27)
	at com.kms.katalon.core.webui.keyword.internal.WebUIAbstractKeyword.findWebElement(WebUIAbstractKeyword.groovy:26)
	at com.kms.katalon.core.webui.keyword.builtin.SetTextKeyword$_setText_closure1.doCall(SetTextKeyword.groovy:51)
	at com.kms.katalon.core.webui.keyword.builtin.SetTextKeyword$_setText_closure1.call(SetTextKeyword.groovy)
	at com.kms.katalon.core.webui.keyword.internal.WebUIKeywordMain.runKeyword(WebUIKeywordMain.groovy:20)
	... 19 more]]></system-err>
      </testcase>
      <testcase name="Test Cases/Rate users" time="88.616" classname="Test Cases/Rate users" status="PASSED">
         <system-out><![CDATA[2019-12-03 20:29:14 - [TEST_CASE][PASSED] - Test Cases/Rate users: Test Cases/Rate users

2019-12-03 20:29:14 - [TEST_STEP][PASSED] - Start listener action : beforeTestcase: null

2019-12-03 20:29:15 - [TEST_STEP][PASSED] - openBrowser(AppUrl): Browser is opened with url: 'https://qa.thework.life'

2019-12-03 20:29:15 - [MESSAGE][INFO] - Starting 'Firefox' driver

2019-12-03 20:29:27 - [MESSAGE][PASSED] - Browser is opened with url: 'https://qa.thework.life'

2019-12-03 20:29:27 - [TEST_STEP][PASSED] - navigateToUrl(AppUrl): Navigate to 'https://qa.thework.life' successfully

2019-12-03 20:29:30 - [MESSAGE][PASSED] - Navigate to 'https://qa.thework.life' successfully

2019-12-03 20:29:30 - [TEST_STEP][PASSED] - setText(findTestObject("Object Repository/Rate/Page_theworklife - Find Great People To Work With/input_Forgot password_username"), "worklifetest10001@gmail.com"): Text 'worklifetest10001@gmail.com' is set on object 'Object Repository/Rate/Page_theworklife - Find Great People To Work With/input_Forgot password_username'

2019-12-03 20:29:30 - [MESSAGE][PASSED] - Text 'worklifetest10001@gmail.com' is set on object 'Object Repository/Rate/Page_theworklife - Find Great People To Work With/input_Forgot password_username'

2019-12-03 20:29:30 - [TEST_STEP][PASSED] - setEncryptedText(findTestObject("Object Repository/Rate/Page_theworklife - Find Great People To Work With/input_Forgot password_password"), "x8UobeF0bbxd7GrPsdhkIlsTrhBxwBw1"): Text ****** has been set on object 'Object Repository/Rate/Page_theworklife - Find Great People To Work With/input_Forgot password_password'

2019-12-03 20:29:31 - [MESSAGE][PASSED] - Text ****** has been set on object 'Object Repository/Rate/Page_theworklife - Find Great People To Work With/input_Forgot password_password'

2019-12-03 20:29:31 - [TEST_STEP][PASSED] - click(findTestObject("Object Repository/Rate/Page_theworklife - Find Great People To Work With/button_Sign in")): Object: 'Object Repository/Rate/Page_theworklife - Find Great People To Work With/button_Sign in' is clicked on

2019-12-03 20:29:33 - [MESSAGE][PASSED] - Object: 'Object Repository/Rate/Page_theworklife - Find Great People To Work With/button_Sign in' is clicked on

2019-12-03 20:29:33 - [TEST_STEP][PASSED] - setEncryptedText(findTestObject("Object Repository/Rate/Page_theworklife - Find Great People To Work With/input_Password does not match_password"), "XU9cBalmEBp1UP+jEU2w4UUBUuNgBY4U"): Text ****** has been set on object 'Object Repository/Rate/Page_theworklife - Find Great People To Work With/input_Password does not match_password'

2019-12-03 20:29:34 - [MESSAGE][PASSED] - Text ****** has been set on object 'Object Repository/Rate/Page_theworklife - Find Great People To Work With/input_Password does not match_password'

2019-12-03 20:29:34 - [TEST_STEP][PASSED] - click(findTestObject("Object Repository/Rate/Page_theworklife - Find Great People To Work With/button_Sign in")): Object: 'Object Repository/Rate/Page_theworklife - Find Great People To Work With/button_Sign in' is clicked on

2019-12-03 20:29:41 - [MESSAGE][PASSED] - Object: 'Object Repository/Rate/Page_theworklife - Find Great People To Work With/button_Sign in' is clicked on

2019-12-03 20:29:41 - [TEST_STEP][PASSED] - setText(findTestObject("Object Repository/Rate/Page_Home/input_View all_searchText"), "vijay"): Text 'vijay' is set on object 'Object Repository/Rate/Page_Home/input_View all_searchText'

2019-12-03 20:29:41 - [MESSAGE][PASSED] - Text 'vijay' is set on object 'Object Repository/Rate/Page_Home/input_View all_searchText'

2019-12-03 20:29:41 - [TEST_STEP][PASSED] - click(findTestObject("Search user/Search user button")): Object: 'Object Repository/Search user/Search user button' is clicked on

2019-12-03 20:29:47 - [MESSAGE][PASSED] - Object: 'Object Repository/Search user/Search user button' is clicked on

2019-12-03 20:29:47 - [TEST_STEP][PASSED] - click(findTestObject("Object Repository/Rate/Page_Search/div_Vijay Test")): Object: 'Object Repository/Rate/Page_Search/div_Vijay Test' is clicked on

2019-12-03 20:29:47 - [MESSAGE][PASSED] - Object: 'Object Repository/Rate/Page_Search/div_Vijay Test' is clicked on

2019-12-03 20:29:47 - [TEST_STEP][PASSED] - click(findTestObject("Object Repository/Rate/Page_View Profile/button_Rate Now")): Object: 'Object Repository/Rate/Page_View Profile/button_Rate Now' is clicked on

2019-12-03 20:29:51 - [MESSAGE][PASSED] - Object: 'Object Repository/Rate/Page_View Profile/button_Rate Now' is clicked on

2019-12-03 20:29:51 - [TEST_STEP][PASSED] - waitForElementClickable(findTestObject("Rate/Page_View Profile/span_Desire to work with again_star3"), 3): Object 'Object Repository/Rate/Page_View Profile/span_Desire to work with again_star3' is clickable

2019-12-03 20:29:52 - [MESSAGE][PASSED] - Object 'Object Repository/Rate/Page_View Profile/span_Desire to work with again_star3' is clickable

2019-12-03 20:29:52 - [TEST_STEP][NOT_RUN] - sleep(10000): NOT_RUN: sleep(10000)

2019-12-03 20:29:52 - [MESSAGE][NOT_RUN] - NOT_RUN: sleep(10000)

2019-12-03 20:29:52 - [TEST_STEP][PASSED] - delay(5): Delayed 5 second(s)

2019-12-03 20:29:57 - [MESSAGE][PASSED] - Delayed 5 second(s)

2019-12-03 20:29:57 - [TEST_STEP][PASSED] - click(findTestObject("Object Repository/Rate/Page_View Profile/span_Desire to work with again_star3")): Object: 'Object Repository/Rate/Page_View Profile/span_Desire to work with again_star3' is clicked on

2019-12-03 20:29:58 - [MESSAGE][PASSED] - Object: 'Object Repository/Rate/Page_View Profile/span_Desire to work with again_star3' is clicked on

2019-12-03 20:29:58 - [TEST_STEP][PASSED] - click(findTestObject("Object Repository/Rate/Page_View Profile/span_Encourages work life balance_star3")): Object: 'Object Repository/Rate/Page_View Profile/span_Encourages work life balance_star3' is clicked on

2019-12-03 20:30:01 - [MESSAGE][PASSED] - Object: 'Object Repository/Rate/Page_View Profile/span_Encourages work life balance_star3' is clicked on

2019-12-03 20:30:01 - [TEST_STEP][PASSED] - click(findTestObject("Object Repository/Rate/Page_View Profile/span_Dependability_star3")): Object: 'Object Repository/Rate/Page_View Profile/span_Dependability_star3' is clicked on

2019-12-03 20:30:03 - [MESSAGE][PASSED] - Object: 'Object Repository/Rate/Page_View Profile/span_Dependability_star3' is clicked on

2019-12-03 20:30:03 - [TEST_STEP][PASSED] - click(findTestObject("Object Repository/Rate/Page_View Profile/span_Solution Seeker_star3")): Object: 'Object Repository/Rate/Page_View Profile/span_Solution Seeker_star3' is clicked on

2019-12-03 20:30:07 - [MESSAGE][PASSED] - Object: 'Object Repository/Rate/Page_View Profile/span_Solution Seeker_star3' is clicked on

2019-12-03 20:30:07 - [TEST_STEP][PASSED] - click(findTestObject("Object Repository/Rate/Page_View Profile/span_Willingness to Learn_star3")): Object: 'Object Repository/Rate/Page_View Profile/span_Willingness to Learn_star3' is clicked on

2019-12-03 20:30:09 - [MESSAGE][PASSED] - Object: 'Object Repository/Rate/Page_View Profile/span_Willingness to Learn_star3' is clicked on

2019-12-03 20:30:09 - [TEST_STEP][PASSED] - click(findTestObject("Object Repository/Rate/Page_View Profile/span_Enthusiasm_star3")): Object: 'Object Repository/Rate/Page_View Profile/span_Enthusiasm_star3' is clicked on

2019-12-03 20:30:11 - [MESSAGE][PASSED] - Object: 'Object Repository/Rate/Page_View Profile/span_Enthusiasm_star3' is clicked on

2019-12-03 20:30:11 - [TEST_STEP][PASSED] - click(findTestObject("Object Repository/Rate/Page_View Profile/span_Clarity in Communication_star3")): Object: 'Object Repository/Rate/Page_View Profile/span_Clarity in Communication_star3' is clicked on

2019-12-03 20:30:13 - [MESSAGE][PASSED] - Object: 'Object Repository/Rate/Page_View Profile/span_Clarity in Communication_star3' is clicked on

2019-12-03 20:30:13 - [TEST_STEP][PASSED] - click(findTestObject("Object Repository/Rate/Page_View Profile/span_Mutual Respect_star3")): Object: 'Object Repository/Rate/Page_View Profile/span_Mutual Respect_star3' is clicked on

2019-12-03 20:30:16 - [MESSAGE][PASSED] - Object: 'Object Repository/Rate/Page_View Profile/span_Mutual Respect_star3' is clicked on

2019-12-03 20:30:16 - [TEST_STEP][PASSED] - click(findTestObject("Object Repository/Rate/Page_View Profile/button_Next")): Object: 'Object Repository/Rate/Page_View Profile/button_Next' is clicked on

2019-12-03 20:30:18 - [MESSAGE][PASSED] - Object: 'Object Repository/Rate/Page_View Profile/button_Next' is clicked on

2019-12-03 20:30:18 - [TEST_STEP][PASSED] - waitForElementClickable(findTestObject("Rate/Page_View Profile/textarea_test recomendation test on qa enviornment for vijay test account"), 3): Object 'Object Repository/Rate/Page_View Profile/textarea_test recomendation test on qa enviornment for vijay test account' is clickable

2019-12-03 20:30:20 - [MESSAGE][PASSED] - Object 'Object Repository/Rate/Page_View Profile/textarea_test recomendation test on qa enviornment for vijay test account' is clickable

2019-12-03 20:30:20 - [TEST_STEP][PASSED] - setText(findTestObject("Object Repository/Rate/Page_View Profile/textarea_test recomendation test on qa enviornment for vijay test account"), "test recomendation test on qa enviornment for vijay test account tst test test test for recommendation test scenario vijay test"): Text 'test recomendation test on qa enviornment for vijay test account tst test test test for recommendation test scenario vijay test' is set on object 'Object Repository/Rate/Page_View Profile/textarea_test recomendation test on qa enviornment for vijay test account'

2019-12-03 20:30:22 - [MESSAGE][PASSED] - Text 'test recomendation test on qa enviornment for vijay test account tst test test test for recommendation test scenario vijay test' is set on object 'Object Repository/Rate/Page_View Profile/textarea_test recomendation test on qa enviornment for vijay test account'

2019-12-03 20:30:22 - [TEST_STEP][PASSED] - click(findTestObject("Object Repository/Rate/Page_View Profile/button_Submit")): Object: 'Object Repository/Rate/Page_View Profile/button_Submit' is clicked on

2019-12-03 20:30:26 - [MESSAGE][PASSED] - Object: 'Object Repository/Rate/Page_View Profile/button_Submit' is clicked on

2019-12-03 20:30:26 - [TEST_STEP][PASSED] - waitForElementClickable(findTestObject("Rate/Page_View Profile/a_OK"), 3): Object 'Object Repository/Rate/Page_View Profile/a_OK' is clickable

2019-12-03 20:30:34 - [MESSAGE][PASSED] - Object 'Object Repository/Rate/Page_View Profile/a_OK' is clickable

2019-12-03 20:30:34 - [TEST_STEP][PASSED] - delay(5): Delayed 5 second(s)

2019-12-03 20:30:39 - [MESSAGE][PASSED] - Delayed 5 second(s)

2019-12-03 20:30:39 - [TEST_STEP][PASSED] - click(findTestObject("Object Repository/Rate/Page_View Profile/a_OK")): Object: 'Object Repository/Rate/Page_View Profile/a_OK' is clicked on

2019-12-03 20:30:40 - [MESSAGE][PASSED] - Object: 'Object Repository/Rate/Page_View Profile/a_OK' is clicked on

2019-12-03 20:30:40 - [TEST_STEP][PASSED] - closeBrowser(): Browser is closed

2019-12-03 20:30:41 - [MESSAGE][PASSED] - Browser is closed

2019-12-03 20:30:41 - [TEST_STEP][PASSED] - Start listener action : afterTestcase: Browser is closed

2019-12-03 20:30:41 - [TEST_STEP][PASSED] - closeBrowser(): Browser is closed

2019-12-03 20:30:41 - [MESSAGE][PASSED] - Browser is closed

2019-12-03 20:30:43 - [TEST_STEP][PASSED] - Video: Video recording for test case 'Test Cases/Rate users' .

2019-12-03 20:30:43 - [MESSAGE][INFO] - Video recording for test case 'Test Cases/Rate users' .
[[ATTACHMENT|/Users/akhilesh/git/KatalonBDD1/Reports/20191203_191511/Acceptance/20191203_191511/videos/test_12.avi]]]]></system-out>
         <system-err><![CDATA[]]></system-err>
      </testcase>
      <testcase name="Test Cases/Login success" time="76.18" classname="Test Cases/Login success" status="FAILED">
         <failure type="FAILED" message="Test Cases/Login success FAILED.
Reason:
com.kms.katalon.core.exception.StepFailedException: Unable to set text 'testingLink1575385274544' of object 'Object Repository/Page_Sign Up/input_Username_username'
	at com.kms.katalon.core.webui.keyword.internal.WebUIKeywordMain.stepFailed(WebUIKeywordMain.groovy:64)
	at com.kms.katalon.core.webui.keyword.internal.WebUIKeywordMain.runKeyword(WebUIKeywordMain.groovy:26)
	at com.kms.katalon.core.webui.keyword.builtin.SetTextKeyword.setText(SetTextKeyword.groovy:66)
	at com.kms.katalon.core.webui.keyword.builtin.SetTextKeyword.execute(SetTextKeyword.groovy:37)
	at com.kms.katalon.core.keyword.internal.KeywordExecutor.executeKeywordForPlatform(KeywordExecutor.groovy:60)
	at com.kms.katalon.core.webui.keyword.WebUiBuiltInKeywords.setText(WebUiBuiltInKeywords.groovy:950)
	at com.kms.katalon.core.webui.keyword.WebUiBuiltInKeywords$setText$1.call(Unknown Source)
	at Login success.run(Login success:39)
	at com.kms.katalon.core.main.ScriptEngine.run(ScriptEngine.java:194)
	at com.kms.katalon.core.main.ScriptEngine.runScriptAsRawText(ScriptEngine.java:119)
	at com.kms.katalon.core.main.TestCaseExecutor.runScript(TestCaseExecutor.java:337)
	at com.kms.katalon.core.main.TestCaseExecutor.doExecute(TestCaseExecutor.java:328)
	at com.kms.katalon.core.main.TestCaseExecutor.processExecutionPhase(TestCaseExecutor.java:307)
	at com.kms.katalon.core.main.TestCaseExecutor.accessMainPhase(TestCaseExecutor.java:299)
	at com.kms.katalon.core.main.TestCaseExecutor.execute(TestCaseExecutor.java:233)
	at com.kms.katalon.core.main.TestSuiteExecutor.accessTestCaseMainPhase(TestSuiteExecutor.java:169)
	at com.kms.katalon.core.main.TestSuiteExecutor.accessTestSuiteMainPhase(TestSuiteExecutor.java:142)
	at com.kms.katalon.core.main.TestSuiteExecutor.execute(TestSuiteExecutor.java:91)
	at com.kms.katalon.core.main.TestCaseMain.startTestSuite(TestCaseMain.java:157)
	at com.kms.katalon.core.main.TestCaseMain$startTestSuite$0.call(Unknown Source)
	at TempTestSuite1575380721167.run(TempTestSuite1575380721167.groovy:36)
Caused by: com.kms.katalon.core.webui.exception.WebElementNotFoundException: Web element with id: 'Object Repository/Page_Sign Up/input_Username_username' located by 'By.xpath: //*[@id = 'username' and @name = 'username' and @placeholder = 'Choose your thework.life username' and @type = 'text']' not found
	at com.kms.katalon.core.webui.common.WebUiCommonHelper.findWebElement(WebUiCommonHelper.java:1113)
	at com.kms.katalon.core.webui.keyword.internal.WebUIAbstractKeyword.findWebElement(WebUIAbstractKeyword.groovy:27)
	at com.kms.katalon.core.webui.keyword.internal.WebUIAbstractKeyword.findWebElement(WebUIAbstractKeyword.groovy:26)
	at com.kms.katalon.core.webui.keyword.builtin.SetTextKeyword$_setText_closure1.doCall(SetTextKeyword.groovy:51)
	at com.kms.katalon.core.webui.keyword.builtin.SetTextKeyword$_setText_closure1.call(SetTextKeyword.groovy)
	at com.kms.katalon.core.webui.keyword.internal.WebUIKeywordMain.runKeyword(WebUIKeywordMain.groovy:20)
	... 19 more
"/>
         <system-out><![CDATA[2019-12-03 20:30:43 - [TEST_CASE][FAILED] - Test Cases/Login success: Test Cases/Login success FAILED.
Reason:
com.kms.katalon.core.exception.StepFailedException: Unable to set text 'testingLink1575385274544' of object 'Object Repository/Page_Sign Up/input_Username_username'
	at com.kms.katalon.core.webui.keyword.internal.WebUIKeywordMain.stepFailed(WebUIKeywordMain.groovy:64)
	at com.kms.katalon.core.webui.keyword.internal.WebUIKeywordMain.runKeyword(WebUIKeywordMain.groovy:26)
	at com.kms.katalon.core.webui.keyword.builtin.SetTextKeyword.setText(SetTextKeyword.groovy:66)
	at com.kms.katalon.core.webui.keyword.builtin.SetTextKeyword.execute(SetTextKeyword.groovy:37)
	at com.kms.katalon.core.keyword.internal.KeywordExecutor.executeKeywordForPlatform(KeywordExecutor.groovy:60)
	at com.kms.katalon.core.webui.keyword.WebUiBuiltInKeywords.setText(WebUiBuiltInKeywords.groovy:950)
	at com.kms.katalon.core.webui.keyword.WebUiBuiltInKeywords$setText$1.call(Unknown Source)
	at Login success.run(Login success:39)
	at com.kms.katalon.core.main.ScriptEngine.run(ScriptEngine.java:194)
	at com.kms.katalon.core.main.ScriptEngine.runScriptAsRawText(ScriptEngine.java:119)
	at com.kms.katalon.core.main.TestCaseExecutor.runScript(TestCaseExecutor.java:337)
	at com.kms.katalon.core.main.TestCaseExecutor.doExecute(TestCaseExecutor.java:328)
	at com.kms.katalon.core.main.TestCaseExecutor.processExecutionPhase(TestCaseExecutor.java:307)
	at com.kms.katalon.core.main.TestCaseExecutor.accessMainPhase(TestCaseExecutor.java:299)
	at com.kms.katalon.core.main.TestCaseExecutor.execute(TestCaseExecutor.java:233)
	at com.kms.katalon.core.main.TestSuiteExecutor.accessTestCaseMainPhase(TestSuiteExecutor.java:169)
	at com.kms.katalon.core.main.TestSuiteExecutor.accessTestSuiteMainPhase(TestSuiteExecutor.java:142)
	at com.kms.katalon.core.main.TestSuiteExecutor.execute(TestSuiteExecutor.java:91)
	at com.kms.katalon.core.main.TestCaseMain.startTestSuite(TestCaseMain.java:157)
	at com.kms.katalon.core.main.TestCaseMain$startTestSuite$0.call(Unknown Source)
	at TempTestSuite1575380721167.run(TempTestSuite1575380721167.groovy:36)
Caused by: com.kms.katalon.core.webui.exception.WebElementNotFoundException: Web element with id: 'Object Repository/Page_Sign Up/input_Username_username' located by 'By.xpath: //*[@id = 'username' and @name = 'username' and @placeholder = 'Choose your thework.life username' and @type = 'text']' not found
	at com.kms.katalon.core.webui.common.WebUiCommonHelper.findWebElement(WebUiCommonHelper.java:1113)
	at com.kms.katalon.core.webui.keyword.internal.WebUIAbstractKeyword.findWebElement(WebUIAbstractKeyword.groovy:27)
	at com.kms.katalon.core.webui.keyword.internal.WebUIAbstractKeyword.findWebElement(WebUIAbstractKeyword.groovy:26)
	at com.kms.katalon.core.webui.keyword.builtin.SetTextKeyword$_setText_closure1.doCall(SetTextKeyword.groovy:51)
	at com.kms.katalon.core.webui.keyword.builtin.SetTextKeyword$_setText_closure1.call(SetTextKeyword.groovy)
	at com.kms.katalon.core.webui.keyword.internal.WebUIKeywordMain.runKeyword(WebUIKeywordMain.groovy:20)
	... 19 more


2019-12-03 20:30:43 - [TEST_STEP][PASSED] - Start listener action : beforeTestcase: null

2019-12-03 20:30:43 - [TEST_STEP][PASSED] - openBrowser(AppUrl): Browser is opened with url: 'https://qa.thework.life'

2019-12-03 20:30:43 - [MESSAGE][INFO] - Starting 'Firefox' driver

2019-12-03 20:30:56 - [MESSAGE][PASSED] - Browser is opened with url: 'https://qa.thework.life'

2019-12-03 20:30:56 - [TEST_STEP][PASSED] - navigateToUrl(AppUrl): Navigate to 'https://qa.thework.life' successfully

2019-12-03 20:30:59 - [MESSAGE][PASSED] - Navigate to 'https://qa.thework.life' successfully

2019-12-03 20:30:59 - [TEST_STEP][PASSED] - click(findTestObject("Object Repository/Page_theworklife - Find Great People To Work With/a_Join Now")): Object: 'Object Repository/Page_theworklife - Find Great People To Work With/a_Join Now' is clicked on

2019-12-03 20:30:59 - [MESSAGE][PASSED] - Object: 'Object Repository/Page_theworklife - Find Great People To Work With/a_Join Now' is clicked on

2019-12-03 20:30:59 - [TEST_STEP][PASSED] - waitForElementPresent(findTestObject("Page_theworklife - Find Great People To Work With/button_LinkedIn"), 5): Object 'Object Repository/Page_theworklife - Find Great People To Work With/button_LinkedIn' is present

2019-12-03 20:31:00 - [MESSAGE][PASSED] - Object 'Object Repository/Page_theworklife - Find Great People To Work With/button_LinkedIn' is present

2019-12-03 20:31:00 - [TEST_STEP][PASSED] - click(findTestObject("Object Repository/Page_theworklife - Find Great People To Work With/button_LinkedIn")): Object: 'Object Repository/Page_theworklife - Find Great People To Work With/button_LinkedIn' is clicked on

2019-12-03 20:31:01 - [MESSAGE][PASSED] - Object: 'Object Repository/Page_theworklife - Find Great People To Work With/button_LinkedIn' is clicked on

2019-12-03 20:31:01 - [TEST_STEP][PASSED] - setText(findTestObject("Object Repository/Page_LinkedIn Login Sign in  LinkedIn/input_Welcome Back_session_key"), "testing@appliedaiconsulting.com"): Text 'testing@appliedaiconsulting.com' is set on object 'Object Repository/Page_LinkedIn Login Sign in  LinkedIn/input_Welcome Back_session_key'

2019-12-03 20:31:02 - [MESSAGE][PASSED] - Text 'testing@appliedaiconsulting.com' is set on object 'Object Repository/Page_LinkedIn Login Sign in  LinkedIn/input_Welcome Back_session_key'

2019-12-03 20:31:02 - [TEST_STEP][PASSED] - setEncryptedText(findTestObject("Object Repository/Page_LinkedIn Login Sign in  LinkedIn/input_Welcome Back_session_password"), "YpWQ2DI2eLzqZleLDbTOWw=="): Text ****** has been set on object 'Object Repository/Page_LinkedIn Login Sign in  LinkedIn/input_Welcome Back_session_password'

2019-12-03 20:31:03 - [MESSAGE][PASSED] - Text ****** has been set on object 'Object Repository/Page_LinkedIn Login Sign in  LinkedIn/input_Welcome Back_session_password'

2019-12-03 20:31:03 - [TEST_STEP][PASSED] - click(findTestObject("Object Repository/Page_LinkedIn Login Sign in  LinkedIn/span_Show")): Object: 'Object Repository/Page_LinkedIn Login Sign in  LinkedIn/span_Show' is clicked on

2019-12-03 20:31:03 - [MESSAGE][PASSED] - Object: 'Object Repository/Page_LinkedIn Login Sign in  LinkedIn/span_Show' is clicked on

2019-12-03 20:31:03 - [TEST_STEP][PASSED] - click(findTestObject("Object Repository/Page_LinkedIn Login Sign in  LinkedIn/button_Sign in")): Object: 'Object Repository/Page_LinkedIn Login Sign in  LinkedIn/button_Sign in' is clicked on

2019-12-03 20:31:09 - [MESSAGE][PASSED] - Object: 'Object Repository/Page_LinkedIn Login Sign in  LinkedIn/button_Sign in' is clicked on

2019-12-03 20:31:09 - [TEST_STEP][PASSED] - delay(5): Delayed 5 second(s)

2019-12-03 20:31:14 - [MESSAGE][PASSED] - Delayed 5 second(s)

2019-12-03 20:31:14 - [TEST_STEP][FAILED] - setText(findTestObject("Object Repository/Page_Sign Up/input_Username_username"), "testingLink" + System.currentTimeMillis()): Unable to set text 'testingLink1575385274544' of object 'Object Repository/Page_Sign Up/input_Username_username' (Root cause: com.kms.katalon.core.exception.StepFailedException: Unable to set text 'testingLink1575385274544' of object 'Object Repository/Page_Sign Up/input_Username_username'
	at com.kms.katalon.core.webui.keyword.internal.WebUIKeywordMain.stepFailed(WebUIKeywordMain.groovy:64)
	at com.kms.katalon.core.webui.keyword.internal.WebUIKeywordMain.runKeyword(WebUIKeywordMain.groovy:26)
	at com.kms.katalon.core.webui.keyword.builtin.SetTextKeyword.setText(SetTextKeyword.groovy:66)
	at com.kms.katalon.core.webui.keyword.builtin.SetTextKeyword.execute(SetTextKeyword.groovy:37)
	at com.kms.katalon.core.keyword.internal.KeywordExecutor.executeKeywordForPlatform(KeywordExecutor.groovy:60)
	at com.kms.katalon.core.webui.keyword.WebUiBuiltInKeywords.setText(WebUiBuiltInKeywords.groovy:950)
	at com.kms.katalon.core.webui.keyword.WebUiBuiltInKeywords$setText$1.call(Unknown Source)
	at Login success.run(Login success:39)
	at com.kms.katalon.core.main.ScriptEngine.run(ScriptEngine.java:194)
	at com.kms.katalon.core.main.ScriptEngine.runScriptAsRawText(ScriptEngine.java:119)
	at com.kms.katalon.core.main.TestCaseExecutor.runScript(TestCaseExecutor.java:337)
	at com.kms.katalon.core.main.TestCaseExecutor.doExecute(TestCaseExecutor.java:328)
	at com.kms.katalon.core.main.TestCaseExecutor.processExecutionPhase(TestCaseExecutor.java:307)
	at com.kms.katalon.core.main.TestCaseExecutor.accessMainPhase(TestCaseExecutor.java:299)
	at com.kms.katalon.core.main.TestCaseExecutor.execute(TestCaseExecutor.java:233)
	at com.kms.katalon.core.main.TestSuiteExecutor.accessTestCaseMainPhase(TestSuiteExecutor.java:169)
	at com.kms.katalon.core.main.TestSuiteExecutor.accessTestSuiteMainPhase(TestSuiteExecutor.java:142)
	at com.kms.katalon.core.main.TestSuiteExecutor.execute(TestSuiteExecutor.java:91)
	at com.kms.katalon.core.main.TestCaseMain.startTestSuite(TestCaseMain.java:157)
	at com.kms.katalon.core.main.TestCaseMain$startTestSuite$0.call(Unknown Source)
	at TempTestSuite1575380721167.run(TempTestSuite1575380721167.groovy:36)
Caused by: com.kms.katalon.core.webui.exception.WebElementNotFoundException: Web element with id: 'Object Repository/Page_Sign Up/input_Username_username' located by 'By.xpath: //*[@id = 'username' and @name = 'username' and @placeholder = 'Choose your thework.life username' and @type = 'text']' not found
	at com.kms.katalon.core.webui.common.WebUiCommonHelper.findWebElement(WebUiCommonHelper.java:1113)
	at com.kms.katalon.core.webui.keyword.internal.WebUIAbstractKeyword.findWebElement(WebUIAbstractKeyword.groovy:27)
	at com.kms.katalon.core.webui.keyword.internal.WebUIAbstractKeyword.findWebElement(WebUIAbstractKeyword.groovy:26)
	at com.kms.katalon.core.webui.keyword.builtin.SetTextKeyword$_setText_closure1.doCall(SetTextKeyword.groovy:51)
	at com.kms.katalon.core.webui.keyword.builtin.SetTextKeyword$_setText_closure1.call(SetTextKeyword.groovy)
	at com.kms.katalon.core.webui.keyword.internal.WebUIKeywordMain.runKeyword(WebUIKeywordMain.groovy:20)
	at com.kms.katalon.core.webui.keyword.builtin.SetTextKeyword.setText(SetTextKeyword.groovy:66)
	at com.kms.katalon.core.webui.keyword.builtin.SetTextKeyword.execute(SetTextKeyword.groovy:37)
	at com.kms.katalon.core.keyword.internal.KeywordExecutor.executeKeywordForPlatform(KeywordExecutor.groovy:60)
	at com.kms.katalon.core.webui.keyword.WebUiBuiltInKeywords.setText(WebUiBuiltInKeywords.groovy:950)
	at com.kms.katalon.core.webui.keyword.WebUiBuiltInKeywords$setText$1.call(Unknown Source)
	at Script1569660865875.run(Script1569660865875.groovy:39)
	... 13 more
)

2019-12-03 20:31:56 - [MESSAGE][INFO] - Unable to find the element located by 'By.xpath: //*[@id = 'username' and @name = 'username' and @placeholder = 'Choose your thework.life username' and @type = 'text']'. Please recheck the objects properties to make sure the desired element is located. 

2019-12-03 20:31:57 - [MESSAGE][FAILED] - Unable to set text 'testingLink1575385274544' of object 'Object Repository/Page_Sign Up/input_Username_username' (Root cause: com.kms.katalon.core.exception.StepFailedException: Unable to set text 'testingLink1575385274544' of object 'Object Repository/Page_Sign Up/input_Username_username'
	at com.kms.katalon.core.webui.keyword.internal.WebUIKeywordMain.stepFailed(WebUIKeywordMain.groovy:64)
	at com.kms.katalon.core.webui.keyword.internal.WebUIKeywordMain.runKeyword(WebUIKeywordMain.groovy:26)
	at com.kms.katalon.core.webui.keyword.builtin.SetTextKeyword.setText(SetTextKeyword.groovy:66)
	at com.kms.katalon.core.webui.keyword.builtin.SetTextKeyword.execute(SetTextKeyword.groovy:37)
	at com.kms.katalon.core.keyword.internal.KeywordExecutor.executeKeywordForPlatform(KeywordExecutor.groovy:60)
	at com.kms.katalon.core.webui.keyword.WebUiBuiltInKeywords.setText(WebUiBuiltInKeywords.groovy:950)
	at com.kms.katalon.core.webui.keyword.WebUiBuiltInKeywords$setText$1.call(Unknown Source)
	at Login success.run(Login success:39)
	at com.kms.katalon.core.main.ScriptEngine.run(ScriptEngine.java:194)
	at com.kms.katalon.core.main.ScriptEngine.runScriptAsRawText(ScriptEngine.java:119)
	at com.kms.katalon.core.main.TestCaseExecutor.runScript(TestCaseExecutor.java:337)
	at com.kms.katalon.core.main.TestCaseExecutor.doExecute(TestCaseExecutor.java:328)
	at com.kms.katalon.core.main.TestCaseExecutor.processExecutionPhase(TestCaseExecutor.java:307)
	at com.kms.katalon.core.main.TestCaseExecutor.accessMainPhase(TestCaseExecutor.java:299)
	at com.kms.katalon.core.main.TestCaseExecutor.execute(TestCaseExecutor.java:233)
	at com.kms.katalon.core.main.TestSuiteExecutor.accessTestCaseMainPhase(TestSuiteExecutor.java:169)
	at com.kms.katalon.core.main.TestSuiteExecutor.accessTestSuiteMainPhase(TestSuiteExecutor.java:142)
	at com.kms.katalon.core.main.TestSuiteExecutor.execute(TestSuiteExecutor.java:91)
	at com.kms.katalon.core.main.TestCaseMain.startTestSuite(TestCaseMain.java:157)
	at com.kms.katalon.core.main.TestCaseMain$startTestSuite$0.call(Unknown Source)
	at TempTestSuite1575380721167.run(TempTestSuite1575380721167.groovy:36)
Caused by: com.kms.katalon.core.webui.exception.WebElementNotFoundException: Web element with id: 'Object Repository/Page_Sign Up/input_Username_username' located by 'By.xpath: //*[@id = 'username' and @name = 'username' and @placeholder = 'Choose your thework.life username' and @type = 'text']' not found
	at com.kms.katalon.core.webui.common.WebUiCommonHelper.findWebElement(WebUiCommonHelper.java:1113)
	at com.kms.katalon.core.webui.keyword.internal.WebUIAbstractKeyword.findWebElement(WebUIAbstractKeyword.groovy:27)
	at com.kms.katalon.core.webui.keyword.internal.WebUIAbstractKeyword.findWebElement(WebUIAbstractKeyword.groovy:26)
	at com.kms.katalon.core.webui.keyword.builtin.SetTextKeyword$_setText_closure1.doCall(SetTextKeyword.groovy:51)
	at com.kms.katalon.core.webui.keyword.builtin.SetTextKeyword$_setText_closure1.call(SetTextKeyword.groovy)
	at com.kms.katalon.core.webui.keyword.internal.WebUIKeywordMain.runKeyword(WebUIKeywordMain.groovy:20)
	at com.kms.katalon.core.webui.keyword.builtin.SetTextKeyword.setText(SetTextKeyword.groovy:66)
	at com.kms.katalon.core.webui.keyword.builtin.SetTextKeyword.execute(SetTextKeyword.groovy:37)
	at com.kms.katalon.core.keyword.internal.KeywordExecutor.executeKeywordForPlatform(KeywordExecutor.groovy:60)
	at com.kms.katalon.core.webui.keyword.WebUiBuiltInKeywords.setText(WebUiBuiltInKeywords.groovy:950)
	at com.kms.katalon.core.webui.keyword.WebUiBuiltInKeywords$setText$1.call(Unknown Source)
	at Script1569660865875.run(Script1569660865875.groovy:39)
	... 13 more
)
[[ATTACHMENT|/Users/akhilesh/git/KatalonBDD1/Reports/20191203_191511/Acceptance/20191203_191511/1575385316825.png]]

2019-12-03 20:31:57 - [TEST_STEP][PASSED] - Start listener action : afterTestcase: Browser is closed

2019-12-03 20:31:57 - [TEST_STEP][PASSED] - closeBrowser(): Browser is closed

2019-12-03 20:31:57 - [MESSAGE][PASSED] - Browser is closed

2019-12-03 20:31:59 - [TEST_STEP][PASSED] - Video: Video recording for test case 'Test Cases/Login success' .

2019-12-03 20:31:59 - [MESSAGE][INFO] - Video recording for test case 'Test Cases/Login success' .
[[ATTACHMENT|/Users/akhilesh/git/KatalonBDD1/Reports/20191203_191511/Acceptance/20191203_191511/videos/test_13.avi]]]]></system-out>
         <system-err><![CDATA[2019-12-03 20:30:43 - [TEST_CASE][FAILED] - Test Cases/Login success: Test Cases/Login success FAILED.
Reason:
com.kms.katalon.core.exception.StepFailedException: Unable to set text 'testingLink1575385274544' of object 'Object Repository/Page_Sign Up/input_Username_username'
	at com.kms.katalon.core.webui.keyword.internal.WebUIKeywordMain.stepFailed(WebUIKeywordMain.groovy:64)
	at com.kms.katalon.core.webui.keyword.internal.WebUIKeywordMain.runKeyword(WebUIKeywordMain.groovy:26)
	at com.kms.katalon.core.webui.keyword.builtin.SetTextKeyword.setText(SetTextKeyword.groovy:66)
	at com.kms.katalon.core.webui.keyword.builtin.SetTextKeyword.execute(SetTextKeyword.groovy:37)
	at com.kms.katalon.core.keyword.internal.KeywordExecutor.executeKeywordForPlatform(KeywordExecutor.groovy:60)
	at com.kms.katalon.core.webui.keyword.WebUiBuiltInKeywords.setText(WebUiBuiltInKeywords.groovy:950)
	at com.kms.katalon.core.webui.keyword.WebUiBuiltInKeywords$setText$1.call(Unknown Source)
	at Login success.run(Login success:39)
	at com.kms.katalon.core.main.ScriptEngine.run(ScriptEngine.java:194)
	at com.kms.katalon.core.main.ScriptEngine.runScriptAsRawText(ScriptEngine.java:119)
	at com.kms.katalon.core.main.TestCaseExecutor.runScript(TestCaseExecutor.java:337)
	at com.kms.katalon.core.main.TestCaseExecutor.doExecute(TestCaseExecutor.java:328)
	at com.kms.katalon.core.main.TestCaseExecutor.processExecutionPhase(TestCaseExecutor.java:307)
	at com.kms.katalon.core.main.TestCaseExecutor.accessMainPhase(TestCaseExecutor.java:299)
	at com.kms.katalon.core.main.TestCaseExecutor.execute(TestCaseExecutor.java:233)
	at com.kms.katalon.core.main.TestSuiteExecutor.accessTestCaseMainPhase(TestSuiteExecutor.java:169)
	at com.kms.katalon.core.main.TestSuiteExecutor.accessTestSuiteMainPhase(TestSuiteExecutor.java:142)
	at com.kms.katalon.core.main.TestSuiteExecutor.execute(TestSuiteExecutor.java:91)
	at com.kms.katalon.core.main.TestCaseMain.startTestSuite(TestCaseMain.java:157)
	at com.kms.katalon.core.main.TestCaseMain$startTestSuite$0.call(Unknown Source)
	at TempTestSuite1575380721167.run(TempTestSuite1575380721167.groovy:36)
Caused by: com.kms.katalon.core.webui.exception.WebElementNotFoundException: Web element with id: 'Object Repository/Page_Sign Up/input_Username_username' located by 'By.xpath: //*[@id = 'username' and @name = 'username' and @placeholder = 'Choose your thework.life username' and @type = 'text']' not found
	at com.kms.katalon.core.webui.common.WebUiCommonHelper.findWebElement(WebUiCommonHelper.java:1113)
	at com.kms.katalon.core.webui.keyword.internal.WebUIAbstractKeyword.findWebElement(WebUIAbstractKeyword.groovy:27)
	at com.kms.katalon.core.webui.keyword.internal.WebUIAbstractKeyword.findWebElement(WebUIAbstractKeyword.groovy:26)
	at com.kms.katalon.core.webui.keyword.builtin.SetTextKeyword$_setText_closure1.doCall(SetTextKeyword.groovy:51)
	at com.kms.katalon.core.webui.keyword.builtin.SetTextKeyword$_setText_closure1.call(SetTextKeyword.groovy)
	at com.kms.katalon.core.webui.keyword.internal.WebUIKeywordMain.runKeyword(WebUIKeywordMain.groovy:20)
	... 19 more]]></system-err>
      </testcase>
      <testcase name="Test Cases/Third party profile" time="54.571" classname="Test Cases/Third party profile" status="PASSED">
         <system-out><![CDATA[2019-12-03 20:31:59 - [TEST_CASE][PASSED] - Test Cases/Third party profile: Test Cases/Third party profile

2019-12-03 20:31:59 - [TEST_STEP][PASSED] - Start listener action : beforeTestcase: null

2019-12-03 20:31:59 - [TEST_STEP][PASSED] - openBrowser(AppUrl): Browser is opened with url: 'https://qa.thework.life'

2019-12-03 20:31:59 - [MESSAGE][INFO] - Starting 'Firefox' driver

2019-12-03 20:32:13 - [MESSAGE][PASSED] - Browser is opened with url: 'https://qa.thework.life'

2019-12-03 20:32:13 - [TEST_STEP][PASSED] - navigateToUrl(AppUrl): Navigate to 'https://qa.thework.life' successfully

2019-12-03 20:32:16 - [MESSAGE][PASSED] - Navigate to 'https://qa.thework.life' successfully

2019-12-03 20:32:16 - [TEST_STEP][PASSED] - setText(findTestObject("Object Repository/Third party/Page_theworklife - Find Great People To Work With/input_Forgot password_username"), "vijayvstest01@gmail.com"): Text 'vijayvstest01@gmail.com' is set on object 'Object Repository/Third party/Page_theworklife - Find Great People To Work With/input_Forgot password_username'

2019-12-03 20:32:16 - [MESSAGE][PASSED] - Text 'vijayvstest01@gmail.com' is set on object 'Object Repository/Third party/Page_theworklife - Find Great People To Work With/input_Forgot password_username'

2019-12-03 20:32:16 - [TEST_STEP][PASSED] - setEncryptedText(findTestObject("Object Repository/Third party/Page_theworklife - Find Great People To Work With/input_Forgot password_password"), "cvW8qx4B2o3F4VwP/kNsqA=="): Text ****** has been set on object 'Object Repository/Third party/Page_theworklife - Find Great People To Work With/input_Forgot password_password'

2019-12-03 20:32:16 - [MESSAGE][PASSED] - Text ****** has been set on object 'Object Repository/Third party/Page_theworklife - Find Great People To Work With/input_Forgot password_password'

2019-12-03 20:32:16 - [TEST_STEP][PASSED] - click(findTestObject("Object Repository/Third party/Page_theworklife - Find Great People To Work With/button_Sign in")): Object: 'Object Repository/Third party/Page_theworklife - Find Great People To Work With/button_Sign in' is clicked on

2019-12-03 20:32:22 - [MESSAGE][PASSED] - Object: 'Object Repository/Third party/Page_theworklife - Find Great People To Work With/button_Sign in' is clicked on

2019-12-03 20:32:22 - [TEST_STEP][PASSED] - setText(findTestObject("Object Repository/Third party/Page_Home/input_View all_searchText"), "user"): Text 'user' is set on object 'Object Repository/Third party/Page_Home/input_View all_searchText'

2019-12-03 20:32:24 - [MESSAGE][PASSED] - Text 'user' is set on object 'Object Repository/Third party/Page_Home/input_View all_searchText'

2019-12-03 20:32:24 - [TEST_STEP][PASSED] - click(findTestObject("Third party/Page_Search/Search user button")): Object: 'Object Repository/Third party/Page_Search/Search user button' is clicked on

2019-12-03 20:32:31 - [MESSAGE][PASSED] - Object: 'Object Repository/Third party/Page_Search/Search user button' is clicked on

2019-12-03 20:32:31 - [TEST_STEP][PASSED] - waitForElementVisible(findTestObject("Third party/Page_Search/span_Create their profile anonymously"), 3): Object 'Object Repository/Third party/Page_Search/span_Create their profile anonymously' is visible

2019-12-03 20:32:32 - [MESSAGE][PASSED] - Object 'Object Repository/Third party/Page_Search/span_Create their profile anonymously' is visible

2019-12-03 20:32:32 - [TEST_STEP][PASSED] - click(findTestObject("Object Repository/Third party/Page_Search/span_Create their profile anonymously")): Object: 'Object Repository/Third party/Page_Search/span_Create their profile anonymously' is clicked on

2019-12-03 20:32:32 - [MESSAGE][PASSED] - Object: 'Object Repository/Third party/Page_Search/span_Create their profile anonymously' is clicked on

2019-12-03 20:32:32 - [TEST_STEP][PASSED] - waitForElementVisible(findTestObject("Third party/Page_Search/div_(Optional)_multiple_emails-container"), 3): Object 'Object Repository/Third party/Page_Search/div_(Optional)_multiple_emails-container' is visible

2019-12-03 20:32:33 - [MESSAGE][PASSED] - Object 'Object Repository/Third party/Page_Search/div_(Optional)_multiple_emails-container' is visible

2019-12-03 20:32:33 - [TEST_STEP][PASSED] - click(findTestObject("Object Repository/Third party/Page_Search/div_(Optional)_multiple_emails-container")): Object: 'Object Repository/Third party/Page_Search/div_(Optional)_multiple_emails-container' is clicked on

2019-12-03 20:32:34 - [MESSAGE][PASSED] - Object: 'Object Repository/Third party/Page_Search/div_(Optional)_multiple_emails-container' is clicked on

2019-12-03 20:32:34 - [TEST_STEP][PASSED] - setText(findTestObject("Object Repository/Third party/Page_Search/input_Linkedin_txtLiLink"), "appliedai" + System.currentTimeMillis()): Text 'appliedai1575385354247' is set on object 'Object Repository/Third party/Page_Search/input_Linkedin_txtLiLink'

2019-12-03 20:32:34 - [MESSAGE][PASSED] - Text 'appliedai1575385354247' is set on object 'Object Repository/Third party/Page_Search/input_Linkedin_txtLiLink'

2019-12-03 20:32:34 - [TEST_STEP][PASSED] - click(findTestObject("Object Repository/Third party/Page_Search/div_(Optional)_multiple_emails-container")): Object: 'Object Repository/Third party/Page_Search/div_(Optional)_multiple_emails-container' is clicked on

2019-12-03 20:32:35 - [MESSAGE][PASSED] - Object: 'Object Repository/Third party/Page_Search/div_(Optional)_multiple_emails-container' is clicked on

2019-12-03 20:32:35 - [TEST_STEP][PASSED] - setText(findTestObject("Object Repository/Third party/Page_Search/input_(Optional)_multiple_emails-input text-left"), "testing@appliedaiconsulting.com"): Text 'testing@appliedaiconsulting.com' is set on object 'Object Repository/Third party/Page_Search/input_(Optional)_multiple_emails-input text-left'

2019-12-03 20:32:35 - [MESSAGE][PASSED] - Text 'testing@appliedaiconsulting.com' is set on object 'Object Repository/Third party/Page_Search/input_(Optional)_multiple_emails-input text-left'

2019-12-03 20:32:35 - [TEST_STEP][PASSED] - setText(findTestObject("Object Repository/Third party/Page_Search/input_Name_txtFirstName"), "user" + System.currentTimeMillis()): Text 'user1575385355565' is set on object 'Object Repository/Third party/Page_Search/input_Name_txtFirstName'

2019-12-03 20:32:35 - [MESSAGE][PASSED] - Text 'user1575385355565' is set on object 'Object Repository/Third party/Page_Search/input_Name_txtFirstName'

2019-12-03 20:32:35 - [TEST_STEP][PASSED] - click(findTestObject("Object Repository/Third party/Page_Search/button_Add")): Object: 'Object Repository/Third party/Page_Search/button_Add' is clicked on

2019-12-03 20:32:36 - [MESSAGE][PASSED] - Object: 'Object Repository/Third party/Page_Search/button_Add' is clicked on

2019-12-03 20:32:36 - [TEST_STEP][PASSED] - waitForElementClickable(findTestObject("Third party/Page_Search/a_OK"), 3): Object 'Object Repository/Third party/Page_Search/a_OK' is clickable

2019-12-03 20:32:41 - [MESSAGE][PASSED] - Object 'Object Repository/Third party/Page_Search/a_OK' is clickable

2019-12-03 20:32:41 - [TEST_STEP][PASSED] - sleep(4000): null

2019-12-03 20:32:45 - [TEST_STEP][PASSED] - click(findTestObject("Third party/Page_Search/a_OK")): Object: 'Object Repository/Third party/Page_Search/a_OK' is clicked on

2019-12-03 20:32:50 - [MESSAGE][PASSED] - Object: 'Object Repository/Third party/Page_Search/a_OK' is clicked on

2019-12-03 20:32:50 - [TEST_STEP][PASSED] - closeBrowser(): Browser is closed

2019-12-03 20:32:52 - [MESSAGE][PASSED] - Browser is closed

2019-12-03 20:32:52 - [TEST_STEP][PASSED] - Start listener action : afterTestcase: Browser is closed

2019-12-03 20:32:52 - [TEST_STEP][PASSED] - closeBrowser(): Browser is closed

2019-12-03 20:32:52 - [MESSAGE][PASSED] - Browser is closed

2019-12-03 20:32:54 - [TEST_STEP][PASSED] - Video: Video recording for test case 'Test Cases/Third party profile' .

2019-12-03 20:32:54 - [MESSAGE][INFO] - Video recording for test case 'Test Cases/Third party profile' .
[[ATTACHMENT|/Users/akhilesh/git/KatalonBDD1/Reports/20191203_191511/Acceptance/20191203_191511/videos/test_14.avi]]]]></system-out>
         <system-err><![CDATA[]]></system-err>
      </testcase>
      <testcase name="Test Cases/Follow users" time="2.182" classname="Test Cases/Follow users" status="PASSED">
         <system-out><![CDATA[2019-12-03 20:32:54 - [TEST_CASE][PASSED] - Test Cases/Follow users: Test Cases/Follow users

2019-12-03 20:32:54 - [TEST_STEP][PASSED] - Start listener action : beforeTestcase: null

2019-12-03 20:32:54 - [TEST_STEP][PASSED] - return null: null

2019-12-03 20:32:54 - [TEST_STEP][PASSED] - Start listener action : afterTestcase: Browser is closed

2019-12-03 20:32:54 - [TEST_STEP][PASSED] - closeBrowser(): Browser is closed

2019-12-03 20:32:54 - [MESSAGE][PASSED] - Browser is closed

2019-12-03 20:32:56 - [TEST_STEP][PASSED] - Video: Video recording for test case 'Test Cases/Follow users' .

2019-12-03 20:32:56 - [MESSAGE][INFO] - Video recording for test case 'Test Cases/Follow users' .
[[ATTACHMENT|/Users/akhilesh/git/KatalonBDD1/Reports/20191203_191511/Acceptance/20191203_191511/videos/test_15.avi]]]]></system-out>
         <system-err><![CDATA[]]></system-err>
      </testcase>
      <testcase name="Test Cases/workLifeTest/FacebockCreation" time="164.717" classname="Test Cases/workLifeTest/FacebockCreation" status="FAILED">
         <failure type="FAILED" message="Test Cases/workLifeTest/FacebockCreation FAILED.
Reason:
com.kms.katalon.core.exception.StepFailedException: Unable to click on object 'Object Repository/FacebookLogin/Page_Home/div_Application Guide'
	at com.kms.katalon.core.webui.keyword.internal.WebUIKeywordMain.stepFailed(WebUIKeywordMain.groovy:64)
	at com.kms.katalon.core.webui.keyword.internal.WebUIKeywordMain.runKeyword(WebUIKeywordMain.groovy:26)
	at com.kms.katalon.core.webui.keyword.builtin.ClickKeyword.click(ClickKeyword.groovy:103)
	at com.kms.katalon.core.webui.keyword.builtin.ClickKeyword.execute(ClickKeyword.groovy:43)
	at com.kms.katalon.core.keyword.internal.KeywordExecutor.executeKeywordForPlatform(KeywordExecutor.groovy:60)
	at com.kms.katalon.core.webui.keyword.WebUiBuiltInKeywords.click(WebUiBuiltInKeywords.groovy:616)
	at com.kms.katalon.core.webui.keyword.WebUiBuiltInKeywords$click$3.call(Unknown Source)
	at FacebockCreation.run(FacebockCreation:76)
	at com.kms.katalon.core.main.ScriptEngine.run(ScriptEngine.java:194)
	at com.kms.katalon.core.main.ScriptEngine.runScriptAsRawText(ScriptEngine.java:119)
	at com.kms.katalon.core.main.TestCaseExecutor.runScript(TestCaseExecutor.java:337)
	at com.kms.katalon.core.main.TestCaseExecutor.doExecute(TestCaseExecutor.java:328)
	at com.kms.katalon.core.main.TestCaseExecutor.processExecutionPhase(TestCaseExecutor.java:307)
	at com.kms.katalon.core.main.TestCaseExecutor.accessMainPhase(TestCaseExecutor.java:299)
	at com.kms.katalon.core.main.TestCaseExecutor.execute(TestCaseExecutor.java:233)
	at com.kms.katalon.core.main.TestSuiteExecutor.accessTestCaseMainPhase(TestSuiteExecutor.java:169)
	at com.kms.katalon.core.main.TestSuiteExecutor.accessTestSuiteMainPhase(TestSuiteExecutor.java:142)
	at com.kms.katalon.core.main.TestSuiteExecutor.execute(TestSuiteExecutor.java:91)
	at com.kms.katalon.core.main.TestCaseMain.startTestSuite(TestCaseMain.java:157)
	at com.kms.katalon.core.main.TestCaseMain$startTestSuite$0.call(Unknown Source)
	at TempTestSuite1575380721167.run(TempTestSuite1575380721167.groovy:36)
Caused by: com.kms.katalon.core.webui.exception.WebElementNotFoundException: Web element with id: 'Object Repository/FacebookLogin/Page_Home/div_Application Guide' located by 'By.xpath: //div[@id='ApplicationGuide-modal']/div/div/div' not found
	at com.kms.katalon.core.webui.common.WebUiCommonHelper.findWebElement(WebUiCommonHelper.java:1113)
	at com.kms.katalon.core.webui.keyword.internal.WebUIAbstractKeyword.findWebElement(WebUIAbstractKeyword.groovy:27)
	at com.kms.katalon.core.webui.keyword.internal.WebUIAbstractKeyword.findWebElement(WebUIAbstractKeyword.groovy:26)
	at com.kms.katalon.core.webui.keyword.builtin.ClickKeyword$_click_closure1.doCall(ClickKeyword.groovy:68)
	at com.kms.katalon.core.webui.keyword.builtin.ClickKeyword$_click_closure1.call(ClickKeyword.groovy)
	at com.kms.katalon.core.webui.keyword.internal.WebUIKeywordMain.runKeyword(WebUIKeywordMain.groovy:20)
	... 19 more
"/>
         <system-out><![CDATA[2019-12-03 20:32:56 - [TEST_CASE][FAILED] - Test Cases/workLifeTest/FacebockCreation: Test Cases/workLifeTest/FacebockCreation FAILED.
Reason:
com.kms.katalon.core.exception.StepFailedException: Unable to click on object 'Object Repository/FacebookLogin/Page_Home/div_Application Guide'
	at com.kms.katalon.core.webui.keyword.internal.WebUIKeywordMain.stepFailed(WebUIKeywordMain.groovy:64)
	at com.kms.katalon.core.webui.keyword.internal.WebUIKeywordMain.runKeyword(WebUIKeywordMain.groovy:26)
	at com.kms.katalon.core.webui.keyword.builtin.ClickKeyword.click(ClickKeyword.groovy:103)
	at com.kms.katalon.core.webui.keyword.builtin.ClickKeyword.execute(ClickKeyword.groovy:43)
	at com.kms.katalon.core.keyword.internal.KeywordExecutor.executeKeywordForPlatform(KeywordExecutor.groovy:60)
	at com.kms.katalon.core.webui.keyword.WebUiBuiltInKeywords.click(WebUiBuiltInKeywords.groovy:616)
	at com.kms.katalon.core.webui.keyword.WebUiBuiltInKeywords$click$3.call(Unknown Source)
	at FacebockCreation.run(FacebockCreation:76)
	at com.kms.katalon.core.main.ScriptEngine.run(ScriptEngine.java:194)
	at com.kms.katalon.core.main.ScriptEngine.runScriptAsRawText(ScriptEngine.java:119)
	at com.kms.katalon.core.main.TestCaseExecutor.runScript(TestCaseExecutor.java:337)
	at com.kms.katalon.core.main.TestCaseExecutor.doExecute(TestCaseExecutor.java:328)
	at com.kms.katalon.core.main.TestCaseExecutor.processExecutionPhase(TestCaseExecutor.java:307)
	at com.kms.katalon.core.main.TestCaseExecutor.accessMainPhase(TestCaseExecutor.java:299)
	at com.kms.katalon.core.main.TestCaseExecutor.execute(TestCaseExecutor.java:233)
	at com.kms.katalon.core.main.TestSuiteExecutor.accessTestCaseMainPhase(TestSuiteExecutor.java:169)
	at com.kms.katalon.core.main.TestSuiteExecutor.accessTestSuiteMainPhase(TestSuiteExecutor.java:142)
	at com.kms.katalon.core.main.TestSuiteExecutor.execute(TestSuiteExecutor.java:91)
	at com.kms.katalon.core.main.TestCaseMain.startTestSuite(TestCaseMain.java:157)
	at com.kms.katalon.core.main.TestCaseMain$startTestSuite$0.call(Unknown Source)
	at TempTestSuite1575380721167.run(TempTestSuite1575380721167.groovy:36)
Caused by: com.kms.katalon.core.webui.exception.WebElementNotFoundException: Web element with id: 'Object Repository/FacebookLogin/Page_Home/div_Application Guide' located by 'By.xpath: //div[@id='ApplicationGuide-modal']/div/div/div' not found
	at com.kms.katalon.core.webui.common.WebUiCommonHelper.findWebElement(WebUiCommonHelper.java:1113)
	at com.kms.katalon.core.webui.keyword.internal.WebUIAbstractKeyword.findWebElement(WebUIAbstractKeyword.groovy:27)
	at com.kms.katalon.core.webui.keyword.internal.WebUIAbstractKeyword.findWebElement(WebUIAbstractKeyword.groovy:26)
	at com.kms.katalon.core.webui.keyword.builtin.ClickKeyword$_click_closure1.doCall(ClickKeyword.groovy:68)
	at com.kms.katalon.core.webui.keyword.builtin.ClickKeyword$_click_closure1.call(ClickKeyword.groovy)
	at com.kms.katalon.core.webui.keyword.internal.WebUIKeywordMain.runKeyword(WebUIKeywordMain.groovy:20)
	... 19 more


2019-12-03 20:32:56 - [TEST_STEP][PASSED] - Start listener action : beforeTestcase: null

2019-12-03 20:32:56 - [TEST_STEP][PASSED] - openBrowser(AppUrl): Browser is opened with url: 'https://qa.thework.life'

2019-12-03 20:32:56 - [MESSAGE][INFO] - Starting 'Firefox' driver

2019-12-03 20:33:07 - [MESSAGE][PASSED] - Browser is opened with url: 'https://qa.thework.life'

2019-12-03 20:33:07 - [TEST_STEP][PASSED] - navigateToUrl(AppUrl): Navigate to 'https://qa.thework.life' successfully

2019-12-03 20:33:09 - [MESSAGE][PASSED] - Navigate to 'https://qa.thework.life' successfully

2019-12-03 20:33:09 - [TEST_STEP][PASSED] - click(findTestObject("Object Repository/FacebookLogin/Page_theworklife - Find Great People To Work With/a_Join Now")): Object: 'Object Repository/FacebookLogin/Page_theworklife - Find Great People To Work With/a_Join Now' is clicked on

2019-12-03 20:33:10 - [MESSAGE][PASSED] - Object: 'Object Repository/FacebookLogin/Page_theworklife - Find Great People To Work With/a_Join Now' is clicked on

2019-12-03 20:33:10 - [TEST_STEP][PASSED] - click(findTestObject("Object Repository/FacebookLogin/Page_theworklife - Find Great People To Work With/div_ Register to theworklife")): Object: 'Object Repository/FacebookLogin/Page_theworklife - Find Great People To Work With/div_ Register to theworklife' is clicked on

2019-12-03 20:33:10 - [MESSAGE][PASSED] - Object: 'Object Repository/FacebookLogin/Page_theworklife - Find Great People To Work With/div_ Register to theworklife' is clicked on

2019-12-03 20:33:10 - [TEST_STEP][PASSED] - click(findTestObject("Object Repository/FacebookLogin/Page_theworklife - Find Great People To Work With/button_Facebook")): Object: 'Object Repository/FacebookLogin/Page_theworklife - Find Great People To Work With/button_Facebook' is clicked on

2019-12-03 20:33:11 - [MESSAGE][PASSED] - Object: 'Object Repository/FacebookLogin/Page_theworklife - Find Great People To Work With/button_Facebook' is clicked on

2019-12-03 20:33:11 - [TEST_STEP][PASSED] - delay(2): Delayed 2 second(s)

2019-12-03 20:33:13 - [MESSAGE][PASSED] - Delayed 2 second(s)

2019-12-03 20:33:13 - [TEST_STEP][PASSED] - switchToWindowTitle("Facebook"): Switched to window with title: 'Facebook'

2019-12-03 20:33:13 - [MESSAGE][PASSED] - Switched to window with title: 'Facebook'

2019-12-03 20:33:13 - [TEST_STEP][PASSED] - waitForElementClickable(findTestObject("FacebookLogin/Page_Facebook/input_Email address or phone number_email"), 5): Object 'Object Repository/FacebookLogin/Page_Facebook/input_Email address or phone number_email' is clickable

2019-12-03 20:33:13 - [MESSAGE][PASSED] - Object 'Object Repository/FacebookLogin/Page_Facebook/input_Email address or phone number_email' is clickable

2019-12-03 20:33:13 - [TEST_STEP][PASSED] - clearText(findTestObject("FacebookLogin/Page_Facebook/input_Email address or phone number_email")): Text of object 'Object Repository/FacebookLogin/Page_Facebook/input_Email address or phone number_email' is cleared

2019-12-03 20:33:14 - [MESSAGE][PASSED] - Text of object 'Object Repository/FacebookLogin/Page_Facebook/input_Email address or phone number_email' is cleared

2019-12-03 20:33:14 - [TEST_STEP][PASSED] - setText(findTestObject("FacebookLogin/Page_Facebook/input_Email address or phone number_email"), "worklifetest10002@gmail.com"): Text 'worklifetest10002@gmail.com' is set on object 'Object Repository/FacebookLogin/Page_Facebook/input_Email address or phone number_email'

2019-12-03 20:33:14 - [MESSAGE][PASSED] - Text 'worklifetest10002@gmail.com' is set on object 'Object Repository/FacebookLogin/Page_Facebook/input_Email address or phone number_email'

2019-12-03 20:33:14 - [TEST_STEP][PASSED] - setEncryptedText(findTestObject("FacebookLogin/Page_Facebook/input_Password_pass"), "XU9cBalmEBp1UP+jEU2w4UUBUuNgBY4U"): Text ****** has been set on object 'Object Repository/FacebookLogin/Page_Facebook/input_Password_pass'

2019-12-03 20:33:14 - [MESSAGE][PASSED] - Text ****** has been set on object 'Object Repository/FacebookLogin/Page_Facebook/input_Password_pass'

2019-12-03 20:33:14 - [TEST_STEP][PASSED] - click(findTestObject("FacebookLogin/Page_Facebook/input_Password_login")): Object: 'Object Repository/FacebookLogin/Page_Facebook/input_Password_login' is clicked on

2019-12-03 20:33:18 - [MESSAGE][PASSED] - Object: 'Object Repository/FacebookLogin/Page_Facebook/input_Password_login' is clicked on

2019-12-03 20:33:18 - [TEST_STEP][PASSED] - delay(12): Delayed 12 second(s)

2019-12-03 20:33:30 - [MESSAGE][PASSED] - Delayed 12 second(s)

2019-12-03 20:33:30 - [TEST_STEP][PASSED] - switchToWindowTitle("Sign Up"): Switched to window with title: 'Sign Up'

2019-12-03 20:33:30 - [MESSAGE][PASSED] - Switched to window with title: 'Sign Up'

2019-12-03 20:33:30 - [TEST_STEP][PASSED] - delay(12): Delayed 12 second(s)

2019-12-03 20:33:42 - [MESSAGE][PASSED] - Delayed 12 second(s)

2019-12-03 20:33:42 - [TEST_STEP][PASSED] - waitForElementClickable(findTestObject("FacebookLogin/Page_Sign Up/input_Username_username"), 5): Object 'Object Repository/FacebookLogin/Page_Sign Up/input_Username_username' is clickable

2019-12-03 20:33:42 - [MESSAGE][PASSED] - Object 'Object Repository/FacebookLogin/Page_Sign Up/input_Username_username' is clickable

2019-12-03 20:33:42 - [TEST_STEP][PASSED] - setText(findTestObject("FacebookLogin/Page_Sign Up/input_Username_username"), "testing" + System.currentTimeMillis()): Text 'testing1575385422492' is set on object 'Object Repository/FacebookLogin/Page_Sign Up/input_Username_username'

2019-12-03 20:33:42 - [MESSAGE][PASSED] - Text 'testing1575385422492' is set on object 'Object Repository/FacebookLogin/Page_Sign Up/input_Username_username'

2019-12-03 20:33:42 - [TEST_STEP][PASSED] - setEncryptedText(findTestObject("FacebookLogin/Page_Sign Up/input_Password_password"), "XU9cBalmEBp1UP+jEU2w4UUBUuNgBY4U"): Text ****** has been set on object 'Object Repository/FacebookLogin/Page_Sign Up/input_Password_password'

2019-12-03 20:33:45 - [MESSAGE][PASSED] - Text ****** has been set on object 'Object Repository/FacebookLogin/Page_Sign Up/input_Password_password'

2019-12-03 20:33:45 - [TEST_STEP][PASSED] - click(findTestObject("FacebookLogin/Page_Sign Up/i_Very Strong_cr-icon fa fa-check")): Object: 'Object Repository/FacebookLogin/Page_Sign Up/i_Very Strong_cr-icon fa fa-check' is clicked on

2019-12-03 20:33:46 - [MESSAGE][PASSED] - Object: 'Object Repository/FacebookLogin/Page_Sign Up/i_Very Strong_cr-icon fa fa-check' is clicked on

2019-12-03 20:33:46 - [TEST_STEP][PASSED] - click(findTestObject("FacebookLogin/Page_Sign Up/button_Continue")): Object: 'Object Repository/FacebookLogin/Page_Sign Up/button_Continue' is clicked on

2019-12-03 20:33:46 - [MESSAGE][PASSED] - Object: 'Object Repository/FacebookLogin/Page_Sign Up/button_Continue' is clicked on

2019-12-03 20:33:46 - [TEST_STEP][PASSED] - click(findTestObject("Object Repository/FacebookLogin/Page_Facebook Username/u_Click here")): Object: 'Object Repository/FacebookLogin/Page_Facebook Username/u_Click here' is clicked on

2019-12-03 20:33:54 - [MESSAGE][PASSED] - Object: 'Object Repository/FacebookLogin/Page_Facebook Username/u_Click here' is clicked on

2019-12-03 20:33:54 - [TEST_STEP][PASSED] - switchToWindowTitle("Facebook Username"): Switched to window with title: 'Facebook Username'

2019-12-03 20:33:54 - [MESSAGE][PASSED] - Switched to window with title: 'Facebook Username'

2019-12-03 20:33:54 - [TEST_STEP][PASSED] - setText(findTestObject("FacebookLogin/Page_Facebook Username/input_Click here_fb_username"), "https://www.facebook.com/jiten.makhija.125#_"): Text 'https://www.facebook.com/jiten.makhija.125#_' is set on object 'Object Repository/FacebookLogin/Page_Facebook Username/input_Click here_fb_username'

2019-12-03 20:33:54 - [MESSAGE][PASSED] - Text 'https://www.facebook.com/jiten.makhija.125#_' is set on object 'Object Repository/FacebookLogin/Page_Facebook Username/input_Click here_fb_username'

2019-12-03 20:33:54 - [TEST_STEP][PASSED] - click(findTestObject("Object Repository/FacebookLogin/Page_Facebook Username/button_Submit")): Object: 'Object Repository/FacebookLogin/Page_Facebook Username/button_Submit' is clicked on

2019-12-03 20:33:57 - [MESSAGE][PASSED] - Object: 'Object Repository/FacebookLogin/Page_Facebook Username/button_Submit' is clicked on

2019-12-03 20:33:57 - [TEST_STEP][PASSED] - waitForElementClickable(findTestObject("FacebookLogin/Page_Facebook Username/u_Click here_1"), 5): Object 'Object Repository/FacebookLogin/Page_Facebook Username/u_Click here_1' is clickable

2019-12-03 20:33:58 - [MESSAGE][PASSED] - Object 'Object Repository/FacebookLogin/Page_Facebook Username/u_Click here_1' is clickable

2019-12-03 20:33:58 - [TEST_STEP][PASSED] - waitForElementNotPresent(findTestObject("Experience/Page_Edit Profile/loader"), 5): Web element with id: 'Object Repository/Experience/Page_Edit Profile/loader' located by 'By.xpath: //div[@class="loader"]' is present after '5' second(s)

2019-12-03 20:34:04 - [MESSAGE][WARNING] - Web element with id: 'Object Repository/Experience/Page_Edit Profile/loader' located by 'By.xpath: //div[@class="loader"]' is present after '5' second(s)

2019-12-03 20:34:04 - [TEST_STEP][PASSED] - delay(10): Delayed 10 second(s)

2019-12-03 20:34:14 - [MESSAGE][PASSED] - Delayed 10 second(s)

2019-12-03 20:34:14 - [TEST_STEP][PASSED] - click(findTestObject("Object Repository/FacebookLogin/Page_Facebook Username/u_Click here_1")): Object: 'Object Repository/FacebookLogin/Page_Facebook Username/u_Click here_1' is clicked on

2019-12-03 20:34:15 - [MESSAGE][PASSED] - Object: 'Object Repository/FacebookLogin/Page_Facebook Username/u_Click here_1' is clicked on

2019-12-03 20:34:15 - [TEST_STEP][PASSED] - click(findTestObject("Object Repository/FacebookLogin/Page_Facebook Username/a_Finish")): Object: 'Object Repository/FacebookLogin/Page_Facebook Username/a_Finish' is clicked on

2019-12-03 20:34:16 - [MESSAGE][ERROR] - TypeError: rect is undefined
Build info: version: '3.141.59', revision: 'e82be7d358', time: '2018-11-14T08:25:53'
System info: host: 'Akhileshs-MacBook-Pro.local', ip: 'fe80:0:0:0:1c61:dfea:1bd4:1a6e%en0', os.name: 'Mac OS X', os.arch: 'x86_64', os.version: '10.15.1', java.version: '1.8.0_181'
Driver info: com.kms.katalon.core.webui.driver.firefox.CGeckoDriver
Capabilities {acceptInsecureCerts: true, browserName: firefox, browserVersion: 70.0.1, javascriptEnabled: true, moz:accessibilityChecks: false, moz:buildID: 20191030021342, moz:geckodriverVersion: 0.23.0, moz:headless: false, moz:processID: 91291, moz:profile: /var/folders/8s/8p_bd8152_l..., moz:shutdownTimeout: 60000, moz:useNonSpecCompliantPointerOrigin: false, moz:webdriverClick: true, pageLoadStrategy: normal, platform: MAC, platformName: MAC, platformVersion: 19.0.0, proxy: Proxy(direct), rotatable: false, setWindowRect: true, strictFileInteractability: false, timeouts: {implicit: 0, pageLoad: 300000, script: 30000}, unhandledPromptBehavior: dismiss and notify}
Session ID: 2af5db78-4ff6-ae47-829c-9310a2168378

2019-12-03 20:34:46 - [MESSAGE][ERROR] - TypeError: rect is undefined
Build info: version: '3.141.59', revision: 'e82be7d358', time: '2018-11-14T08:25:53'
System info: host: 'Akhileshs-MacBook-Pro.local', ip: 'fe80:0:0:0:1c61:dfea:1bd4:1a6e%en0', os.name: 'Mac OS X', os.arch: 'x86_64', os.version: '10.15.1', java.version: '1.8.0_181'
Driver info: com.kms.katalon.core.webui.driver.firefox.CGeckoDriver
Capabilities {acceptInsecureCerts: true, browserName: firefox, browserVersion: 70.0.1, javascriptEnabled: true, moz:accessibilityChecks: false, moz:buildID: 20191030021342, moz:geckodriverVersion: 0.23.0, moz:headless: false, moz:processID: 91291, moz:profile: /var/folders/8s/8p_bd8152_l..., moz:shutdownTimeout: 60000, moz:useNonSpecCompliantPointerOrigin: false, moz:webdriverClick: true, pageLoadStrategy: normal, platform: MAC, platformName: MAC, platformVersion: 19.0.0, proxy: Proxy(direct), rotatable: false, setWindowRect: true, strictFileInteractability: false, timeouts: {implicit: 0, pageLoad: 300000, script: 30000}, unhandledPromptBehavior: dismiss and notify}
Session ID: 2af5db78-4ff6-ae47-829c-9310a2168378

2019-12-03 20:34:46 - [MESSAGE][PASSED] - Object: 'Object Repository/FacebookLogin/Page_Facebook Username/a_Finish' is clicked on

2019-12-03 20:34:46 - [TEST_STEP][PASSED] - waitForElementVisible(findTestObject("FacebookLogin/Page_Home/div_Application Guide"), 5): Web element with id: 'Object Repository/FacebookLogin/Page_Home/div_Application Guide' located by 'By.xpath: //div[@id='ApplicationGuide-modal']/div/div/div' not found

2019-12-03 20:34:54 - [MESSAGE][INFO] - Unable to find the element located by 'By.xpath: //div[@id='ApplicationGuide-modal']/div/div/div'. Please recheck the objects properties to make sure the desired element is located. 

2019-12-03 20:34:54 - [MESSAGE][WARNING] - Web element with id: 'Object Repository/FacebookLogin/Page_Home/div_Application Guide' located by 'By.xpath: //div[@id='ApplicationGuide-modal']/div/div/div' not found

2019-12-03 20:34:54 - [TEST_STEP][FAILED] - click(findTestObject("Object Repository/FacebookLogin/Page_Home/div_Application Guide")): Unable to click on object 'Object Repository/FacebookLogin/Page_Home/div_Application Guide' (Root cause: com.kms.katalon.core.exception.StepFailedException: Unable to click on object 'Object Repository/FacebookLogin/Page_Home/div_Application Guide'
	at com.kms.katalon.core.webui.keyword.internal.WebUIKeywordMain.stepFailed(WebUIKeywordMain.groovy:64)
	at com.kms.katalon.core.webui.keyword.internal.WebUIKeywordMain.runKeyword(WebUIKeywordMain.groovy:26)
	at com.kms.katalon.core.webui.keyword.builtin.ClickKeyword.click(ClickKeyword.groovy:103)
	at com.kms.katalon.core.webui.keyword.builtin.ClickKeyword.execute(ClickKeyword.groovy:43)
	at com.kms.katalon.core.keyword.internal.KeywordExecutor.executeKeywordForPlatform(KeywordExecutor.groovy:60)
	at com.kms.katalon.core.webui.keyword.WebUiBuiltInKeywords.click(WebUiBuiltInKeywords.groovy:616)
	at com.kms.katalon.core.webui.keyword.WebUiBuiltInKeywords$click$3.call(Unknown Source)
	at FacebockCreation.run(FacebockCreation:76)
	at com.kms.katalon.core.main.ScriptEngine.run(ScriptEngine.java:194)
	at com.kms.katalon.core.main.ScriptEngine.runScriptAsRawText(ScriptEngine.java:119)
	at com.kms.katalon.core.main.TestCaseExecutor.runScript(TestCaseExecutor.java:337)
	at com.kms.katalon.core.main.TestCaseExecutor.doExecute(TestCaseExecutor.java:328)
	at com.kms.katalon.core.main.TestCaseExecutor.processExecutionPhase(TestCaseExecutor.java:307)
	at com.kms.katalon.core.main.TestCaseExecutor.accessMainPhase(TestCaseExecutor.java:299)
	at com.kms.katalon.core.main.TestCaseExecutor.execute(TestCaseExecutor.java:233)
	at com.kms.katalon.core.main.TestSuiteExecutor.accessTestCaseMainPhase(TestSuiteExecutor.java:169)
	at com.kms.katalon.core.main.TestSuiteExecutor.accessTestSuiteMainPhase(TestSuiteExecutor.java:142)
	at com.kms.katalon.core.main.TestSuiteExecutor.execute(TestSuiteExecutor.java:91)
	at com.kms.katalon.core.main.TestCaseMain.startTestSuite(TestCaseMain.java:157)
	at com.kms.katalon.core.main.TestCaseMain$startTestSuite$0.call(Unknown Source)
	at TempTestSuite1575380721167.run(TempTestSuite1575380721167.groovy:36)
Caused by: com.kms.katalon.core.webui.exception.WebElementNotFoundException: Web element with id: 'Object Repository/FacebookLogin/Page_Home/div_Application Guide' located by 'By.xpath: //div[@id='ApplicationGuide-modal']/div/div/div' not found
	at com.kms.katalon.core.webui.common.WebUiCommonHelper.findWebElement(WebUiCommonHelper.java:1113)
	at com.kms.katalon.core.webui.keyword.internal.WebUIAbstractKeyword.findWebElement(WebUIAbstractKeyword.groovy:27)
	at com.kms.katalon.core.webui.keyword.internal.WebUIAbstractKeyword.findWebElement(WebUIAbstractKeyword.groovy:26)
	at com.kms.katalon.core.webui.keyword.builtin.ClickKeyword$_click_closure1.doCall(ClickKeyword.groovy:68)
	at com.kms.katalon.core.webui.keyword.builtin.ClickKeyword$_click_closure1.call(ClickKeyword.groovy)
	at com.kms.katalon.core.webui.keyword.internal.WebUIKeywordMain.runKeyword(WebUIKeywordMain.groovy:20)
	at com.kms.katalon.core.webui.keyword.builtin.ClickKeyword.click(ClickKeyword.groovy:103)
	at com.kms.katalon.core.webui.keyword.builtin.ClickKeyword.execute(ClickKeyword.groovy:43)
	at com.kms.katalon.core.keyword.internal.KeywordExecutor.executeKeywordForPlatform(KeywordExecutor.groovy:60)
	at com.kms.katalon.core.webui.keyword.WebUiBuiltInKeywords.click(WebUiBuiltInKeywords.groovy:616)
	at com.kms.katalon.core.webui.keyword.WebUiBuiltInKeywords$click$3.call(Unknown Source)
	at Script1569836222089.run(Script1569836222089.groovy:76)
	... 13 more
)

2019-12-03 20:35:38 - [MESSAGE][INFO] - Unable to find the element located by 'By.xpath: //div[@id='ApplicationGuide-modal']/div/div/div'. Please recheck the objects properties to make sure the desired element is located. 

2019-12-03 20:35:38 - [MESSAGE][FAILED] - Unable to click on object 'Object Repository/FacebookLogin/Page_Home/div_Application Guide' (Root cause: com.kms.katalon.core.exception.StepFailedException: Unable to click on object 'Object Repository/FacebookLogin/Page_Home/div_Application Guide'
	at com.kms.katalon.core.webui.keyword.internal.WebUIKeywordMain.stepFailed(WebUIKeywordMain.groovy:64)
	at com.kms.katalon.core.webui.keyword.internal.WebUIKeywordMain.runKeyword(WebUIKeywordMain.groovy:26)
	at com.kms.katalon.core.webui.keyword.builtin.ClickKeyword.click(ClickKeyword.groovy:103)
	at com.kms.katalon.core.webui.keyword.builtin.ClickKeyword.execute(ClickKeyword.groovy:43)
	at com.kms.katalon.core.keyword.internal.KeywordExecutor.executeKeywordForPlatform(KeywordExecutor.groovy:60)
	at com.kms.katalon.core.webui.keyword.WebUiBuiltInKeywords.click(WebUiBuiltInKeywords.groovy:616)
	at com.kms.katalon.core.webui.keyword.WebUiBuiltInKeywords$click$3.call(Unknown Source)
	at FacebockCreation.run(FacebockCreation:76)
	at com.kms.katalon.core.main.ScriptEngine.run(ScriptEngine.java:194)
	at com.kms.katalon.core.main.ScriptEngine.runScriptAsRawText(ScriptEngine.java:119)
	at com.kms.katalon.core.main.TestCaseExecutor.runScript(TestCaseExecutor.java:337)
	at com.kms.katalon.core.main.TestCaseExecutor.doExecute(TestCaseExecutor.java:328)
	at com.kms.katalon.core.main.TestCaseExecutor.processExecutionPhase(TestCaseExecutor.java:307)
	at com.kms.katalon.core.main.TestCaseExecutor.accessMainPhase(TestCaseExecutor.java:299)
	at com.kms.katalon.core.main.TestCaseExecutor.execute(TestCaseExecutor.java:233)
	at com.kms.katalon.core.main.TestSuiteExecutor.accessTestCaseMainPhase(TestSuiteExecutor.java:169)
	at com.kms.katalon.core.main.TestSuiteExecutor.accessTestSuiteMainPhase(TestSuiteExecutor.java:142)
	at com.kms.katalon.core.main.TestSuiteExecutor.execute(TestSuiteExecutor.java:91)
	at com.kms.katalon.core.main.TestCaseMain.startTestSuite(TestCaseMain.java:157)
	at com.kms.katalon.core.main.TestCaseMain$startTestSuite$0.call(Unknown Source)
	at TempTestSuite1575380721167.run(TempTestSuite1575380721167.groovy:36)
Caused by: com.kms.katalon.core.webui.exception.WebElementNotFoundException: Web element with id: 'Object Repository/FacebookLogin/Page_Home/div_Application Guide' located by 'By.xpath: //div[@id='ApplicationGuide-modal']/div/div/div' not found
	at com.kms.katalon.core.webui.common.WebUiCommonHelper.findWebElement(WebUiCommonHelper.java:1113)
	at com.kms.katalon.core.webui.keyword.internal.WebUIAbstractKeyword.findWebElement(WebUIAbstractKeyword.groovy:27)
	at com.kms.katalon.core.webui.keyword.internal.WebUIAbstractKeyword.findWebElement(WebUIAbstractKeyword.groovy:26)
	at com.kms.katalon.core.webui.keyword.builtin.ClickKeyword$_click_closure1.doCall(ClickKeyword.groovy:68)
	at com.kms.katalon.core.webui.keyword.builtin.ClickKeyword$_click_closure1.call(ClickKeyword.groovy)
	at com.kms.katalon.core.webui.keyword.internal.WebUIKeywordMain.runKeyword(WebUIKeywordMain.groovy:20)
	at com.kms.katalon.core.webui.keyword.builtin.ClickKeyword.click(ClickKeyword.groovy:103)
	at com.kms.katalon.core.webui.keyword.builtin.ClickKeyword.execute(ClickKeyword.groovy:43)
	at com.kms.katalon.core.keyword.internal.KeywordExecutor.executeKeywordForPlatform(KeywordExecutor.groovy:60)
	at com.kms.katalon.core.webui.keyword.WebUiBuiltInKeywords.click(WebUiBuiltInKeywords.groovy:616)
	at com.kms.katalon.core.webui.keyword.WebUiBuiltInKeywords$click$3.call(Unknown Source)
	at Script1569836222089.run(Script1569836222089.groovy:76)
	... 13 more
)
[[ATTACHMENT|/Users/akhilesh/git/KatalonBDD1/Reports/20191203_191511/Acceptance/20191203_191511/1575385538021.png]]

2019-12-03 20:35:38 - [TEST_STEP][PASSED] - Start listener action : afterTestcase: Browser is closed

2019-12-03 20:35:38 - [TEST_STEP][PASSED] - closeBrowser(): Browser is closed

2019-12-03 20:35:39 - [MESSAGE][PASSED] - Browser is closed

2019-12-03 20:35:41 - [TEST_STEP][PASSED] - Video: Video recording for test case 'Test Cases/workLifeTest/FacebockCreation' .

2019-12-03 20:35:41 - [MESSAGE][INFO] - Video recording for test case 'Test Cases/workLifeTest/FacebockCreation' .
[[ATTACHMENT|/Users/akhilesh/git/KatalonBDD1/Reports/20191203_191511/Acceptance/20191203_191511/videos/test_16.avi]]]]></system-out>
         <system-err><![CDATA[2019-12-03 20:32:56 - [TEST_CASE][FAILED] - Test Cases/workLifeTest/FacebockCreation: Test Cases/workLifeTest/FacebockCreation FAILED.
Reason:
com.kms.katalon.core.exception.StepFailedException: Unable to click on object 'Object Repository/FacebookLogin/Page_Home/div_Application Guide'
	at com.kms.katalon.core.webui.keyword.internal.WebUIKeywordMain.stepFailed(WebUIKeywordMain.groovy:64)
	at com.kms.katalon.core.webui.keyword.internal.WebUIKeywordMain.runKeyword(WebUIKeywordMain.groovy:26)
	at com.kms.katalon.core.webui.keyword.builtin.ClickKeyword.click(ClickKeyword.groovy:103)
	at com.kms.katalon.core.webui.keyword.builtin.ClickKeyword.execute(ClickKeyword.groovy:43)
	at com.kms.katalon.core.keyword.internal.KeywordExecutor.executeKeywordForPlatform(KeywordExecutor.groovy:60)
	at com.kms.katalon.core.webui.keyword.WebUiBuiltInKeywords.click(WebUiBuiltInKeywords.groovy:616)
	at com.kms.katalon.core.webui.keyword.WebUiBuiltInKeywords$click$3.call(Unknown Source)
	at FacebockCreation.run(FacebockCreation:76)
	at com.kms.katalon.core.main.ScriptEngine.run(ScriptEngine.java:194)
	at com.kms.katalon.core.main.ScriptEngine.runScriptAsRawText(ScriptEngine.java:119)
	at com.kms.katalon.core.main.TestCaseExecutor.runScript(TestCaseExecutor.java:337)
	at com.kms.katalon.core.main.TestCaseExecutor.doExecute(TestCaseExecutor.java:328)
	at com.kms.katalon.core.main.TestCaseExecutor.processExecutionPhase(TestCaseExecutor.java:307)
	at com.kms.katalon.core.main.TestCaseExecutor.accessMainPhase(TestCaseExecutor.java:299)
	at com.kms.katalon.core.main.TestCaseExecutor.execute(TestCaseExecutor.java:233)
	at com.kms.katalon.core.main.TestSuiteExecutor.accessTestCaseMainPhase(TestSuiteExecutor.java:169)
	at com.kms.katalon.core.main.TestSuiteExecutor.accessTestSuiteMainPhase(TestSuiteExecutor.java:142)
	at com.kms.katalon.core.main.TestSuiteExecutor.execute(TestSuiteExecutor.java:91)
	at com.kms.katalon.core.main.TestCaseMain.startTestSuite(TestCaseMain.java:157)
	at com.kms.katalon.core.main.TestCaseMain$startTestSuite$0.call(Unknown Source)
	at TempTestSuite1575380721167.run(TempTestSuite1575380721167.groovy:36)
Caused by: com.kms.katalon.core.webui.exception.WebElementNotFoundException: Web element with id: 'Object Repository/FacebookLogin/Page_Home/div_Application Guide' located by 'By.xpath: //div[@id='ApplicationGuide-modal']/div/div/div' not found
	at com.kms.katalon.core.webui.common.WebUiCommonHelper.findWebElement(WebUiCommonHelper.java:1113)
	at com.kms.katalon.core.webui.keyword.internal.WebUIAbstractKeyword.findWebElement(WebUIAbstractKeyword.groovy:27)
	at com.kms.katalon.core.webui.keyword.internal.WebUIAbstractKeyword.findWebElement(WebUIAbstractKeyword.groovy:26)
	at com.kms.katalon.core.webui.keyword.builtin.ClickKeyword$_click_closure1.doCall(ClickKeyword.groovy:68)
	at com.kms.katalon.core.webui.keyword.builtin.ClickKeyword$_click_closure1.call(ClickKeyword.groovy)
	at com.kms.katalon.core.webui.keyword.internal.WebUIKeywordMain.runKeyword(WebUIKeywordMain.groovy:20)
	... 19 more]]></system-err>
      </testcase>
      <testcase name="Test Cases/workLifeTest/ProfileDeletion" time="64.888" classname="Test Cases/workLifeTest/ProfileDeletion" status="FAILED">
         <failure type="FAILED" message="Test Cases/workLifeTest/ProfileDeletion FAILED.
Reason:
com.kms.katalon.core.exception.StepFailedException: Unable to click on object 'Object Repository/DeletionObject/Page_Home/i_Settings_fa fa-gear'
	at com.kms.katalon.core.webui.keyword.internal.WebUIKeywordMain.stepFailed(WebUIKeywordMain.groovy:64)
	at com.kms.katalon.core.webui.keyword.internal.WebUIKeywordMain.runKeyword(WebUIKeywordMain.groovy:26)
	at com.kms.katalon.core.webui.keyword.builtin.ClickKeyword.click(ClickKeyword.groovy:103)
	at com.kms.katalon.core.webui.keyword.builtin.ClickKeyword.execute(ClickKeyword.groovy:43)
	at com.kms.katalon.core.keyword.internal.KeywordExecutor.executeKeywordForPlatform(KeywordExecutor.groovy:60)
	at com.kms.katalon.core.webui.keyword.WebUiBuiltInKeywords.click(WebUiBuiltInKeywords.groovy:616)
	at com.kms.katalon.core.webui.keyword.WebUiBuiltInKeywords$click$3.call(Unknown Source)
	at ProfileDeletion.run(ProfileDeletion:28)
	at com.kms.katalon.core.main.ScriptEngine.run(ScriptEngine.java:194)
	at com.kms.katalon.core.main.ScriptEngine.runScriptAsRawText(ScriptEngine.java:119)
	at com.kms.katalon.core.main.TestCaseExecutor.runScript(TestCaseExecutor.java:337)
	at com.kms.katalon.core.main.TestCaseExecutor.doExecute(TestCaseExecutor.java:328)
	at com.kms.katalon.core.main.TestCaseExecutor.processExecutionPhase(TestCaseExecutor.java:307)
	at com.kms.katalon.core.main.TestCaseExecutor.accessMainPhase(TestCaseExecutor.java:299)
	at com.kms.katalon.core.main.TestCaseExecutor.execute(TestCaseExecutor.java:233)
	at com.kms.katalon.core.main.TestSuiteExecutor.accessTestCaseMainPhase(TestSuiteExecutor.java:169)
	at com.kms.katalon.core.main.TestSuiteExecutor.accessTestSuiteMainPhase(TestSuiteExecutor.java:142)
	at com.kms.katalon.core.main.TestSuiteExecutor.execute(TestSuiteExecutor.java:91)
	at com.kms.katalon.core.main.TestCaseMain.startTestSuite(TestCaseMain.java:157)
	at com.kms.katalon.core.main.TestCaseMain$startTestSuite$0.call(Unknown Source)
	at TempTestSuite1575380721167.run(TempTestSuite1575380721167.groovy:36)
Caused by: com.kms.katalon.core.webui.exception.WebElementNotFoundException: Web element with id: 'Object Repository/DeletionObject/Page_Home/i_Settings_fa fa-gear' located by 'By.xpath: /html[@class=&quot;fa-events-icons-ready&quot;]/body[1]/header[@class=&quot;main-header nav-down&quot;]/div[@class=&quot;topbar&quot;]/div[@class=&quot;container-fluid&quot;]/div[@class=&quot;row&quot;]/div[@class=&quot;col-xs-6 col-sm-3 col-sm-push-6&quot;]/div[@class=&quot;notif&quot;]/div[@class=&quot;pull-right dropdown&quot;]/button[@class=&quot;btn dropdown-toggle setting&quot;]/i[@class=&quot;fa fa-gear&quot;]' not found
	at com.kms.katalon.core.webui.common.WebUiCommonHelper.findWebElement(WebUiCommonHelper.java:1113)
	at com.kms.katalon.core.webui.keyword.internal.WebUIAbstractKeyword.findWebElement(WebUIAbstractKeyword.groovy:27)
	at com.kms.katalon.core.webui.keyword.internal.WebUIAbstractKeyword.findWebElement(WebUIAbstractKeyword.groovy:26)
	at com.kms.katalon.core.webui.keyword.builtin.ClickKeyword$_click_closure1.doCall(ClickKeyword.groovy:68)
	at com.kms.katalon.core.webui.keyword.builtin.ClickKeyword$_click_closure1.call(ClickKeyword.groovy)
	at com.kms.katalon.core.webui.keyword.internal.WebUIKeywordMain.runKeyword(WebUIKeywordMain.groovy:20)
	... 19 more
"/>
         <system-out><![CDATA[2019-12-03 20:35:41 - [TEST_CASE][FAILED] - Test Cases/workLifeTest/ProfileDeletion: Test Cases/workLifeTest/ProfileDeletion FAILED.
Reason:
com.kms.katalon.core.exception.StepFailedException: Unable to click on object 'Object Repository/DeletionObject/Page_Home/i_Settings_fa fa-gear'
	at com.kms.katalon.core.webui.keyword.internal.WebUIKeywordMain.stepFailed(WebUIKeywordMain.groovy:64)
	at com.kms.katalon.core.webui.keyword.internal.WebUIKeywordMain.runKeyword(WebUIKeywordMain.groovy:26)
	at com.kms.katalon.core.webui.keyword.builtin.ClickKeyword.click(ClickKeyword.groovy:103)
	at com.kms.katalon.core.webui.keyword.builtin.ClickKeyword.execute(ClickKeyword.groovy:43)
	at com.kms.katalon.core.keyword.internal.KeywordExecutor.executeKeywordForPlatform(KeywordExecutor.groovy:60)
	at com.kms.katalon.core.webui.keyword.WebUiBuiltInKeywords.click(WebUiBuiltInKeywords.groovy:616)
	at com.kms.katalon.core.webui.keyword.WebUiBuiltInKeywords$click$3.call(Unknown Source)
	at ProfileDeletion.run(ProfileDeletion:28)
	at com.kms.katalon.core.main.ScriptEngine.run(ScriptEngine.java:194)
	at com.kms.katalon.core.main.ScriptEngine.runScriptAsRawText(ScriptEngine.java:119)
	at com.kms.katalon.core.main.TestCaseExecutor.runScript(TestCaseExecutor.java:337)
	at com.kms.katalon.core.main.TestCaseExecutor.doExecute(TestCaseExecutor.java:328)
	at com.kms.katalon.core.main.TestCaseExecutor.processExecutionPhase(TestCaseExecutor.java:307)
	at com.kms.katalon.core.main.TestCaseExecutor.accessMainPhase(TestCaseExecutor.java:299)
	at com.kms.katalon.core.main.TestCaseExecutor.execute(TestCaseExecutor.java:233)
	at com.kms.katalon.core.main.TestSuiteExecutor.accessTestCaseMainPhase(TestSuiteExecutor.java:169)
	at com.kms.katalon.core.main.TestSuiteExecutor.accessTestSuiteMainPhase(TestSuiteExecutor.java:142)
	at com.kms.katalon.core.main.TestSuiteExecutor.execute(TestSuiteExecutor.java:91)
	at com.kms.katalon.core.main.TestCaseMain.startTestSuite(TestCaseMain.java:157)
	at com.kms.katalon.core.main.TestCaseMain$startTestSuite$0.call(Unknown Source)
	at TempTestSuite1575380721167.run(TempTestSuite1575380721167.groovy:36)
Caused by: com.kms.katalon.core.webui.exception.WebElementNotFoundException: Web element with id: 'Object Repository/DeletionObject/Page_Home/i_Settings_fa fa-gear' located by 'By.xpath: /html[@class="fa-events-icons-ready"]/body[1]/header[@class="main-header nav-down"]/div[@class="topbar"]/div[@class="container-fluid"]/div[@class="row"]/div[@class="col-xs-6 col-sm-3 col-sm-push-6"]/div[@class="notif"]/div[@class="pull-right dropdown"]/button[@class="btn dropdown-toggle setting"]/i[@class="fa fa-gear"]' not found
	at com.kms.katalon.core.webui.common.WebUiCommonHelper.findWebElement(WebUiCommonHelper.java:1113)
	at com.kms.katalon.core.webui.keyword.internal.WebUIAbstractKeyword.findWebElement(WebUIAbstractKeyword.groovy:27)
	at com.kms.katalon.core.webui.keyword.internal.WebUIAbstractKeyword.findWebElement(WebUIAbstractKeyword.groovy:26)
	at com.kms.katalon.core.webui.keyword.builtin.ClickKeyword$_click_closure1.doCall(ClickKeyword.groovy:68)
	at com.kms.katalon.core.webui.keyword.builtin.ClickKeyword$_click_closure1.call(ClickKeyword.groovy)
	at com.kms.katalon.core.webui.keyword.internal.WebUIKeywordMain.runKeyword(WebUIKeywordMain.groovy:20)
	... 19 more


2019-12-03 20:35:41 - [TEST_STEP][PASSED] - Start listener action : beforeTestcase: null

2019-12-03 20:35:41 - [TEST_STEP][PASSED] - openBrowser(AppUrl): Browser is opened with url: 'https://qa.thework.life'

2019-12-03 20:35:41 - [MESSAGE][INFO] - Starting 'Firefox' driver

2019-12-03 20:35:51 - [MESSAGE][PASSED] - Browser is opened with url: 'https://qa.thework.life'

2019-12-03 20:35:51 - [TEST_STEP][PASSED] - navigateToUrl(AppUrl): Navigate to 'https://qa.thework.life' successfully

2019-12-03 20:35:54 - [MESSAGE][PASSED] - Navigate to 'https://qa.thework.life' successfully

2019-12-03 20:35:54 - [TEST_STEP][PASSED] - setText(findTestObject("Object Repository/DeletionObject/Page_theworklife - Find Great People To Work With/input_Forgot password_username"), "worklifetest10002@gmail.com"): Text 'worklifetest10002@gmail.com' is set on object 'Object Repository/DeletionObject/Page_theworklife - Find Great People To Work With/input_Forgot password_username'

2019-12-03 20:35:55 - [MESSAGE][PASSED] - Text 'worklifetest10002@gmail.com' is set on object 'Object Repository/DeletionObject/Page_theworklife - Find Great People To Work With/input_Forgot password_username'

2019-12-03 20:35:55 - [TEST_STEP][PASSED] - setEncryptedText(findTestObject("Object Repository/DeletionObject/Page_theworklife - Find Great People To Work With/input_Forgot password_password"), "XU9cBalmEBp1UP+jEU2w4UUBUuNgBY4U"): Text ****** has been set on object 'Object Repository/DeletionObject/Page_theworklife - Find Great People To Work With/input_Forgot password_password'

2019-12-03 20:35:55 - [MESSAGE][PASSED] - Text ****** has been set on object 'Object Repository/DeletionObject/Page_theworklife - Find Great People To Work With/input_Forgot password_password'

2019-12-03 20:35:55 - [TEST_STEP][PASSED] - click(findTestObject("Experience/Page_theworklife - Find Great People To Work With/button_Sign in")): Object: 'Object Repository/Experience/Page_theworklife - Find Great People To Work With/button_Sign in' is clicked on

2019-12-03 20:35:59 - [MESSAGE][PASSED] - Object: 'Object Repository/Experience/Page_theworklife - Find Great People To Work With/button_Sign in' is clicked on

2019-12-03 20:35:59 - [TEST_STEP][FAILED] - click(findTestObject("Object Repository/DeletionObject/Page_Home/i_Settings_fa fa-gear")): Unable to click on object 'Object Repository/DeletionObject/Page_Home/i_Settings_fa fa-gear' (Root cause: com.kms.katalon.core.exception.StepFailedException: Unable to click on object 'Object Repository/DeletionObject/Page_Home/i_Settings_fa fa-gear'
	at com.kms.katalon.core.webui.keyword.internal.WebUIKeywordMain.stepFailed(WebUIKeywordMain.groovy:64)
	at com.kms.katalon.core.webui.keyword.internal.WebUIKeywordMain.runKeyword(WebUIKeywordMain.groovy:26)
	at com.kms.katalon.core.webui.keyword.builtin.ClickKeyword.click(ClickKeyword.groovy:103)
	at com.kms.katalon.core.webui.keyword.builtin.ClickKeyword.execute(ClickKeyword.groovy:43)
	at com.kms.katalon.core.keyword.internal.KeywordExecutor.executeKeywordForPlatform(KeywordExecutor.groovy:60)
	at com.kms.katalon.core.webui.keyword.WebUiBuiltInKeywords.click(WebUiBuiltInKeywords.groovy:616)
	at com.kms.katalon.core.webui.keyword.WebUiBuiltInKeywords$click$3.call(Unknown Source)
	at ProfileDeletion.run(ProfileDeletion:28)
	at com.kms.katalon.core.main.ScriptEngine.run(ScriptEngine.java:194)
	at com.kms.katalon.core.main.ScriptEngine.runScriptAsRawText(ScriptEngine.java:119)
	at com.kms.katalon.core.main.TestCaseExecutor.runScript(TestCaseExecutor.java:337)
	at com.kms.katalon.core.main.TestCaseExecutor.doExecute(TestCaseExecutor.java:328)
	at com.kms.katalon.core.main.TestCaseExecutor.processExecutionPhase(TestCaseExecutor.java:307)
	at com.kms.katalon.core.main.TestCaseExecutor.accessMainPhase(TestCaseExecutor.java:299)
	at com.kms.katalon.core.main.TestCaseExecutor.execute(TestCaseExecutor.java:233)
	at com.kms.katalon.core.main.TestSuiteExecutor.accessTestCaseMainPhase(TestSuiteExecutor.java:169)
	at com.kms.katalon.core.main.TestSuiteExecutor.accessTestSuiteMainPhase(TestSuiteExecutor.java:142)
	at com.kms.katalon.core.main.TestSuiteExecutor.execute(TestSuiteExecutor.java:91)
	at com.kms.katalon.core.main.TestCaseMain.startTestSuite(TestCaseMain.java:157)
	at com.kms.katalon.core.main.TestCaseMain$startTestSuite$0.call(Unknown Source)
	at TempTestSuite1575380721167.run(TempTestSuite1575380721167.groovy:36)
Caused by: com.kms.katalon.core.webui.exception.WebElementNotFoundException: Web element with id: 'Object Repository/DeletionObject/Page_Home/i_Settings_fa fa-gear' located by 'By.xpath: /html[@class="fa-events-icons-ready"]/body[1]/header[@class="main-header nav-down"]/div[@class="topbar"]/div[@class="container-fluid"]/div[@class="row"]/div[@class="col-xs-6 col-sm-3 col-sm-push-6"]/div[@class="notif"]/div[@class="pull-right dropdown"]/button[@class="btn dropdown-toggle setting"]/i[@class="fa fa-gear"]' not found
	at com.kms.katalon.core.webui.common.WebUiCommonHelper.findWebElement(WebUiCommonHelper.java:1113)
	at com.kms.katalon.core.webui.keyword.internal.WebUIAbstractKeyword.findWebElement(WebUIAbstractKeyword.groovy:27)
	at com.kms.katalon.core.webui.keyword.internal.WebUIAbstractKeyword.findWebElement(WebUIAbstractKeyword.groovy:26)
	at com.kms.katalon.core.webui.keyword.builtin.ClickKeyword$_click_closure1.doCall(ClickKeyword.groovy:68)
	at com.kms.katalon.core.webui.keyword.builtin.ClickKeyword$_click_closure1.call(ClickKeyword.groovy)
	at com.kms.katalon.core.webui.keyword.internal.WebUIKeywordMain.runKeyword(WebUIKeywordMain.groovy:20)
	at com.kms.katalon.core.webui.keyword.builtin.ClickKeyword.click(ClickKeyword.groovy:103)
	at com.kms.katalon.core.webui.keyword.builtin.ClickKeyword.execute(ClickKeyword.groovy:43)
	at com.kms.katalon.core.keyword.internal.KeywordExecutor.executeKeywordForPlatform(KeywordExecutor.groovy:60)
	at com.kms.katalon.core.webui.keyword.WebUiBuiltInKeywords.click(WebUiBuiltInKeywords.groovy:616)
	at com.kms.katalon.core.webui.keyword.WebUiBuiltInKeywords$click$3.call(Unknown Source)
	at Script1569870441881.run(Script1569870441881.groovy:28)
	... 13 more
)

2019-12-03 20:36:43 - [MESSAGE][INFO] - Unable to find the element located by 'By.xpath: /html[@class="fa-events-icons-ready"]/body[1]/header[@class="main-header nav-down"]/div[@class="topbar"]/div[@class="container-fluid"]/div[@class="row"]/div[@class="col-xs-6 col-sm-3 col-sm-push-6"]/div[@class="notif"]/div[@class="pull-right dropdown"]/button[@class="btn dropdown-toggle setting"]/i[@class="fa fa-gear"]'. Please recheck the objects properties to make sure the desired element is located. 

2019-12-03 20:36:43 - [MESSAGE][FAILED] - Unable to click on object 'Object Repository/DeletionObject/Page_Home/i_Settings_fa fa-gear' (Root cause: com.kms.katalon.core.exception.StepFailedException: Unable to click on object 'Object Repository/DeletionObject/Page_Home/i_Settings_fa fa-gear'
	at com.kms.katalon.core.webui.keyword.internal.WebUIKeywordMain.stepFailed(WebUIKeywordMain.groovy:64)
	at com.kms.katalon.core.webui.keyword.internal.WebUIKeywordMain.runKeyword(WebUIKeywordMain.groovy:26)
	at com.kms.katalon.core.webui.keyword.builtin.ClickKeyword.click(ClickKeyword.groovy:103)
	at com.kms.katalon.core.webui.keyword.builtin.ClickKeyword.execute(ClickKeyword.groovy:43)
	at com.kms.katalon.core.keyword.internal.KeywordExecutor.executeKeywordForPlatform(KeywordExecutor.groovy:60)
	at com.kms.katalon.core.webui.keyword.WebUiBuiltInKeywords.click(WebUiBuiltInKeywords.groovy:616)
	at com.kms.katalon.core.webui.keyword.WebUiBuiltInKeywords$click$3.call(Unknown Source)
	at ProfileDeletion.run(ProfileDeletion:28)
	at com.kms.katalon.core.main.ScriptEngine.run(ScriptEngine.java:194)
	at com.kms.katalon.core.main.ScriptEngine.runScriptAsRawText(ScriptEngine.java:119)
	at com.kms.katalon.core.main.TestCaseExecutor.runScript(TestCaseExecutor.java:337)
	at com.kms.katalon.core.main.TestCaseExecutor.doExecute(TestCaseExecutor.java:328)
	at com.kms.katalon.core.main.TestCaseExecutor.processExecutionPhase(TestCaseExecutor.java:307)
	at com.kms.katalon.core.main.TestCaseExecutor.accessMainPhase(TestCaseExecutor.java:299)
	at com.kms.katalon.core.main.TestCaseExecutor.execute(TestCaseExecutor.java:233)
	at com.kms.katalon.core.main.TestSuiteExecutor.accessTestCaseMainPhase(TestSuiteExecutor.java:169)
	at com.kms.katalon.core.main.TestSuiteExecutor.accessTestSuiteMainPhase(TestSuiteExecutor.java:142)
	at com.kms.katalon.core.main.TestSuiteExecutor.execute(TestSuiteExecutor.java:91)
	at com.kms.katalon.core.main.TestCaseMain.startTestSuite(TestCaseMain.java:157)
	at com.kms.katalon.core.main.TestCaseMain$startTestSuite$0.call(Unknown Source)
	at TempTestSuite1575380721167.run(TempTestSuite1575380721167.groovy:36)
Caused by: com.kms.katalon.core.webui.exception.WebElementNotFoundException: Web element with id: 'Object Repository/DeletionObject/Page_Home/i_Settings_fa fa-gear' located by 'By.xpath: /html[@class="fa-events-icons-ready"]/body[1]/header[@class="main-header nav-down"]/div[@class="topbar"]/div[@class="container-fluid"]/div[@class="row"]/div[@class="col-xs-6 col-sm-3 col-sm-push-6"]/div[@class="notif"]/div[@class="pull-right dropdown"]/button[@class="btn dropdown-toggle setting"]/i[@class="fa fa-gear"]' not found
	at com.kms.katalon.core.webui.common.WebUiCommonHelper.findWebElement(WebUiCommonHelper.java:1113)
	at com.kms.katalon.core.webui.keyword.internal.WebUIAbstractKeyword.findWebElement(WebUIAbstractKeyword.groovy:27)
	at com.kms.katalon.core.webui.keyword.internal.WebUIAbstractKeyword.findWebElement(WebUIAbstractKeyword.groovy:26)
	at com.kms.katalon.core.webui.keyword.builtin.ClickKeyword$_click_closure1.doCall(ClickKeyword.groovy:68)
	at com.kms.katalon.core.webui.keyword.builtin.ClickKeyword$_click_closure1.call(ClickKeyword.groovy)
	at com.kms.katalon.core.webui.keyword.internal.WebUIKeywordMain.runKeyword(WebUIKeywordMain.groovy:20)
	at com.kms.katalon.core.webui.keyword.builtin.ClickKeyword.click(ClickKeyword.groovy:103)
	at com.kms.katalon.core.webui.keyword.builtin.ClickKeyword.execute(ClickKeyword.groovy:43)
	at com.kms.katalon.core.keyword.internal.KeywordExecutor.executeKeywordForPlatform(KeywordExecutor.groovy:60)
	at com.kms.katalon.core.webui.keyword.WebUiBuiltInKeywords.click(WebUiBuiltInKeywords.groovy:616)
	at com.kms.katalon.core.webui.keyword.WebUiBuiltInKeywords$click$3.call(Unknown Source)
	at Script1569870441881.run(Script1569870441881.groovy:28)
	... 13 more
)
[[ATTACHMENT|/Users/akhilesh/git/KatalonBDD1/Reports/20191203_191511/Acceptance/20191203_191511/1575385603326.png]]

2019-12-03 20:36:43 - [TEST_STEP][PASSED] - Start listener action : afterTestcase: Browser is closed

2019-12-03 20:36:43 - [TEST_STEP][PASSED] - closeBrowser(): Browser is closed

2019-12-03 20:36:44 - [MESSAGE][PASSED] - Browser is closed

2019-12-03 20:36:46 - [TEST_STEP][PASSED] - Video: Video recording for test case 'Test Cases/workLifeTest/ProfileDeletion' .

2019-12-03 20:36:46 - [MESSAGE][INFO] - Video recording for test case 'Test Cases/workLifeTest/ProfileDeletion' .
[[ATTACHMENT|/Users/akhilesh/git/KatalonBDD1/Reports/20191203_191511/Acceptance/20191203_191511/videos/test_17.avi]]]]></system-out>
         <system-err><![CDATA[2019-12-03 20:35:41 - [TEST_CASE][FAILED] - Test Cases/workLifeTest/ProfileDeletion: Test Cases/workLifeTest/ProfileDeletion FAILED.
Reason:
com.kms.katalon.core.exception.StepFailedException: Unable to click on object 'Object Repository/DeletionObject/Page_Home/i_Settings_fa fa-gear'
	at com.kms.katalon.core.webui.keyword.internal.WebUIKeywordMain.stepFailed(WebUIKeywordMain.groovy:64)
	at com.kms.katalon.core.webui.keyword.internal.WebUIKeywordMain.runKeyword(WebUIKeywordMain.groovy:26)
	at com.kms.katalon.core.webui.keyword.builtin.ClickKeyword.click(ClickKeyword.groovy:103)
	at com.kms.katalon.core.webui.keyword.builtin.ClickKeyword.execute(ClickKeyword.groovy:43)
	at com.kms.katalon.core.keyword.internal.KeywordExecutor.executeKeywordForPlatform(KeywordExecutor.groovy:60)
	at com.kms.katalon.core.webui.keyword.WebUiBuiltInKeywords.click(WebUiBuiltInKeywords.groovy:616)
	at com.kms.katalon.core.webui.keyword.WebUiBuiltInKeywords$click$3.call(Unknown Source)
	at ProfileDeletion.run(ProfileDeletion:28)
	at com.kms.katalon.core.main.ScriptEngine.run(ScriptEngine.java:194)
	at com.kms.katalon.core.main.ScriptEngine.runScriptAsRawText(ScriptEngine.java:119)
	at com.kms.katalon.core.main.TestCaseExecutor.runScript(TestCaseExecutor.java:337)
	at com.kms.katalon.core.main.TestCaseExecutor.doExecute(TestCaseExecutor.java:328)
	at com.kms.katalon.core.main.TestCaseExecutor.processExecutionPhase(TestCaseExecutor.java:307)
	at com.kms.katalon.core.main.TestCaseExecutor.accessMainPhase(TestCaseExecutor.java:299)
	at com.kms.katalon.core.main.TestCaseExecutor.execute(TestCaseExecutor.java:233)
	at com.kms.katalon.core.main.TestSuiteExecutor.accessTestCaseMainPhase(TestSuiteExecutor.java:169)
	at com.kms.katalon.core.main.TestSuiteExecutor.accessTestSuiteMainPhase(TestSuiteExecutor.java:142)
	at com.kms.katalon.core.main.TestSuiteExecutor.execute(TestSuiteExecutor.java:91)
	at com.kms.katalon.core.main.TestCaseMain.startTestSuite(TestCaseMain.java:157)
	at com.kms.katalon.core.main.TestCaseMain$startTestSuite$0.call(Unknown Source)
	at TempTestSuite1575380721167.run(TempTestSuite1575380721167.groovy:36)
Caused by: com.kms.katalon.core.webui.exception.WebElementNotFoundException: Web element with id: 'Object Repository/DeletionObject/Page_Home/i_Settings_fa fa-gear' located by 'By.xpath: /html[@class="fa-events-icons-ready"]/body[1]/header[@class="main-header nav-down"]/div[@class="topbar"]/div[@class="container-fluid"]/div[@class="row"]/div[@class="col-xs-6 col-sm-3 col-sm-push-6"]/div[@class="notif"]/div[@class="pull-right dropdown"]/button[@class="btn dropdown-toggle setting"]/i[@class="fa fa-gear"]' not found
	at com.kms.katalon.core.webui.common.WebUiCommonHelper.findWebElement(WebUiCommonHelper.java:1113)
	at com.kms.katalon.core.webui.keyword.internal.WebUIAbstractKeyword.findWebElement(WebUIAbstractKeyword.groovy:27)
	at com.kms.katalon.core.webui.keyword.internal.WebUIAbstractKeyword.findWebElement(WebUIAbstractKeyword.groovy:26)
	at com.kms.katalon.core.webui.keyword.builtin.ClickKeyword$_click_closure1.doCall(ClickKeyword.groovy:68)
	at com.kms.katalon.core.webui.keyword.builtin.ClickKeyword$_click_closure1.call(ClickKeyword.groovy)
	at com.kms.katalon.core.webui.keyword.internal.WebUIKeywordMain.runKeyword(WebUIKeywordMain.groovy:20)
	... 19 more]]></system-err>
      </testcase>
      <testcase name="Test Cases/workLifeTest/FailureTest" time="19.685" classname="Test Cases/workLifeTest/FailureTest" status="PASSED">
         <system-out><![CDATA[2019-12-03 20:36:46 - [TEST_CASE][PASSED] - Test Cases/workLifeTest/FailureTest: Test Cases/workLifeTest/FailureTest

2019-12-03 20:36:46 - [TEST_STEP][PASSED] - Start listener action : beforeTestcase: null

2019-12-03 20:36:46 - [TEST_STEP][PASSED] - openBrowser(AppUrl): Browser is opened with url: 'https://qa.thework.life'

2019-12-03 20:36:46 - [MESSAGE][INFO] - Starting 'Firefox' driver

2019-12-03 20:36:55 - [MESSAGE][PASSED] - Browser is opened with url: 'https://qa.thework.life'

2019-12-03 20:36:55 - [TEST_STEP][PASSED] - navigateToUrl(AppUrl): Navigate to 'https://qa.thework.life' successfully

2019-12-03 20:36:57 - [MESSAGE][PASSED] - Navigate to 'https://qa.thework.life' successfully

2019-12-03 20:36:57 - [TEST_STEP][PASSED] - setText(findTestObject("Object Repository/Page_theworklife/input_Forgot password_username"), "jsgifuwidw@gmail.com"): Text 'jsgifuwidw@gmail.com' is set on object 'Object Repository/Page_theworklife/input_Forgot password_username'

2019-12-03 20:36:58 - [MESSAGE][PASSED] - Text 'jsgifuwidw@gmail.com' is set on object 'Object Repository/Page_theworklife/input_Forgot password_username'

2019-12-03 20:36:58 - [TEST_STEP][PASSED] - setEncryptedText(findTestObject("Object Repository/Page_theworklife/input_Forgot password_password"), "I24EpPs9VQ1LZoTHit0ojg=="): Text ****** has been set on object 'Object Repository/Page_theworklife/input_Forgot password_password'

2019-12-03 20:36:58 - [MESSAGE][PASSED] - Text ****** has been set on object 'Object Repository/Page_theworklife/input_Forgot password_password'

2019-12-03 20:36:58 - [TEST_STEP][PASSED] - click(findTestObject("Object Repository/Page_theworklife/button_Sign in")): Object: 'Object Repository/Page_theworklife/button_Sign in' is clicked on

2019-12-03 20:37:01 - [MESSAGE][PASSED] - Object: 'Object Repository/Page_theworklife/button_Sign in' is clicked on

2019-12-03 20:37:01 - [TEST_STEP][PASSED] - click(findTestObject("Object Repository/Page_theworklife/span_Username or Email ID does not exist")): Object: 'Object Repository/Page_theworklife/span_Username or Email ID does not exist' is clicked on

2019-12-03 20:37:01 - [MESSAGE][PASSED] - Object: 'Object Repository/Page_theworklife/span_Username or Email ID does not exist' is clicked on

2019-12-03 20:37:01 - [TEST_STEP][PASSED] - verifyElementText(findTestObject("Page_theworklife/span_Username or Email ID does not exist"), "Username or Email ID does not exist!"): Actual text and expected text of test object 'Object Repository/Page_theworklife/span_Username or Email ID does not exist' are matched.

2019-12-03 20:37:02 - [MESSAGE][PASSED] - Actual text and expected text of test object 'Object Repository/Page_theworklife/span_Username or Email ID does not exist' are matched.

2019-12-03 20:37:02 - [TEST_STEP][PASSED] - closeBrowser(): Browser is closed

2019-12-03 20:37:03 - [MESSAGE][PASSED] - Browser is closed

2019-12-03 20:37:03 - [TEST_STEP][PASSED] - Start listener action : afterTestcase: Browser is closed

2019-12-03 20:37:03 - [TEST_STEP][PASSED] - closeBrowser(): Browser is closed

2019-12-03 20:37:03 - [MESSAGE][PASSED] - Browser is closed

2019-12-03 20:37:05 - [TEST_STEP][PASSED] - Video: Video recording for test case 'Test Cases/workLifeTest/FailureTest' .

2019-12-03 20:37:05 - [MESSAGE][INFO] - Video recording for test case 'Test Cases/workLifeTest/FailureTest' .
[[ATTACHMENT|/Users/akhilesh/git/KatalonBDD1/Reports/20191203_191511/Acceptance/20191203_191511/videos/test_18.avi]]]]></system-out>
         <system-err><![CDATA[]]></system-err>
      </testcase>
      <testcase name="Test Cases/workLifeTest/FollowerVerification-" time="83.189" classname="Test Cases/workLifeTest/FollowerVerification-" status="FAILED">
         <failure type="FAILED" message="Test Cases/workLifeTest/FollowerVerification- FAILED.
Reason:
com.kms.katalon.core.exception.StepFailedException: Unable to verify object 'Object Repository/FollowerVerification/Page_Connections/div_FollowerCheck' is visible
	at com.kms.katalon.core.webui.keyword.internal.WebUIKeywordMain.stepFailed(WebUIKeywordMain.groovy:64)
	at com.kms.katalon.core.webui.keyword.internal.WebUIKeywordMain.runKeyword(WebUIKeywordMain.groovy:26)
	at com.kms.katalon.core.webui.keyword.builtin.VerifyElementVisibleKeyword.verifyElementVisible(VerifyElementVisibleKeyword.groovy:97)
	at com.kms.katalon.core.webui.keyword.builtin.VerifyElementVisibleKeyword.execute(VerifyElementVisibleKeyword.groovy:67)
	at com.kms.katalon.core.keyword.internal.KeywordExecutor.executeKeywordForPlatform(KeywordExecutor.groovy:60)
	at com.kms.katalon.core.webui.keyword.WebUiBuiltInKeywords.verifyElementVisible(WebUiBuiltInKeywords.groovy:358)
	at com.kms.katalon.core.webui.keyword.WebUiBuiltInKeywords$verifyElementVisible$13.call(Unknown Source)
	at FollowerVerification-.run(FollowerVerification-:34)
	at com.kms.katalon.core.main.ScriptEngine.run(ScriptEngine.java:194)
	at com.kms.katalon.core.main.ScriptEngine.runScriptAsRawText(ScriptEngine.java:119)
	at com.kms.katalon.core.main.TestCaseExecutor.runScript(TestCaseExecutor.java:337)
	at com.kms.katalon.core.main.TestCaseExecutor.doExecute(TestCaseExecutor.java:328)
	at com.kms.katalon.core.main.TestCaseExecutor.processExecutionPhase(TestCaseExecutor.java:307)
	at com.kms.katalon.core.main.TestCaseExecutor.accessMainPhase(TestCaseExecutor.java:299)
	at com.kms.katalon.core.main.TestCaseExecutor.execute(TestCaseExecutor.java:233)
	at com.kms.katalon.core.main.TestSuiteExecutor.accessTestCaseMainPhase(TestSuiteExecutor.java:169)
	at com.kms.katalon.core.main.TestSuiteExecutor.accessTestSuiteMainPhase(TestSuiteExecutor.java:142)
	at com.kms.katalon.core.main.TestSuiteExecutor.execute(TestSuiteExecutor.java:91)
	at com.kms.katalon.core.main.TestCaseMain.startTestSuite(TestCaseMain.java:157)
	at com.kms.katalon.core.main.TestCaseMain$startTestSuite$0.call(Unknown Source)
	at TempTestSuite1575380721167.run(TempTestSuite1575380721167.groovy:36)
Caused by: com.kms.katalon.core.exception.StepFailedException: Web element with id: 'Object Repository/FollowerVerification/Page_Connections/div_FollowerCheck' located by 'By.xpath: //div[contains(text(),'Suraj')]' not found
	at com.kms.katalon.core.webui.keyword.internal.WebUIKeywordMain.stepFailed(WebUIKeywordMain.groovy:64)
	at com.kms.katalon.core.webui.keyword.builtin.VerifyElementVisibleKeyword$_verifyElementVisible_closure1.doCall(VerifyElementVisibleKeyword.groovy:89)
	at com.kms.katalon.core.webui.keyword.builtin.VerifyElementVisibleKeyword$_verifyElementVisible_closure1.call(VerifyElementVisibleKeyword.groovy)
	at com.kms.katalon.core.webui.keyword.internal.WebUIKeywordMain.runKeyword(WebUIKeywordMain.groovy:20)
	... 19 more
"/>
         <system-out><![CDATA[2019-12-03 20:37:05 - [TEST_CASE][FAILED] - Test Cases/workLifeTest/FollowerVerification-: Test Cases/workLifeTest/FollowerVerification- FAILED.
Reason:
com.kms.katalon.core.exception.StepFailedException: Unable to verify object 'Object Repository/FollowerVerification/Page_Connections/div_FollowerCheck' is visible
	at com.kms.katalon.core.webui.keyword.internal.WebUIKeywordMain.stepFailed(WebUIKeywordMain.groovy:64)
	at com.kms.katalon.core.webui.keyword.internal.WebUIKeywordMain.runKeyword(WebUIKeywordMain.groovy:26)
	at com.kms.katalon.core.webui.keyword.builtin.VerifyElementVisibleKeyword.verifyElementVisible(VerifyElementVisibleKeyword.groovy:97)
	at com.kms.katalon.core.webui.keyword.builtin.VerifyElementVisibleKeyword.execute(VerifyElementVisibleKeyword.groovy:67)
	at com.kms.katalon.core.keyword.internal.KeywordExecutor.executeKeywordForPlatform(KeywordExecutor.groovy:60)
	at com.kms.katalon.core.webui.keyword.WebUiBuiltInKeywords.verifyElementVisible(WebUiBuiltInKeywords.groovy:358)
	at com.kms.katalon.core.webui.keyword.WebUiBuiltInKeywords$verifyElementVisible$13.call(Unknown Source)
	at FollowerVerification-.run(FollowerVerification-:34)
	at com.kms.katalon.core.main.ScriptEngine.run(ScriptEngine.java:194)
	at com.kms.katalon.core.main.ScriptEngine.runScriptAsRawText(ScriptEngine.java:119)
	at com.kms.katalon.core.main.TestCaseExecutor.runScript(TestCaseExecutor.java:337)
	at com.kms.katalon.core.main.TestCaseExecutor.doExecute(TestCaseExecutor.java:328)
	at com.kms.katalon.core.main.TestCaseExecutor.processExecutionPhase(TestCaseExecutor.java:307)
	at com.kms.katalon.core.main.TestCaseExecutor.accessMainPhase(TestCaseExecutor.java:299)
	at com.kms.katalon.core.main.TestCaseExecutor.execute(TestCaseExecutor.java:233)
	at com.kms.katalon.core.main.TestSuiteExecutor.accessTestCaseMainPhase(TestSuiteExecutor.java:169)
	at com.kms.katalon.core.main.TestSuiteExecutor.accessTestSuiteMainPhase(TestSuiteExecutor.java:142)
	at com.kms.katalon.core.main.TestSuiteExecutor.execute(TestSuiteExecutor.java:91)
	at com.kms.katalon.core.main.TestCaseMain.startTestSuite(TestCaseMain.java:157)
	at com.kms.katalon.core.main.TestCaseMain$startTestSuite$0.call(Unknown Source)
	at TempTestSuite1575380721167.run(TempTestSuite1575380721167.groovy:36)
Caused by: com.kms.katalon.core.exception.StepFailedException: Web element with id: 'Object Repository/FollowerVerification/Page_Connections/div_FollowerCheck' located by 'By.xpath: //div[contains(text(),'Suraj')]' not found
	at com.kms.katalon.core.webui.keyword.internal.WebUIKeywordMain.stepFailed(WebUIKeywordMain.groovy:64)
	at com.kms.katalon.core.webui.keyword.builtin.VerifyElementVisibleKeyword$_verifyElementVisible_closure1.doCall(VerifyElementVisibleKeyword.groovy:89)
	at com.kms.katalon.core.webui.keyword.builtin.VerifyElementVisibleKeyword$_verifyElementVisible_closure1.call(VerifyElementVisibleKeyword.groovy)
	at com.kms.katalon.core.webui.keyword.internal.WebUIKeywordMain.runKeyword(WebUIKeywordMain.groovy:20)
	... 19 more


2019-12-03 20:37:05 - [TEST_STEP][PASSED] - Start listener action : beforeTestcase: null

2019-12-03 20:37:05 - [TEST_STEP][PASSED] - openBrowser(AppUrl): Browser is opened with url: 'https://qa.thework.life'

2019-12-03 20:37:05 - [MESSAGE][INFO] - Starting 'Firefox' driver

2019-12-03 20:37:16 - [MESSAGE][PASSED] - Browser is opened with url: 'https://qa.thework.life'

2019-12-03 20:37:16 - [TEST_STEP][PASSED] - navigateToUrl(AppUrl): Navigate to 'https://qa.thework.life' successfully

2019-12-03 20:37:20 - [MESSAGE][PASSED] - Navigate to 'https://qa.thework.life' successfully

2019-12-03 20:37:20 - [TEST_STEP][PASSED] - setText(findTestObject("Object Repository/FollowerVerification/Page_theworklife - Find Great People To Work With/input_Forgot password_username"), "vijayvstest01@gmail.com"): Text 'vijayvstest01@gmail.com' is set on object 'Object Repository/FollowerVerification/Page_theworklife - Find Great People To Work With/input_Forgot password_username'

2019-12-03 20:37:20 - [MESSAGE][PASSED] - Text 'vijayvstest01@gmail.com' is set on object 'Object Repository/FollowerVerification/Page_theworklife - Find Great People To Work With/input_Forgot password_username'

2019-12-03 20:37:20 - [TEST_STEP][PASSED] - setEncryptedText(findTestObject("Object Repository/FollowerVerification/Page_theworklife - Find Great People To Work With/input_Forgot password_password"), "cvW8qx4B2o3F4VwP/kNsqA=="): Text ****** has been set on object 'Object Repository/FollowerVerification/Page_theworklife - Find Great People To Work With/input_Forgot password_password'

2019-12-03 20:37:21 - [MESSAGE][PASSED] - Text ****** has been set on object 'Object Repository/FollowerVerification/Page_theworklife - Find Great People To Work With/input_Forgot password_password'

2019-12-03 20:37:21 - [TEST_STEP][PASSED] - click(findTestObject("Object Repository/FollowerVerification/Page_theworklife - Find Great People To Work With/button_Sign in")): Object: 'Object Repository/FollowerVerification/Page_theworklife - Find Great People To Work With/button_Sign in' is clicked on

2019-12-03 20:37:26 - [MESSAGE][PASSED] - Object: 'Object Repository/FollowerVerification/Page_theworklife - Find Great People To Work With/button_Sign in' is clicked on

2019-12-03 20:37:26 - [TEST_STEP][PASSED] - click(findTestObject("Object Repository/FollowerVerification/Page_Home/a_connections")): Object: 'Object Repository/FollowerVerification/Page_Home/a_connections' is clicked on

2019-12-03 20:37:35 - [MESSAGE][PASSED] - Object: 'Object Repository/FollowerVerification/Page_Home/a_connections' is clicked on

2019-12-03 20:37:35 - [TEST_STEP][PASSED] - click(findTestObject("FollowerVerification/Page_Connections/a_follower")): Object: 'Object Repository/FollowerVerification/Page_Connections/a_follower' is clicked on

2019-12-03 20:37:36 - [MESSAGE][PASSED] - Object: 'Object Repository/FollowerVerification/Page_Connections/a_follower' is clicked on

2019-12-03 20:37:36 - [TEST_STEP][PASSED] - delay(5): Delayed 5 second(s)

2019-12-03 20:37:41 - [MESSAGE][PASSED] - Delayed 5 second(s)

2019-12-03 20:37:41 - [TEST_STEP][FAILED] - verifyElementVisible(findTestObject("FollowerVerification/Page_Connections/div_FollowerCheck"), STOP_ON_FAILURE): Unable to verify object 'Object Repository/FollowerVerification/Page_Connections/div_FollowerCheck' is visible (Root cause: com.kms.katalon.core.exception.StepFailedException: Unable to verify object 'Object Repository/FollowerVerification/Page_Connections/div_FollowerCheck' is visible
	at com.kms.katalon.core.webui.keyword.internal.WebUIKeywordMain.stepFailed(WebUIKeywordMain.groovy:64)
	at com.kms.katalon.core.webui.keyword.internal.WebUIKeywordMain.runKeyword(WebUIKeywordMain.groovy:26)
	at com.kms.katalon.core.webui.keyword.builtin.VerifyElementVisibleKeyword.verifyElementVisible(VerifyElementVisibleKeyword.groovy:97)
	at com.kms.katalon.core.webui.keyword.builtin.VerifyElementVisibleKeyword.execute(VerifyElementVisibleKeyword.groovy:67)
	at com.kms.katalon.core.keyword.internal.KeywordExecutor.executeKeywordForPlatform(KeywordExecutor.groovy:60)
	at com.kms.katalon.core.webui.keyword.WebUiBuiltInKeywords.verifyElementVisible(WebUiBuiltInKeywords.groovy:358)
	at com.kms.katalon.core.webui.keyword.WebUiBuiltInKeywords$verifyElementVisible$13.call(Unknown Source)
	at FollowerVerification-.run(FollowerVerification-:34)
	at com.kms.katalon.core.main.ScriptEngine.run(ScriptEngine.java:194)
	at com.kms.katalon.core.main.ScriptEngine.runScriptAsRawText(ScriptEngine.java:119)
	at com.kms.katalon.core.main.TestCaseExecutor.runScript(TestCaseExecutor.java:337)
	at com.kms.katalon.core.main.TestCaseExecutor.doExecute(TestCaseExecutor.java:328)
	at com.kms.katalon.core.main.TestCaseExecutor.processExecutionPhase(TestCaseExecutor.java:307)
	at com.kms.katalon.core.main.TestCaseExecutor.accessMainPhase(TestCaseExecutor.java:299)
	at com.kms.katalon.core.main.TestCaseExecutor.execute(TestCaseExecutor.java:233)
	at com.kms.katalon.core.main.TestSuiteExecutor.accessTestCaseMainPhase(TestSuiteExecutor.java:169)
	at com.kms.katalon.core.main.TestSuiteExecutor.accessTestSuiteMainPhase(TestSuiteExecutor.java:142)
	at com.kms.katalon.core.main.TestSuiteExecutor.execute(TestSuiteExecutor.java:91)
	at com.kms.katalon.core.main.TestCaseMain.startTestSuite(TestCaseMain.java:157)
	at com.kms.katalon.core.main.TestCaseMain$startTestSuite$0.call(Unknown Source)
	at TempTestSuite1575380721167.run(TempTestSuite1575380721167.groovy:36)
Caused by: com.kms.katalon.core.exception.StepFailedException: Web element with id: 'Object Repository/FollowerVerification/Page_Connections/div_FollowerCheck' located by 'By.xpath: //div[contains(text(),'Suraj')]' not found
	at com.kms.katalon.core.webui.keyword.internal.WebUIKeywordMain.stepFailed(WebUIKeywordMain.groovy:64)
	at com.kms.katalon.core.webui.keyword.builtin.VerifyElementVisibleKeyword$_verifyElementVisible_closure1.doCall(VerifyElementVisibleKeyword.groovy:89)
	at com.kms.katalon.core.webui.keyword.builtin.VerifyElementVisibleKeyword$_verifyElementVisible_closure1.call(VerifyElementVisibleKeyword.groovy)
	at com.kms.katalon.core.webui.keyword.internal.WebUIKeywordMain.runKeyword(WebUIKeywordMain.groovy:20)
	... 19 more
)

2019-12-03 20:38:25 - [MESSAGE][INFO] - Unable to find the element located by 'By.xpath: //div[contains(text(),'Suraj')]'. Please recheck the objects properties to make sure the desired element is located. 

2019-12-03 20:38:26 - [MESSAGE][FAILED] - Web element with id: 'Object Repository/FollowerVerification/Page_Connections/div_FollowerCheck' located by 'By.xpath: //div[contains(text(),'Suraj')]' not found (Root cause: com.kms.katalon.core.exception.StepFailedException: Web element with id: 'Object Repository/FollowerVerification/Page_Connections/div_FollowerCheck' located by 'By.xpath: //div[contains(text(),'Suraj')]' not found
	at com.kms.katalon.core.webui.keyword.internal.WebUIKeywordMain.stepFailed(WebUIKeywordMain.groovy:64)
	at com.kms.katalon.core.webui.keyword.builtin.VerifyElementVisibleKeyword$_verifyElementVisible_closure1.doCall(VerifyElementVisibleKeyword.groovy:89)
	at com.kms.katalon.core.webui.keyword.builtin.VerifyElementVisibleKeyword$_verifyElementVisible_closure1.call(VerifyElementVisibleKeyword.groovy)
	at com.kms.katalon.core.webui.keyword.internal.WebUIKeywordMain.runKeyword(WebUIKeywordMain.groovy:20)
	at com.kms.katalon.core.webui.keyword.builtin.VerifyElementVisibleKeyword.verifyElementVisible(VerifyElementVisibleKeyword.groovy:97)
	at com.kms.katalon.core.webui.keyword.builtin.VerifyElementVisibleKeyword.execute(VerifyElementVisibleKeyword.groovy:67)
	at com.kms.katalon.core.keyword.internal.KeywordExecutor.executeKeywordForPlatform(KeywordExecutor.groovy:60)
	at com.kms.katalon.core.webui.keyword.WebUiBuiltInKeywords.verifyElementVisible(WebUiBuiltInKeywords.groovy:358)
	at com.kms.katalon.core.webui.keyword.WebUiBuiltInKeywords$verifyElementVisible$13.call(Unknown Source)
	at FollowerVerification-.run(FollowerVerification-:34)
	at com.kms.katalon.core.main.ScriptEngine.run(ScriptEngine.java:194)
	at com.kms.katalon.core.main.ScriptEngine.runScriptAsRawText(ScriptEngine.java:119)
	at com.kms.katalon.core.main.TestCaseExecutor.runScript(TestCaseExecutor.java:337)
	at com.kms.katalon.core.main.TestCaseExecutor.doExecute(TestCaseExecutor.java:328)
	at com.kms.katalon.core.main.TestCaseExecutor.processExecutionPhase(TestCaseExecutor.java:307)
	at com.kms.katalon.core.main.TestCaseExecutor.accessMainPhase(TestCaseExecutor.java:299)
	at com.kms.katalon.core.main.TestCaseExecutor.execute(TestCaseExecutor.java:233)
	at com.kms.katalon.core.main.TestSuiteExecutor.accessTestCaseMainPhase(TestSuiteExecutor.java:169)
	at com.kms.katalon.core.main.TestSuiteExecutor.accessTestSuiteMainPhase(TestSuiteExecutor.java:142)
	at com.kms.katalon.core.main.TestSuiteExecutor.execute(TestSuiteExecutor.java:91)
	at com.kms.katalon.core.main.TestCaseMain.startTestSuite(TestCaseMain.java:157)
	at com.kms.katalon.core.main.TestCaseMain$startTestSuite$0.call(Unknown Source)
	at TempTestSuite1575380721167.run(TempTestSuite1575380721167.groovy:36)
)
[[ATTACHMENT|/Users/akhilesh/git/KatalonBDD1/Reports/20191203_191511/Acceptance/20191203_191511/1575385705867.png]]

2019-12-03 20:38:26 - [MESSAGE][FAILED] - Unable to verify object 'Object Repository/FollowerVerification/Page_Connections/div_FollowerCheck' is visible (Root cause: com.kms.katalon.core.exception.StepFailedException: Unable to verify object 'Object Repository/FollowerVerification/Page_Connections/div_FollowerCheck' is visible
	at com.kms.katalon.core.webui.keyword.internal.WebUIKeywordMain.stepFailed(WebUIKeywordMain.groovy:64)
	at com.kms.katalon.core.webui.keyword.internal.WebUIKeywordMain.runKeyword(WebUIKeywordMain.groovy:26)
	at com.kms.katalon.core.webui.keyword.builtin.VerifyElementVisibleKeyword.verifyElementVisible(VerifyElementVisibleKeyword.groovy:97)
	at com.kms.katalon.core.webui.keyword.builtin.VerifyElementVisibleKeyword.execute(VerifyElementVisibleKeyword.groovy:67)
	at com.kms.katalon.core.keyword.internal.KeywordExecutor.executeKeywordForPlatform(KeywordExecutor.groovy:60)
	at com.kms.katalon.core.webui.keyword.WebUiBuiltInKeywords.verifyElementVisible(WebUiBuiltInKeywords.groovy:358)
	at com.kms.katalon.core.webui.keyword.WebUiBuiltInKeywords$verifyElementVisible$13.call(Unknown Source)
	at FollowerVerification-.run(FollowerVerification-:34)
	at com.kms.katalon.core.main.ScriptEngine.run(ScriptEngine.java:194)
	at com.kms.katalon.core.main.ScriptEngine.runScriptAsRawText(ScriptEngine.java:119)
	at com.kms.katalon.core.main.TestCaseExecutor.runScript(TestCaseExecutor.java:337)
	at com.kms.katalon.core.main.TestCaseExecutor.doExecute(TestCaseExecutor.java:328)
	at com.kms.katalon.core.main.TestCaseExecutor.processExecutionPhase(TestCaseExecutor.java:307)
	at com.kms.katalon.core.main.TestCaseExecutor.accessMainPhase(TestCaseExecutor.java:299)
	at com.kms.katalon.core.main.TestCaseExecutor.execute(TestCaseExecutor.java:233)
	at com.kms.katalon.core.main.TestSuiteExecutor.accessTestCaseMainPhase(TestSuiteExecutor.java:169)
	at com.kms.katalon.core.main.TestSuiteExecutor.accessTestSuiteMainPhase(TestSuiteExecutor.java:142)
	at com.kms.katalon.core.main.TestSuiteExecutor.execute(TestSuiteExecutor.java:91)
	at com.kms.katalon.core.main.TestCaseMain.startTestSuite(TestCaseMain.java:157)
	at com.kms.katalon.core.main.TestCaseMain$startTestSuite$0.call(Unknown Source)
	at TempTestSuite1575380721167.run(TempTestSuite1575380721167.groovy:36)
Caused by: com.kms.katalon.core.exception.StepFailedException: Web element with id: 'Object Repository/FollowerVerification/Page_Connections/div_FollowerCheck' located by 'By.xpath: //div[contains(text(),'Suraj')]' not found
	at com.kms.katalon.core.webui.keyword.internal.WebUIKeywordMain.stepFailed(WebUIKeywordMain.groovy:64)
	at com.kms.katalon.core.webui.keyword.builtin.VerifyElementVisibleKeyword$_verifyElementVisible_closure1.doCall(VerifyElementVisibleKeyword.groovy:89)
	at com.kms.katalon.core.webui.keyword.builtin.VerifyElementVisibleKeyword$_verifyElementVisible_closure1.call(VerifyElementVisibleKeyword.groovy)
	at com.kms.katalon.core.webui.keyword.internal.WebUIKeywordMain.runKeyword(WebUIKeywordMain.groovy:20)
	... 19 more
)
[[ATTACHMENT|/Users/akhilesh/git/KatalonBDD1/Reports/20191203_191511/Acceptance/20191203_191511/1575385706090.png]]

2019-12-03 20:38:26 - [TEST_STEP][PASSED] - Start listener action : afterTestcase: Browser is closed

2019-12-03 20:38:26 - [TEST_STEP][PASSED] - closeBrowser(): Browser is closed

2019-12-03 20:38:26 - [MESSAGE][PASSED] - Browser is closed

2019-12-03 20:38:29 - [TEST_STEP][PASSED] - Video: Video recording for test case 'Test Cases/workLifeTest/FollowerVerification-' .

2019-12-03 20:38:29 - [MESSAGE][INFO] - Video recording for test case 'Test Cases/workLifeTest/FollowerVerification-' .
[[ATTACHMENT|/Users/akhilesh/git/KatalonBDD1/Reports/20191203_191511/Acceptance/20191203_191511/videos/test_19.avi]]]]></system-out>
         <system-err><![CDATA[2019-12-03 20:37:05 - [TEST_CASE][FAILED] - Test Cases/workLifeTest/FollowerVerification-: Test Cases/workLifeTest/FollowerVerification- FAILED.
Reason:
com.kms.katalon.core.exception.StepFailedException: Unable to verify object 'Object Repository/FollowerVerification/Page_Connections/div_FollowerCheck' is visible
	at com.kms.katalon.core.webui.keyword.internal.WebUIKeywordMain.stepFailed(WebUIKeywordMain.groovy:64)
	at com.kms.katalon.core.webui.keyword.internal.WebUIKeywordMain.runKeyword(WebUIKeywordMain.groovy:26)
	at com.kms.katalon.core.webui.keyword.builtin.VerifyElementVisibleKeyword.verifyElementVisible(VerifyElementVisibleKeyword.groovy:97)
	at com.kms.katalon.core.webui.keyword.builtin.VerifyElementVisibleKeyword.execute(VerifyElementVisibleKeyword.groovy:67)
	at com.kms.katalon.core.keyword.internal.KeywordExecutor.executeKeywordForPlatform(KeywordExecutor.groovy:60)
	at com.kms.katalon.core.webui.keyword.WebUiBuiltInKeywords.verifyElementVisible(WebUiBuiltInKeywords.groovy:358)
	at com.kms.katalon.core.webui.keyword.WebUiBuiltInKeywords$verifyElementVisible$13.call(Unknown Source)
	at FollowerVerification-.run(FollowerVerification-:34)
	at com.kms.katalon.core.main.ScriptEngine.run(ScriptEngine.java:194)
	at com.kms.katalon.core.main.ScriptEngine.runScriptAsRawText(ScriptEngine.java:119)
	at com.kms.katalon.core.main.TestCaseExecutor.runScript(TestCaseExecutor.java:337)
	at com.kms.katalon.core.main.TestCaseExecutor.doExecute(TestCaseExecutor.java:328)
	at com.kms.katalon.core.main.TestCaseExecutor.processExecutionPhase(TestCaseExecutor.java:307)
	at com.kms.katalon.core.main.TestCaseExecutor.accessMainPhase(TestCaseExecutor.java:299)
	at com.kms.katalon.core.main.TestCaseExecutor.execute(TestCaseExecutor.java:233)
	at com.kms.katalon.core.main.TestSuiteExecutor.accessTestCaseMainPhase(TestSuiteExecutor.java:169)
	at com.kms.katalon.core.main.TestSuiteExecutor.accessTestSuiteMainPhase(TestSuiteExecutor.java:142)
	at com.kms.katalon.core.main.TestSuiteExecutor.execute(TestSuiteExecutor.java:91)
	at com.kms.katalon.core.main.TestCaseMain.startTestSuite(TestCaseMain.java:157)
	at com.kms.katalon.core.main.TestCaseMain$startTestSuite$0.call(Unknown Source)
	at TempTestSuite1575380721167.run(TempTestSuite1575380721167.groovy:36)
Caused by: com.kms.katalon.core.exception.StepFailedException: Web element with id: 'Object Repository/FollowerVerification/Page_Connections/div_FollowerCheck' located by 'By.xpath: //div[contains(text(),'Suraj')]' not found
	at com.kms.katalon.core.webui.keyword.internal.WebUIKeywordMain.stepFailed(WebUIKeywordMain.groovy:64)
	at com.kms.katalon.core.webui.keyword.builtin.VerifyElementVisibleKeyword$_verifyElementVisible_closure1.doCall(VerifyElementVisibleKeyword.groovy:89)
	at com.kms.katalon.core.webui.keyword.builtin.VerifyElementVisibleKeyword$_verifyElementVisible_closure1.call(VerifyElementVisibleKeyword.groovy)
	at com.kms.katalon.core.webui.keyword.internal.WebUIKeywordMain.runKeyword(WebUIKeywordMain.groovy:20)
	... 19 more]]></system-err>
      </testcase>
      <testcase name="Test Cases/workLifeTest/FollowingVerification" time="33.194" classname="Test Cases/workLifeTest/FollowingVerification" status="PASSED">
         <system-out><![CDATA[2019-12-03 20:38:29 - [TEST_CASE][PASSED] - Test Cases/workLifeTest/FollowingVerification: Test Cases/workLifeTest/FollowingVerification

2019-12-03 20:38:29 - [TEST_STEP][PASSED] - Start listener action : beforeTestcase: null

2019-12-03 20:38:29 - [TEST_STEP][PASSED] - openBrowser(AppUrl): Browser is opened with url: 'https://qa.thework.life'

2019-12-03 20:38:29 - [MESSAGE][INFO] - Starting 'Firefox' driver

2019-12-03 20:38:37 - [MESSAGE][PASSED] - Browser is opened with url: 'https://qa.thework.life'

2019-12-03 20:38:37 - [TEST_STEP][PASSED] - navigateToUrl(AppUrl): Navigate to 'https://qa.thework.life' successfully

2019-12-03 20:38:41 - [MESSAGE][PASSED] - Navigate to 'https://qa.thework.life' successfully

2019-12-03 20:38:41 - [TEST_STEP][PASSED] - setText(findTestObject("Object Repository/FollowerVerification/Page_theworklife - Find Great People To Work With/input_Forgot password_username"), "vijayvstest01@gmail.com"): Text 'vijayvstest01@gmail.com' is set on object 'Object Repository/FollowerVerification/Page_theworklife - Find Great People To Work With/input_Forgot password_username'

2019-12-03 20:38:41 - [MESSAGE][PASSED] - Text 'vijayvstest01@gmail.com' is set on object 'Object Repository/FollowerVerification/Page_theworklife - Find Great People To Work With/input_Forgot password_username'

2019-12-03 20:38:41 - [TEST_STEP][PASSED] - setEncryptedText(findTestObject("Object Repository/FollowerVerification/Page_theworklife - Find Great People To Work With/input_Forgot password_password"), "cvW8qx4B2o3F4VwP/kNsqA=="): Text ****** has been set on object 'Object Repository/FollowerVerification/Page_theworklife - Find Great People To Work With/input_Forgot password_password'

2019-12-03 20:38:41 - [MESSAGE][PASSED] - Text ****** has been set on object 'Object Repository/FollowerVerification/Page_theworklife - Find Great People To Work With/input_Forgot password_password'

2019-12-03 20:38:41 - [TEST_STEP][PASSED] - click(findTestObject("Object Repository/FollowerVerification/Page_theworklife - Find Great People To Work With/button_Sign in")): Object: 'Object Repository/FollowerVerification/Page_theworklife - Find Great People To Work With/button_Sign in' is clicked on

2019-12-03 20:38:47 - [MESSAGE][PASSED] - Object: 'Object Repository/FollowerVerification/Page_theworklife - Find Great People To Work With/button_Sign in' is clicked on

2019-12-03 20:38:47 - [TEST_STEP][PASSED] - click(findTestObject("Object Repository/FollowerVerification/Page_Home/a_connections")): Object: 'Object Repository/FollowerVerification/Page_Home/a_connections' is clicked on

2019-12-03 20:38:54 - [MESSAGE][PASSED] - Object: 'Object Repository/FollowerVerification/Page_Home/a_connections' is clicked on

2019-12-03 20:38:54 - [TEST_STEP][PASSED] - click(findTestObject("Object Repository/FollowerVerification/Page_Connections/a_Followings")): Object: 'Object Repository/FollowerVerification/Page_Connections/a_Followings' is clicked on

2019-12-03 20:38:55 - [MESSAGE][PASSED] - Object: 'Object Repository/FollowerVerification/Page_Connections/a_Followings' is clicked on

2019-12-03 20:38:55 - [TEST_STEP][PASSED] - delay(3): Delayed 3 second(s)

2019-12-03 20:38:58 - [MESSAGE][PASSED] - Delayed 3 second(s)

2019-12-03 20:38:58 - [TEST_STEP][PASSED] - verifyElementText(findTestObject("FollowerVerification/Page_Connections/div_suraj kumar"), "suraj kumar"): Actual text and expected text of test object 'Object Repository/FollowerVerification/Page_Connections/div_suraj kumar' are matched.

2019-12-03 20:38:58 - [MESSAGE][PASSED] - Actual text and expected text of test object 'Object Repository/FollowerVerification/Page_Connections/div_suraj kumar' are matched.

2019-12-03 20:38:58 - [TEST_STEP][PASSED] - closeBrowser(): Browser is closed

2019-12-03 20:39:00 - [MESSAGE][PASSED] - Browser is closed

2019-12-03 20:39:00 - [TEST_STEP][PASSED] - Start listener action : afterTestcase: Browser is closed

2019-12-03 20:39:00 - [TEST_STEP][PASSED] - closeBrowser(): Browser is closed

2019-12-03 20:39:00 - [MESSAGE][PASSED] - Browser is closed

2019-12-03 20:39:02 - [TEST_STEP][PASSED] - Video: Video recording for test case 'Test Cases/workLifeTest/FollowingVerification' .

2019-12-03 20:39:02 - [MESSAGE][INFO] - Video recording for test case 'Test Cases/workLifeTest/FollowingVerification' .
[[ATTACHMENT|/Users/akhilesh/git/KatalonBDD1/Reports/20191203_191511/Acceptance/20191203_191511/videos/test_20.avi]]]]></system-out>
         <system-err><![CDATA[]]></system-err>
      </testcase>
      <testcase name="Test Cases/workLifeTest/ProfileCreationAddSkill" time="40.843" classname="Test Cases/workLifeTest/ProfileCreationAddSkill" status="PASSED">
         <system-out><![CDATA[2019-12-03 20:39:02 - [TEST_CASE][PASSED] - Test Cases/workLifeTest/ProfileCreationAddSkill: Test Cases/workLifeTest/ProfileCreationAddSkill

2019-12-03 20:39:02 - [TEST_STEP][PASSED] - Start listener action : beforeTestcase: null

2019-12-03 20:39:02 - [TEST_STEP][PASSED] - skill = "SkillInput" + System.currentTimeMillis(): null

2019-12-03 20:39:02 - [TEST_STEP][PASSED] - openBrowser(AppUrl): Browser is opened with url: 'https://qa.thework.life'

2019-12-03 20:39:02 - [MESSAGE][INFO] - Starting 'Firefox' driver

2019-12-03 20:39:10 - [MESSAGE][PASSED] - Browser is opened with url: 'https://qa.thework.life'

2019-12-03 20:39:10 - [TEST_STEP][PASSED] - navigateToUrl(AppUrl): Navigate to 'https://qa.thework.life' successfully

2019-12-03 20:39:13 - [MESSAGE][PASSED] - Navigate to 'https://qa.thework.life' successfully

2019-12-03 20:39:13 - [TEST_STEP][PASSED] - setText(findTestObject("Object Repository/SkillPageObject/Page_theworklife - Find Great People To Work With/input_Forgot password_username"), "worklifetest10001@gmail.com"): Text 'worklifetest10001@gmail.com' is set on object 'Object Repository/SkillPageObject/Page_theworklife - Find Great People To Work With/input_Forgot password_username'

2019-12-03 20:39:14 - [MESSAGE][PASSED] - Text 'worklifetest10001@gmail.com' is set on object 'Object Repository/SkillPageObject/Page_theworklife - Find Great People To Work With/input_Forgot password_username'

2019-12-03 20:39:14 - [TEST_STEP][PASSED] - setEncryptedText(findTestObject("Object Repository/SkillPageObject/Page_theworklife - Find Great People To Work With/input_Forgot password_password"), "XU9cBalmEBp1UP+jEU2w4UUBUuNgBY4U"): Text ****** has been set on object 'Object Repository/SkillPageObject/Page_theworklife - Find Great People To Work With/input_Forgot password_password'

2019-12-03 20:39:14 - [MESSAGE][PASSED] - Text ****** has been set on object 'Object Repository/SkillPageObject/Page_theworklife - Find Great People To Work With/input_Forgot password_password'

2019-12-03 20:39:14 - [TEST_STEP][PASSED] - click(findTestObject("Object Repository/SkillPageObject/Page_theworklife - Find Great People To Work With/button_Sign in")): Object: 'Object Repository/SkillPageObject/Page_theworklife - Find Great People To Work With/button_Sign in' is clicked on

2019-12-03 20:39:20 - [MESSAGE][PASSED] - Object: 'Object Repository/SkillPageObject/Page_theworklife - Find Great People To Work With/button_Sign in' is clicked on

2019-12-03 20:39:20 - [TEST_STEP][PASSED] - click(findTestObject("Object Repository/SkillPageObject/Page_Home/a_profile")): Object: 'Object Repository/SkillPageObject/Page_Home/a_profile' is clicked on

2019-12-03 20:39:22 - [MESSAGE][PASSED] - Object: 'Object Repository/SkillPageObject/Page_Home/a_profile' is clicked on

2019-12-03 20:39:22 - [TEST_STEP][PASSED] - click(findTestObject("Object Repository/SkillPageObject/Page_Home/a_Edit Profile")): Object: 'Object Repository/SkillPageObject/Page_Home/a_Edit Profile' is clicked on

2019-12-03 20:39:30 - [MESSAGE][PASSED] - Object: 'Object Repository/SkillPageObject/Page_Home/a_Edit Profile' is clicked on

2019-12-03 20:39:30 - [TEST_STEP][PASSED] - click(findTestObject("Object Repository/SkillPageObject/Page_Edit Profile/a_Skills")): Object: 'Object Repository/SkillPageObject/Page_Edit Profile/a_Skills' is clicked on

2019-12-03 20:39:31 - [MESSAGE][PASSED] - Object: 'Object Repository/SkillPageObject/Page_Edit Profile/a_Skills' is clicked on

2019-12-03 20:39:31 - [TEST_STEP][PASSED] - click(findTestObject("Object Repository/SkillPageObject/Page_Edit Profile/input_Add Skills_skills_name")): Object: 'Object Repository/SkillPageObject/Page_Edit Profile/input_Add Skills_skills_name' is clicked on

2019-12-03 20:39:32 - [MESSAGE][PASSED] - Object: 'Object Repository/SkillPageObject/Page_Edit Profile/input_Add Skills_skills_name' is clicked on

2019-12-03 20:39:32 - [TEST_STEP][PASSED] - clearText(findTestObject("Object Repository/SkillPageObject/Page_Edit Profile/input_Add Skills_skills_name")): Text of object 'Object Repository/SkillPageObject/Page_Edit Profile/input_Add Skills_skills_name' is cleared

2019-12-03 20:39:33 - [MESSAGE][PASSED] - Text of object 'Object Repository/SkillPageObject/Page_Edit Profile/input_Add Skills_skills_name' is cleared

2019-12-03 20:39:33 - [TEST_STEP][PASSED] - delay(1): Delayed 1 second(s)

2019-12-03 20:39:34 - [MESSAGE][PASSED] - Delayed 1 second(s)

2019-12-03 20:39:34 - [TEST_STEP][PASSED] - sendKeys(findTestObject("Object Repository/SkillPageObject/Page_Edit Profile/input_Add Skills_skills_name"), skill.toString()): Keys 'SkillInput1575385742309' sent to object: 'Object Repository/SkillPageObject/Page_Edit Profile/input_Add Skills_skills_name'

2019-12-03 20:39:34 - [MESSAGE][PASSED] - Keys 'SkillInput1575385742309' sent to object: 'Object Repository/SkillPageObject/Page_Edit Profile/input_Add Skills_skills_name'

2019-12-03 20:39:34 - [TEST_STEP][PASSED] - delay(3): Delayed 3 second(s)

2019-12-03 20:39:37 - [MESSAGE][PASSED] - Delayed 3 second(s)

2019-12-03 20:39:37 - [TEST_STEP][PASSED] - click(findTestObject("Object Repository/SkillPageObject/Page_Edit Profile/div_Add Skills                                                                                    Add Skill")): Object: 'Object Repository/SkillPageObject/Page_Edit Profile/div_Add Skills                                                                                    Add Skill' is clicked on

2019-12-03 20:39:37 - [MESSAGE][PASSED] - Object: 'Object Repository/SkillPageObject/Page_Edit Profile/div_Add Skills                                                                                    Add Skill' is clicked on

2019-12-03 20:39:37 - [TEST_STEP][PASSED] - click(findTestObject("Object Repository/SkillPageObject/Page_Edit Profile/button_Add Skill")): Object: 'Object Repository/SkillPageObject/Page_Edit Profile/button_Add Skill' is clicked on

2019-12-03 20:39:38 - [MESSAGE][PASSED] - Object: 'Object Repository/SkillPageObject/Page_Edit Profile/button_Add Skill' is clicked on

2019-12-03 20:39:38 - [TEST_STEP][PASSED] - println(skill): null

2019-12-03 20:39:38 - [TEST_STEP][PASSED] - verifyElementPresent(findTestObject("SkillPageObject/Page_Edit Profile/li_test123450", ["text":skill]), 0): Object 'Object Repository/SkillPageObject/Page_Edit Profile/li_test123450' is present

2019-12-03 20:39:38 - [MESSAGE][WARNING] - Timeout '0' is invalid. Using default page load timeout: '30'

2019-12-03 20:39:39 - [MESSAGE][PASSED] - Object 'Object Repository/SkillPageObject/Page_Edit Profile/li_test123450' is present

2019-12-03 20:39:39 - [TEST_STEP][PASSED] - Start listener action : afterTestcase: Browser is closed

2019-12-03 20:39:39 - [TEST_STEP][PASSED] - closeBrowser(): Browser is closed

2019-12-03 20:39:40 - [MESSAGE][PASSED] - Browser is closed

2019-12-03 20:39:43 - [TEST_STEP][PASSED] - Video: Video recording for test case 'Test Cases/workLifeTest/ProfileCreationAddSkill' .

2019-12-03 20:39:43 - [MESSAGE][INFO] - Video recording for test case 'Test Cases/workLifeTest/ProfileCreationAddSkill' .
[[ATTACHMENT|/Users/akhilesh/git/KatalonBDD1/Reports/20191203_191511/Acceptance/20191203_191511/videos/test_21.avi]]]]></system-out>
         <system-err><![CDATA[]]></system-err>
      </testcase>
      <testcase name="Test Cases/workLifeTest/ProfileCreationEducationDetails" time="103.915" classname="Test Cases/workLifeTest/ProfileCreationEducationDetails" status="PASSED">
         <system-out><![CDATA[2019-12-03 20:39:43 - [TEST_CASE][PASSED] - Test Cases/workLifeTest/ProfileCreationEducationDetails: Test Cases/workLifeTest/ProfileCreationEducationDetails

2019-12-03 20:39:43 - [TEST_STEP][PASSED] - Start listener action : beforeTestcase: null

2019-12-03 20:39:43 - [TEST_STEP][PASSED] - college = "MyCollege" + System.currentTimeMillis(): null

2019-12-03 20:39:43 - [TEST_STEP][PASSED] - openBrowser(AppUrl): Browser is opened with url: 'https://qa.thework.life'

2019-12-03 20:39:43 - [MESSAGE][INFO] - Starting 'Firefox' driver

2019-12-03 20:39:52 - [MESSAGE][PASSED] - Browser is opened with url: 'https://qa.thework.life'

2019-12-03 20:39:52 - [TEST_STEP][PASSED] - navigateToUrl(AppUrl): Navigate to 'https://qa.thework.life' successfully

2019-12-03 20:39:55 - [MESSAGE][PASSED] - Navigate to 'https://qa.thework.life' successfully

2019-12-03 20:39:55 - [TEST_STEP][PASSED] - setText(findTestObject("EducationDetails/Page_theworklife - Find Great People To Work With/input_Forgot password_username"), "worklifetest10001@gmail.com"): Text 'worklifetest10001@gmail.com' is set on object 'Object Repository/EducationDetails/Page_theworklife - Find Great People To Work With/input_Forgot password_username'

2019-12-03 20:39:55 - [MESSAGE][PASSED] - Text 'worklifetest10001@gmail.com' is set on object 'Object Repository/EducationDetails/Page_theworklife - Find Great People To Work With/input_Forgot password_username'

2019-12-03 20:39:55 - [TEST_STEP][PASSED] - setEncryptedText(findTestObject("EducationDetails/Page_theworklife - Find Great People To Work With/input_Forgot password_password"), "XU9cBalmEBp1UP+jEU2w4UUBUuNgBY4U"): Text ****** has been set on object 'Object Repository/EducationDetails/Page_theworklife - Find Great People To Work With/input_Forgot password_password'

2019-12-03 20:39:55 - [MESSAGE][PASSED] - Text ****** has been set on object 'Object Repository/EducationDetails/Page_theworklife - Find Great People To Work With/input_Forgot password_password'

2019-12-03 20:39:55 - [TEST_STEP][PASSED] - click(findTestObject("EducationDetails/Page_theworklife - Find Great People To Work With/button_Sign in")): Object: 'Object Repository/EducationDetails/Page_theworklife - Find Great People To Work With/button_Sign in' is clicked on

2019-12-03 20:40:07 - [MESSAGE][PASSED] - Object: 'Object Repository/EducationDetails/Page_theworklife - Find Great People To Work With/button_Sign in' is clicked on

2019-12-03 20:40:07 - [TEST_STEP][PASSED] - click(findTestObject("EducationDetails/Page_Home/a_profile")): Object: 'Object Repository/EducationDetails/Page_Home/a_profile' is clicked on

2019-12-03 20:40:10 - [MESSAGE][PASSED] - Object: 'Object Repository/EducationDetails/Page_Home/a_profile' is clicked on

2019-12-03 20:40:10 - [TEST_STEP][PASSED] - click(findTestObject("EducationDetails/Page_Home/a_Edit Profile")): Object: 'Object Repository/EducationDetails/Page_Home/a_Edit Profile' is clicked on

2019-12-03 20:40:16 - [MESSAGE][PASSED] - Object: 'Object Repository/EducationDetails/Page_Home/a_Edit Profile' is clicked on

2019-12-03 20:40:16 - [TEST_STEP][PASSED] - click(findTestObject("Object Repository/EducationDetails/Page_Edit Profile/a_Education")): Object: 'Object Repository/EducationDetails/Page_Edit Profile/a_Education' is clicked on

2019-12-03 20:40:19 - [MESSAGE][PASSED] - Object: 'Object Repository/EducationDetails/Page_Edit Profile/a_Education' is clicked on

2019-12-03 20:40:19 - [TEST_STEP][PASSED] - delay(5): Delayed 5 second(s)

2019-12-03 20:40:24 - [MESSAGE][PASSED] - Delayed 5 second(s)

2019-12-03 20:40:24 - [TEST_STEP][PASSED] - waitForElementVisible(findTestObject("EducationDetails/Page_Edit Profile/button_ Add Education"), 3): Object 'Object Repository/EducationDetails/Page_Edit Profile/button_ Add Education' is visible

2019-12-03 20:40:26 - [MESSAGE][PASSED] - Object 'Object Repository/EducationDetails/Page_Edit Profile/button_ Add Education' is visible

2019-12-03 20:40:26 - [TEST_STEP][PASSED] - click(findTestObject("EducationDetails/Page_Edit Profile/button_ Add Education")): Object: 'Object Repository/EducationDetails/Page_Edit Profile/button_ Add Education' is clicked on

2019-12-03 20:40:30 - [MESSAGE][PASSED] - Object: 'Object Repository/EducationDetails/Page_Edit Profile/button_ Add Education' is clicked on

2019-12-03 20:40:30 - [TEST_STEP][PASSED] - sleep(5000): null

2019-12-03 20:40:35 - [TEST_STEP][PASSED] - waitForElementNotVisible(findTestObject("Experience/Page_Edit Profile/loader"), 5): Object 'Object Repository/Experience/Page_Edit Profile/loader' is NOT visible

2019-12-03 20:40:36 - [MESSAGE][PASSED] - Object 'Object Repository/Experience/Page_Edit Profile/loader' is NOT visible

2019-12-03 20:40:36 - [TEST_STEP][PASSED] - waitForElementPresent(findTestObject("EducationDetails/Page_Edit Profile/DegreForm"), 5): Object 'Object Repository/EducationDetails/Page_Edit Profile/DegreForm' is present

2019-12-03 20:40:38 - [MESSAGE][PASSED] - Object 'Object Repository/EducationDetails/Page_Edit Profile/DegreForm' is present

2019-12-03 20:40:38 - [TEST_STEP][PASSED] - setText(findTestObject("EducationDetails/Page_Edit Profile/input_Select institute_institute"), college): Text 'MyCollege1575385783142' is set on object 'Object Repository/EducationDetails/Page_Edit Profile/input_Select institute_institute'

2019-12-03 20:40:40 - [MESSAGE][PASSED] - Text 'MyCollege1575385783142' is set on object 'Object Repository/EducationDetails/Page_Edit Profile/input_Select institute_institute'

2019-12-03 20:40:40 - [TEST_STEP][PASSED] - click(findTestObject("EducationDetails/Page_Edit Profile/DegreForm")): Object: 'Object Repository/EducationDetails/Page_Edit Profile/DegreForm' is clicked on

2019-12-03 20:40:46 - [MESSAGE][PASSED] - Object: 'Object Repository/EducationDetails/Page_Edit Profile/DegreForm' is clicked on

2019-12-03 20:40:46 - [TEST_STEP][PASSED] - setText(findTestObject("Object Repository/EducationDetails/Page_Edit Profile/input_Degree_degree"), "worklife"): Text 'worklife' is set on object 'Object Repository/EducationDetails/Page_Edit Profile/input_Degree_degree'

2019-12-03 20:40:47 - [MESSAGE][PASSED] - Text 'worklife' is set on object 'Object Repository/EducationDetails/Page_Edit Profile/input_Degree_degree'

2019-12-03 20:40:47 - [TEST_STEP][PASSED] - click(findTestObject("EducationDetails/Page_Edit Profile/DegreForm")): Object: 'Object Repository/EducationDetails/Page_Edit Profile/DegreForm' is clicked on

2019-12-03 20:40:50 - [MESSAGE][PASSED] - Object: 'Object Repository/EducationDetails/Page_Edit Profile/DegreForm' is clicked on

2019-12-03 20:40:50 - [TEST_STEP][PASSED] - setText(findTestObject("Object Repository/EducationDetails/Page_Edit Profile/input_SpecialityField_specialty"), "worklife"): Text 'worklife' is set on object 'Object Repository/EducationDetails/Page_Edit Profile/input_SpecialityField_specialty'

2019-12-03 20:40:51 - [MESSAGE][PASSED] - Text 'worklife' is set on object 'Object Repository/EducationDetails/Page_Edit Profile/input_SpecialityField_specialty'

2019-12-03 20:40:51 - [TEST_STEP][PASSED] - click(findTestObject("EducationDetails/Page_Edit Profile/DegreForm")): Object: 'Object Repository/EducationDetails/Page_Edit Profile/DegreForm' is clicked on

2019-12-03 20:40:54 - [MESSAGE][PASSED] - Object: 'Object Repository/EducationDetails/Page_Edit Profile/DegreForm' is clicked on

2019-12-03 20:40:54 - [TEST_STEP][PASSED] - selectOptionByValue(findTestObject("Object Repository/EducationDetails/Page_Edit Profile/select_Please selectYear (1)"), "2008", true): All options with value '2008' are selected in object 'Object Repository/EducationDetails/Page_Edit Profile/select_Please selectYear (1)'  using regular expression

2019-12-03 20:41:01 - [MESSAGE][PASSED] - All options with value '2008' are selected in object 'Object Repository/EducationDetails/Page_Edit Profile/select_Please selectYear (1)'  using regular expression

2019-12-03 20:41:01 - [TEST_STEP][PASSED] - selectOptionByValue(findTestObject("Object Repository/EducationDetails/Page_Edit Profile/select_Please selectYear"), "2002", true): All options with value '2002' are selected in object 'Object Repository/EducationDetails/Page_Edit Profile/select_Please selectYear'  using regular expression

2019-12-03 20:41:08 - [MESSAGE][PASSED] - All options with value '2002' are selected in object 'Object Repository/EducationDetails/Page_Edit Profile/select_Please selectYear'  using regular expression

2019-12-03 20:41:08 - [TEST_STEP][PASSED] - setText(findTestObject("Object Repository/EducationDetails/Page_Edit Profile/textarea_(Optional)_description"), "Test Description"): Text 'Test Description' is set on object 'Object Repository/EducationDetails/Page_Edit Profile/textarea_(Optional)_description'

2019-12-03 20:41:10 - [MESSAGE][PASSED] - Text 'Test Description' is set on object 'Object Repository/EducationDetails/Page_Edit Profile/textarea_(Optional)_description'

2019-12-03 20:41:10 - [TEST_STEP][PASSED] - click(findTestObject("EducationDetails/Page_Edit Profile/DegreForm")): Object: 'Object Repository/EducationDetails/Page_Edit Profile/DegreForm' is clicked on

2019-12-03 20:41:13 - [MESSAGE][PASSED] - Object: 'Object Repository/EducationDetails/Page_Edit Profile/DegreForm' is clicked on

2019-12-03 20:41:13 - [TEST_STEP][PASSED] - scrollToElement(findTestObject("EducationDetails/Page_Edit Profile/button_Save"), 0): Scroll to object 'Object Repository/EducationDetails/Page_Edit Profile/button_Save' successfully

2019-12-03 20:41:13 - [MESSAGE][WARNING] - Timeout '0' is invalid. Using default page load timeout: '30'

2019-12-03 20:41:15 - [MESSAGE][PASSED] - Scroll to object 'Object Repository/EducationDetails/Page_Edit Profile/button_Save' successfully

2019-12-03 20:41:15 - [TEST_STEP][PASSED] - delay(3): Delayed 3 second(s)

2019-12-03 20:41:18 - [MESSAGE][PASSED] - Delayed 3 second(s)

2019-12-03 20:41:18 - [TEST_STEP][PASSED] - click(findTestObject("EducationDetails/Page_Edit Profile/button_Save")): Object: 'Object Repository/EducationDetails/Page_Edit Profile/button_Save' is clicked on

2019-12-03 20:41:21 - [MESSAGE][PASSED] - Object: 'Object Repository/EducationDetails/Page_Edit Profile/button_Save' is clicked on

2019-12-03 20:41:21 - [TEST_STEP][PASSED] - delay(3): Delayed 3 second(s)

2019-12-03 20:41:24 - [MESSAGE][PASSED] - Delayed 3 second(s)

2019-12-03 20:41:24 - [TEST_STEP][NOT_RUN] - verifyElementText(findTestObject("EducationDetails/Page_Edit Profile/h2_MyCollege", ["college":college]), college): NOT_RUN: verifyElementText(findTestObject("EducationDetails/Page_Edit Profile/h2_MyCollege", ["college":college]), college)

2019-12-03 20:41:24 - [MESSAGE][NOT_RUN] - NOT_RUN: verifyElementText(findTestObject("EducationDetails/Page_Edit Profile/h2_MyCollege", ["college":college]), college)

2019-12-03 20:41:24 - [TEST_STEP][PASSED] - Start listener action : afterTestcase: Browser is closed

2019-12-03 20:41:24 - [TEST_STEP][PASSED] - closeBrowser(): Browser is closed

2019-12-03 20:41:24 - [MESSAGE][PASSED] - Browser is closed

2019-12-03 20:41:26 - [TEST_STEP][PASSED] - Video: Video recording for test case 'Test Cases/workLifeTest/ProfileCreationEducationDetails' .

2019-12-03 20:41:26 - [MESSAGE][INFO] - Video recording for test case 'Test Cases/workLifeTest/ProfileCreationEducationDetails' .
[[ATTACHMENT|/Users/akhilesh/git/KatalonBDD1/Reports/20191203_191511/Acceptance/20191203_191511/videos/test_22.avi]]]]></system-out>
         <system-err><![CDATA[]]></system-err>
      </testcase>
      <testcase name="Test Cases/workLifeTest/ProfileCreationExperience" time="61.004" classname="Test Cases/workLifeTest/ProfileCreationExperience" status="PASSED">
         <system-out><![CDATA[2019-12-03 20:41:26 - [TEST_CASE][PASSED] - Test Cases/workLifeTest/ProfileCreationExperience: Test Cases/workLifeTest/ProfileCreationExperience

2019-12-03 20:41:26 - [TEST_STEP][PASSED] - Start listener action : beforeTestcase: null

2019-12-03 20:41:27 - [TEST_STEP][PASSED] - DesignationName = "abcd" + System.currentTimeMillis(): null

2019-12-03 20:41:27 - [TEST_STEP][PASSED] - openBrowser(AppUrl): Browser is opened with url: 'https://qa.thework.life'

2019-12-03 20:41:27 - [MESSAGE][INFO] - Starting 'Firefox' driver

2019-12-03 20:41:42 - [MESSAGE][PASSED] - Browser is opened with url: 'https://qa.thework.life'

2019-12-03 20:41:42 - [TEST_STEP][PASSED] - navigateToUrl(AppUrl): Navigate to 'https://qa.thework.life' successfully

2019-12-03 20:41:44 - [MESSAGE][PASSED] - Navigate to 'https://qa.thework.life' successfully

2019-12-03 20:41:44 - [TEST_STEP][PASSED] - setText(findTestObject("Page_theworklife/input_Forgot password_username"), "worklifetest10001@gmail.com"): Text 'worklifetest10001@gmail.com' is set on object 'Object Repository/Page_theworklife/input_Forgot password_username'

2019-12-03 20:41:45 - [MESSAGE][PASSED] - Text 'worklifetest10001@gmail.com' is set on object 'Object Repository/Page_theworklife/input_Forgot password_username'

2019-12-03 20:41:45 - [TEST_STEP][PASSED] - setEncryptedText(findTestObject("Page_theworklife/input_Forgot password_password"), "XU9cBalmEBp1UP+jEU2w4UUBUuNgBY4U"): Text ****** has been set on object 'Object Repository/Page_theworklife/input_Forgot password_password'

2019-12-03 20:41:45 - [MESSAGE][PASSED] - Text ****** has been set on object 'Object Repository/Page_theworklife/input_Forgot password_password'

2019-12-03 20:41:45 - [TEST_STEP][PASSED] - click(findTestObject("Page_theworklife/button_Sign in")): Object: 'Object Repository/Page_theworklife/button_Sign in' is clicked on

2019-12-03 20:41:55 - [MESSAGE][PASSED] - Object: 'Object Repository/Page_theworklife/button_Sign in' is clicked on

2019-12-03 20:41:55 - [TEST_STEP][PASSED] - navigateToUrl("https://qa.thework.life/Profile/EditProfile"): Navigate to 'https://qa.thework.life/Profile/EditProfile' successfully

2019-12-03 20:41:58 - [MESSAGE][PASSED] - Navigate to 'https://qa.thework.life/Profile/EditProfile' successfully

2019-12-03 20:41:58 - [TEST_STEP][PASSED] - click(findTestObject("Page_Edit Profile/a_Experience")): Object: 'Object Repository/Page_Edit Profile/a_Experience' is clicked on

2019-12-03 20:41:59 - [MESSAGE][PASSED] - Object: 'Object Repository/Page_Edit Profile/a_Experience' is clicked on

2019-12-03 20:41:59 - [TEST_STEP][PASSED] - waitForElementNotPresent(findTestObject("Experience/Page_Edit Profile/loader"), 10): Web element with id: 'Object Repository/Experience/Page_Edit Profile/loader' located by 'By.xpath: //div[@class="loader"]' is present after '10' second(s)

2019-12-03 20:42:09 - [MESSAGE][WARNING] - Web element with id: 'Object Repository/Experience/Page_Edit Profile/loader' located by 'By.xpath: //div[@class="loader"]' is present after '10' second(s)

2019-12-03 20:42:09 - [TEST_STEP][PASSED] - click(findTestObject("Object Repository/Page_Edit Profile/button_ Add Experience")): Object: 'Object Repository/Page_Edit Profile/button_ Add Experience' is clicked on

2019-12-03 20:42:10 - [MESSAGE][PASSED] - Object: 'Object Repository/Page_Edit Profile/button_ Add Experience' is clicked on

2019-12-03 20:42:10 - [TEST_STEP][PASSED] - setText(findTestObject("Object Repository/Page_Edit Profile/input_Designation_designation_name"), DesignationName): Text 'abcd1575385887055' is set on object 'Object Repository/Page_Edit Profile/input_Designation_designation_name'

2019-12-03 20:42:10 - [MESSAGE][PASSED] - Text 'abcd1575385887055' is set on object 'Object Repository/Page_Edit Profile/input_Designation_designation_name'

2019-12-03 20:42:10 - [TEST_STEP][PASSED] - setText(findTestObject("Object Repository/Page_Edit Profile/input_Company_company_name"), "abcd"): Text 'abcd' is set on object 'Object Repository/Page_Edit Profile/input_Company_company_name'

2019-12-03 20:42:14 - [MESSAGE][PASSED] - Text 'abcd' is set on object 'Object Repository/Page_Edit Profile/input_Company_company_name'

2019-12-03 20:42:14 - [TEST_STEP][PASSED] - setText(findTestObject("Object Repository/Page_Edit Profile/input_Location_location"), "abcd"): Text 'abcd' is set on object 'Object Repository/Page_Edit Profile/input_Location_location'

2019-12-03 20:42:15 - [MESSAGE][PASSED] - Text 'abcd' is set on object 'Object Repository/Page_Edit Profile/input_Location_location'

2019-12-03 20:42:15 - [TEST_STEP][PASSED] - setText(findTestObject("Object Repository/Page_Edit Profile/textarea_(Optional)_description"), "abcd"): Text 'abcd' is set on object 'Object Repository/Page_Edit Profile/textarea_(Optional)_description'

2019-12-03 20:42:16 - [MESSAGE][PASSED] - Text 'abcd' is set on object 'Object Repository/Page_Edit Profile/textarea_(Optional)_description'

2019-12-03 20:42:16 - [TEST_STEP][PASSED] - selectOptionByValue(findTestObject("Object Repository/Page_Edit Profile/select_Month"), "1", true): All options with value '1' are selected in object 'Object Repository/Page_Edit Profile/select_Month'  using regular expression

2019-12-03 20:42:18 - [MESSAGE][PASSED] - All options with value '1' are selected in object 'Object Repository/Page_Edit Profile/select_Month'  using regular expression

2019-12-03 20:42:18 - [TEST_STEP][PASSED] - selectOptionByValue(findTestObject("Object Repository/Page_Edit Profile/select_Year"), "2000", true): All options with value '2000' are selected in object 'Object Repository/Page_Edit Profile/select_Year'  using regular expression

2019-12-03 20:42:19 - [MESSAGE][PASSED] - All options with value '2000' are selected in object 'Object Repository/Page_Edit Profile/select_Year'  using regular expression

2019-12-03 20:42:19 - [TEST_STEP][PASSED] - click(findTestObject("Object Repository/Page_Edit Profile/i_I currently work here_cr-icon fa fa-check")): Object: 'Object Repository/Page_Edit Profile/i_I currently work here_cr-icon fa fa-check' is clicked on

2019-12-03 20:42:20 - [MESSAGE][PASSED] - Object: 'Object Repository/Page_Edit Profile/i_I currently work here_cr-icon fa fa-check' is clicked on

2019-12-03 20:42:20 - [TEST_STEP][PASSED] - click(findTestObject("Object Repository/Page_Edit Profile/span_Work-life balance_star5")): Object: 'Object Repository/Page_Edit Profile/span_Work-life balance_star5' is clicked on

2019-12-03 20:42:20 - [MESSAGE][PASSED] - Object: 'Object Repository/Page_Edit Profile/span_Work-life balance_star5' is clicked on

2019-12-03 20:42:20 - [TEST_STEP][PASSED] - click(findTestObject("Object Repository/Page_Edit Profile/span_Equal opportunities_star5")): Object: 'Object Repository/Page_Edit Profile/span_Equal opportunities_star5' is clicked on

2019-12-03 20:42:21 - [MESSAGE][PASSED] - Object: 'Object Repository/Page_Edit Profile/span_Equal opportunities_star5' is clicked on

2019-12-03 20:42:21 - [TEST_STEP][PASSED] - click(findTestObject("Object Repository/Page_Edit Profile/span_Transparency_star5")): Object: 'Object Repository/Page_Edit Profile/span_Transparency_star5' is clicked on

2019-12-03 20:42:21 - [MESSAGE][PASSED] - Object: 'Object Repository/Page_Edit Profile/span_Transparency_star5' is clicked on

2019-12-03 20:42:21 - [TEST_STEP][PASSED] - click(findTestObject("Object Repository/Page_Edit Profile/button_Save")): Object: 'Object Repository/Page_Edit Profile/button_Save' is clicked on

2019-12-03 20:42:22 - [MESSAGE][PASSED] - Object: 'Object Repository/Page_Edit Profile/button_Save' is clicked on

2019-12-03 20:42:22 - [TEST_STEP][PASSED] - verifyElementText(findTestObject("Page_Edit Profile/h1_abcd", ["text":DesignationName]), DesignationName): Actual text and expected text of test object 'Object Repository/Page_Edit Profile/h1_abcd' are matched.

2019-12-03 20:42:24 - [MESSAGE][PASSED] - Actual text and expected text of test object 'Object Repository/Page_Edit Profile/h1_abcd' are matched.

2019-12-03 20:42:24 - [TEST_STEP][PASSED] - closeBrowser(): Browser is closed

2019-12-03 20:42:25 - [MESSAGE][PASSED] - Browser is closed

2019-12-03 20:42:25 - [TEST_STEP][PASSED] - Start listener action : afterTestcase: Browser is closed

2019-12-03 20:42:25 - [TEST_STEP][PASSED] - closeBrowser(): Browser is closed

2019-12-03 20:42:25 - [MESSAGE][PASSED] - Browser is closed

2019-12-03 20:42:27 - [TEST_STEP][PASSED] - Video: Video recording for test case 'Test Cases/workLifeTest/ProfileCreationExperience' .

2019-12-03 20:42:27 - [MESSAGE][INFO] - Video recording for test case 'Test Cases/workLifeTest/ProfileCreationExperience' .
[[ATTACHMENT|/Users/akhilesh/git/KatalonBDD1/Reports/20191203_191511/Acceptance/20191203_191511/videos/test_23.avi]]]]></system-out>
         <system-err><![CDATA[]]></system-err>
      </testcase>
      <testcase name="Test Cases/workLifeTest/ProfileCreationPersonalDetails" time="50.836" classname="Test Cases/workLifeTest/ProfileCreationPersonalDetails" status="PASSED">
         <system-out><![CDATA[2019-12-03 20:42:27 - [TEST_CASE][PASSED] - Test Cases/workLifeTest/ProfileCreationPersonalDetails: Test Cases/workLifeTest/ProfileCreationPersonalDetails

2019-12-03 20:42:27 - [TEST_STEP][PASSED] - Start listener action : beforeTestcase: null

2019-12-03 20:42:28 - [TEST_STEP][PASSED] - openBrowser(AppUrl): Browser is opened with url: 'https://qa.thework.life'

2019-12-03 20:42:28 - [MESSAGE][INFO] - Starting 'Firefox' driver

2019-12-03 20:42:37 - [MESSAGE][PASSED] - Browser is opened with url: 'https://qa.thework.life'

2019-12-03 20:42:37 - [TEST_STEP][PASSED] - navigateToUrl(AppUrl): Navigate to 'https://qa.thework.life' successfully

2019-12-03 20:42:39 - [MESSAGE][PASSED] - Navigate to 'https://qa.thework.life' successfully

2019-12-03 20:42:39 - [TEST_STEP][PASSED] - setText(findTestObject("Page_theworklife/input_Forgot password_username"), "worklifetest10001@gmail.com"): Text 'worklifetest10001@gmail.com' is set on object 'Object Repository/Page_theworklife/input_Forgot password_username'

2019-12-03 20:42:40 - [MESSAGE][PASSED] - Text 'worklifetest10001@gmail.com' is set on object 'Object Repository/Page_theworklife/input_Forgot password_username'

2019-12-03 20:42:40 - [TEST_STEP][PASSED] - setEncryptedText(findTestObject("Page_theworklife/input_Forgot password_password"), "XU9cBalmEBp1UP+jEU2w4UUBUuNgBY4U"): Text ****** has been set on object 'Object Repository/Page_theworklife/input_Forgot password_password'

2019-12-03 20:42:40 - [MESSAGE][PASSED] - Text ****** has been set on object 'Object Repository/Page_theworklife/input_Forgot password_password'

2019-12-03 20:42:40 - [TEST_STEP][PASSED] - click(findTestObject("Page_theworklife/button_Sign in")): Object: 'Object Repository/Page_theworklife/button_Sign in' is clicked on

2019-12-03 20:42:48 - [MESSAGE][PASSED] - Object: 'Object Repository/Page_theworklife/button_Sign in' is clicked on

2019-12-03 20:42:48 - [TEST_STEP][PASSED] - click(findTestObject("Page_Edit Profile/a_profile")): Object: 'Object Repository/Page_Edit Profile/a_profile' is clicked on

2019-12-03 20:42:49 - [MESSAGE][PASSED] - Object: 'Object Repository/Page_Edit Profile/a_profile' is clicked on

2019-12-03 20:42:49 - [TEST_STEP][PASSED] - click(findTestObject("Page_Home/a_Edit Profile")): Object: 'Object Repository/Page_Home/a_Edit Profile' is clicked on

2019-12-03 20:42:55 - [MESSAGE][PASSED] - Object: 'Object Repository/Page_Home/a_Edit Profile' is clicked on

2019-12-03 20:42:55 - [TEST_STEP][PASSED] - setText(findTestObject("Page_Edit Profile/input_Name_name"), "Suraj" + System.currentTimeMillis() + "makhija"): Text 'Suraj1575385975700makhija' is set on object 'Object Repository/Page_Edit Profile/input_Name_name'

2019-12-03 20:42:56 - [MESSAGE][PASSED] - Text 'Suraj1575385975700makhija' is set on object 'Object Repository/Page_Edit Profile/input_Name_name'

2019-12-03 20:42:56 - [TEST_STEP][PASSED] - click(findTestObject("profileObject/Page_Edit Profile/button_Save")): Object: 'Object Repository/profileObject/Page_Edit Profile/button_Save' is clicked on

2019-12-03 20:42:56 - [MESSAGE][PASSED] - Object: 'Object Repository/profileObject/Page_Edit Profile/button_Save' is clicked on

2019-12-03 20:42:56 - [TEST_STEP][PASSED] - delay(5): Delayed 5 second(s)

2019-12-03 20:43:01 - [MESSAGE][PASSED] - Delayed 5 second(s)

2019-12-03 20:43:01 - [TEST_STEP][PASSED] - waitForElementVisible(findTestObject("profileObject/Page_Edit Profile/a_OK"), 5): Object 'Object Repository/profileObject/Page_Edit Profile/a_OK' is visible

2019-12-03 20:43:02 - [MESSAGE][PASSED] - Object 'Object Repository/profileObject/Page_Edit Profile/a_OK' is visible

2019-12-03 20:43:02 - [TEST_STEP][PASSED] - click(findTestObject("Object Repository/Page_Edit Profile/a_OK")): Object: 'Object Repository/Page_Edit Profile/a_OK' is clicked on

2019-12-03 20:43:02 - [MESSAGE][PASSED] - Object: 'Object Repository/Page_Edit Profile/a_OK' is clicked on

2019-12-03 20:43:02 - [TEST_STEP][PASSED] - waitForElementVisible(findTestObject("Page_Home/a_profile"), 5): Web element with id: 'Object Repository/Page_Home/a_profile' located by 'By.xpath: ' not found

2019-12-03 20:43:10 - [MESSAGE][INFO] - Unable to find the element located by 'By.xpath: '. Please recheck the objects properties to make sure the desired element is located. 

2019-12-03 20:43:10 - [MESSAGE][WARNING] - Web element with id: 'Object Repository/Page_Home/a_profile' located by 'By.xpath: ' not found

2019-12-03 20:43:10 - [TEST_STEP][PASSED] - click(findTestObject("Object Repository/Page_Edit Profile/a_profile")): Object: 'Object Repository/Page_Edit Profile/a_profile' is clicked on

2019-12-03 20:43:10 - [MESSAGE][PASSED] - Object: 'Object Repository/Page_Edit Profile/a_profile' is clicked on

2019-12-03 20:43:10 - [TEST_STEP][PASSED] - click(findTestObject("Object Repository/Page_Edit Profile/a_My Profile")): Object: 'Object Repository/Page_Edit Profile/a_My Profile' is clicked on

2019-12-03 20:43:14 - [MESSAGE][PASSED] - Object: 'Object Repository/Page_Edit Profile/a_My Profile' is clicked on

2019-12-03 20:43:14 - [TEST_STEP][PASSED] - verifyElementPresent(findTestObject("Page_My Profile/h1_Suraj1569757068652makhija"), 0): Object 'Object Repository/Page_My Profile/h1_Suraj1569757068652makhija' is present

2019-12-03 20:43:14 - [MESSAGE][WARNING] - Timeout '0' is invalid. Using default page load timeout: '30'

2019-12-03 20:43:15 - [MESSAGE][PASSED] - Object 'Object Repository/Page_My Profile/h1_Suraj1569757068652makhija' is present

2019-12-03 20:43:15 - [TEST_STEP][PASSED] - closeBrowser(): Browser is closed

2019-12-03 20:43:16 - [MESSAGE][PASSED] - Browser is closed

2019-12-03 20:43:16 - [TEST_STEP][PASSED] - Start listener action : afterTestcase: Browser is closed

2019-12-03 20:43:16 - [TEST_STEP][PASSED] - closeBrowser(): Browser is closed

2019-12-03 20:43:16 - [MESSAGE][PASSED] - Browser is closed

2019-12-03 20:43:18 - [TEST_STEP][PASSED] - Video: Video recording for test case 'Test Cases/workLifeTest/ProfileCreationPersonalDetails' .

2019-12-03 20:43:18 - [MESSAGE][INFO] - Video recording for test case 'Test Cases/workLifeTest/ProfileCreationPersonalDetails' .
[[ATTACHMENT|/Users/akhilesh/git/KatalonBDD1/Reports/20191203_191511/Acceptance/20191203_191511/videos/test_24.avi]]]]></system-out>
         <system-err><![CDATA[]]></system-err>
      </testcase>
      <testcase name="Test Cases/workLifeTest/ProfileDeletionLinkedInUser" time="37.759" classname="Test Cases/workLifeTest/ProfileDeletionLinkedInUser" status="PASSED">
         <system-out><![CDATA[2019-12-03 20:43:18 - [TEST_CASE][PASSED] - Test Cases/workLifeTest/ProfileDeletionLinkedInUser: Test Cases/workLifeTest/ProfileDeletionLinkedInUser

2019-12-03 20:43:18 - [TEST_STEP][PASSED] - Start listener action : beforeTestcase: null

2019-12-03 20:43:18 - [TEST_STEP][PASSED] - openBrowser(AppUrl): Browser is opened with url: 'https://qa.thework.life'

2019-12-03 20:43:18 - [MESSAGE][INFO] - Starting 'Firefox' driver

2019-12-03 20:43:28 - [MESSAGE][PASSED] - Browser is opened with url: 'https://qa.thework.life'

2019-12-03 20:43:28 - [TEST_STEP][PASSED] - navigateToUrl(AppUrl): Navigate to 'https://qa.thework.life' successfully

2019-12-03 20:43:31 - [MESSAGE][PASSED] - Navigate to 'https://qa.thework.life' successfully

2019-12-03 20:43:31 - [TEST_STEP][PASSED] - setText(findTestObject("Object Repository/DeletionObject/Page_theworklife - Find Great People To Work With/input_Forgot password_username"), "testing@appliedaiconsulting.com"): Text 'testing@appliedaiconsulting.com' is set on object 'Object Repository/DeletionObject/Page_theworklife - Find Great People To Work With/input_Forgot password_username'

2019-12-03 20:43:32 - [MESSAGE][PASSED] - Text 'testing@appliedaiconsulting.com' is set on object 'Object Repository/DeletionObject/Page_theworklife - Find Great People To Work With/input_Forgot password_username'

2019-12-03 20:43:32 - [TEST_STEP][PASSED] - setEncryptedText(findTestObject("Object Repository/DeletionObject/Page_theworklife - Find Great People To Work With/input_Forgot password_password"), "YpWQ2DI2eLzqZleLDbTOWw=="): Text ****** has been set on object 'Object Repository/DeletionObject/Page_theworklife - Find Great People To Work With/input_Forgot password_password'

2019-12-03 20:43:32 - [MESSAGE][PASSED] - Text ****** has been set on object 'Object Repository/DeletionObject/Page_theworklife - Find Great People To Work With/input_Forgot password_password'

2019-12-03 20:43:32 - [TEST_STEP][PASSED] - click(findTestObject("Experience/Page_theworklife - Find Great People To Work With/button_Sign in")): Object: 'Object Repository/Experience/Page_theworklife - Find Great People To Work With/button_Sign in' is clicked on

2019-12-03 20:43:43 - [MESSAGE][PASSED] - Object: 'Object Repository/Experience/Page_theworklife - Find Great People To Work With/button_Sign in' is clicked on

2019-12-03 20:43:43 - [TEST_STEP][PASSED] - click(findTestObject("Object Repository/DeletionObject/Page_Home/i_Settings_fa fa-gear")): Object: 'Object Repository/DeletionObject/Page_Home/i_Settings_fa fa-gear' is clicked on

2019-12-03 20:43:43 - [MESSAGE][PASSED] - Object: 'Object Repository/DeletionObject/Page_Home/i_Settings_fa fa-gear' is clicked on

2019-12-03 20:43:43 - [TEST_STEP][PASSED] - click(findTestObject("Object Repository/DeletionObject/Page_Home/a_Settings")): Object: 'Object Repository/DeletionObject/Page_Home/a_Settings' is clicked on

2019-12-03 20:43:48 - [MESSAGE][PASSED] - Object: 'Object Repository/DeletionObject/Page_Home/a_Settings' is clicked on

2019-12-03 20:43:48 - [TEST_STEP][PASSED] - click(findTestObject("Object Repository/DeletionObject/Page_Settings/a_Account Basics")): Object: 'Object Repository/DeletionObject/Page_Settings/a_Account Basics' is clicked on

2019-12-03 20:43:49 - [MESSAGE][PASSED] - Object: 'Object Repository/DeletionObject/Page_Settings/a_Account Basics' is clicked on

2019-12-03 20:43:49 - [TEST_STEP][PASSED] - click(findTestObject("Object Repository/DeletionObject/Page_Settings/a_Delete Account")): Object: 'Object Repository/DeletionObject/Page_Settings/a_Delete Account' is clicked on

2019-12-03 20:43:49 - [MESSAGE][PASSED] - Object: 'Object Repository/DeletionObject/Page_Settings/a_Delete Account' is clicked on

2019-12-03 20:43:49 - [TEST_STEP][PASSED] - setEncryptedText(findTestObject("Object Repository/DeletionObject/Page_Settings/input_Enter your password to confirm_password"), "YpWQ2DI2eLzqZleLDbTOWw=="): Text ****** has been set on object 'Object Repository/DeletionObject/Page_Settings/input_Enter your password to confirm_password'

2019-12-03 20:43:50 - [MESSAGE][PASSED] - Text ****** has been set on object 'Object Repository/DeletionObject/Page_Settings/input_Enter your password to confirm_password'

2019-12-03 20:43:50 - [TEST_STEP][PASSED] - click(findTestObject("Object Repository/DeletionObject/Page_Settings/a_Delete")): Object: 'Object Repository/DeletionObject/Page_Settings/a_Delete' is clicked on

2019-12-03 20:43:50 - [MESSAGE][PASSED] - Object: 'Object Repository/DeletionObject/Page_Settings/a_Delete' is clicked on

2019-12-03 20:43:50 - [TEST_STEP][PASSED] - waitForElementClickable(findTestObject("DeletionObject/Page_Settings/a_OK"), 0): Object 'Object Repository/DeletionObject/Page_Settings/a_OK' is clickable

2019-12-03 20:43:50 - [MESSAGE][WARNING] - Timeout '0' is invalid. Using default page load timeout: '30'

2019-12-03 20:43:51 - [MESSAGE][PASSED] - Object 'Object Repository/DeletionObject/Page_Settings/a_OK' is clickable

2019-12-03 20:43:51 - [TEST_STEP][PASSED] - waitForElementVisible(findTestObject("DeletionObject/Page_Settings/a_OK"), 0): Object 'Object Repository/DeletionObject/Page_Settings/a_OK' is visible

2019-12-03 20:43:51 - [MESSAGE][WARNING] - Timeout '0' is invalid. Using default page load timeout: '30'

2019-12-03 20:43:51 - [MESSAGE][PASSED] - Object 'Object Repository/DeletionObject/Page_Settings/a_OK' is visible

2019-12-03 20:43:51 - [TEST_STEP][PASSED] - click(findTestObject("Object Repository/DeletionObject/Page_Settings/a_OK")): Object: 'Object Repository/DeletionObject/Page_Settings/a_OK' is clicked on

2019-12-03 20:43:52 - [MESSAGE][PASSED] - Object: 'Object Repository/DeletionObject/Page_Settings/a_OK' is clicked on

2019-12-03 20:43:52 - [TEST_STEP][PASSED] - Start listener action : afterTestcase: Browser is closed

2019-12-03 20:43:52 - [TEST_STEP][PASSED] - closeBrowser(): Browser is closed

2019-12-03 20:43:54 - [MESSAGE][PASSED] - Browser is closed

2019-12-03 20:43:56 - [TEST_STEP][PASSED] - Video: Video recording for test case 'Test Cases/workLifeTest/ProfileDeletionLinkedInUser' .

2019-12-03 20:43:56 - [MESSAGE][INFO] - Video recording for test case 'Test Cases/workLifeTest/ProfileDeletionLinkedInUser' .
[[ATTACHMENT|/Users/akhilesh/git/KatalonBDD1/Reports/20191203_191511/Acceptance/20191203_191511/videos/test_25.avi]]]]></system-out>
         <system-err><![CDATA[]]></system-err>
      </testcase>
      <testcase name="Test Cases/workLifeTest/RateUnverifiedUserByVerified" time="44.352" classname="Test Cases/workLifeTest/RateUnverifiedUserByVerified" status="PASSED">
         <system-out><![CDATA[2019-12-03 20:43:56 - [TEST_CASE][PASSED] - Test Cases/workLifeTest/RateUnverifiedUserByVerified: Test Cases/workLifeTest/RateUnverifiedUserByVerified

2019-12-03 20:43:56 - [TEST_STEP][PASSED] - Start listener action : beforeTestcase: null

2019-12-03 20:43:56 - [TEST_STEP][PASSED] - openBrowser(AppUrl): Browser is opened with url: 'https://qa.thework.life'

2019-12-03 20:43:56 - [MESSAGE][INFO] - Starting 'Firefox' driver

2019-12-03 20:44:04 - [MESSAGE][PASSED] - Browser is opened with url: 'https://qa.thework.life'

2019-12-03 20:44:04 - [TEST_STEP][PASSED] - navigateToUrl(AppUrl): Navigate to 'https://qa.thework.life' successfully

2019-12-03 20:44:07 - [MESSAGE][PASSED] - Navigate to 'https://qa.thework.life' successfully

2019-12-03 20:44:07 - [TEST_STEP][PASSED] - setText(findTestObject("Object Repository/VerifiedUserRatingUnverified/Page_theworklife - Find Great People To Work With/input_Forgot password_username"), "vijayvstest01@gmail.com"): Text 'vijayvstest01@gmail.com' is set on object 'Object Repository/VerifiedUserRatingUnverified/Page_theworklife - Find Great People To Work With/input_Forgot password_username'

2019-12-03 20:44:07 - [MESSAGE][PASSED] - Text 'vijayvstest01@gmail.com' is set on object 'Object Repository/VerifiedUserRatingUnverified/Page_theworklife - Find Great People To Work With/input_Forgot password_username'

2019-12-03 20:44:07 - [TEST_STEP][PASSED] - setEncryptedText(findTestObject("Object Repository/VerifiedUserRatingUnverified/Page_theworklife - Find Great People To Work With/input_Forgot password_password"), "cvW8qx4B2o3F4VwP/kNsqA=="): Text ****** has been set on object 'Object Repository/VerifiedUserRatingUnverified/Page_theworklife - Find Great People To Work With/input_Forgot password_password'

2019-12-03 20:44:08 - [MESSAGE][PASSED] - Text ****** has been set on object 'Object Repository/VerifiedUserRatingUnverified/Page_theworklife - Find Great People To Work With/input_Forgot password_password'

2019-12-03 20:44:08 - [TEST_STEP][PASSED] - click(findTestObject("Object Repository/VerifiedUserRatingUnverified/Page_theworklife - Find Great People To Work With/button_Sign in")): Object: 'Object Repository/VerifiedUserRatingUnverified/Page_theworklife - Find Great People To Work With/button_Sign in' is clicked on

2019-12-03 20:44:13 - [MESSAGE][PASSED] - Object: 'Object Repository/VerifiedUserRatingUnverified/Page_theworklife - Find Great People To Work With/button_Sign in' is clicked on

2019-12-03 20:44:13 - [TEST_STEP][PASSED] - setText(findTestObject("Object Repository/VerifiedUserRatingUnverified/Page_Home/input_View all_searchText"), "User User"): Text 'User User' is set on object 'Object Repository/VerifiedUserRatingUnverified/Page_Home/input_View all_searchText'

2019-12-03 20:44:15 - [MESSAGE][PASSED] - Text 'User User' is set on object 'Object Repository/VerifiedUserRatingUnverified/Page_Home/input_View all_searchText'

2019-12-03 20:44:15 - [TEST_STEP][PASSED] - click(findTestObject("Object Repository/VerifiedUserRatingUnverified/Page_Home/button_No search results_btnSearch")): Object: 'Object Repository/VerifiedUserRatingUnverified/Page_Home/button_No search results_btnSearch' is clicked on

2019-12-03 20:44:24 - [MESSAGE][PASSED] - Object: 'Object Repository/VerifiedUserRatingUnverified/Page_Home/button_No search results_btnSearch' is clicked on

2019-12-03 20:44:24 - [TEST_STEP][PASSED] - click(findTestObject("Object Repository/VerifiedUserRatingUnverified/Page_Search/div_user user")): Object: 'Object Repository/VerifiedUserRatingUnverified/Page_Search/div_user user' is clicked on

2019-12-03 20:44:25 - [MESSAGE][PASSED] - Object: 'Object Repository/VerifiedUserRatingUnverified/Page_Search/div_user user' is clicked on

2019-12-03 20:44:25 - [TEST_STEP][PASSED] - click(findTestObject("Object Repository/VerifiedUserRatingUnverified/Page_View Profile/button_Rate Now")): Object: 'Object Repository/VerifiedUserRatingUnverified/Page_View Profile/button_Rate Now' is clicked on

2019-12-03 20:44:31 - [MESSAGE][PASSED] - Object: 'Object Repository/VerifiedUserRatingUnverified/Page_View Profile/button_Rate Now' is clicked on

2019-12-03 20:44:31 - [TEST_STEP][PASSED] - delay(5): Delayed 5 second(s)

2019-12-03 20:44:36 - [MESSAGE][PASSED] - Delayed 5 second(s)

2019-12-03 20:44:36 - [TEST_STEP][PASSED] - verifyElementText(findTestObject("Object Repository/VerifiedUserRatingUnverified/Page_View Profile/p_This is an unverified user Please input Facebook or LinkedIn Profile Link for user user"), "This is an unverified user. Please input Facebook or LinkedIn Profile Link for user user."): Actual text and expected text of test object 'Object Repository/VerifiedUserRatingUnverified/Page_View Profile/p_This is an unverified user Please input Facebook or LinkedIn Profile Link for user user' are matched.

2019-12-03 20:44:36 - [MESSAGE][PASSED] - Actual text and expected text of test object 'Object Repository/VerifiedUserRatingUnverified/Page_View Profile/p_This is an unverified user Please input Facebook or LinkedIn Profile Link for user user' are matched.

2019-12-03 20:44:36 - [TEST_STEP][PASSED] - click(findTestObject("Object Repository/VerifiedUserRatingUnverified/Page_View Profile/button_Cancel")): Object: 'Object Repository/VerifiedUserRatingUnverified/Page_View Profile/button_Cancel' is clicked on

2019-12-03 20:44:36 - [MESSAGE][PASSED] - Object: 'Object Repository/VerifiedUserRatingUnverified/Page_View Profile/button_Cancel' is clicked on

2019-12-03 20:44:36 - [TEST_STEP][PASSED] - closeBrowser(): Browser is closed

2019-12-03 20:44:38 - [MESSAGE][PASSED] - Browser is closed

2019-12-03 20:44:38 - [TEST_STEP][PASSED] - Start listener action : afterTestcase: Browser is closed

2019-12-03 20:44:38 - [TEST_STEP][PASSED] - closeBrowser(): Browser is closed

2019-12-03 20:44:38 - [MESSAGE][PASSED] - Browser is closed

2019-12-03 20:44:40 - [TEST_STEP][PASSED] - Video: Video recording for test case 'Test Cases/workLifeTest/RateUnverifiedUserByVerified' .

2019-12-03 20:44:40 - [MESSAGE][INFO] - Video recording for test case 'Test Cases/workLifeTest/RateUnverifiedUserByVerified' .
[[ATTACHMENT|/Users/akhilesh/git/KatalonBDD1/Reports/20191203_191511/Acceptance/20191203_191511/videos/test_26.avi]]]]></system-out>
         <system-err><![CDATA[]]></system-err>
      </testcase>
      <testcase name="Test Cases/workLifeTest/RecommendationCheck" time="44.367" classname="Test Cases/workLifeTest/RecommendationCheck" status="PASSED">
         <system-out><![CDATA[2019-12-03 20:44:40 - [TEST_CASE][PASSED] - Test Cases/workLifeTest/RecommendationCheck: Test Cases/workLifeTest/RecommendationCheck

2019-12-03 20:44:40 - [TEST_STEP][PASSED] - Start listener action : beforeTestcase: null

2019-12-03 20:44:41 - [TEST_STEP][PASSED] - openBrowser(AppUrl): Browser is opened with url: 'https://qa.thework.life'

2019-12-03 20:44:41 - [MESSAGE][INFO] - Starting 'Firefox' driver

2019-12-03 20:44:49 - [MESSAGE][PASSED] - Browser is opened with url: 'https://qa.thework.life'

2019-12-03 20:44:49 - [TEST_STEP][PASSED] - navigateToUrl(AppUrl): Navigate to 'https://qa.thework.life' successfully

2019-12-03 20:44:52 - [MESSAGE][PASSED] - Navigate to 'https://qa.thework.life' successfully

2019-12-03 20:44:52 - [TEST_STEP][PASSED] - setText(findTestObject("Object Repository/RecommandationCheck/Page_theworklife - Find Great People To Work With/input_Forgot password_username"), "vijayvstest01@gmail.com"): Text 'vijayvstest01@gmail.com' is set on object 'Object Repository/RecommandationCheck/Page_theworklife - Find Great People To Work With/input_Forgot password_username'

2019-12-03 20:44:52 - [MESSAGE][PASSED] - Text 'vijayvstest01@gmail.com' is set on object 'Object Repository/RecommandationCheck/Page_theworklife - Find Great People To Work With/input_Forgot password_username'

2019-12-03 20:44:52 - [TEST_STEP][PASSED] - setEncryptedText(findTestObject("Object Repository/RecommandationCheck/Page_theworklife - Find Great People To Work With/input_Forgot password_password"), "cvW8qx4B2o3F4VwP/kNsqA=="): Text ****** has been set on object 'Object Repository/RecommandationCheck/Page_theworklife - Find Great People To Work With/input_Forgot password_password'

2019-12-03 20:44:52 - [MESSAGE][PASSED] - Text ****** has been set on object 'Object Repository/RecommandationCheck/Page_theworklife - Find Great People To Work With/input_Forgot password_password'

2019-12-03 20:44:52 - [TEST_STEP][PASSED] - click(findTestObject("Object Repository/RecommandationCheck/Page_theworklife - Find Great People To Work With/button_Sign in")): Object: 'Object Repository/RecommandationCheck/Page_theworklife - Find Great People To Work With/button_Sign in' is clicked on

2019-12-03 20:44:58 - [MESSAGE][PASSED] - Object: 'Object Repository/RecommandationCheck/Page_theworklife - Find Great People To Work With/button_Sign in' is clicked on

2019-12-03 20:44:58 - [TEST_STEP][PASSED] - click(findTestObject("Object Repository/RecommandationCheck/Page_Home/a_profile")): Object: 'Object Repository/RecommandationCheck/Page_Home/a_profile' is clicked on

2019-12-03 20:45:01 - [MESSAGE][PASSED] - Object: 'Object Repository/RecommandationCheck/Page_Home/a_profile' is clicked on

2019-12-03 20:45:01 - [TEST_STEP][PASSED] - click(findTestObject("Object Repository/RecommandationCheck/Page_Home/a_Edit Profile")): Object: 'Object Repository/RecommandationCheck/Page_Home/a_Edit Profile' is clicked on

2019-12-03 20:45:07 - [MESSAGE][PASSED] - Object: 'Object Repository/RecommandationCheck/Page_Home/a_Edit Profile' is clicked on

2019-12-03 20:45:07 - [TEST_STEP][PASSED] - click(findTestObject("Object Repository/RecommandationCheck/Page_Edit Profile/a_Recommendations")): Object: 'Object Repository/RecommandationCheck/Page_Edit Profile/a_Recommendations' is clicked on

2019-12-03 20:45:07 - [MESSAGE][PASSED] - Object: 'Object Repository/RecommandationCheck/Page_Edit Profile/a_Recommendations' is clicked on

2019-12-03 20:45:07 - [TEST_STEP][PASSED] - waitForElementVisible(findTestObject("RecommandationCheck/Page_Edit Profile/a_Submitted (1)"), 5): Object 'Object Repository/RecommandationCheck/Page_Edit Profile/a_Submitted (1)' is visible

2019-12-03 20:45:09 - [MESSAGE][PASSED] - Object 'Object Repository/RecommandationCheck/Page_Edit Profile/a_Submitted (1)' is visible

2019-12-03 20:45:09 - [TEST_STEP][PASSED] - click(findTestObject("Object Repository/RecommandationCheck/Page_Edit Profile/a_Submitted (1)")): Object: 'Object Repository/RecommandationCheck/Page_Edit Profile/a_Submitted (1)' is clicked on

2019-12-03 20:45:09 - [MESSAGE][PASSED] - Object: 'Object Repository/RecommandationCheck/Page_Edit Profile/a_Submitted (1)' is clicked on

2019-12-03 20:45:09 - [TEST_STEP][PASSED] - delay(5): Delayed 5 second(s)

2019-12-03 20:45:14 - [MESSAGE][PASSED] - Delayed 5 second(s)

2019-12-03 20:45:14 - [TEST_STEP][PASSED] - waitForElementVisible(findTestObject("Object Repository/RecommandationCheck/Page_Edit Profile/a_Suraj1571562559339makhija"), 10): Object 'Object Repository/RecommandationCheck/Page_Edit Profile/a_Suraj1571562559339makhija' is visible

2019-12-03 20:45:15 - [MESSAGE][PASSED] - Object 'Object Repository/RecommandationCheck/Page_Edit Profile/a_Suraj1571562559339makhija' is visible

2019-12-03 20:45:15 - [TEST_STEP][PASSED] - verifyElementVisible(findTestObject("Object Repository/RecommandationCheck/Page_Edit Profile/a_Suraj1571562559339makhija"), STOP_ON_FAILURE): Object 'Object Repository/RecommandationCheck/Page_Edit Profile/a_Suraj1571562559339makhija' is visible

2019-12-03 20:45:15 - [MESSAGE][PASSED] - Object 'Object Repository/RecommandationCheck/Page_Edit Profile/a_Suraj1571562559339makhija' is visible

2019-12-03 20:45:15 - [TEST_STEP][PASSED] - click(findTestObject("Object Repository/RecommandationCheck/Page_Edit Profile/a_Received (2)")): Object: 'Object Repository/RecommandationCheck/Page_Edit Profile/a_Received (2)' is clicked on

2019-12-03 20:45:15 - [MESSAGE][PASSED] - Object: 'Object Repository/RecommandationCheck/Page_Edit Profile/a_Received (2)' is clicked on

2019-12-03 20:45:15 - [TEST_STEP][PASSED] - delay(5): Delayed 5 second(s)

2019-12-03 20:45:20 - [MESSAGE][PASSED] - Delayed 5 second(s)

2019-12-03 20:45:20 - [TEST_STEP][PASSED] - waitForElementVisible(findTestObject("Object Repository/RecommandationCheck/Page_Edit Profile/a_Yamanappa Ogennavar"), 10): Object 'Object Repository/RecommandationCheck/Page_Edit Profile/a_Yamanappa Ogennavar' is visible

2019-12-03 20:45:21 - [MESSAGE][PASSED] - Object 'Object Repository/RecommandationCheck/Page_Edit Profile/a_Yamanappa Ogennavar' is visible

2019-12-03 20:45:21 - [TEST_STEP][PASSED] - verifyElementVisible(findTestObject("Object Repository/RecommandationCheck/Page_Edit Profile/a_Yamanappa Ogennavar"), STOP_ON_FAILURE): Object 'Object Repository/RecommandationCheck/Page_Edit Profile/a_Yamanappa Ogennavar' is visible

2019-12-03 20:45:21 - [MESSAGE][PASSED] - Object 'Object Repository/RecommandationCheck/Page_Edit Profile/a_Yamanappa Ogennavar' is visible

2019-12-03 20:45:21 - [TEST_STEP][PASSED] - closeBrowser(): Browser is closed

2019-12-03 20:45:23 - [MESSAGE][PASSED] - Browser is closed

2019-12-03 20:45:23 - [TEST_STEP][PASSED] - Start listener action : afterTestcase: Browser is closed

2019-12-03 20:45:23 - [TEST_STEP][PASSED] - closeBrowser(): Browser is closed

2019-12-03 20:45:23 - [MESSAGE][PASSED] - Browser is closed

2019-12-03 20:45:25 - [TEST_STEP][PASSED] - Video: Video recording for test case 'Test Cases/workLifeTest/RecommendationCheck' .

2019-12-03 20:45:25 - [MESSAGE][INFO] - Video recording for test case 'Test Cases/workLifeTest/RecommendationCheck' .
[[ATTACHMENT|/Users/akhilesh/git/KatalonBDD1/Reports/20191203_191511/Acceptance/20191203_191511/videos/test_27.avi]]]]></system-out>
         <system-err><![CDATA[]]></system-err>
      </testcase>
      <system-out><![CDATA[2019-12-03 19:15:28 - [TEST_SUITE][FAILED] - Acceptance: Test Cases/Flag reviews FAILED.
Reason:
com.kms.katalon.core.exception.StepFailedException: Unable to click on object 'Object Repository/flag review/Page_View Profile/click btn-btn report'
	at com.kms.katalon.core.webui.keyword.internal.WebUIKeywordMain.stepFailed(WebUIKeywordMain.groovy:64)
	at com.kms.katalon.core.webui.keyword.internal.WebUIKeywordMain.runKeyword(WebUIKeywordMain.groovy:26)
	at com.kms.katalon.core.webui.keyword.builtin.ClickKeyword.click(ClickKeyword.groovy:103)
	at com.kms.katalon.core.webui.keyword.builtin.ClickKeyword.execute(ClickKeyword.groovy:43)
	at com.kms.katalon.core.keyword.internal.KeywordExecutor.executeKeywordForPlatform(KeywordExecutor.groovy:60)
	at com.kms.katalon.core.webui.keyword.WebUiBuiltInKeywords.click(WebUiBuiltInKeywords.groovy:616)
	at com.kms.katalon.core.webui.keyword.WebUiBuiltInKeywords$click$3.call(Unknown Source)
	at Flag reviews.run(Flag reviews:37)
	at com.kms.katalon.core.main.ScriptEngine.run(ScriptEngine.java:194)
	at com.kms.katalon.core.main.ScriptEngine.runScriptAsRawText(ScriptEngine.java:119)
	at com.kms.katalon.core.main.TestCaseExecutor.runScript(TestCaseExecutor.java:337)
	at com.kms.katalon.core.main.TestCaseExecutor.doExecute(TestCaseExecutor.java:328)
	at com.kms.katalon.core.main.TestCaseExecutor.processExecutionPhase(TestCaseExecutor.java:307)
	at com.kms.katalon.core.main.TestCaseExecutor.accessMainPhase(TestCaseExecutor.java:299)
	at com.kms.katalon.core.main.TestCaseExecutor.execute(TestCaseExecutor.java:233)
	at com.kms.katalon.core.main.TestSuiteExecutor.accessTestCaseMainPhase(TestSuiteExecutor.java:169)
	at com.kms.katalon.core.main.TestSuiteExecutor.accessTestSuiteMainPhase(TestSuiteExecutor.java:142)
	at com.kms.katalon.core.main.TestSuiteExecutor.execute(TestSuiteExecutor.java:91)
	at com.kms.katalon.core.main.TestCaseMain.startTestSuite(TestCaseMain.java:157)
	at com.kms.katalon.core.main.TestCaseMain$startTestSuite$0.call(Unknown Source)
	at TempTestSuite1575380721167.run(TempTestSuite1575380721167.groovy:36)
Caused by: com.kms.katalon.core.webui.exception.WebElementNotFoundException: Web element with id: 'Object Repository/flag review/Page_View Profile/click btn-btn report' located by 'By.xpath: //button[contains(@class,'btn btn-report')]' not found
	at com.kms.katalon.core.webui.common.WebUiCommonHelper.findWebElement(WebUiCommonHelper.java:1113)
	at com.kms.katalon.core.webui.keyword.internal.WebUIAbstractKeyword.findWebElement(WebUIAbstractKeyword.groovy:27)
	at com.kms.katalon.core.webui.keyword.internal.WebUIAbstractKeyword.findWebElement(WebUIAbstractKeyword.groovy:26)
	at com.kms.katalon.core.webui.keyword.builtin.ClickKeyword$_click_closure1.doCall(ClickKeyword.groovy:68)
	at com.kms.katalon.core.webui.keyword.builtin.ClickKeyword$_click_closure1.call(ClickKeyword.groovy)
	at com.kms.katalon.core.webui.keyword.internal.WebUIKeywordMain.runKeyword(WebUIKeywordMain.groovy:20)
	... 19 more]]></system-out>
      <system-err><![CDATA[2019-12-03 19:15:28 - [TEST_SUITE][FAILED] - Acceptance: Test Cases/Flag reviews FAILED.
Reason:
com.kms.katalon.core.exception.StepFailedException: Unable to click on object 'Object Repository/flag review/Page_View Profile/click btn-btn report'
	at com.kms.katalon.core.webui.keyword.internal.WebUIKeywordMain.stepFailed(WebUIKeywordMain.groovy:64)
	at com.kms.katalon.core.webui.keyword.internal.WebUIKeywordMain.runKeyword(WebUIKeywordMain.groovy:26)
	at com.kms.katalon.core.webui.keyword.builtin.ClickKeyword.click(ClickKeyword.groovy:103)
	at com.kms.katalon.core.webui.keyword.builtin.ClickKeyword.execute(ClickKeyword.groovy:43)
	at com.kms.katalon.core.keyword.internal.KeywordExecutor.executeKeywordForPlatform(KeywordExecutor.groovy:60)
	at com.kms.katalon.core.webui.keyword.WebUiBuiltInKeywords.click(WebUiBuiltInKeywords.groovy:616)
	at com.kms.katalon.core.webui.keyword.WebUiBuiltInKeywords$click$3.call(Unknown Source)
	at Flag reviews.run(Flag reviews:37)
	at com.kms.katalon.core.main.ScriptEngine.run(ScriptEngine.java:194)
	at com.kms.katalon.core.main.ScriptEngine.runScriptAsRawText(ScriptEngine.java:119)
	at com.kms.katalon.core.main.TestCaseExecutor.runScript(TestCaseExecutor.java:337)
	at com.kms.katalon.core.main.TestCaseExecutor.doExecute(TestCaseExecutor.java:328)
	at com.kms.katalon.core.main.TestCaseExecutor.processExecutionPhase(TestCaseExecutor.java:307)
	at com.kms.katalon.core.main.TestCaseExecutor.accessMainPhase(TestCaseExecutor.java:299)
	at com.kms.katalon.core.main.TestCaseExecutor.execute(TestCaseExecutor.java:233)
	at com.kms.katalon.core.main.TestSuiteExecutor.accessTestCaseMainPhase(TestSuiteExecutor.java:169)
	at com.kms.katalon.core.main.TestSuiteExecutor.accessTestSuiteMainPhase(TestSuiteExecutor.java:142)
	at com.kms.katalon.core.main.TestSuiteExecutor.execute(TestSuiteExecutor.java:91)
	at com.kms.katalon.core.main.TestCaseMain.startTestSuite(TestCaseMain.java:157)
	at com.kms.katalon.core.main.TestCaseMain$startTestSuite$0.call(Unknown Source)
	at TempTestSuite1575380721167.run(TempTestSuite1575380721167.groovy:36)
Caused by: com.kms.katalon.core.webui.exception.WebElementNotFoundException: Web element with id: 'Object Repository/flag review/Page_View Profile/click btn-btn report' located by 'By.xpath: //button[contains(@class,'btn btn-report')]' not found
	at com.kms.katalon.core.webui.common.WebUiCommonHelper.findWebElement(WebUiCommonHelper.java:1113)
	at com.kms.katalon.core.webui.keyword.internal.WebUIAbstractKeyword.findWebElement(WebUIAbstractKeyword.groovy:27)
	at com.kms.katalon.core.webui.keyword.internal.WebUIAbstractKeyword.findWebElement(WebUIAbstractKeyword.groovy:26)
	at com.kms.katalon.core.webui.keyword.builtin.ClickKeyword$_click_closure1.doCall(ClickKeyword.groovy:68)
	at com.kms.katalon.core.webui.keyword.builtin.ClickKeyword$_click_closure1.call(ClickKeyword.groovy)
	at com.kms.katalon.core.webui.keyword.internal.WebUIKeywordMain.runKeyword(WebUIKeywordMain.groovy:20)
	... 19 more]]></system-err>
   </testsuite>
</testsuites>
