<?xml version="1.0" encoding="UTF-8"?>
<testsuites name="Regression" time="3182.051" tests="54" failures="12" errors="0">
   <testsuite name="Regression" tests="54" failures="12" errors="0" time="3182.051" timestamp="2019-12-04 01:19:44" hostname="Suraj Kumar - PUN-IT000636" id="Test Suites/Regression">
      <properties>
         <property name="deviceName" value=""/>
         <property name="devicePlatform" value=""/>
         <property name="logFolder" value="C:\\Users\\Suraj Kumar\\git\\KatalonBDD\\Reports\\20191204_011934\\Regression\\20191204_011934"/>
         <property name="logFiles" value="C:\\Users\\Suraj Kumar\\git\\KatalonBDD\\Reports\\20191204_011934\\Regression\\20191204_011934\\execution0.log"/>
         <property name="attachments" value="C:\\Users\\Suraj Kumar\\git\\KatalonBDD\\Reports\\20191204_011934\\Regression\\20191204_011934/videos\\test_1.avi, C:\\Users\\Suraj Kumar\\git\\KatalonBDD\\Reports\\20191204_011934\\Regression\\20191204_011934\\1575402736955.png, C:\\Users\\Suraj Kumar\\git\\KatalonBDD\\Reports\\20191204_011934\\Regression\\20191204_011934/videos\\test_2.avi, C:\\Users\\Suraj Kumar\\git\\KatalonBDD\\Reports\\20191204_011934\\Regression\\20191204_011934/videos\\test_3.avi, C:\\Users\\Suraj Kumar\\git\\KatalonBDD\\Reports\\20191204_011934\\Regression\\20191204_011934/videos\\test_4.avi, C:\\Users\\Suraj Kumar\\git\\KatalonBDD\\Reports\\20191204_011934\\Regression\\20191204_011934/videos\\test_5.avi, C:\\Users\\Suraj Kumar\\git\\KatalonBDD\\Reports\\20191204_011934\\Regression\\20191204_011934/videos\\test_6.avi, C:\\Users\\Suraj Kumar\\git\\KatalonBDD\\Reports\\20191204_011934\\Regression\\20191204_011934/videos\\test_7.avi, C:\\Users\\Suraj Kumar\\git\\KatalonBDD\\Reports\\20191204_011934\\Regression\\20191204_011934/videos\\test_8.avi, C:\\Users\\Suraj Kumar\\git\\KatalonBDD\\Reports\\20191204_011934\\Regression\\20191204_011934/videos\\test_9.avi, C:\\Users\\Suraj Kumar\\git\\KatalonBDD\\Reports\\20191204_011934\\Regression\\20191204_011934\\1575403163893.png, C:\\Users\\Suraj Kumar\\git\\KatalonBDD\\Reports\\20191204_011934\\Regression\\20191204_011934/videos\\test_10.avi, C:\\Users\\Suraj Kumar\\git\\KatalonBDD\\Reports\\20191204_011934\\Regression\\20191204_011934/videos\\test_11.avi, C:\\Users\\Suraj Kumar\\git\\KatalonBDD\\Reports\\20191204_011934\\Regression\\20191204_011934\\1575403299799.png, C:\\Users\\Suraj Kumar\\git\\KatalonBDD\\Reports\\20191204_011934\\Regression\\20191204_011934/videos\\test_12.avi, C:\\Users\\Suraj Kumar\\git\\KatalonBDD\\Reports\\20191204_011934\\Regression\\20191204_011934/videos\\test_13.avi, C:\\Users\\Suraj Kumar\\git\\KatalonBDD\\Reports\\20191204_011934\\Regression\\20191204_011934/videos\\test_14.avi, C:\\Users\\Suraj Kumar\\git\\KatalonBDD\\Reports\\20191204_011934\\Regression\\20191204_011934/videos\\test_15.avi, C:\\Users\\Suraj Kumar\\git\\KatalonBDD\\Reports\\20191204_011934\\Regression\\20191204_011934/videos\\test_16.avi, C:\\Users\\Suraj Kumar\\git\\KatalonBDD\\Reports\\20191204_011934\\Regression\\20191204_011934/videos\\test_17.avi, C:\\Users\\Suraj Kumar\\git\\KatalonBDD\\Reports\\20191204_011934\\Regression\\20191204_011934/videos\\test_18.avi, C:\\Users\\Suraj Kumar\\git\\KatalonBDD\\Reports\\20191204_011934\\Regression\\20191204_011934/videos\\test_19.avi, C:\\Users\\Suraj Kumar\\git\\KatalonBDD\\Reports\\20191204_011934\\Regression\\20191204_011934\\1575403787903.png, C:\\Users\\Suraj Kumar\\git\\KatalonBDD\\Reports\\20191204_011934\\Regression\\20191204_011934/videos\\test_20.avi, C:\\Users\\Suraj Kumar\\git\\KatalonBDD\\Reports\\20191204_011934\\Regression\\20191204_011934/videos\\test_21.avi, C:\\Users\\Suraj Kumar\\git\\KatalonBDD\\Reports\\20191204_011934\\Regression\\20191204_011934/videos\\test_22.avi, C:\\Users\\Suraj Kumar\\git\\KatalonBDD\\Reports\\20191204_011934\\Regression\\20191204_011934/videos\\test_23.avi, C:\\Users\\Suraj Kumar\\git\\KatalonBDD\\Reports\\20191204_011934\\Regression\\20191204_011934\\1575403981461.png, C:\\Users\\Suraj Kumar\\git\\KatalonBDD\\Reports\\20191204_011934\\Regression\\20191204_011934/videos\\test_24.avi, C:\\Users\\Suraj Kumar\\git\\KatalonBDD\\Reports\\20191204_011934\\Regression\\20191204_011934/videos\\test_25.avi, C:\\Users\\Suraj Kumar\\git\\KatalonBDD\\Reports\\20191204_011934\\Regression\\20191204_011934/videos\\test_26.avi, C:\\Users\\Suraj Kumar\\git\\KatalonBDD\\Reports\\20191204_011934\\Regression\\20191204_011934/videos\\test_27.avi, C:\\Users\\Suraj Kumar\\git\\KatalonBDD\\Reports\\20191204_011934\\Regression\\20191204_011934/videos\\test_28.avi, C:\\Users\\Suraj Kumar\\git\\KatalonBDD\\Reports\\20191204_011934\\Regression\\20191204_011934/videos\\test_29.avi, C:\\Users\\Suraj Kumar\\git\\KatalonBDD\\Reports\\20191204_011934\\Regression\\20191204_011934\\1575404325983.png, C:\\Users\\Suraj Kumar\\git\\KatalonBDD\\Reports\\20191204_011934\\Regression\\20191204_011934/videos\\test_30.avi, C:\\Users\\Suraj Kumar\\git\\KatalonBDD\\Reports\\20191204_011934\\Regression\\20191204_011934/videos\\test_31.avi, C:\\Users\\Suraj Kumar\\git\\KatalonBDD\\Reports\\20191204_011934\\Regression\\20191204_011934/videos\\test_32.avi, C:\\Users\\Suraj Kumar\\git\\KatalonBDD\\Reports\\20191204_011934\\Regression\\20191204_011934/videos\\test_33.avi, C:\\Users\\Suraj Kumar\\git\\KatalonBDD\\Reports\\20191204_011934\\Regression\\20191204_011934/videos\\test_34.avi, C:\\Users\\Suraj Kumar\\git\\KatalonBDD\\Reports\\20191204_011934\\Regression\\20191204_011934/videos\\test_35.avi, C:\\Users\\Suraj Kumar\\git\\KatalonBDD\\Reports\\20191204_011934\\Regression\\20191204_011934/videos\\test_36.avi, C:\\Users\\Suraj Kumar\\git\\KatalonBDD\\Reports\\20191204_011934\\Regression\\20191204_011934\\1575404677017.png, C:\\Users\\Suraj Kumar\\git\\KatalonBDD\\Reports\\20191204_011934\\Regression\\20191204_011934/videos\\test_37.avi, C:\\Users\\Suraj Kumar\\git\\KatalonBDD\\Reports\\20191204_011934\\Regression\\20191204_011934/videos\\test_38.avi, C:\\Users\\Suraj Kumar\\git\\KatalonBDD\\Reports\\20191204_011934\\Regression\\20191204_011934/videos\\test_39.avi, C:\\Users\\Suraj Kumar\\git\\KatalonBDD\\Reports\\20191204_011934\\Regression\\20191204_011934/videos\\test_40.avi, C:\\Users\\Suraj Kumar\\git\\KatalonBDD\\Reports\\20191204_011934\\Regression\\20191204_011934/videos\\test_41.avi, C:\\Users\\Suraj Kumar\\git\\KatalonBDD\\Reports\\20191204_011934\\Regression\\20191204_011934\\1575405000872.png, C:\\Users\\Suraj Kumar\\git\\KatalonBDD\\Reports\\20191204_011934\\Regression\\20191204_011934/videos\\test_42.avi, C:\\Users\\Suraj Kumar\\git\\KatalonBDD\\Reports\\20191204_011934\\Regression\\20191204_011934/videos\\test_43.avi, C:\\Users\\Suraj Kumar\\git\\KatalonBDD\\Reports\\20191204_011934\\Regression\\20191204_011934\\1575405114339.png, C:\\Users\\Suraj Kumar\\git\\KatalonBDD\\Reports\\20191204_011934\\Regression\\20191204_011934\\1575405114493.png, C:\\Users\\Suraj Kumar\\git\\KatalonBDD\\Reports\\20191204_011934\\Regression\\20191204_011934/videos\\test_44.avi, C:\\Users\\Suraj Kumar\\git\\KatalonBDD\\Reports\\20191204_011934\\Regression\\20191204_011934/videos\\test_45.avi, C:\\Users\\Suraj Kumar\\git\\KatalonBDD\\Reports\\20191204_011934\\Regression\\20191204_011934/videos\\test_46.avi, C:\\Users\\Suraj Kumar\\git\\KatalonBDD\\Reports\\20191204_011934\\Regression\\20191204_011934/videos\\test_47.avi, C:\\Users\\Suraj Kumar\\git\\KatalonBDD\\Reports\\20191204_011934\\Regression\\20191204_011934/videos\\test_48.avi, C:\\Users\\Suraj Kumar\\git\\KatalonBDD\\Reports\\20191204_011934\\Regression\\20191204_011934/videos\\test_49.avi, C:\\Users\\Suraj Kumar\\git\\KatalonBDD\\Reports\\20191204_011934\\Regression\\20191204_011934\\1575405456917.png, C:\\Users\\Suraj Kumar\\git\\KatalonBDD\\Reports\\20191204_011934\\Regression\\20191204_011934/videos\\test_50.avi, C:\\Users\\Suraj Kumar\\git\\KatalonBDD\\Reports\\20191204_011934\\Regression\\20191204_011934/videos\\test_51.avi, C:\\Users\\Suraj Kumar\\git\\KatalonBDD\\Reports\\20191204_011934\\Regression\\20191204_011934\\1575405572437.png, C:\\Users\\Suraj Kumar\\git\\KatalonBDD\\Reports\\20191204_011934\\Regression\\20191204_011934\\1575405572527.png, C:\\Users\\Suraj Kumar\\git\\KatalonBDD\\Reports\\20191204_011934\\Regression\\20191204_011934/videos\\test_52.avi, C:\\Users\\Suraj Kumar\\git\\KatalonBDD\\Reports\\20191204_011934\\Regression\\20191204_011934/videos\\test_53.avi, C:\\Users\\Suraj Kumar\\git\\KatalonBDD\\Reports\\20191204_011934\\Regression\\20191204_011934\\1575405697321.png, C:\\Users\\Suraj Kumar\\git\\KatalonBDD\\Reports\\20191204_011934\\Regression\\20191204_011934/videos\\test_54.avi"/>
         <property name="hostName" value="Suraj Kumar - PUN-IT000636"/>
         <property name="os" value="Windows 10 64bit"/>
         <property name="katalonVersion" value="7.1.0.1"/>
         <property name="browser" value="Firefox 69.0"/>
         <property name="hostAddress" value="192.168.43.182"/>
         <property name="sessionId" value="27c05032-1253-4c18-98f0-4e4cabda00a2"/>
         <property name="seleniumVersion" value="3.141.59"/>
         <property name="proxyInformation" value="ProxyInformation{proxyOption=NO_PROXY, proxyServerType=HTTP, password=, proxyServerAddress=, proxyServerPort=0}"/>
         <property name="platform" value="Windows 10"/>
      </properties>
      <testcase name="Test Cases/Connect with users" time="59.66" classname="Test Cases/Connect with users" status="PASSED">
         <system-out><![CDATA[2019-12-04 01:19:45 - [TEST_CASE][PASSED] - Test Cases/Connect with users: Test Cases/Connect with users

2019-12-04 01:19:45 - [TEST_STEP][PASSED] - Start listener action : beforeTestcase: null

2019-12-04 01:19:46 - [TEST_STEP][PASSED] - openBrowser(AppUrl): Browser is opened with url: 'https://qa.thework.life'

2019-12-04 01:19:48 - [MESSAGE][INFO] - Starting 'Firefox' driver

2019-12-04 01:19:48 - [MESSAGE][INFO] - Action delay is set to 0 seconds

2019-12-04 01:20:09 - [MESSAGE][PASSED] - Browser is opened with url: 'https://qa.thework.life'

2019-12-04 01:20:09 - [TEST_STEP][PASSED] - navigateToUrl(AppUrl): Navigate to 'https://qa.thework.life' successfully

2019-12-04 01:20:12 - [MESSAGE][PASSED] - Navigate to 'https://qa.thework.life' successfully

2019-12-04 01:20:12 - [TEST_STEP][PASSED] - setText(findTestObject("Experience/Page_theworklife - Find Great People To Work With/input_Forgot password_username"), "worklifetest10001@gmail.com"): Text 'worklifetest10001@gmail.com' is set on object 'Object Repository/Experience/Page_theworklife - Find Great People To Work With/input_Forgot password_username'

2019-12-04 01:20:13 - [MESSAGE][PASSED] - Text 'worklifetest10001@gmail.com' is set on object 'Object Repository/Experience/Page_theworklife - Find Great People To Work With/input_Forgot password_username'

2019-12-04 01:20:13 - [TEST_STEP][PASSED] - setEncryptedText(findTestObject("Experience/Page_theworklife - Find Great People To Work With/input_Forgot password_password"), "XU9cBalmEBp1UP+jEU2w4UUBUuNgBY4U"): Text ****** has been set on object 'Object Repository/Experience/Page_theworklife - Find Great People To Work With/input_Forgot password_password'

2019-12-04 01:20:14 - [MESSAGE][PASSED] - Text ****** has been set on object 'Object Repository/Experience/Page_theworklife - Find Great People To Work With/input_Forgot password_password'

2019-12-04 01:20:14 - [TEST_STEP][PASSED] - click(findTestObject("Object Repository/Rate/Page_theworklife - Find Great People To Work With/button_Sign in")): Object: 'Object Repository/Rate/Page_theworklife - Find Great People To Work With/button_Sign in' is clicked on

2019-12-04 01:20:22 - [MESSAGE][PASSED] - Object: 'Object Repository/Rate/Page_theworklife - Find Great People To Work With/button_Sign in' is clicked on

2019-12-04 01:20:22 - [TEST_STEP][PASSED] - waitForElementPresent(findTestObject("connect with user/Page_Home/a_connections"), 3): Object 'Object Repository/connect with user/Page_Home/a_connections' is present

2019-12-04 01:20:22 - [MESSAGE][PASSED] - Object 'Object Repository/connect with user/Page_Home/a_connections' is present

2019-12-04 01:20:22 - [TEST_STEP][PASSED] - delay(4): Delayed 4 second(s)

2019-12-04 01:20:27 - [MESSAGE][PASSED] - Delayed 4 second(s)

2019-12-04 01:20:27 - [TEST_STEP][PASSED] - click(findTestObject("connect with user/Page_Home/a_connections")): Object: 'Object Repository/connect with user/Page_Home/a_connections' is clicked on

2019-12-04 01:20:30 - [MESSAGE][PASSED] - Object: 'Object Repository/connect with user/Page_Home/a_connections' is clicked on

2019-12-04 01:20:30 - [TEST_STEP][PASSED] - setText(findTestObject("Rate/Page_Home/input_View all_searchText"), "vijay"): Text 'vijay' is set on object 'Object Repository/Rate/Page_Home/input_View all_searchText'

2019-12-04 01:20:31 - [MESSAGE][PASSED] - Text 'vijay' is set on object 'Object Repository/Rate/Page_Home/input_View all_searchText'

2019-12-04 01:20:31 - [TEST_STEP][PASSED] - click(findTestObject("Rate/Page_Home/Search user button")): Object: 'Object Repository/Rate/Page_Home/Search user button' is clicked on

2019-12-04 01:20:38 - [MESSAGE][PASSED] - Object: 'Object Repository/Rate/Page_Home/Search user button' is clicked on

2019-12-04 01:20:38 - [TEST_STEP][PASSED] - click(findTestObject("connect with user/Page_Search/button_Connect")): Object: 'Object Repository/connect with user/Page_Search/button_Connect' is clicked on

2019-12-04 01:20:39 - [MESSAGE][PASSED] - Object: 'Object Repository/connect with user/Page_Search/button_Connect' is clicked on

2019-12-04 01:20:39 - [TEST_STEP][PASSED] - closeBrowser(): Browser is closed

2019-12-04 01:20:42 - [MESSAGE][PASSED] - Browser is closed

2019-12-04 01:20:42 - [TEST_STEP][PASSED] - Start listener action : afterTestcase: Browser is closed

2019-12-04 01:20:42 - [TEST_STEP][PASSED] - closeBrowser(): Browser is closed

2019-12-04 01:20:42 - [MESSAGE][PASSED] - Browser is closed

2019-12-04 01:20:44 - [TEST_STEP][PASSED] - Video: Video recording for test case 'Test Cases/Connect with users' .

2019-12-04 01:20:44 - [MESSAGE][INFO] - Video recording for test case 'Test Cases/Connect with users' .
[[ATTACHMENT|C:\\Users\\Suraj Kumar\\git\\KatalonBDD\\Reports\\20191204_011934\\Regression\\20191204_011934/videos\\test_1.avi]]]]></system-out>
         <system-err><![CDATA[]]></system-err>
      </testcase>
      <testcase name="Test Cases/Accept connection request" time="97.53" classname="Test Cases/Accept connection request" status="FAILED">
         <failure type="FAILED" message="Test Cases/Accept connection request FAILED.
Reason:
com.kms.katalon.core.exception.StepFailedException: Unable to click on object 'Object Repository/connect with user/Page_Search/button_Connect'
	at com.kms.katalon.core.webui.keyword.internal.WebUIKeywordMain.stepFailed(WebUIKeywordMain.groovy:64)
	at com.kms.katalon.core.webui.keyword.internal.WebUIKeywordMain.runKeyword(WebUIKeywordMain.groovy:26)
	at com.kms.katalon.core.webui.keyword.builtin.ClickKeyword.click(ClickKeyword.groovy:103)
	at com.kms.katalon.core.webui.keyword.builtin.ClickKeyword.execute(ClickKeyword.groovy:43)
	at com.kms.katalon.core.keyword.internal.KeywordExecutor.executeKeywordForPlatform(KeywordExecutor.groovy:60)
	at com.kms.katalon.core.webui.keyword.WebUiBuiltInKeywords.click(WebUiBuiltInKeywords.groovy:616)
	at com.kms.katalon.core.webui.keyword.WebUiBuiltInKeywords$click$3.call(Unknown Source)
	at Accept connection request.run(Accept connection request:33)
	at com.kms.katalon.core.main.ScriptEngine.run(ScriptEngine.java:194)
	at com.kms.katalon.core.main.ScriptEngine.runScriptAsRawText(ScriptEngine.java:119)
	at com.kms.katalon.core.main.TestCaseExecutor.runScript(TestCaseExecutor.java:337)
	at com.kms.katalon.core.main.TestCaseExecutor.doExecute(TestCaseExecutor.java:328)
	at com.kms.katalon.core.main.TestCaseExecutor.processExecutionPhase(TestCaseExecutor.java:307)
	at com.kms.katalon.core.main.TestCaseExecutor.accessMainPhase(TestCaseExecutor.java:299)
	at com.kms.katalon.core.main.TestCaseExecutor.execute(TestCaseExecutor.java:233)
	at com.kms.katalon.core.main.TestSuiteExecutor.accessTestCaseMainPhase(TestSuiteExecutor.java:169)
	at com.kms.katalon.core.main.TestSuiteExecutor.accessTestSuiteMainPhase(TestSuiteExecutor.java:142)
	at com.kms.katalon.core.main.TestSuiteExecutor.execute(TestSuiteExecutor.java:91)
	at com.kms.katalon.core.main.TestCaseMain.startTestSuite(TestCaseMain.java:157)
	at com.kms.katalon.core.main.TestCaseMain$startTestSuite$0.call(Unknown Source)
	at TempTestSuite1575402574161.run(TempTestSuite1575402574161.groovy:36)
Caused by: com.kms.katalon.core.webui.exception.WebElementNotFoundException: Web element with id: 'Object Repository/connect with user/Page_Search/button_Connect' located by 'By.xpath: //*[@id = 'btnConnect' and (text() = 'Connect' or . = 'Connect')]' not found
	at com.kms.katalon.core.webui.common.WebUiCommonHelper.findWebElement(WebUiCommonHelper.java:1113)
	at com.kms.katalon.core.webui.keyword.internal.WebUIAbstractKeyword.findWebElement(WebUIAbstractKeyword.groovy:27)
	at com.kms.katalon.core.webui.keyword.internal.WebUIAbstractKeyword.findWebElement(WebUIAbstractKeyword.groovy:26)
	at com.kms.katalon.core.webui.keyword.builtin.ClickKeyword$_click_closure1.doCall(ClickKeyword.groovy:68)
	at com.kms.katalon.core.webui.keyword.builtin.ClickKeyword$_click_closure1.call(ClickKeyword.groovy)
	at com.kms.katalon.core.webui.keyword.internal.WebUIKeywordMain.runKeyword(WebUIKeywordMain.groovy:20)
	... 19 more
"/>
         <system-out><![CDATA[2019-12-04 01:20:44 - [TEST_CASE][FAILED] - Test Cases/Accept connection request: Test Cases/Accept connection request FAILED.
Reason:
com.kms.katalon.core.exception.StepFailedException: Unable to click on object 'Object Repository/connect with user/Page_Search/button_Connect'
	at com.kms.katalon.core.webui.keyword.internal.WebUIKeywordMain.stepFailed(WebUIKeywordMain.groovy:64)
	at com.kms.katalon.core.webui.keyword.internal.WebUIKeywordMain.runKeyword(WebUIKeywordMain.groovy:26)
	at com.kms.katalon.core.webui.keyword.builtin.ClickKeyword.click(ClickKeyword.groovy:103)
	at com.kms.katalon.core.webui.keyword.builtin.ClickKeyword.execute(ClickKeyword.groovy:43)
	at com.kms.katalon.core.keyword.internal.KeywordExecutor.executeKeywordForPlatform(KeywordExecutor.groovy:60)
	at com.kms.katalon.core.webui.keyword.WebUiBuiltInKeywords.click(WebUiBuiltInKeywords.groovy:616)
	at com.kms.katalon.core.webui.keyword.WebUiBuiltInKeywords$click$3.call(Unknown Source)
	at Accept connection request.run(Accept connection request:33)
	at com.kms.katalon.core.main.ScriptEngine.run(ScriptEngine.java:194)
	at com.kms.katalon.core.main.ScriptEngine.runScriptAsRawText(ScriptEngine.java:119)
	at com.kms.katalon.core.main.TestCaseExecutor.runScript(TestCaseExecutor.java:337)
	at com.kms.katalon.core.main.TestCaseExecutor.doExecute(TestCaseExecutor.java:328)
	at com.kms.katalon.core.main.TestCaseExecutor.processExecutionPhase(TestCaseExecutor.java:307)
	at com.kms.katalon.core.main.TestCaseExecutor.accessMainPhase(TestCaseExecutor.java:299)
	at com.kms.katalon.core.main.TestCaseExecutor.execute(TestCaseExecutor.java:233)
	at com.kms.katalon.core.main.TestSuiteExecutor.accessTestCaseMainPhase(TestSuiteExecutor.java:169)
	at com.kms.katalon.core.main.TestSuiteExecutor.accessTestSuiteMainPhase(TestSuiteExecutor.java:142)
	at com.kms.katalon.core.main.TestSuiteExecutor.execute(TestSuiteExecutor.java:91)
	at com.kms.katalon.core.main.TestCaseMain.startTestSuite(TestCaseMain.java:157)
	at com.kms.katalon.core.main.TestCaseMain$startTestSuite$0.call(Unknown Source)
	at TempTestSuite1575402574161.run(TempTestSuite1575402574161.groovy:36)
Caused by: com.kms.katalon.core.webui.exception.WebElementNotFoundException: Web element with id: 'Object Repository/connect with user/Page_Search/button_Connect' located by 'By.xpath: //*[@id = 'btnConnect' and (text() = 'Connect' or . = 'Connect')]' not found
	at com.kms.katalon.core.webui.common.WebUiCommonHelper.findWebElement(WebUiCommonHelper.java:1113)
	at com.kms.katalon.core.webui.keyword.internal.WebUIAbstractKeyword.findWebElement(WebUIAbstractKeyword.groovy:27)
	at com.kms.katalon.core.webui.keyword.internal.WebUIAbstractKeyword.findWebElement(WebUIAbstractKeyword.groovy:26)
	at com.kms.katalon.core.webui.keyword.builtin.ClickKeyword$_click_closure1.doCall(ClickKeyword.groovy:68)
	at com.kms.katalon.core.webui.keyword.builtin.ClickKeyword$_click_closure1.call(ClickKeyword.groovy)
	at com.kms.katalon.core.webui.keyword.internal.WebUIKeywordMain.runKeyword(WebUIKeywordMain.groovy:20)
	... 19 more


2019-12-04 01:20:44 - [TEST_STEP][PASSED] - Start listener action : beforeTestcase: null

2019-12-04 01:20:46 - [TEST_STEP][PASSED] - openBrowser(AppUrl): Browser is opened with url: 'https://qa.thework.life'

2019-12-04 01:20:46 - [MESSAGE][INFO] - Starting 'Firefox' driver

2019-12-04 01:21:02 - [MESSAGE][PASSED] - Browser is opened with url: 'https://qa.thework.life'

2019-12-04 01:21:02 - [TEST_STEP][PASSED] - navigateToUrl(AppUrl): Navigate to 'https://qa.thework.life' successfully

2019-12-04 01:21:06 - [MESSAGE][PASSED] - Navigate to 'https://qa.thework.life' successfully

2019-12-04 01:21:06 - [TEST_STEP][PASSED] - setText(findTestObject("Experience/Page_theworklife - Find Great People To Work With/input_Forgot password_username"), "yamanappa@gmail.com"): Text 'yamanappa@gmail.com' is set on object 'Object Repository/Experience/Page_theworklife - Find Great People To Work With/input_Forgot password_username'

2019-12-04 01:21:06 - [MESSAGE][PASSED] - Text 'yamanappa@gmail.com' is set on object 'Object Repository/Experience/Page_theworklife - Find Great People To Work With/input_Forgot password_username'

2019-12-04 01:21:06 - [TEST_STEP][PASSED] - setEncryptedText(findTestObject("Experience/Page_theworklife - Find Great People To Work With/input_Forgot password_password"), "cvW8qx4B2o3F4VwP/kNsqA=="): Text ****** has been set on object 'Object Repository/Experience/Page_theworklife - Find Great People To Work With/input_Forgot password_password'

2019-12-04 01:21:09 - [MESSAGE][PASSED] - Text ****** has been set on object 'Object Repository/Experience/Page_theworklife - Find Great People To Work With/input_Forgot password_password'

2019-12-04 01:21:09 - [TEST_STEP][PASSED] - click(findTestObject("Object Repository/Rate/Page_theworklife - Find Great People To Work With/button_Sign in")): Object: 'Object Repository/Rate/Page_theworklife - Find Great People To Work With/button_Sign in' is clicked on

2019-12-04 01:21:17 - [MESSAGE][PASSED] - Object: 'Object Repository/Rate/Page_theworklife - Find Great People To Work With/button_Sign in' is clicked on

2019-12-04 01:21:17 - [TEST_STEP][PASSED] - setText(findTestObject("Rate/Page_Home/input_View all_searchText"), "Vijay Test"): Text 'Vijay Test' is set on object 'Object Repository/Rate/Page_Home/input_View all_searchText'

2019-12-04 01:21:18 - [MESSAGE][PASSED] - Text 'Vijay Test' is set on object 'Object Repository/Rate/Page_Home/input_View all_searchText'

2019-12-04 01:21:18 - [TEST_STEP][PASSED] - click(findTestObject("Rate/Page_Home/Search user button")): Object: 'Object Repository/Rate/Page_Home/Search user button' is clicked on

2019-12-04 01:21:29 - [MESSAGE][PASSED] - Object: 'Object Repository/Rate/Page_Home/Search user button' is clicked on

2019-12-04 01:21:29 - [TEST_STEP][FAILED] - click(findTestObject("connect with user/Page_Search/button_Connect")): Unable to click on object 'Object Repository/connect with user/Page_Search/button_Connect' (Root cause: com.kms.katalon.core.exception.StepFailedException: Unable to click on object 'Object Repository/connect with user/Page_Search/button_Connect'
	at com.kms.katalon.core.webui.keyword.internal.WebUIKeywordMain.stepFailed(WebUIKeywordMain.groovy:64)
	at com.kms.katalon.core.webui.keyword.internal.WebUIKeywordMain.runKeyword(WebUIKeywordMain.groovy:26)
	at com.kms.katalon.core.webui.keyword.builtin.ClickKeyword.click(ClickKeyword.groovy:103)
	at com.kms.katalon.core.webui.keyword.builtin.ClickKeyword.execute(ClickKeyword.groovy:43)
	at com.kms.katalon.core.keyword.internal.KeywordExecutor.executeKeywordForPlatform(KeywordExecutor.groovy:60)
	at com.kms.katalon.core.webui.keyword.WebUiBuiltInKeywords.click(WebUiBuiltInKeywords.groovy:616)
	at com.kms.katalon.core.webui.keyword.WebUiBuiltInKeywords$click$3.call(Unknown Source)
	at Accept connection request.run(Accept connection request:33)
	at com.kms.katalon.core.main.ScriptEngine.run(ScriptEngine.java:194)
	at com.kms.katalon.core.main.ScriptEngine.runScriptAsRawText(ScriptEngine.java:119)
	at com.kms.katalon.core.main.TestCaseExecutor.runScript(TestCaseExecutor.java:337)
	at com.kms.katalon.core.main.TestCaseExecutor.doExecute(TestCaseExecutor.java:328)
	at com.kms.katalon.core.main.TestCaseExecutor.processExecutionPhase(TestCaseExecutor.java:307)
	at com.kms.katalon.core.main.TestCaseExecutor.accessMainPhase(TestCaseExecutor.java:299)
	at com.kms.katalon.core.main.TestCaseExecutor.execute(TestCaseExecutor.java:233)
	at com.kms.katalon.core.main.TestSuiteExecutor.accessTestCaseMainPhase(TestSuiteExecutor.java:169)
	at com.kms.katalon.core.main.TestSuiteExecutor.accessTestSuiteMainPhase(TestSuiteExecutor.java:142)
	at com.kms.katalon.core.main.TestSuiteExecutor.execute(TestSuiteExecutor.java:91)
	at com.kms.katalon.core.main.TestCaseMain.startTestSuite(TestCaseMain.java:157)
	at com.kms.katalon.core.main.TestCaseMain$startTestSuite$0.call(Unknown Source)
	at TempTestSuite1575402574161.run(TempTestSuite1575402574161.groovy:36)
Caused by: com.kms.katalon.core.webui.exception.WebElementNotFoundException: Web element with id: 'Object Repository/connect with user/Page_Search/button_Connect' located by 'By.xpath: //*[@id = 'btnConnect' and (text() = 'Connect' or . = 'Connect')]' not found
	at com.kms.katalon.core.webui.common.WebUiCommonHelper.findWebElement(WebUiCommonHelper.java:1113)
	at com.kms.katalon.core.webui.keyword.internal.WebUIAbstractKeyword.findWebElement(WebUIAbstractKeyword.groovy:27)
	at com.kms.katalon.core.webui.keyword.internal.WebUIAbstractKeyword.findWebElement(WebUIAbstractKeyword.groovy:26)
	at com.kms.katalon.core.webui.keyword.builtin.ClickKeyword$_click_closure1.doCall(ClickKeyword.groovy:68)
	at com.kms.katalon.core.webui.keyword.builtin.ClickKeyword$_click_closure1.call(ClickKeyword.groovy)
	at com.kms.katalon.core.webui.keyword.internal.WebUIKeywordMain.runKeyword(WebUIKeywordMain.groovy:20)
	at com.kms.katalon.core.webui.keyword.builtin.ClickKeyword.click(ClickKeyword.groovy:103)
	at com.kms.katalon.core.webui.keyword.builtin.ClickKeyword.execute(ClickKeyword.groovy:43)
	at com.kms.katalon.core.keyword.internal.KeywordExecutor.executeKeywordForPlatform(KeywordExecutor.groovy:60)
	at com.kms.katalon.core.webui.keyword.WebUiBuiltInKeywords.click(WebUiBuiltInKeywords.groovy:616)
	at com.kms.katalon.core.webui.keyword.WebUiBuiltInKeywords$click$3.call(Unknown Source)
	at Script1571562173528.run(Script1571562173528.groovy:33)
	... 13 more
)

2019-12-04 01:22:16 - [MESSAGE][INFO] - Unable to find the element located by 'By.xpath: //*[@id = 'btnConnect' and (text() = 'Connect' or . = 'Connect')]'. Please recheck the objects properties to make sure the desired element is located. 

2019-12-04 01:22:17 - [MESSAGE][FAILED] - Unable to click on object 'Object Repository/connect with user/Page_Search/button_Connect' (Root cause: com.kms.katalon.core.exception.StepFailedException: Unable to click on object 'Object Repository/connect with user/Page_Search/button_Connect'
	at com.kms.katalon.core.webui.keyword.internal.WebUIKeywordMain.stepFailed(WebUIKeywordMain.groovy:64)
	at com.kms.katalon.core.webui.keyword.internal.WebUIKeywordMain.runKeyword(WebUIKeywordMain.groovy:26)
	at com.kms.katalon.core.webui.keyword.builtin.ClickKeyword.click(ClickKeyword.groovy:103)
	at com.kms.katalon.core.webui.keyword.builtin.ClickKeyword.execute(ClickKeyword.groovy:43)
	at com.kms.katalon.core.keyword.internal.KeywordExecutor.executeKeywordForPlatform(KeywordExecutor.groovy:60)
	at com.kms.katalon.core.webui.keyword.WebUiBuiltInKeywords.click(WebUiBuiltInKeywords.groovy:616)
	at com.kms.katalon.core.webui.keyword.WebUiBuiltInKeywords$click$3.call(Unknown Source)
	at Accept connection request.run(Accept connection request:33)
	at com.kms.katalon.core.main.ScriptEngine.run(ScriptEngine.java:194)
	at com.kms.katalon.core.main.ScriptEngine.runScriptAsRawText(ScriptEngine.java:119)
	at com.kms.katalon.core.main.TestCaseExecutor.runScript(TestCaseExecutor.java:337)
	at com.kms.katalon.core.main.TestCaseExecutor.doExecute(TestCaseExecutor.java:328)
	at com.kms.katalon.core.main.TestCaseExecutor.processExecutionPhase(TestCaseExecutor.java:307)
	at com.kms.katalon.core.main.TestCaseExecutor.accessMainPhase(TestCaseExecutor.java:299)
	at com.kms.katalon.core.main.TestCaseExecutor.execute(TestCaseExecutor.java:233)
	at com.kms.katalon.core.main.TestSuiteExecutor.accessTestCaseMainPhase(TestSuiteExecutor.java:169)
	at com.kms.katalon.core.main.TestSuiteExecutor.accessTestSuiteMainPhase(TestSuiteExecutor.java:142)
	at com.kms.katalon.core.main.TestSuiteExecutor.execute(TestSuiteExecutor.java:91)
	at com.kms.katalon.core.main.TestCaseMain.startTestSuite(TestCaseMain.java:157)
	at com.kms.katalon.core.main.TestCaseMain$startTestSuite$0.call(Unknown Source)
	at TempTestSuite1575402574161.run(TempTestSuite1575402574161.groovy:36)
Caused by: com.kms.katalon.core.webui.exception.WebElementNotFoundException: Web element with id: 'Object Repository/connect with user/Page_Search/button_Connect' located by 'By.xpath: //*[@id = 'btnConnect' and (text() = 'Connect' or . = 'Connect')]' not found
	at com.kms.katalon.core.webui.common.WebUiCommonHelper.findWebElement(WebUiCommonHelper.java:1113)
	at com.kms.katalon.core.webui.keyword.internal.WebUIAbstractKeyword.findWebElement(WebUIAbstractKeyword.groovy:27)
	at com.kms.katalon.core.webui.keyword.internal.WebUIAbstractKeyword.findWebElement(WebUIAbstractKeyword.groovy:26)
	at com.kms.katalon.core.webui.keyword.builtin.ClickKeyword$_click_closure1.doCall(ClickKeyword.groovy:68)
	at com.kms.katalon.core.webui.keyword.builtin.ClickKeyword$_click_closure1.call(ClickKeyword.groovy)
	at com.kms.katalon.core.webui.keyword.internal.WebUIKeywordMain.runKeyword(WebUIKeywordMain.groovy:20)
	at com.kms.katalon.core.webui.keyword.builtin.ClickKeyword.click(ClickKeyword.groovy:103)
	at com.kms.katalon.core.webui.keyword.builtin.ClickKeyword.execute(ClickKeyword.groovy:43)
	at com.kms.katalon.core.keyword.internal.KeywordExecutor.executeKeywordForPlatform(KeywordExecutor.groovy:60)
	at com.kms.katalon.core.webui.keyword.WebUiBuiltInKeywords.click(WebUiBuiltInKeywords.groovy:616)
	at com.kms.katalon.core.webui.keyword.WebUiBuiltInKeywords$click$3.call(Unknown Source)
	at Script1571562173528.run(Script1571562173528.groovy:33)
	... 13 more
)
[[ATTACHMENT|C:\\Users\\Suraj Kumar\\git\\KatalonBDD\\Reports\\20191204_011934\\Regression\\20191204_011934\\1575402736955.png]]

2019-12-04 01:22:17 - [TEST_STEP][PASSED] - Start listener action : afterTestcase: Browser is closed

2019-12-04 01:22:17 - [TEST_STEP][PASSED] - closeBrowser(): Browser is closed

2019-12-04 01:22:19 - [MESSAGE][PASSED] - Browser is closed

2019-12-04 01:22:22 - [TEST_STEP][PASSED] - Video: Video recording for test case 'Test Cases/Accept connection request' .

2019-12-04 01:22:22 - [MESSAGE][INFO] - Video recording for test case 'Test Cases/Accept connection request' .
[[ATTACHMENT|C:\\Users\\Suraj Kumar\\git\\KatalonBDD\\Reports\\20191204_011934\\Regression\\20191204_011934/videos\\test_2.avi]]]]></system-out>
         <system-err><![CDATA[2019-12-04 01:20:44 - [TEST_CASE][FAILED] - Test Cases/Accept connection request: Test Cases/Accept connection request FAILED.
Reason:
com.kms.katalon.core.exception.StepFailedException: Unable to click on object 'Object Repository/connect with user/Page_Search/button_Connect'
	at com.kms.katalon.core.webui.keyword.internal.WebUIKeywordMain.stepFailed(WebUIKeywordMain.groovy:64)
	at com.kms.katalon.core.webui.keyword.internal.WebUIKeywordMain.runKeyword(WebUIKeywordMain.groovy:26)
	at com.kms.katalon.core.webui.keyword.builtin.ClickKeyword.click(ClickKeyword.groovy:103)
	at com.kms.katalon.core.webui.keyword.builtin.ClickKeyword.execute(ClickKeyword.groovy:43)
	at com.kms.katalon.core.keyword.internal.KeywordExecutor.executeKeywordForPlatform(KeywordExecutor.groovy:60)
	at com.kms.katalon.core.webui.keyword.WebUiBuiltInKeywords.click(WebUiBuiltInKeywords.groovy:616)
	at com.kms.katalon.core.webui.keyword.WebUiBuiltInKeywords$click$3.call(Unknown Source)
	at Accept connection request.run(Accept connection request:33)
	at com.kms.katalon.core.main.ScriptEngine.run(ScriptEngine.java:194)
	at com.kms.katalon.core.main.ScriptEngine.runScriptAsRawText(ScriptEngine.java:119)
	at com.kms.katalon.core.main.TestCaseExecutor.runScript(TestCaseExecutor.java:337)
	at com.kms.katalon.core.main.TestCaseExecutor.doExecute(TestCaseExecutor.java:328)
	at com.kms.katalon.core.main.TestCaseExecutor.processExecutionPhase(TestCaseExecutor.java:307)
	at com.kms.katalon.core.main.TestCaseExecutor.accessMainPhase(TestCaseExecutor.java:299)
	at com.kms.katalon.core.main.TestCaseExecutor.execute(TestCaseExecutor.java:233)
	at com.kms.katalon.core.main.TestSuiteExecutor.accessTestCaseMainPhase(TestSuiteExecutor.java:169)
	at com.kms.katalon.core.main.TestSuiteExecutor.accessTestSuiteMainPhase(TestSuiteExecutor.java:142)
	at com.kms.katalon.core.main.TestSuiteExecutor.execute(TestSuiteExecutor.java:91)
	at com.kms.katalon.core.main.TestCaseMain.startTestSuite(TestCaseMain.java:157)
	at com.kms.katalon.core.main.TestCaseMain$startTestSuite$0.call(Unknown Source)
	at TempTestSuite1575402574161.run(TempTestSuite1575402574161.groovy:36)
Caused by: com.kms.katalon.core.webui.exception.WebElementNotFoundException: Web element with id: 'Object Repository/connect with user/Page_Search/button_Connect' located by 'By.xpath: //*[@id = 'btnConnect' and (text() = 'Connect' or . = 'Connect')]' not found
	at com.kms.katalon.core.webui.common.WebUiCommonHelper.findWebElement(WebUiCommonHelper.java:1113)
	at com.kms.katalon.core.webui.keyword.internal.WebUIAbstractKeyword.findWebElement(WebUIAbstractKeyword.groovy:27)
	at com.kms.katalon.core.webui.keyword.internal.WebUIAbstractKeyword.findWebElement(WebUIAbstractKeyword.groovy:26)
	at com.kms.katalon.core.webui.keyword.builtin.ClickKeyword$_click_closure1.doCall(ClickKeyword.groovy:68)
	at com.kms.katalon.core.webui.keyword.builtin.ClickKeyword$_click_closure1.call(ClickKeyword.groovy)
	at com.kms.katalon.core.webui.keyword.internal.WebUIKeywordMain.runKeyword(WebUIKeywordMain.groovy:20)
	... 19 more]]></system-err>
      </testcase>
      <testcase name="Test Cases/Flag a post" time="42.829" classname="Test Cases/Flag a post" status="PASSED">
         <system-out><![CDATA[2019-12-04 01:22:22 - [TEST_CASE][PASSED] - Test Cases/Flag a post: Test Cases/Flag a post

2019-12-04 01:22:22 - [TEST_STEP][PASSED] - Start listener action : beforeTestcase: null

2019-12-04 01:22:23 - [TEST_STEP][PASSED] - openBrowser(""): Browser is opened with url: ''

2019-12-04 01:22:23 - [MESSAGE][INFO] - Starting 'Firefox' driver

2019-12-04 01:22:31 - [MESSAGE][PASSED] - Browser is opened with url: ''

2019-12-04 01:22:31 - [TEST_STEP][PASSED] - navigateToUrl("https://qa.thework.life/"): Navigate to 'https://qa.thework.life/' successfully

2019-12-04 01:22:39 - [MESSAGE][PASSED] - Navigate to 'https://qa.thework.life/' successfully

2019-12-04 01:22:39 - [TEST_STEP][PASSED] - setText(findTestObject("Object Repository/flag a post/Page_theworklife - Find Great People To Work With/input_Forgot password_username"), "worklifetest10001@gmail.com"): Text 'worklifetest10001@gmail.com' is set on object 'Object Repository/flag a post/Page_theworklife - Find Great People To Work With/input_Forgot password_username'

2019-12-04 01:22:40 - [MESSAGE][PASSED] - Text 'worklifetest10001@gmail.com' is set on object 'Object Repository/flag a post/Page_theworklife - Find Great People To Work With/input_Forgot password_username'

2019-12-04 01:22:40 - [TEST_STEP][PASSED] - setEncryptedText(findTestObject("Object Repository/flag a post/Page_theworklife - Find Great People To Work With/input_Forgot password_password"), "XU9cBalmEBp1UP+jEU2w4UUBUuNgBY4U"): Text ****** has been set on object 'Object Repository/flag a post/Page_theworklife - Find Great People To Work With/input_Forgot password_password'

2019-12-04 01:22:41 - [MESSAGE][PASSED] - Text ****** has been set on object 'Object Repository/flag a post/Page_theworklife - Find Great People To Work With/input_Forgot password_password'

2019-12-04 01:22:41 - [TEST_STEP][PASSED] - click(findTestObject("Object Repository/flag a post/Page_theworklife - Find Great People To Work With/button_Sign in")): Object: 'Object Repository/flag a post/Page_theworklife - Find Great People To Work With/button_Sign in' is clicked on

2019-12-04 01:22:49 - [MESSAGE][PASSED] - Object: 'Object Repository/flag a post/Page_theworklife - Find Great People To Work With/button_Sign in' is clicked on

2019-12-04 01:22:49 - [TEST_STEP][PASSED] - delay(4): Delayed 4 second(s)

2019-12-04 01:22:53 - [MESSAGE][PASSED] - Delayed 4 second(s)

2019-12-04 01:22:53 - [TEST_STEP][PASSED] - click(findTestObject("flag a post/Page_Home/click flag report")): Object: 'Object Repository/flag a post/Page_Home/click flag report' is clicked on

2019-12-04 01:22:54 - [MESSAGE][PASSED] - Object: 'Object Repository/flag a post/Page_Home/click flag report' is clicked on

2019-12-04 01:22:54 - [TEST_STEP][PASSED] - waitForElementPresent(findTestObject("flag a post/Page_Home/Report New window"), 3): Object 'Object Repository/flag a post/Page_Home/Report New window' is present

2019-12-04 01:22:55 - [MESSAGE][PASSED] - Object 'Object Repository/flag a post/Page_Home/Report New window' is present

2019-12-04 01:22:55 - [TEST_STEP][PASSED] - waitForElementClickable(findTestObject("flag a post/Page_Home/click accusatory"), 3): Object 'Object Repository/flag a post/Page_Home/click accusatory' is clickable

2019-12-04 01:22:56 - [MESSAGE][PASSED] - Object 'Object Repository/flag a post/Page_Home/click accusatory' is clickable

2019-12-04 01:22:56 - [TEST_STEP][PASSED] - click(findTestObject("flag a post/Page_Home/click accusatory")): Object: 'Object Repository/flag a post/Page_Home/click accusatory' is clicked on

2019-12-04 01:22:57 - [MESSAGE][PASSED] - Object: 'Object Repository/flag a post/Page_Home/click accusatory' is clicked on

2019-12-04 01:22:57 - [TEST_STEP][PASSED] - setText(findTestObject("Object Repository/flag a post/Page_Home/textarea_Detail your complaint_txtDetailReport"), "ssgsssfsfsfsffsfsfsfsf"): Text 'ssgsssfsfsfsffsfsfsfsf' is set on object 'Object Repository/flag a post/Page_Home/textarea_Detail your complaint_txtDetailReport'

2019-12-04 01:22:58 - [MESSAGE][PASSED] - Text 'ssgsssfsfsfsffsfsfsfsf' is set on object 'Object Repository/flag a post/Page_Home/textarea_Detail your complaint_txtDetailReport'

2019-12-04 01:22:58 - [TEST_STEP][PASSED] - click(findTestObject("Object Repository/flag a post/Page_Home/button_Submit")): Object: 'Object Repository/flag a post/Page_Home/button_Submit' is clicked on

2019-12-04 01:22:59 - [MESSAGE][PASSED] - Object: 'Object Repository/flag a post/Page_Home/button_Submit' is clicked on

2019-12-04 01:22:59 - [TEST_STEP][PASSED] - click(findTestObject("Object Repository/flag a post/Page_Home/a_OK")): Object: 'Object Repository/flag a post/Page_Home/a_OK' is clicked on

2019-12-04 01:23:00 - [MESSAGE][PASSED] - Object: 'Object Repository/flag a post/Page_Home/a_OK' is clicked on

2019-12-04 01:23:00 - [TEST_STEP][PASSED] - closeBrowser(): Browser is closed

2019-12-04 01:23:02 - [MESSAGE][PASSED] - Browser is closed

2019-12-04 01:23:02 - [TEST_STEP][PASSED] - Start listener action : afterTestcase: Browser is closed

2019-12-04 01:23:02 - [TEST_STEP][PASSED] - closeBrowser(): Browser is closed

2019-12-04 01:23:02 - [MESSAGE][PASSED] - Browser is closed

2019-12-04 01:23:05 - [TEST_STEP][PASSED] - Video: Video recording for test case 'Test Cases/Flag a post' .

2019-12-04 01:23:05 - [MESSAGE][INFO] - Video recording for test case 'Test Cases/Flag a post' .
[[ATTACHMENT|C:\\Users\\Suraj Kumar\\git\\KatalonBDD\\Reports\\20191204_011934\\Regression\\20191204_011934/videos\\test_3.avi]]]]></system-out>
         <system-err><![CDATA[]]></system-err>
      </testcase>
      <testcase name="Test Cases/Flag reviews" time="83.238" classname="Test Cases/Flag reviews" status="PASSED">
         <system-out><![CDATA[2019-12-04 01:23:05 - [TEST_CASE][PASSED] - Test Cases/Flag reviews: Test Cases/Flag reviews

2019-12-04 01:23:05 - [TEST_STEP][PASSED] - Start listener action : beforeTestcase: null

2019-12-04 01:23:06 - [TEST_STEP][PASSED] - openBrowser(AppUrl): Browser is opened with url: 'https://qa.thework.life'

2019-12-04 01:23:06 - [MESSAGE][INFO] - Starting 'Firefox' driver

2019-12-04 01:23:22 - [MESSAGE][PASSED] - Browser is opened with url: 'https://qa.thework.life'

2019-12-04 01:23:22 - [TEST_STEP][PASSED] - navigateToUrl(AppUrl): Navigate to 'https://qa.thework.life' successfully

2019-12-04 01:23:25 - [MESSAGE][PASSED] - Navigate to 'https://qa.thework.life' successfully

2019-12-04 01:23:25 - [TEST_STEP][PASSED] - setText(findTestObject("Object Repository/flag review/Page_theworklife - Find Great People To Work With/input_Forgot password_username"), "vijayvstest01@gmail.com"): Text 'vijayvstest01@gmail.com' is set on object 'Object Repository/flag review/Page_theworklife - Find Great People To Work With/input_Forgot password_username'

2019-12-04 01:23:25 - [MESSAGE][PASSED] - Text 'vijayvstest01@gmail.com' is set on object 'Object Repository/flag review/Page_theworklife - Find Great People To Work With/input_Forgot password_username'

2019-12-04 01:23:25 - [TEST_STEP][PASSED] - setEncryptedText(findTestObject("Object Repository/flag review/Page_theworklife - Find Great People To Work With/input_Forgot password_password"), "cvW8qx4B2o3F4VwP/kNsqA=="): Text ****** has been set on object 'Object Repository/flag review/Page_theworklife - Find Great People To Work With/input_Forgot password_password'

2019-12-04 01:23:26 - [MESSAGE][PASSED] - Text ****** has been set on object 'Object Repository/flag review/Page_theworklife - Find Great People To Work With/input_Forgot password_password'

2019-12-04 01:23:26 - [TEST_STEP][PASSED] - click(findTestObject("Object Repository/Rate/Page_theworklife - Find Great People To Work With/button_Sign in")): Object: 'Object Repository/Rate/Page_theworklife - Find Great People To Work With/button_Sign in' is clicked on

2019-12-04 01:23:32 - [MESSAGE][PASSED] - Object: 'Object Repository/Rate/Page_theworklife - Find Great People To Work With/button_Sign in' is clicked on

2019-12-04 01:23:32 - [TEST_STEP][PASSED] - click(findTestObject("flag review/Click profile")): Object: 'Object Repository/flag review/Click profile' is clicked on

2019-12-04 01:23:58 - [MESSAGE][PASSED] - Object: 'Object Repository/flag review/Click profile' is clicked on

2019-12-04 01:23:58 - [TEST_STEP][PASSED] - click(findTestObject("flag review/click myprofile")): Object: 'Object Repository/flag review/click myprofile' is clicked on

2019-12-04 01:24:03 - [MESSAGE][PASSED] - Object: 'Object Repository/flag review/click myprofile' is clicked on

2019-12-04 01:24:03 - [TEST_STEP][PASSED] - waitForElementClickable(findTestObject("flag review/Page_View Profile/span_Report"), 3): Object 'Object Repository/flag review/Page_View Profile/span_Report' is clickable

2019-12-04 01:24:04 - [MESSAGE][PASSED] - Object 'Object Repository/flag review/Page_View Profile/span_Report' is clickable

2019-12-04 01:24:04 - [TEST_STEP][PASSED] - delay(3): Delayed 3 second(s)

2019-12-04 01:24:07 - [MESSAGE][PASSED] - Delayed 3 second(s)

2019-12-04 01:24:07 - [TEST_STEP][PASSED] - click(findTestObject("flag review/Page_View Profile/click btn-btn report")): Object: 'Object Repository/flag review/Page_View Profile/click btn-btn report' is clicked on

2019-12-04 01:24:08 - [MESSAGE][PASSED] - Object: 'Object Repository/flag review/Page_View Profile/click btn-btn report' is clicked on

2019-12-04 01:24:08 - [TEST_STEP][PASSED] - waitForElementPresent(findTestObject("flag review/Page_theworklife - Find Great People To Work With/Report New window"), 3): Object 'Object Repository/flag review/Page_theworklife - Find Great People To Work With/Report New window' is present

2019-12-04 01:24:09 - [MESSAGE][PASSED] - Object 'Object Repository/flag review/Page_theworklife - Find Great People To Work With/Report New window' is present

2019-12-04 01:24:09 - [TEST_STEP][PASSED] - waitForElementClickable(findTestObject("flag review/Page_View Profile/label_Accusatory"), 3): Object 'Object Repository/flag review/Page_View Profile/label_Accusatory' is clickable

2019-12-04 01:24:09 - [MESSAGE][PASSED] - Object 'Object Repository/flag review/Page_View Profile/label_Accusatory' is clickable

2019-12-04 01:24:09 - [TEST_STEP][PASSED] - delay(3): Delayed 3 second(s)

2019-12-04 01:24:12 - [MESSAGE][PASSED] - Delayed 3 second(s)

2019-12-04 01:24:12 - [TEST_STEP][PASSED] - click(findTestObject("Object Repository/flag review/Page_View Profile/label_Accusatory")): Object: 'Object Repository/flag review/Page_View Profile/label_Accusatory' is clicked on

2019-12-04 01:24:14 - [MESSAGE][PASSED] - Object: 'Object Repository/flag review/Page_View Profile/label_Accusatory' is clicked on

2019-12-04 01:24:14 - [TEST_STEP][PASSED] - delay(3): Delayed 3 second(s)

2019-12-04 01:24:17 - [MESSAGE][PASSED] - Delayed 3 second(s)

2019-12-04 01:24:17 - [TEST_STEP][PASSED] - setText(findTestObject("Object Repository/flag review/Page_View Profile/textarea_Detail your complaint_txtDetailReport"), "i dont like it , i am testing flag reviews"): Text 'i dont like it , i am testing flag reviews' is set on object 'Object Repository/flag review/Page_View Profile/textarea_Detail your complaint_txtDetailReport'

2019-12-04 01:24:17 - [MESSAGE][PASSED] - Text 'i dont like it , i am testing flag reviews' is set on object 'Object Repository/flag review/Page_View Profile/textarea_Detail your complaint_txtDetailReport'

2019-12-04 01:24:17 - [TEST_STEP][PASSED] - click(findTestObject("Object Repository/flag review/Page_View Profile/button_Submit")): Object: 'Object Repository/flag review/Page_View Profile/button_Submit' is clicked on

2019-12-04 01:24:18 - [MESSAGE][PASSED] - Object: 'Object Repository/flag review/Page_View Profile/button_Submit' is clicked on

2019-12-04 01:24:18 - [TEST_STEP][PASSED] - waitForElementClickable(findTestObject("flag review/Page_View Profile/a_OK"), 3): Object 'Object Repository/flag review/Page_View Profile/a_OK' is clickable

2019-12-04 01:24:19 - [MESSAGE][PASSED] - Object 'Object Repository/flag review/Page_View Profile/a_OK' is clickable

2019-12-04 01:24:19 - [TEST_STEP][PASSED] - delay(3): Delayed 3 second(s)

2019-12-04 01:24:22 - [MESSAGE][PASSED] - Delayed 3 second(s)

2019-12-04 01:24:22 - [TEST_STEP][PASSED] - click(findTestObject("Object Repository/flag review/Page_View Profile/a_OK")): Object: 'Object Repository/flag review/Page_View Profile/a_OK' is clicked on

2019-12-04 01:24:23 - [MESSAGE][PASSED] - Object: 'Object Repository/flag review/Page_View Profile/a_OK' is clicked on

2019-12-04 01:24:23 - [TEST_STEP][PASSED] - closeBrowser(): Browser is closed

2019-12-04 01:24:25 - [MESSAGE][PASSED] - Browser is closed

2019-12-04 01:24:25 - [TEST_STEP][PASSED] - Start listener action : afterTestcase: Browser is closed

2019-12-04 01:24:25 - [TEST_STEP][PASSED] - closeBrowser(): Browser is closed

2019-12-04 01:24:25 - [MESSAGE][PASSED] - Browser is closed

2019-12-04 01:24:28 - [TEST_STEP][PASSED] - Video: Video recording for test case 'Test Cases/Flag reviews' .

2019-12-04 01:24:28 - [MESSAGE][INFO] - Video recording for test case 'Test Cases/Flag reviews' .
[[ATTACHMENT|C:\\Users\\Suraj Kumar\\git\\KatalonBDD\\Reports\\20191204_011934\\Regression\\20191204_011934/videos\\test_4.avi]]]]></system-out>
         <system-err><![CDATA[]]></system-err>
      </testcase>
      <testcase name="Test Cases/Follow users" time="73.946" classname="Test Cases/Follow users" status="PASSED">
         <system-out><![CDATA[2019-12-04 01:24:28 - [TEST_CASE][PASSED] - Test Cases/Follow users: Test Cases/Follow users

2019-12-04 01:24:28 - [TEST_STEP][PASSED] - Start listener action : beforeTestcase: null

2019-12-04 01:24:29 - [TEST_STEP][PASSED] - openBrowser(""): Browser is opened with url: ''

2019-12-04 01:24:29 - [MESSAGE][INFO] - Starting 'Firefox' driver

2019-12-04 01:24:36 - [MESSAGE][PASSED] - Browser is opened with url: ''

2019-12-04 01:24:36 - [TEST_STEP][PASSED] - navigateToUrl("https://qa.thework.life/"): Navigate to 'https://qa.thework.life/' successfully

2019-12-04 01:24:47 - [MESSAGE][PASSED] - Navigate to 'https://qa.thework.life/' successfully

2019-12-04 01:24:47 - [TEST_STEP][PASSED] - setText(findTestObject("Object Repository/follow/Page_theworklife - Find Great People To Work With/input_Forgot password_username"), "vijayvstest01@gmail.com"): Text 'vijayvstest01@gmail.com' is set on object 'Object Repository/follow/Page_theworklife - Find Great People To Work With/input_Forgot password_username'

2019-12-04 01:24:48 - [MESSAGE][PASSED] - Text 'vijayvstest01@gmail.com' is set on object 'Object Repository/follow/Page_theworklife - Find Great People To Work With/input_Forgot password_username'

2019-12-04 01:24:48 - [TEST_STEP][PASSED] - setEncryptedText(findTestObject("Object Repository/follow/Page_theworklife - Find Great People To Work With/input_Forgot password_password"), "cvW8qx4B2o3F4VwP/kNsqA=="): Text ****** has been set on object 'Object Repository/follow/Page_theworklife - Find Great People To Work With/input_Forgot password_password'

2019-12-04 01:24:48 - [MESSAGE][PASSED] - Text ****** has been set on object 'Object Repository/follow/Page_theworklife - Find Great People To Work With/input_Forgot password_password'

2019-12-04 01:24:48 - [TEST_STEP][PASSED] - click(findTestObject("Object Repository/follow/Page_theworklife - Find Great People To Work With/button_Sign in")): Object: 'Object Repository/follow/Page_theworklife - Find Great People To Work With/button_Sign in' is clicked on

2019-12-04 01:24:54 - [MESSAGE][PASSED] - Object: 'Object Repository/follow/Page_theworklife - Find Great People To Work With/button_Sign in' is clicked on

2019-12-04 01:24:54 - [TEST_STEP][PASSED] - setText(findTestObject("Object Repository/follow/Page_Home/input_View all_searchText"), "suraj kumar"): Text 'suraj kumar' is set on object 'Object Repository/follow/Page_Home/input_View all_searchText'

2019-12-04 01:24:57 - [MESSAGE][PASSED] - Text 'suraj kumar' is set on object 'Object Repository/follow/Page_Home/input_View all_searchText'

2019-12-04 01:24:57 - [TEST_STEP][PASSED] - click(findTestObject("Object Repository/follow/Page_Home/img")): Object: 'Object Repository/follow/Page_Home/img' is clicked on

2019-12-04 01:25:07 - [MESSAGE][PASSED] - Object: 'Object Repository/follow/Page_Home/img' is clicked on

2019-12-04 01:25:07 - [TEST_STEP][PASSED] - click(findTestObject("Object Repository/follow/Page_Search/div_suraj kumar")): Object: 'Object Repository/follow/Page_Search/div_suraj kumar' is clicked on

2019-12-04 01:25:08 - [MESSAGE][PASSED] - Object: 'Object Repository/follow/Page_Search/div_suraj kumar' is clicked on

2019-12-04 01:25:08 - [TEST_STEP][PASSED] - delay(2): Delayed 2 second(s)

2019-12-04 01:25:10 - [MESSAGE][PASSED] - Delayed 2 second(s)

2019-12-04 01:25:10 - [TEST_STEP][PASSED] - click(findTestObject("Object Repository/follow/Page_View Profile/button_Follow")): Object: 'Object Repository/follow/Page_View Profile/button_Follow' is clicked on

2019-12-04 01:25:26 - [MESSAGE][PASSED] - Object: 'Object Repository/follow/Page_View Profile/button_Follow' is clicked on

2019-12-04 01:25:26 - [TEST_STEP][PASSED] - delay(10): Delayed 10 second(s)

2019-12-04 01:25:36 - [MESSAGE][PASSED] - Delayed 10 second(s)

2019-12-04 01:25:36 - [TEST_STEP][PASSED] - click(findTestObject("Object Repository/follow/Page_View Profile/button_Unfollow")): Object: 'Object Repository/follow/Page_View Profile/button_Unfollow' is clicked on

2019-12-04 01:25:37 - [MESSAGE][PASSED] - Object: 'Object Repository/follow/Page_View Profile/button_Unfollow' is clicked on

2019-12-04 01:25:37 - [TEST_STEP][PASSED] - closeBrowser(): Browser is closed

2019-12-04 01:25:39 - [MESSAGE][PASSED] - Browser is closed

2019-12-04 01:25:39 - [TEST_STEP][PASSED] - Start listener action : afterTestcase: Browser is closed

2019-12-04 01:25:39 - [TEST_STEP][PASSED] - closeBrowser(): Browser is closed

2019-12-04 01:25:39 - [MESSAGE][PASSED] - Browser is closed

2019-12-04 01:25:42 - [TEST_STEP][PASSED] - Video: Video recording for test case 'Test Cases/Follow users' .

2019-12-04 01:25:42 - [MESSAGE][INFO] - Video recording for test case 'Test Cases/Follow users' .
[[ATTACHMENT|C:\\Users\\Suraj Kumar\\git\\KatalonBDD\\Reports\\20191204_011934\\Regression\\20191204_011934/videos\\test_5.avi]]]]></system-out>
         <system-err><![CDATA[]]></system-err>
      </testcase>
      <testcase name="Test Cases/Endorse skills" time="62.14" classname="Test Cases/Endorse skills" status="PASSED">
         <system-out><![CDATA[2019-12-04 01:25:42 - [TEST_CASE][PASSED] - Test Cases/Endorse skills: Test Cases/Endorse skills

2019-12-04 01:25:42 - [TEST_STEP][PASSED] - Start listener action : beforeTestcase: null

2019-12-04 01:25:43 - [TEST_STEP][PASSED] - openBrowser(AppUrl): Browser is opened with url: 'https://qa.thework.life'

2019-12-04 01:25:43 - [MESSAGE][INFO] - Starting 'Firefox' driver

2019-12-04 01:25:58 - [MESSAGE][PASSED] - Browser is opened with url: 'https://qa.thework.life'

2019-12-04 01:25:58 - [TEST_STEP][PASSED] - navigateToUrl(AppUrl): Navigate to 'https://qa.thework.life' successfully

2019-12-04 01:26:00 - [MESSAGE][PASSED] - Navigate to 'https://qa.thework.life' successfully

2019-12-04 01:26:00 - [TEST_STEP][PASSED] - setText(findTestObject("Object Repository/Endorse skills/Page_theworklife - Find Great People To Work With/input_Forgot password_username"), "worklifetest10001@gmail.com"): Text 'worklifetest10001@gmail.com' is set on object 'Object Repository/Endorse skills/Page_theworklife - Find Great People To Work With/input_Forgot password_username'

2019-12-04 01:26:01 - [MESSAGE][PASSED] - Text 'worklifetest10001@gmail.com' is set on object 'Object Repository/Endorse skills/Page_theworklife - Find Great People To Work With/input_Forgot password_username'

2019-12-04 01:26:01 - [TEST_STEP][PASSED] - setEncryptedText(findTestObject("Object Repository/Endorse skills/Page_theworklife - Find Great People To Work With/input_Forgot password_password"), "XU9cBalmEBp1UP+jEU2w4UUBUuNgBY4U"): Text ****** has been set on object 'Object Repository/Endorse skills/Page_theworklife - Find Great People To Work With/input_Forgot password_password'

2019-12-04 01:26:02 - [MESSAGE][PASSED] - Text ****** has been set on object 'Object Repository/Endorse skills/Page_theworklife - Find Great People To Work With/input_Forgot password_password'

2019-12-04 01:26:02 - [TEST_STEP][PASSED] - click(findTestObject("Object Repository/Rate/Page_theworklife - Find Great People To Work With/button_Sign in")): Object: 'Object Repository/Rate/Page_theworklife - Find Great People To Work With/button_Sign in' is clicked on

2019-12-04 01:26:10 - [MESSAGE][PASSED] - Object: 'Object Repository/Rate/Page_theworklife - Find Great People To Work With/button_Sign in' is clicked on

2019-12-04 01:26:10 - [TEST_STEP][PASSED] - setText(findTestObject("Object Repository/Endorse skills/Page_Home/input_View all_searchText"), "vijay"): Text 'vijay' is set on object 'Object Repository/Endorse skills/Page_Home/input_View all_searchText'

2019-12-04 01:26:10 - [MESSAGE][PASSED] - Text 'vijay' is set on object 'Object Repository/Endorse skills/Page_Home/input_View all_searchText'

2019-12-04 01:26:10 - [TEST_STEP][PASSED] - delay(3): Delayed 3 second(s)

2019-12-04 01:26:13 - [MESSAGE][PASSED] - Delayed 3 second(s)

2019-12-04 01:26:13 - [TEST_STEP][PASSED] - click(findTestObject("Object Repository/Endorse skills/Page_Search/div_Vijay Test")): Object: 'Object Repository/Endorse skills/Page_Search/div_Vijay Test' is clicked on

2019-12-04 01:26:19 - [MESSAGE][PASSED] - Object: 'Object Repository/Endorse skills/Page_Search/div_Vijay Test' is clicked on

2019-12-04 01:26:19 - [TEST_STEP][PASSED] - click(findTestObject("Endorse skills/Page_Search/search vijay test")): Object: 'Object Repository/Endorse skills/Page_Search/search vijay test' is clicked on

2019-12-04 01:26:20 - [MESSAGE][PASSED] - Object: 'Object Repository/Endorse skills/Page_Search/search vijay test' is clicked on

2019-12-04 01:26:20 - [TEST_STEP][PASSED] - delay(5): Delayed 5 second(s)

2019-12-04 01:26:25 - [MESSAGE][PASSED] - Delayed 5 second(s)

2019-12-04 01:26:25 - [TEST_STEP][PASSED] - click(findTestObject("Object Repository/Endorse skills/Page_View Profile/span_Endorse Skills")): Object: 'Object Repository/Endorse skills/Page_View Profile/span_Endorse Skills' is clicked on

2019-12-04 01:26:26 - [MESSAGE][PASSED] - Object: 'Object Repository/Endorse skills/Page_View Profile/span_Endorse Skills' is clicked on

2019-12-04 01:26:26 - [TEST_STEP][NOT_RUN] - delay(5): NOT_RUN: delay(5)

2019-12-04 01:26:26 - [MESSAGE][NOT_RUN] - NOT_RUN: delay(5)

2019-12-04 01:26:26 - [TEST_STEP][NOT_RUN] - waitForElementClickable(findTestObject("Endorse skills/click on endorse skill"), 5): NOT_RUN: waitForElementClickable(findTestObject("Endorse skills/click on endorse skill"), 5)

2019-12-04 01:26:26 - [MESSAGE][NOT_RUN] - NOT_RUN: waitForElementClickable(findTestObject("Endorse skills/click on endorse skill"), 5)

2019-12-04 01:26:26 - [TEST_STEP][NOT_RUN] - click(findTestObject("Endorse skills/click on endorse skill")): NOT_RUN: click(findTestObject("Endorse skills/click on endorse skill"))

2019-12-04 01:26:26 - [MESSAGE][NOT_RUN] - NOT_RUN: click(findTestObject("Endorse skills/click on endorse skill"))

2019-12-04 01:26:26 - [TEST_STEP][PASSED] - delay(5): Delayed 5 second(s)

2019-12-04 01:26:31 - [MESSAGE][PASSED] - Delayed 5 second(s)

2019-12-04 01:26:31 - [TEST_STEP][PASSED] - click(findTestObject("Endorse skills/Page_View Profile/button_Endorse")): Object: 'Object Repository/Endorse skills/Page_View Profile/button_Endorse' is clicked on

2019-12-04 01:26:32 - [MESSAGE][PASSED] - Object: 'Object Repository/Endorse skills/Page_View Profile/button_Endorse' is clicked on

2019-12-04 01:26:32 - [TEST_STEP][PASSED] - waitForElementClickable(findTestObject("Endorse skills/Page_View Profile/a_OK"), 5): Object 'Object Repository/Endorse skills/Page_View Profile/a_OK' is clickable

2019-12-04 01:26:33 - [MESSAGE][PASSED] - Object 'Object Repository/Endorse skills/Page_View Profile/a_OK' is clickable

2019-12-04 01:26:33 - [TEST_STEP][PASSED] - delay(5): Delayed 5 second(s)

2019-12-04 01:26:38 - [MESSAGE][PASSED] - Delayed 5 second(s)

2019-12-04 01:26:38 - [TEST_STEP][PASSED] - click(findTestObject("Object Repository/Endorse skills/Page_View Profile/a_OK")): Object: 'Object Repository/Endorse skills/Page_View Profile/a_OK' is clicked on

2019-12-04 01:26:39 - [MESSAGE][PASSED] - Object: 'Object Repository/Endorse skills/Page_View Profile/a_OK' is clicked on

2019-12-04 01:26:39 - [TEST_STEP][PASSED] - closeBrowser(): Browser is closed

2019-12-04 01:26:41 - [MESSAGE][PASSED] - Browser is closed

2019-12-04 01:26:41 - [TEST_STEP][PASSED] - Start listener action : afterTestcase: Browser is closed

2019-12-04 01:26:41 - [TEST_STEP][PASSED] - closeBrowser(): Browser is closed

2019-12-04 01:26:41 - [MESSAGE][PASSED] - Browser is closed

2019-12-04 01:26:44 - [TEST_STEP][PASSED] - Video: Video recording for test case 'Test Cases/Endorse skills' .

2019-12-04 01:26:44 - [MESSAGE][INFO] - Video recording for test case 'Test Cases/Endorse skills' .
[[ATTACHMENT|C:\\Users\\Suraj Kumar\\git\\KatalonBDD\\Reports\\20191204_011934\\Regression\\20191204_011934/videos\\test_6.avi]]]]></system-out>
         <system-err><![CDATA[]]></system-err>
      </testcase>
      <testcase name="Test Cases/New regression cases/change email verification" time="53.844" classname="Test Cases/New regression cases/change email verification" status="PASSED">
         <system-out><![CDATA[2019-12-04 01:26:44 - [TEST_CASE][PASSED] - Test Cases/New regression cases/change email verification: Test Cases/New regression cases/change email verification

2019-12-04 01:26:44 - [TEST_STEP][PASSED] - Start listener action : beforeTestcase: null

2019-12-04 01:26:45 - [TEST_STEP][PASSED] - openBrowser(""): Browser is opened with url: ''

2019-12-04 01:26:45 - [MESSAGE][INFO] - Starting 'Firefox' driver

2019-12-04 01:26:51 - [MESSAGE][PASSED] - Browser is opened with url: ''

2019-12-04 01:26:51 - [TEST_STEP][PASSED] - navigateToUrl("https://qa.thework.life/"): Navigate to 'https://qa.thework.life/' successfully

2019-12-04 01:27:00 - [MESSAGE][PASSED] - Navigate to 'https://qa.thework.life/' successfully

2019-12-04 01:27:00 - [TEST_STEP][PASSED] - currentPassword = "Test@123": null

2019-12-04 01:27:00 - [TEST_STEP][PASSED] - curentEmail = "newsuraj10001@gmail.com": null

2019-12-04 01:27:00 - [TEST_STEP][PASSED] - NewEmail = "suraj.kumar@vuclip.com": null

2019-12-04 01:27:00 - [TEST_STEP][PASSED] - setText(findTestObject("change setttings/Page_theworklife - Find Great People To Work With/input_Forgot password_username"), "newsuraj10001@gmail.com"): Text 'newsuraj10001@gmail.com' is set on object 'Object Repository/change setttings/Page_theworklife - Find Great People To Work With/input_Forgot password_username'

2019-12-04 01:27:00 - [MESSAGE][PASSED] - Text 'newsuraj10001@gmail.com' is set on object 'Object Repository/change setttings/Page_theworklife - Find Great People To Work With/input_Forgot password_username'

2019-12-04 01:27:00 - [TEST_STEP][PASSED] - setText(findTestObject("change setttings/Page_theworklife - Find Great People To Work With/input_Forgot password_password"), currentPassword): Text 'Test@123' is set on object 'Object Repository/change setttings/Page_theworklife - Find Great People To Work With/input_Forgot password_password'

2019-12-04 01:27:01 - [MESSAGE][PASSED] - Text 'Test@123' is set on object 'Object Repository/change setttings/Page_theworklife - Find Great People To Work With/input_Forgot password_password'

2019-12-04 01:27:01 - [TEST_STEP][PASSED] - click(findTestObject("change setttings/Page_theworklife - Find Great People To Work With/button_Sign in")): Object: 'Object Repository/change setttings/Page_theworklife - Find Great People To Work With/button_Sign in' is clicked on

2019-12-04 01:27:09 - [MESSAGE][PASSED] - Object: 'Object Repository/change setttings/Page_theworklife - Find Great People To Work With/button_Sign in' is clicked on

2019-12-04 01:27:09 - [TEST_STEP][PASSED] - delay(3): Delayed 3 second(s)

2019-12-04 01:27:12 - [MESSAGE][PASSED] - Delayed 3 second(s)

2019-12-04 01:27:12 - [TEST_STEP][PASSED] - click(findTestObject("change settings/Page_Home/i_Settings_fa fa-gear")): Object: 'Object Repository/change settings/Page_Home/i_Settings_fa fa-gear' is clicked on

2019-12-04 01:27:13 - [MESSAGE][PASSED] - Object: 'Object Repository/change settings/Page_Home/i_Settings_fa fa-gear' is clicked on

2019-12-04 01:27:13 - [TEST_STEP][PASSED] - click(findTestObject("change setttings/Page_Home/a_Settings")): Object: 'Object Repository/change setttings/Page_Home/a_Settings' is clicked on

2019-12-04 01:27:16 - [MESSAGE][PASSED] - Object: 'Object Repository/change setttings/Page_Home/a_Settings' is clicked on

2019-12-04 01:27:16 - [TEST_STEP][PASSED] - delay(4): Delayed 4 second(s)

2019-12-04 01:27:20 - [MESSAGE][PASSED] - Delayed 4 second(s)

2019-12-04 01:27:20 - [TEST_STEP][PASSED] - click(findTestObject("Object Repository/change settings/Page_Settings/a_Primary Email Address_fa fa-pencil m-t-40")): Object: 'Object Repository/change settings/Page_Settings/a_Primary Email Address_fa fa-pencil m-t-40' is clicked on

2019-12-04 01:27:21 - [MESSAGE][PASSED] - Object: 'Object Repository/change settings/Page_Settings/a_Primary Email Address_fa fa-pencil m-t-40' is clicked on

2019-12-04 01:27:21 - [TEST_STEP][PASSED] - click(findTestObject("change settings/Page_Settings/edit email button")): Object: 'Object Repository/change settings/Page_Settings/edit email button' is clicked on

2019-12-04 01:27:24 - [MESSAGE][PASSED] - Object: 'Object Repository/change settings/Page_Settings/edit email button' is clicked on

2019-12-04 01:27:24 - [TEST_STEP][PASSED] - delay(4): Delayed 4 second(s)

2019-12-04 01:27:28 - [MESSAGE][PASSED] - Delayed 4 second(s)

2019-12-04 01:27:28 - [TEST_STEP][PASSED] - setText(findTestObject("Object Repository/change settings/Page_Change Primary Email/input_Current password_oldPassword"), currentPassword): Text 'Test@123' is set on object 'Object Repository/change settings/Page_Change Primary Email/input_Current password_oldPassword'

2019-12-04 01:27:29 - [MESSAGE][PASSED] - Text 'Test@123' is set on object 'Object Repository/change settings/Page_Change Primary Email/input_Current password_oldPassword'

2019-12-04 01:27:29 - [TEST_STEP][PASSED] - setText(findTestObject("Object Repository/change settings/Page_Change Primary Email/input_New email_email"), NewEmail): Text 'suraj.kumar@vuclip.com' is set on object 'Object Repository/change settings/Page_Change Primary Email/input_New email_email'

2019-12-04 01:27:29 - [MESSAGE][PASSED] - Text 'suraj.kumar@vuclip.com' is set on object 'Object Repository/change settings/Page_Change Primary Email/input_New email_email'

2019-12-04 01:27:29 - [TEST_STEP][PASSED] - setText(findTestObject("Object Repository/change settings/Page_Change Primary Email/input_Confirm new email_confirm_email"), NewEmail): Text 'suraj.kumar@vuclip.com' is set on object 'Object Repository/change settings/Page_Change Primary Email/input_Confirm new email_confirm_email'

2019-12-04 01:27:30 - [MESSAGE][PASSED] - Text 'suraj.kumar@vuclip.com' is set on object 'Object Repository/change settings/Page_Change Primary Email/input_Confirm new email_confirm_email'

2019-12-04 01:27:30 - [TEST_STEP][NOT_RUN] - click(findTestObject("change settings/save and verify email")): NOT_RUN: click(findTestObject("change settings/save and verify email"))

2019-12-04 01:27:30 - [MESSAGE][NOT_RUN] - NOT_RUN: click(findTestObject("change settings/save and verify email"))

2019-12-04 01:27:30 - [TEST_STEP][PASSED] - delay(2): Delayed 2 second(s)

2019-12-04 01:27:33 - [MESSAGE][PASSED] - Delayed 2 second(s)

2019-12-04 01:27:33 - [TEST_STEP][PASSED] - closeBrowser(): Browser is closed

2019-12-04 01:27:35 - [MESSAGE][PASSED] - Browser is closed

2019-12-04 01:27:35 - [TEST_STEP][PASSED] - Start listener action : afterTestcase: Browser is closed

2019-12-04 01:27:35 - [TEST_STEP][PASSED] - closeBrowser(): Browser is closed

2019-12-04 01:27:35 - [MESSAGE][PASSED] - Browser is closed

2019-12-04 01:27:38 - [TEST_STEP][PASSED] - Video: Video recording for test case 'Test Cases/New regression cases/change email verification' .

2019-12-04 01:27:38 - [MESSAGE][INFO] - Video recording for test case 'Test Cases/New regression cases/change email verification' .
[[ATTACHMENT|C:\\Users\\Suraj Kumar\\git\\KatalonBDD\\Reports\\20191204_011934\\Regression\\20191204_011934/videos\\test_7.avi]]]]></system-out>
         <system-err><![CDATA[]]></system-err>
      </testcase>
      <testcase name="Test Cases/New regression cases/change setting verification" time="72.638" classname="Test Cases/New regression cases/change setting verification" status="PASSED">
         <system-out><![CDATA[2019-12-04 01:27:38 - [TEST_CASE][PASSED] - Test Cases/New regression cases/change setting verification: Test Cases/New regression cases/change setting verification

2019-12-04 01:27:38 - [TEST_STEP][PASSED] - Start listener action : beforeTestcase: null

2019-12-04 01:27:38 - [TEST_STEP][PASSED] - openBrowser(""): Browser is opened with url: ''

2019-12-04 01:27:38 - [MESSAGE][INFO] - Starting 'Firefox' driver

2019-12-04 01:27:46 - [MESSAGE][PASSED] - Browser is opened with url: ''

2019-12-04 01:27:46 - [TEST_STEP][PASSED] - navigateToUrl("https://qa.thework.life/"): Navigate to 'https://qa.thework.life/' successfully

2019-12-04 01:27:54 - [MESSAGE][PASSED] - Navigate to 'https://qa.thework.life/' successfully

2019-12-04 01:27:54 - [TEST_STEP][PASSED] - currentPassword = "Test@123": null

2019-12-04 01:27:54 - [TEST_STEP][PASSED] - newPassword = "Test@1234": null

2019-12-04 01:27:54 - [TEST_STEP][PASSED] - setText(findTestObject("change setttings/Page_theworklife - Find Great People To Work With/input_Forgot password_username"), "newsuraj10001@gmail.com"): Text 'newsuraj10001@gmail.com' is set on object 'Object Repository/change setttings/Page_theworklife - Find Great People To Work With/input_Forgot password_username'

2019-12-04 01:27:54 - [MESSAGE][PASSED] - Text 'newsuraj10001@gmail.com' is set on object 'Object Repository/change setttings/Page_theworklife - Find Great People To Work With/input_Forgot password_username'

2019-12-04 01:27:54 - [TEST_STEP][PASSED] - setText(findTestObject("change setttings/Page_theworklife - Find Great People To Work With/input_Forgot password_password"), currentPassword): Text 'Test@123' is set on object 'Object Repository/change setttings/Page_theworklife - Find Great People To Work With/input_Forgot password_password'

2019-12-04 01:27:55 - [MESSAGE][PASSED] - Text 'Test@123' is set on object 'Object Repository/change setttings/Page_theworklife - Find Great People To Work With/input_Forgot password_password'

2019-12-04 01:27:55 - [TEST_STEP][PASSED] - click(findTestObject("change setttings/Page_theworklife - Find Great People To Work With/button_Sign in")): Object: 'Object Repository/change setttings/Page_theworklife - Find Great People To Work With/button_Sign in' is clicked on

2019-12-04 01:28:07 - [MESSAGE][PASSED] - Object: 'Object Repository/change setttings/Page_theworklife - Find Great People To Work With/button_Sign in' is clicked on

2019-12-04 01:28:07 - [TEST_STEP][PASSED] - delay(3): Delayed 3 second(s)

2019-12-04 01:28:10 - [MESSAGE][PASSED] - Delayed 3 second(s)

2019-12-04 01:28:10 - [TEST_STEP][PASSED] - click(findTestObject("change settings/Page_Home/i_Settings_fa fa-gear")): Object: 'Object Repository/change settings/Page_Home/i_Settings_fa fa-gear' is clicked on

2019-12-04 01:28:11 - [MESSAGE][PASSED] - Object: 'Object Repository/change settings/Page_Home/i_Settings_fa fa-gear' is clicked on

2019-12-04 01:28:11 - [TEST_STEP][PASSED] - click(findTestObject("change setttings/Page_Home/a_Settings")): Object: 'Object Repository/change setttings/Page_Home/a_Settings' is clicked on

2019-12-04 01:28:14 - [MESSAGE][PASSED] - Object: 'Object Repository/change setttings/Page_Home/a_Settings' is clicked on

2019-12-04 01:28:14 - [TEST_STEP][NOT_RUN] - delay(4): NOT_RUN: delay(4)

2019-12-04 01:28:14 - [MESSAGE][NOT_RUN] - NOT_RUN: delay(4)

2019-12-04 01:28:14 - [TEST_STEP][NOT_RUN] - click(findTestObject("Object Repository/change settings/Page_Settings/a_Primary Email Address_fa fa-pencil m-t-40")): NOT_RUN: click(findTestObject("Object Repository/change settings/Page_Settings/a_Primary Email Address_fa fa-pencil m-t-40"))

2019-12-04 01:28:14 - [MESSAGE][NOT_RUN] - NOT_RUN: click(findTestObject("Object Repository/change settings/Page_Settings/a_Primary Email Address_fa fa-pencil m-t-40"))

2019-12-04 01:28:14 - [TEST_STEP][NOT_RUN] - click(findTestObject("change settings/Page_Settings/edit email button")): NOT_RUN: click(findTestObject("change settings/Page_Settings/edit email button"))

2019-12-04 01:28:14 - [MESSAGE][NOT_RUN] - NOT_RUN: click(findTestObject("change settings/Page_Settings/edit email button"))

2019-12-04 01:28:14 - [TEST_STEP][NOT_RUN] - delay(4): NOT_RUN: delay(4)

2019-12-04 01:28:14 - [MESSAGE][NOT_RUN] - NOT_RUN: delay(4)

2019-12-04 01:28:14 - [TEST_STEP][NOT_RUN] - setText(findTestObject("Object Repository/change settings/Page_Change Primary Email/input_Current password_oldPassword"), currentPassword): NOT_RUN: setText(findTestObject("Object Repository/change settings/Page_Change Primary Email/input_Current password_oldPassword"), currentPassword)

2019-12-04 01:28:14 - [MESSAGE][NOT_RUN] - NOT_RUN: setText(findTestObject("Object Repository/change settings/Page_Change Primary Email/input_Current password_oldPassword"), currentPassword)

2019-12-04 01:28:14 - [TEST_STEP][NOT_RUN] - setText(findTestObject("Object Repository/change settings/Page_Change Primary Email/input_New email_email"), "skfjksfvskf"): NOT_RUN: setText(findTestObject("Object Repository/change settings/Page_Change Primary Email/input_New email_email"), "skfjksfvskf")

2019-12-04 01:28:14 - [MESSAGE][NOT_RUN] - NOT_RUN: setText(findTestObject("Object Repository/change settings/Page_Change Primary Email/input_New email_email"), "skfjksfvskf")

2019-12-04 01:28:14 - [TEST_STEP][NOT_RUN] - setText(findTestObject("Object Repository/change settings/Page_Change Primary Email/input_Confirm new email_confirm_email"), "fgjkfkgf"): NOT_RUN: setText(findTestObject("Object Repository/change settings/Page_Change Primary Email/input_Confirm new email_confirm_email"), "fgjkfkgf")

2019-12-04 01:28:14 - [MESSAGE][NOT_RUN] - NOT_RUN: setText(findTestObject("Object Repository/change settings/Page_Change Primary Email/input_Confirm new email_confirm_email"), "fgjkfkgf")

2019-12-04 01:28:14 - [TEST_STEP][NOT_RUN] - click(findTestObject("change settings/Page_Home/i_Settings_fa fa-gear")): NOT_RUN: click(findTestObject("change settings/Page_Home/i_Settings_fa fa-gear"))

2019-12-04 01:28:14 - [MESSAGE][NOT_RUN] - NOT_RUN: click(findTestObject("change settings/Page_Home/i_Settings_fa fa-gear"))

2019-12-04 01:28:14 - [TEST_STEP][NOT_RUN] - click(findTestObject("change setttings/Page_Home/a_Settings")): NOT_RUN: click(findTestObject("change setttings/Page_Home/a_Settings"))

2019-12-04 01:28:14 - [MESSAGE][NOT_RUN] - NOT_RUN: click(findTestObject("change setttings/Page_Home/a_Settings"))

2019-12-04 01:28:14 - [TEST_STEP][PASSED] - delay(3): Delayed 3 second(s)

2019-12-04 01:28:17 - [MESSAGE][PASSED] - Delayed 3 second(s)

2019-12-04 01:28:17 - [TEST_STEP][PASSED] - setText(findTestObject("Object Repository/change settings/Page_Settings/input_Current password_oldPassword"), currentPassword): Text 'Test@123' is set on object 'Object Repository/change settings/Page_Settings/input_Current password_oldPassword'

2019-12-04 01:28:18 - [MESSAGE][PASSED] - Text 'Test@123' is set on object 'Object Repository/change settings/Page_Settings/input_Current password_oldPassword'

2019-12-04 01:28:18 - [TEST_STEP][PASSED] - setText(findTestObject("Object Repository/change settings/Page_Settings/input_New password_password"), newPassword): Text 'Test@1234' is set on object 'Object Repository/change settings/Page_Settings/input_New password_password'

2019-12-04 01:28:18 - [MESSAGE][PASSED] - Text 'Test@1234' is set on object 'Object Repository/change settings/Page_Settings/input_New password_password'

2019-12-04 01:28:18 - [TEST_STEP][PASSED] - setText(findTestObject("Object Repository/change settings/Page_Settings/input_Retype new password_confirm_password"), newPassword): Text 'Test@1234' is set on object 'Object Repository/change settings/Page_Settings/input_Retype new password_confirm_password'

2019-12-04 01:28:19 - [MESSAGE][PASSED] - Text 'Test@1234' is set on object 'Object Repository/change settings/Page_Settings/input_Retype new password_confirm_password'

2019-12-04 01:28:19 - [TEST_STEP][NOT_RUN] - click(findTestObject("Object Repository/change settings/Page_Settings/button_Reset")): NOT_RUN: click(findTestObject("Object Repository/change settings/Page_Settings/button_Reset"))

2019-12-04 01:28:19 - [MESSAGE][NOT_RUN] - NOT_RUN: click(findTestObject("Object Repository/change settings/Page_Settings/button_Reset"))

2019-12-04 01:28:19 - [TEST_STEP][PASSED] - click(findTestObject("change settings/Page_Settings/button_Save")): Object: 'Object Repository/change settings/Page_Settings/button_Save' is clicked on

2019-12-04 01:28:20 - [MESSAGE][PASSED] - Object: 'Object Repository/change settings/Page_Settings/button_Save' is clicked on

2019-12-04 01:28:20 - [TEST_STEP][PASSED] - click(findTestObject("change settings/Page_Settings/a_OK")): Object: 'Object Repository/change settings/Page_Settings/a_OK' is clicked on

2019-12-04 01:28:21 - [MESSAGE][PASSED] - Object: 'Object Repository/change settings/Page_Settings/a_OK' is clicked on

2019-12-04 01:28:21 - [TEST_STEP][PASSED] - delay(2): Delayed 2 second(s)

2019-12-04 01:28:23 - [MESSAGE][PASSED] - Delayed 2 second(s)

2019-12-04 01:28:23 - [TEST_STEP][PASSED] - setText(findTestObject("change setttings/Page_theworklife - Find Great People To Work With/input_Forgot password_username"), "newsuraj10001@gmail.com"): Text 'newsuraj10001@gmail.com' is set on object 'Object Repository/change setttings/Page_theworklife - Find Great People To Work With/input_Forgot password_username'

2019-12-04 01:28:25 - [MESSAGE][PASSED] - Text 'newsuraj10001@gmail.com' is set on object 'Object Repository/change setttings/Page_theworklife - Find Great People To Work With/input_Forgot password_username'

2019-12-04 01:28:25 - [TEST_STEP][PASSED] - setText(findTestObject("change setttings/Page_theworklife - Find Great People To Work With/input_Forgot password_password"), newPassword): Text 'Test@1234' is set on object 'Object Repository/change setttings/Page_theworklife - Find Great People To Work With/input_Forgot password_password'

2019-12-04 01:28:26 - [MESSAGE][PASSED] - Text 'Test@1234' is set on object 'Object Repository/change setttings/Page_theworklife - Find Great People To Work With/input_Forgot password_password'

2019-12-04 01:28:26 - [TEST_STEP][PASSED] - click(findTestObject("change setttings/Page_theworklife - Find Great People To Work With/button_Sign in")): Object: 'Object Repository/change setttings/Page_theworklife - Find Great People To Work With/button_Sign in' is clicked on

2019-12-04 01:28:31 - [MESSAGE][PASSED] - Object: 'Object Repository/change setttings/Page_theworklife - Find Great People To Work With/button_Sign in' is clicked on

2019-12-04 01:28:31 - [TEST_STEP][PASSED] - delay(2): Delayed 2 second(s)

2019-12-04 01:28:33 - [MESSAGE][PASSED] - Delayed 2 second(s)

2019-12-04 01:28:33 - [TEST_STEP][PASSED] - click(findTestObject("change settings/Page_Home/i_Settings_fa fa-gear")): Object: 'Object Repository/change settings/Page_Home/i_Settings_fa fa-gear' is clicked on

2019-12-04 01:28:34 - [MESSAGE][PASSED] - Object: 'Object Repository/change settings/Page_Home/i_Settings_fa fa-gear' is clicked on

2019-12-04 01:28:34 - [TEST_STEP][PASSED] - click(findTestObject("change setttings/Page_Home/a_Settings")): Object: 'Object Repository/change setttings/Page_Home/a_Settings' is clicked on

2019-12-04 01:28:38 - [MESSAGE][PASSED] - Object: 'Object Repository/change setttings/Page_Home/a_Settings' is clicked on

2019-12-04 01:28:38 - [TEST_STEP][PASSED] - delay(3): Delayed 3 second(s)

2019-12-04 01:28:41 - [MESSAGE][PASSED] - Delayed 3 second(s)

2019-12-04 01:28:41 - [TEST_STEP][PASSED] - setText(findTestObject("Object Repository/change settings/Page_Settings/input_Current password_oldPassword"), newPassword): Text 'Test@1234' is set on object 'Object Repository/change settings/Page_Settings/input_Current password_oldPassword'

2019-12-04 01:28:41 - [MESSAGE][PASSED] - Text 'Test@1234' is set on object 'Object Repository/change settings/Page_Settings/input_Current password_oldPassword'

2019-12-04 01:28:41 - [TEST_STEP][PASSED] - setText(findTestObject("Object Repository/change settings/Page_Settings/input_New password_password"), currentPassword): Text 'Test@123' is set on object 'Object Repository/change settings/Page_Settings/input_New password_password'

2019-12-04 01:28:42 - [MESSAGE][PASSED] - Text 'Test@123' is set on object 'Object Repository/change settings/Page_Settings/input_New password_password'

2019-12-04 01:28:42 - [TEST_STEP][PASSED] - setText(findTestObject("Object Repository/change settings/Page_Settings/input_Retype new password_confirm_password"), currentPassword): Text 'Test@123' is set on object 'Object Repository/change settings/Page_Settings/input_Retype new password_confirm_password'

2019-12-04 01:28:43 - [MESSAGE][PASSED] - Text 'Test@123' is set on object 'Object Repository/change settings/Page_Settings/input_Retype new password_confirm_password'

2019-12-04 01:28:43 - [TEST_STEP][PASSED] - click(findTestObject("change settings/Page_Settings/button_Save")): Object: 'Object Repository/change settings/Page_Settings/button_Save' is clicked on

2019-12-04 01:28:44 - [MESSAGE][PASSED] - Object: 'Object Repository/change settings/Page_Settings/button_Save' is clicked on

2019-12-04 01:28:44 - [TEST_STEP][NOT_RUN] - click(findTestObject("change settings/Page_Settings/a_OK")): NOT_RUN: click(findTestObject("change settings/Page_Settings/a_OK"))

2019-12-04 01:28:44 - [MESSAGE][NOT_RUN] - NOT_RUN: click(findTestObject("change settings/Page_Settings/a_OK"))

2019-12-04 01:28:44 - [TEST_STEP][PASSED] - delay(2): Delayed 2 second(s)

2019-12-04 01:28:46 - [MESSAGE][PASSED] - Delayed 2 second(s)

2019-12-04 01:28:46 - [TEST_STEP][PASSED] - closeBrowser(): Browser is closed

2019-12-04 01:28:48 - [MESSAGE][PASSED] - Browser is closed

2019-12-04 01:28:48 - [TEST_STEP][PASSED] - Start listener action : afterTestcase: Browser is closed

2019-12-04 01:28:48 - [TEST_STEP][PASSED] - closeBrowser(): Browser is closed

2019-12-04 01:28:48 - [MESSAGE][PASSED] - Browser is closed

2019-12-04 01:28:51 - [TEST_STEP][PASSED] - Video: Video recording for test case 'Test Cases/New regression cases/change setting verification' .

2019-12-04 01:28:51 - [MESSAGE][INFO] - Video recording for test case 'Test Cases/New regression cases/change setting verification' .
[[ATTACHMENT|C:\\Users\\Suraj Kumar\\git\\KatalonBDD\\Reports\\20191204_011934\\Regression\\20191204_011934/videos\\test_8.avi]]]]></system-out>
         <system-err><![CDATA[]]></system-err>
      </testcase>
      <testcase name="Test Cases/New regression cases/Delete Flag review" time="2.735" classname="Test Cases/New regression cases/Delete Flag review" status="PASSED">
         <system-out><![CDATA[2019-12-04 01:28:51 - [TEST_CASE][PASSED] - Test Cases/New regression cases/Delete Flag review: Test Cases/New regression cases/Delete Flag review

2019-12-04 01:28:51 - [TEST_STEP][PASSED] - Start listener action : beforeTestcase: null

2019-12-04 01:28:51 - [TEST_STEP][PASSED] - return null: null

2019-12-04 01:28:51 - [TEST_STEP][PASSED] - Start listener action : afterTestcase: Browser is closed

2019-12-04 01:28:51 - [TEST_STEP][PASSED] - closeBrowser(): Browser is closed

2019-12-04 01:28:51 - [MESSAGE][PASSED] - Browser is closed

2019-12-04 01:28:53 - [TEST_STEP][PASSED] - Video: Video recording for test case 'Test Cases/New regression cases/Delete Flag review' .

2019-12-04 01:28:53 - [MESSAGE][INFO] - Video recording for test case 'Test Cases/New regression cases/Delete Flag review' .
[[ATTACHMENT|C:\\Users\\Suraj Kumar\\git\\KatalonBDD\\Reports\\20191204_011934\\Regression\\20191204_011934/videos\\test_9.avi]]]]></system-out>
         <system-err><![CDATA[]]></system-err>
      </testcase>
      <testcase name="Test Cases/New regression cases/Email already exists -signup" time="35.307" classname="Test Cases/New regression cases/Email already exists -signup" status="FAILED">
         <failure type="FAILED" message="Test Cases/New regression cases/Email already exists -signup FAILED.
Reason:
com.kms.katalon.core.exception.StepFailedException: Unable to verify text 'You are already registered.Please try with login' is present 
	at com.kms.katalon.core.webui.keyword.internal.WebUIKeywordMain.stepFailed(WebUIKeywordMain.groovy:64)
	at com.kms.katalon.core.webui.keyword.internal.WebUIKeywordMain.runKeyword(WebUIKeywordMain.groovy:26)
	at com.kms.katalon.core.webui.keyword.builtin.VerifyTextPresentKeyword.verifyTextPresent(VerifyTextPresentKeyword.groovy:83)
	at com.kms.katalon.core.webui.keyword.builtin.VerifyTextPresentKeyword.execute(VerifyTextPresentKeyword.groovy:68)
	at com.kms.katalon.core.keyword.internal.KeywordExecutor.executeKeywordForPlatform(KeywordExecutor.groovy:60)
	at com.kms.katalon.core.webui.keyword.WebUiBuiltInKeywords.verifyTextPresent(WebUiBuiltInKeywords.groovy:1693)
	at com.kms.katalon.core.webui.keyword.WebUiBuiltInKeywords$verifyTextPresent$7.call(Unknown Source)
	at Email already exists -signup.run(Email already exists -signup:33)
	at com.kms.katalon.core.main.ScriptEngine.run(ScriptEngine.java:194)
	at com.kms.katalon.core.main.ScriptEngine.runScriptAsRawText(ScriptEngine.java:119)
	at com.kms.katalon.core.main.TestCaseExecutor.runScript(TestCaseExecutor.java:337)
	at com.kms.katalon.core.main.TestCaseExecutor.doExecute(TestCaseExecutor.java:328)
	at com.kms.katalon.core.main.TestCaseExecutor.processExecutionPhase(TestCaseExecutor.java:307)
	at com.kms.katalon.core.main.TestCaseExecutor.accessMainPhase(TestCaseExecutor.java:299)
	at com.kms.katalon.core.main.TestCaseExecutor.execute(TestCaseExecutor.java:233)
	at com.kms.katalon.core.main.TestSuiteExecutor.accessTestCaseMainPhase(TestSuiteExecutor.java:169)
	at com.kms.katalon.core.main.TestSuiteExecutor.accessTestSuiteMainPhase(TestSuiteExecutor.java:142)
	at com.kms.katalon.core.main.TestSuiteExecutor.execute(TestSuiteExecutor.java:91)
	at com.kms.katalon.core.main.TestCaseMain.startTestSuite(TestCaseMain.java:157)
	at com.kms.katalon.core.main.TestCaseMain$startTestSuite$0.call(Unknown Source)
	at TempTestSuite1575402574161.run(TempTestSuite1575402574161.groovy:36)
Caused by: com.kms.katalon.core.exception.StepFailedException: Text 'You are already registered.Please try with login' is not present on page 
	at com.kms.katalon.core.webui.keyword.internal.WebUIKeywordMain.stepFailed(WebUIKeywordMain.groovy:64)
	at com.kms.katalon.core.webui.keyword.builtin.VerifyTextPresentKeyword$_verifyTextPresent_closure1.doCall(VerifyTextPresentKeyword.groovy:79)
	at com.kms.katalon.core.webui.keyword.builtin.VerifyTextPresentKeyword$_verifyTextPresent_closure1.call(VerifyTextPresentKeyword.groovy)
	at com.kms.katalon.core.webui.keyword.internal.WebUIKeywordMain.runKeyword(WebUIKeywordMain.groovy:20)
	... 19 more
"/>
         <system-out><![CDATA[2019-12-04 01:28:53 - [TEST_CASE][FAILED] - Test Cases/New regression cases/Email already exists -signup: Test Cases/New regression cases/Email already exists -signup FAILED.
Reason:
com.kms.katalon.core.exception.StepFailedException: Unable to verify text 'You are already registered.Please try with login' is present 
	at com.kms.katalon.core.webui.keyword.internal.WebUIKeywordMain.stepFailed(WebUIKeywordMain.groovy:64)
	at com.kms.katalon.core.webui.keyword.internal.WebUIKeywordMain.runKeyword(WebUIKeywordMain.groovy:26)
	at com.kms.katalon.core.webui.keyword.builtin.VerifyTextPresentKeyword.verifyTextPresent(VerifyTextPresentKeyword.groovy:83)
	at com.kms.katalon.core.webui.keyword.builtin.VerifyTextPresentKeyword.execute(VerifyTextPresentKeyword.groovy:68)
	at com.kms.katalon.core.keyword.internal.KeywordExecutor.executeKeywordForPlatform(KeywordExecutor.groovy:60)
	at com.kms.katalon.core.webui.keyword.WebUiBuiltInKeywords.verifyTextPresent(WebUiBuiltInKeywords.groovy:1693)
	at com.kms.katalon.core.webui.keyword.WebUiBuiltInKeywords$verifyTextPresent$7.call(Unknown Source)
	at Email already exists -signup.run(Email already exists -signup:33)
	at com.kms.katalon.core.main.ScriptEngine.run(ScriptEngine.java:194)
	at com.kms.katalon.core.main.ScriptEngine.runScriptAsRawText(ScriptEngine.java:119)
	at com.kms.katalon.core.main.TestCaseExecutor.runScript(TestCaseExecutor.java:337)
	at com.kms.katalon.core.main.TestCaseExecutor.doExecute(TestCaseExecutor.java:328)
	at com.kms.katalon.core.main.TestCaseExecutor.processExecutionPhase(TestCaseExecutor.java:307)
	at com.kms.katalon.core.main.TestCaseExecutor.accessMainPhase(TestCaseExecutor.java:299)
	at com.kms.katalon.core.main.TestCaseExecutor.execute(TestCaseExecutor.java:233)
	at com.kms.katalon.core.main.TestSuiteExecutor.accessTestCaseMainPhase(TestSuiteExecutor.java:169)
	at com.kms.katalon.core.main.TestSuiteExecutor.accessTestSuiteMainPhase(TestSuiteExecutor.java:142)
	at com.kms.katalon.core.main.TestSuiteExecutor.execute(TestSuiteExecutor.java:91)
	at com.kms.katalon.core.main.TestCaseMain.startTestSuite(TestCaseMain.java:157)
	at com.kms.katalon.core.main.TestCaseMain$startTestSuite$0.call(Unknown Source)
	at TempTestSuite1575402574161.run(TempTestSuite1575402574161.groovy:36)
Caused by: com.kms.katalon.core.exception.StepFailedException: Text 'You are already registered.Please try with login' is not present on page 
	at com.kms.katalon.core.webui.keyword.internal.WebUIKeywordMain.stepFailed(WebUIKeywordMain.groovy:64)
	at com.kms.katalon.core.webui.keyword.builtin.VerifyTextPresentKeyword$_verifyTextPresent_closure1.doCall(VerifyTextPresentKeyword.groovy:79)
	at com.kms.katalon.core.webui.keyword.builtin.VerifyTextPresentKeyword$_verifyTextPresent_closure1.call(VerifyTextPresentKeyword.groovy)
	at com.kms.katalon.core.webui.keyword.internal.WebUIKeywordMain.runKeyword(WebUIKeywordMain.groovy:20)
	... 19 more


2019-12-04 01:28:53 - [TEST_STEP][PASSED] - Start listener action : beforeTestcase: null

2019-12-04 01:28:54 - [TEST_STEP][PASSED] - openBrowser(""): Browser is opened with url: ''

2019-12-04 01:28:54 - [MESSAGE][INFO] - Starting 'Firefox' driver

2019-12-04 01:29:01 - [MESSAGE][PASSED] - Browser is opened with url: ''

2019-12-04 01:29:01 - [TEST_STEP][PASSED] - navigateToUrl("https://qa.thework.life/"): Navigate to 'https://qa.thework.life/' successfully

2019-12-04 01:29:10 - [MESSAGE][PASSED] - Navigate to 'https://qa.thework.life/' successfully

2019-12-04 01:29:10 - [TEST_STEP][PASSED] - click(findTestObject("Object Repository/email already exist -signup/Page_theworklife - Find Great People To Work With/a_Join Now")): Object: 'Object Repository/email already exist -signup/Page_theworklife - Find Great People To Work With/a_Join Now' is clicked on

2019-12-04 01:29:11 - [MESSAGE][PASSED] - Object: 'Object Repository/email already exist -signup/Page_theworklife - Find Great People To Work With/a_Join Now' is clicked on

2019-12-04 01:29:11 - [TEST_STEP][PASSED] - click(findTestObject("Object Repository/email already exist -signup/Page_theworklife - Find Great People To Work With/button_LinkedIn")): Object: 'Object Repository/email already exist -signup/Page_theworklife - Find Great People To Work With/button_LinkedIn' is clicked on

2019-12-04 01:29:14 - [MESSAGE][PASSED] - Object: 'Object Repository/email already exist -signup/Page_theworklife - Find Great People To Work With/button_LinkedIn' is clicked on

2019-12-04 01:29:14 - [TEST_STEP][PASSED] - setText(findTestObject("Object Repository/email already exist -signup/Page_LinkedIn Login Sign in  LinkedIn/input_Welcome Back_session_key"), "worklifetest10001@gmail.com"): Text 'worklifetest10001@gmail.com' is set on object 'Object Repository/email already exist -signup/Page_LinkedIn Login Sign in  LinkedIn/input_Welcome Back_session_key'

2019-12-04 01:29:16 - [MESSAGE][PASSED] - Text 'worklifetest10001@gmail.com' is set on object 'Object Repository/email already exist -signup/Page_LinkedIn Login Sign in  LinkedIn/input_Welcome Back_session_key'

2019-12-04 01:29:16 - [TEST_STEP][PASSED] - setEncryptedText(findTestObject("Object Repository/email already exist -signup/Page_LinkedIn Login Sign in  LinkedIn/input_Welcome Back_session_password"), "XU9cBalmEBp1UP+jEU2w4UUBUuNgBY4U"): Text ****** has been set on object 'Object Repository/email already exist -signup/Page_LinkedIn Login Sign in  LinkedIn/input_Welcome Back_session_password'

2019-12-04 01:29:16 - [MESSAGE][PASSED] - Text ****** has been set on object 'Object Repository/email already exist -signup/Page_LinkedIn Login Sign in  LinkedIn/input_Welcome Back_session_password'

2019-12-04 01:29:16 - [TEST_STEP][PASSED] - click(findTestObject("Object Repository/email already exist -signup/Page_LinkedIn Login Sign in  LinkedIn/button_Sign in")): Object: 'Object Repository/email already exist -signup/Page_LinkedIn Login Sign in  LinkedIn/button_Sign in' is clicked on

2019-12-04 01:29:23 - [MESSAGE][PASSED] - Object: 'Object Repository/email already exist -signup/Page_LinkedIn Login Sign in  LinkedIn/button_Sign in' is clicked on

2019-12-04 01:29:23 - [TEST_STEP][FAILED] - verifyTextPresent("You are already registered.Please try with login", false): Unable to verify text 'You are already registered.Please try with login' is present  (Root cause: com.kms.katalon.core.exception.StepFailedException: Unable to verify text 'You are already registered.Please try with login' is present 
	at com.kms.katalon.core.webui.keyword.internal.WebUIKeywordMain.stepFailed(WebUIKeywordMain.groovy:64)
	at com.kms.katalon.core.webui.keyword.internal.WebUIKeywordMain.runKeyword(WebUIKeywordMain.groovy:26)
	at com.kms.katalon.core.webui.keyword.builtin.VerifyTextPresentKeyword.verifyTextPresent(VerifyTextPresentKeyword.groovy:83)
	at com.kms.katalon.core.webui.keyword.builtin.VerifyTextPresentKeyword.execute(VerifyTextPresentKeyword.groovy:68)
	at com.kms.katalon.core.keyword.internal.KeywordExecutor.executeKeywordForPlatform(KeywordExecutor.groovy:60)
	at com.kms.katalon.core.webui.keyword.WebUiBuiltInKeywords.verifyTextPresent(WebUiBuiltInKeywords.groovy:1693)
	at com.kms.katalon.core.webui.keyword.WebUiBuiltInKeywords$verifyTextPresent$7.call(Unknown Source)
	at Email already exists -signup.run(Email already exists -signup:33)
	at com.kms.katalon.core.main.ScriptEngine.run(ScriptEngine.java:194)
	at com.kms.katalon.core.main.ScriptEngine.runScriptAsRawText(ScriptEngine.java:119)
	at com.kms.katalon.core.main.TestCaseExecutor.runScript(TestCaseExecutor.java:337)
	at com.kms.katalon.core.main.TestCaseExecutor.doExecute(TestCaseExecutor.java:328)
	at com.kms.katalon.core.main.TestCaseExecutor.processExecutionPhase(TestCaseExecutor.java:307)
	at com.kms.katalon.core.main.TestCaseExecutor.accessMainPhase(TestCaseExecutor.java:299)
	at com.kms.katalon.core.main.TestCaseExecutor.execute(TestCaseExecutor.java:233)
	at com.kms.katalon.core.main.TestSuiteExecutor.accessTestCaseMainPhase(TestSuiteExecutor.java:169)
	at com.kms.katalon.core.main.TestSuiteExecutor.accessTestSuiteMainPhase(TestSuiteExecutor.java:142)
	at com.kms.katalon.core.main.TestSuiteExecutor.execute(TestSuiteExecutor.java:91)
	at com.kms.katalon.core.main.TestCaseMain.startTestSuite(TestCaseMain.java:157)
	at com.kms.katalon.core.main.TestCaseMain$startTestSuite$0.call(Unknown Source)
	at TempTestSuite1575402574161.run(TempTestSuite1575402574161.groovy:36)
Caused by: com.kms.katalon.core.exception.StepFailedException: Text 'You are already registered.Please try with login' is not present on page 
	at com.kms.katalon.core.webui.keyword.internal.WebUIKeywordMain.stepFailed(WebUIKeywordMain.groovy:64)
	at com.kms.katalon.core.webui.keyword.builtin.VerifyTextPresentKeyword$_verifyTextPresent_closure1.doCall(VerifyTextPresentKeyword.groovy:79)
	at com.kms.katalon.core.webui.keyword.builtin.VerifyTextPresentKeyword$_verifyTextPresent_closure1.call(VerifyTextPresentKeyword.groovy)
	at com.kms.katalon.core.webui.keyword.internal.WebUIKeywordMain.runKeyword(WebUIKeywordMain.groovy:20)
	... 19 more
)

2019-12-04 01:29:23 - [MESSAGE][FAILED] - Text 'You are already registered.Please try with login' is not present on page  (Root cause: com.kms.katalon.core.exception.StepFailedException: Text 'You are already registered.Please try with login' is not present on page 
	at com.kms.katalon.core.webui.keyword.internal.WebUIKeywordMain.stepFailed(WebUIKeywordMain.groovy:64)
	at com.kms.katalon.core.webui.keyword.builtin.VerifyTextPresentKeyword$_verifyTextPresent_closure1.doCall(VerifyTextPresentKeyword.groovy:79)
	at com.kms.katalon.core.webui.keyword.builtin.VerifyTextPresentKeyword$_verifyTextPresent_closure1.call(VerifyTextPresentKeyword.groovy)
	at com.kms.katalon.core.webui.keyword.internal.WebUIKeywordMain.runKeyword(WebUIKeywordMain.groovy:20)
	at com.kms.katalon.core.webui.keyword.builtin.VerifyTextPresentKeyword.verifyTextPresent(VerifyTextPresentKeyword.groovy:83)
	at com.kms.katalon.core.webui.keyword.builtin.VerifyTextPresentKeyword.execute(VerifyTextPresentKeyword.groovy:68)
	at com.kms.katalon.core.keyword.internal.KeywordExecutor.executeKeywordForPlatform(KeywordExecutor.groovy:60)
	at com.kms.katalon.core.webui.keyword.WebUiBuiltInKeywords.verifyTextPresent(WebUiBuiltInKeywords.groovy:1693)
	at com.kms.katalon.core.webui.keyword.WebUiBuiltInKeywords$verifyTextPresent$7.call(Unknown Source)
	at Email already exists -signup.run(Email already exists -signup:33)
	at com.kms.katalon.core.main.ScriptEngine.run(ScriptEngine.java:194)
	at com.kms.katalon.core.main.ScriptEngine.runScriptAsRawText(ScriptEngine.java:119)
	at com.kms.katalon.core.main.TestCaseExecutor.runScript(TestCaseExecutor.java:337)
	at com.kms.katalon.core.main.TestCaseExecutor.doExecute(TestCaseExecutor.java:328)
	at com.kms.katalon.core.main.TestCaseExecutor.processExecutionPhase(TestCaseExecutor.java:307)
	at com.kms.katalon.core.main.TestCaseExecutor.accessMainPhase(TestCaseExecutor.java:299)
	at com.kms.katalon.core.main.TestCaseExecutor.execute(TestCaseExecutor.java:233)
	at com.kms.katalon.core.main.TestSuiteExecutor.accessTestCaseMainPhase(TestSuiteExecutor.java:169)
	at com.kms.katalon.core.main.TestSuiteExecutor.accessTestSuiteMainPhase(TestSuiteExecutor.java:142)
	at com.kms.katalon.core.main.TestSuiteExecutor.execute(TestSuiteExecutor.java:91)
	at com.kms.katalon.core.main.TestCaseMain.startTestSuite(TestCaseMain.java:157)
	at com.kms.katalon.core.main.TestCaseMain$startTestSuite$0.call(Unknown Source)
	at TempTestSuite1575402574161.run(TempTestSuite1575402574161.groovy:36)
)

2019-12-04 01:29:24 - [MESSAGE][FAILED] - Unable to verify text 'You are already registered.Please try with login' is present  (Root cause: com.kms.katalon.core.exception.StepFailedException: Unable to verify text 'You are already registered.Please try with login' is present 
	at com.kms.katalon.core.webui.keyword.internal.WebUIKeywordMain.stepFailed(WebUIKeywordMain.groovy:64)
	at com.kms.katalon.core.webui.keyword.internal.WebUIKeywordMain.runKeyword(WebUIKeywordMain.groovy:26)
	at com.kms.katalon.core.webui.keyword.builtin.VerifyTextPresentKeyword.verifyTextPresent(VerifyTextPresentKeyword.groovy:83)
	at com.kms.katalon.core.webui.keyword.builtin.VerifyTextPresentKeyword.execute(VerifyTextPresentKeyword.groovy:68)
	at com.kms.katalon.core.keyword.internal.KeywordExecutor.executeKeywordForPlatform(KeywordExecutor.groovy:60)
	at com.kms.katalon.core.webui.keyword.WebUiBuiltInKeywords.verifyTextPresent(WebUiBuiltInKeywords.groovy:1693)
	at com.kms.katalon.core.webui.keyword.WebUiBuiltInKeywords$verifyTextPresent$7.call(Unknown Source)
	at Email already exists -signup.run(Email already exists -signup:33)
	at com.kms.katalon.core.main.ScriptEngine.run(ScriptEngine.java:194)
	at com.kms.katalon.core.main.ScriptEngine.runScriptAsRawText(ScriptEngine.java:119)
	at com.kms.katalon.core.main.TestCaseExecutor.runScript(TestCaseExecutor.java:337)
	at com.kms.katalon.core.main.TestCaseExecutor.doExecute(TestCaseExecutor.java:328)
	at com.kms.katalon.core.main.TestCaseExecutor.processExecutionPhase(TestCaseExecutor.java:307)
	at com.kms.katalon.core.main.TestCaseExecutor.accessMainPhase(TestCaseExecutor.java:299)
	at com.kms.katalon.core.main.TestCaseExecutor.execute(TestCaseExecutor.java:233)
	at com.kms.katalon.core.main.TestSuiteExecutor.accessTestCaseMainPhase(TestSuiteExecutor.java:169)
	at com.kms.katalon.core.main.TestSuiteExecutor.accessTestSuiteMainPhase(TestSuiteExecutor.java:142)
	at com.kms.katalon.core.main.TestSuiteExecutor.execute(TestSuiteExecutor.java:91)
	at com.kms.katalon.core.main.TestCaseMain.startTestSuite(TestCaseMain.java:157)
	at com.kms.katalon.core.main.TestCaseMain$startTestSuite$0.call(Unknown Source)
	at TempTestSuite1575402574161.run(TempTestSuite1575402574161.groovy:36)
Caused by: com.kms.katalon.core.exception.StepFailedException: Text 'You are already registered.Please try with login' is not present on page 
	at com.kms.katalon.core.webui.keyword.internal.WebUIKeywordMain.stepFailed(WebUIKeywordMain.groovy:64)
	at com.kms.katalon.core.webui.keyword.builtin.VerifyTextPresentKeyword$_verifyTextPresent_closure1.doCall(VerifyTextPresentKeyword.groovy:79)
	at com.kms.katalon.core.webui.keyword.builtin.VerifyTextPresentKeyword$_verifyTextPresent_closure1.call(VerifyTextPresentKeyword.groovy)
	at com.kms.katalon.core.webui.keyword.internal.WebUIKeywordMain.runKeyword(WebUIKeywordMain.groovy:20)
	... 19 more
)
[[ATTACHMENT|C:\\Users\\Suraj Kumar\\git\\KatalonBDD\\Reports\\20191204_011934\\Regression\\20191204_011934\\1575403163893.png]]

2019-12-04 01:29:24 - [TEST_STEP][PASSED] - Start listener action : afterTestcase: Browser is closed

2019-12-04 01:29:24 - [TEST_STEP][PASSED] - closeBrowser(): Browser is closed

2019-12-04 01:29:26 - [MESSAGE][PASSED] - Browser is closed

2019-12-04 01:29:29 - [TEST_STEP][PASSED] - Video: Video recording for test case 'Test Cases/New regression cases/Email already exists -signup' .

2019-12-04 01:29:29 - [MESSAGE][INFO] - Video recording for test case 'Test Cases/New regression cases/Email already exists -signup' .
[[ATTACHMENT|C:\\Users\\Suraj Kumar\\git\\KatalonBDD\\Reports\\20191204_011934\\Regression\\20191204_011934/videos\\test_10.avi]]]]></system-out>
         <system-err><![CDATA[2019-12-04 01:28:53 - [TEST_CASE][FAILED] - Test Cases/New regression cases/Email already exists -signup: Test Cases/New regression cases/Email already exists -signup FAILED.
Reason:
com.kms.katalon.core.exception.StepFailedException: Unable to verify text 'You are already registered.Please try with login' is present 
	at com.kms.katalon.core.webui.keyword.internal.WebUIKeywordMain.stepFailed(WebUIKeywordMain.groovy:64)
	at com.kms.katalon.core.webui.keyword.internal.WebUIKeywordMain.runKeyword(WebUIKeywordMain.groovy:26)
	at com.kms.katalon.core.webui.keyword.builtin.VerifyTextPresentKeyword.verifyTextPresent(VerifyTextPresentKeyword.groovy:83)
	at com.kms.katalon.core.webui.keyword.builtin.VerifyTextPresentKeyword.execute(VerifyTextPresentKeyword.groovy:68)
	at com.kms.katalon.core.keyword.internal.KeywordExecutor.executeKeywordForPlatform(KeywordExecutor.groovy:60)
	at com.kms.katalon.core.webui.keyword.WebUiBuiltInKeywords.verifyTextPresent(WebUiBuiltInKeywords.groovy:1693)
	at com.kms.katalon.core.webui.keyword.WebUiBuiltInKeywords$verifyTextPresent$7.call(Unknown Source)
	at Email already exists -signup.run(Email already exists -signup:33)
	at com.kms.katalon.core.main.ScriptEngine.run(ScriptEngine.java:194)
	at com.kms.katalon.core.main.ScriptEngine.runScriptAsRawText(ScriptEngine.java:119)
	at com.kms.katalon.core.main.TestCaseExecutor.runScript(TestCaseExecutor.java:337)
	at com.kms.katalon.core.main.TestCaseExecutor.doExecute(TestCaseExecutor.java:328)
	at com.kms.katalon.core.main.TestCaseExecutor.processExecutionPhase(TestCaseExecutor.java:307)
	at com.kms.katalon.core.main.TestCaseExecutor.accessMainPhase(TestCaseExecutor.java:299)
	at com.kms.katalon.core.main.TestCaseExecutor.execute(TestCaseExecutor.java:233)
	at com.kms.katalon.core.main.TestSuiteExecutor.accessTestCaseMainPhase(TestSuiteExecutor.java:169)
	at com.kms.katalon.core.main.TestSuiteExecutor.accessTestSuiteMainPhase(TestSuiteExecutor.java:142)
	at com.kms.katalon.core.main.TestSuiteExecutor.execute(TestSuiteExecutor.java:91)
	at com.kms.katalon.core.main.TestCaseMain.startTestSuite(TestCaseMain.java:157)
	at com.kms.katalon.core.main.TestCaseMain$startTestSuite$0.call(Unknown Source)
	at TempTestSuite1575402574161.run(TempTestSuite1575402574161.groovy:36)
Caused by: com.kms.katalon.core.exception.StepFailedException: Text 'You are already registered.Please try with login' is not present on page 
	at com.kms.katalon.core.webui.keyword.internal.WebUIKeywordMain.stepFailed(WebUIKeywordMain.groovy:64)
	at com.kms.katalon.core.webui.keyword.builtin.VerifyTextPresentKeyword$_verifyTextPresent_closure1.doCall(VerifyTextPresentKeyword.groovy:79)
	at com.kms.katalon.core.webui.keyword.builtin.VerifyTextPresentKeyword$_verifyTextPresent_closure1.call(VerifyTextPresentKeyword.groovy)
	at com.kms.katalon.core.webui.keyword.internal.WebUIKeywordMain.runKeyword(WebUIKeywordMain.groovy:20)
	... 19 more]]></system-err>
      </testcase>
      <testcase name="Test Cases/New regression cases/Email not exists" time="30.432" classname="Test Cases/New regression cases/Email not exists" status="PASSED">
         <system-out><![CDATA[2019-12-04 01:29:29 - [TEST_CASE][PASSED] - Test Cases/New regression cases/Email not exists: Test Cases/New regression cases/Email not exists

2019-12-04 01:29:29 - [TEST_STEP][PASSED] - Start listener action : beforeTestcase: null

2019-12-04 01:29:29 - [TEST_STEP][PASSED] - openBrowser(""): Browser is opened with url: ''

2019-12-04 01:29:29 - [MESSAGE][INFO] - Starting 'Firefox' driver

2019-12-04 01:29:36 - [MESSAGE][PASSED] - Browser is opened with url: ''

2019-12-04 01:29:36 - [TEST_STEP][PASSED] - navigateToUrl("https://qa.thework.life/"): Navigate to 'https://qa.thework.life/' successfully

2019-12-04 01:29:44 - [MESSAGE][PASSED] - Navigate to 'https://qa.thework.life/' successfully

2019-12-04 01:29:44 - [TEST_STEP][PASSED] - click(findTestObject("Object Repository/Email not exits/Page_theworklife - Find Great People To Work With/a_Join Now")): Object: 'Object Repository/Email not exits/Page_theworklife - Find Great People To Work With/a_Join Now' is clicked on

2019-12-04 01:29:45 - [MESSAGE][PASSED] - Object: 'Object Repository/Email not exits/Page_theworklife - Find Great People To Work With/a_Join Now' is clicked on

2019-12-04 01:29:45 - [TEST_STEP][PASSED] - click(findTestObject("Object Repository/Email not exits/Page_theworklife - Find Great People To Work With/button_LinkedIn")): Object: 'Object Repository/Email not exits/Page_theworklife - Find Great People To Work With/button_LinkedIn' is clicked on

2019-12-04 01:29:48 - [MESSAGE][PASSED] - Object: 'Object Repository/Email not exits/Page_theworklife - Find Great People To Work With/button_LinkedIn' is clicked on

2019-12-04 01:29:48 - [TEST_STEP][PASSED] - setText(findTestObject("Object Repository/Email not exits/Page_LinkedIn Login Sign in  LinkedIn/input_Welcome Back_session_key"), "anv@gg.com"): Text 'anv@gg.com' is set on object 'Object Repository/Email not exits/Page_LinkedIn Login Sign in  LinkedIn/input_Welcome Back_session_key'

2019-12-04 01:29:49 - [MESSAGE][PASSED] - Text 'anv@gg.com' is set on object 'Object Repository/Email not exits/Page_LinkedIn Login Sign in  LinkedIn/input_Welcome Back_session_key'

2019-12-04 01:29:49 - [TEST_STEP][PASSED] - setEncryptedText(findTestObject("Object Repository/Email not exits/Page_LinkedIn Login Sign in  LinkedIn/input_Welcome Back_session_password"), "K4zDD8mQMecHsKIJtkax7A=="): Text ****** has been set on object 'Object Repository/Email not exits/Page_LinkedIn Login Sign in  LinkedIn/input_Welcome Back_session_password'

2019-12-04 01:29:50 - [MESSAGE][PASSED] - Text ****** has been set on object 'Object Repository/Email not exits/Page_LinkedIn Login Sign in  LinkedIn/input_Welcome Back_session_password'

2019-12-04 01:29:50 - [TEST_STEP][PASSED] - click(findTestObject("Object Repository/Email not exits/Page_LinkedIn Login Sign in  LinkedIn/button_Sign in")): Object: 'Object Repository/Email not exits/Page_LinkedIn Login Sign in  LinkedIn/button_Sign in' is clicked on

2019-12-04 01:29:52 - [MESSAGE][PASSED] - Object: 'Object Repository/Email not exits/Page_LinkedIn Login Sign in  LinkedIn/button_Sign in' is clicked on

2019-12-04 01:29:52 - [TEST_STEP][PASSED] - click(findTestObject("Object Repository/Email not exits/Page_LinkedIn Login LinkedIn Sign in  LinkedIn/div_We dont recognize that emailDid you mean gecom")): Object: 'Object Repository/Email not exits/Page_LinkedIn Login LinkedIn Sign in  LinkedIn/div_We dont recognize that emailDid you mean gecom' is clicked on

2019-12-04 01:29:54 - [MESSAGE][PASSED] - Object: 'Object Repository/Email not exits/Page_LinkedIn Login LinkedIn Sign in  LinkedIn/div_We dont recognize that emailDid you mean gecom' is clicked on

2019-12-04 01:29:54 - [TEST_STEP][PASSED] - verifyTextPresent("We don't recognize that email.", false): Text 'We don't recognize that email.' is present on page 

2019-12-04 01:29:54 - [MESSAGE][PASSED] - Text 'We don't recognize that email.' is present on page 

2019-12-04 01:29:54 - [TEST_STEP][PASSED] - closeBrowser(): Browser is closed

2019-12-04 01:29:57 - [MESSAGE][PASSED] - Browser is closed

2019-12-04 01:29:57 - [TEST_STEP][PASSED] - Start listener action : afterTestcase: Browser is closed

2019-12-04 01:29:57 - [TEST_STEP][PASSED] - closeBrowser(): Browser is closed

2019-12-04 01:29:57 - [MESSAGE][PASSED] - Browser is closed

2019-12-04 01:29:59 - [TEST_STEP][PASSED] - Video: Video recording for test case 'Test Cases/New regression cases/Email not exists' .

2019-12-04 01:29:59 - [MESSAGE][INFO] - Video recording for test case 'Test Cases/New regression cases/Email not exists' .
[[ATTACHMENT|C:\\Users\\Suraj Kumar\\git\\KatalonBDD\\Reports\\20191204_011934\\Regression\\20191204_011934/videos\\test_11.avi]]]]></system-out>
         <system-err><![CDATA[]]></system-err>
      </testcase>
      <testcase name="Test Cases/New regression cases/Endorse skills unverified" time="105.639" classname="Test Cases/New regression cases/Endorse skills unverified" status="FAILED">
         <failure type="FAILED" message="Test Cases/New regression cases/Endorse skills unverified FAILED.
Reason:
com.kms.katalon.core.exception.StepFailedException: Unable to click on object 'Object Repository/Endorse skills/Page_View Profile/span_Endorse Skills'
	at com.kms.katalon.core.webui.keyword.internal.WebUIKeywordMain.stepFailed(WebUIKeywordMain.groovy:64)
	at com.kms.katalon.core.webui.keyword.internal.WebUIKeywordMain.runKeyword(WebUIKeywordMain.groovy:26)
	at com.kms.katalon.core.webui.keyword.builtin.ClickKeyword.click(ClickKeyword.groovy:103)
	at com.kms.katalon.core.webui.keyword.builtin.ClickKeyword.execute(ClickKeyword.groovy:43)
	at com.kms.katalon.core.keyword.internal.KeywordExecutor.executeKeywordForPlatform(KeywordExecutor.groovy:60)
	at com.kms.katalon.core.webui.keyword.WebUiBuiltInKeywords.click(WebUiBuiltInKeywords.groovy:616)
	at com.kms.katalon.core.webui.keyword.WebUiBuiltInKeywords$click$3.call(Unknown Source)
	at Endorse skills unverified.run(Endorse skills unverified:39)
	at com.kms.katalon.core.main.ScriptEngine.run(ScriptEngine.java:194)
	at com.kms.katalon.core.main.ScriptEngine.runScriptAsRawText(ScriptEngine.java:119)
	at com.kms.katalon.core.main.TestCaseExecutor.runScript(TestCaseExecutor.java:337)
	at com.kms.katalon.core.main.TestCaseExecutor.doExecute(TestCaseExecutor.java:328)
	at com.kms.katalon.core.main.TestCaseExecutor.processExecutionPhase(TestCaseExecutor.java:307)
	at com.kms.katalon.core.main.TestCaseExecutor.accessMainPhase(TestCaseExecutor.java:299)
	at com.kms.katalon.core.main.TestCaseExecutor.execute(TestCaseExecutor.java:233)
	at com.kms.katalon.core.main.TestSuiteExecutor.accessTestCaseMainPhase(TestSuiteExecutor.java:169)
	at com.kms.katalon.core.main.TestSuiteExecutor.accessTestSuiteMainPhase(TestSuiteExecutor.java:142)
	at com.kms.katalon.core.main.TestSuiteExecutor.execute(TestSuiteExecutor.java:91)
	at com.kms.katalon.core.main.TestCaseMain.startTestSuite(TestCaseMain.java:157)
	at com.kms.katalon.core.main.TestCaseMain$startTestSuite$0.call(Unknown Source)
	at TempTestSuite1575402574161.run(TempTestSuite1575402574161.groovy:36)
Caused by: com.kms.katalon.core.webui.exception.WebElementNotFoundException: Web element with id: 'Object Repository/Endorse skills/Page_View Profile/span_Endorse Skills' located by 'By.xpath: //span[@id='linkEndorsement']' not found
	at com.kms.katalon.core.webui.common.WebUiCommonHelper.findWebElement(WebUiCommonHelper.java:1113)
	at com.kms.katalon.core.webui.keyword.internal.WebUIAbstractKeyword.findWebElement(WebUIAbstractKeyword.groovy:27)
	at com.kms.katalon.core.webui.keyword.internal.WebUIAbstractKeyword.findWebElement(WebUIAbstractKeyword.groovy:26)
	at com.kms.katalon.core.webui.keyword.builtin.ClickKeyword$_click_closure1.doCall(ClickKeyword.groovy:68)
	at com.kms.katalon.core.webui.keyword.builtin.ClickKeyword$_click_closure1.call(ClickKeyword.groovy)
	at com.kms.katalon.core.webui.keyword.internal.WebUIKeywordMain.runKeyword(WebUIKeywordMain.groovy:20)
	... 19 more
"/>
         <system-out><![CDATA[2019-12-04 01:29:59 - [TEST_CASE][FAILED] - Test Cases/New regression cases/Endorse skills unverified: Test Cases/New regression cases/Endorse skills unverified FAILED.
Reason:
com.kms.katalon.core.exception.StepFailedException: Unable to click on object 'Object Repository/Endorse skills/Page_View Profile/span_Endorse Skills'
	at com.kms.katalon.core.webui.keyword.internal.WebUIKeywordMain.stepFailed(WebUIKeywordMain.groovy:64)
	at com.kms.katalon.core.webui.keyword.internal.WebUIKeywordMain.runKeyword(WebUIKeywordMain.groovy:26)
	at com.kms.katalon.core.webui.keyword.builtin.ClickKeyword.click(ClickKeyword.groovy:103)
	at com.kms.katalon.core.webui.keyword.builtin.ClickKeyword.execute(ClickKeyword.groovy:43)
	at com.kms.katalon.core.keyword.internal.KeywordExecutor.executeKeywordForPlatform(KeywordExecutor.groovy:60)
	at com.kms.katalon.core.webui.keyword.WebUiBuiltInKeywords.click(WebUiBuiltInKeywords.groovy:616)
	at com.kms.katalon.core.webui.keyword.WebUiBuiltInKeywords$click$3.call(Unknown Source)
	at Endorse skills unverified.run(Endorse skills unverified:39)
	at com.kms.katalon.core.main.ScriptEngine.run(ScriptEngine.java:194)
	at com.kms.katalon.core.main.ScriptEngine.runScriptAsRawText(ScriptEngine.java:119)
	at com.kms.katalon.core.main.TestCaseExecutor.runScript(TestCaseExecutor.java:337)
	at com.kms.katalon.core.main.TestCaseExecutor.doExecute(TestCaseExecutor.java:328)
	at com.kms.katalon.core.main.TestCaseExecutor.processExecutionPhase(TestCaseExecutor.java:307)
	at com.kms.katalon.core.main.TestCaseExecutor.accessMainPhase(TestCaseExecutor.java:299)
	at com.kms.katalon.core.main.TestCaseExecutor.execute(TestCaseExecutor.java:233)
	at com.kms.katalon.core.main.TestSuiteExecutor.accessTestCaseMainPhase(TestSuiteExecutor.java:169)
	at com.kms.katalon.core.main.TestSuiteExecutor.accessTestSuiteMainPhase(TestSuiteExecutor.java:142)
	at com.kms.katalon.core.main.TestSuiteExecutor.execute(TestSuiteExecutor.java:91)
	at com.kms.katalon.core.main.TestCaseMain.startTestSuite(TestCaseMain.java:157)
	at com.kms.katalon.core.main.TestCaseMain$startTestSuite$0.call(Unknown Source)
	at TempTestSuite1575402574161.run(TempTestSuite1575402574161.groovy:36)
Caused by: com.kms.katalon.core.webui.exception.WebElementNotFoundException: Web element with id: 'Object Repository/Endorse skills/Page_View Profile/span_Endorse Skills' located by 'By.xpath: //span[@id='linkEndorsement']' not found
	at com.kms.katalon.core.webui.common.WebUiCommonHelper.findWebElement(WebUiCommonHelper.java:1113)
	at com.kms.katalon.core.webui.keyword.internal.WebUIAbstractKeyword.findWebElement(WebUIAbstractKeyword.groovy:27)
	at com.kms.katalon.core.webui.keyword.internal.WebUIAbstractKeyword.findWebElement(WebUIAbstractKeyword.groovy:26)
	at com.kms.katalon.core.webui.keyword.builtin.ClickKeyword$_click_closure1.doCall(ClickKeyword.groovy:68)
	at com.kms.katalon.core.webui.keyword.builtin.ClickKeyword$_click_closure1.call(ClickKeyword.groovy)
	at com.kms.katalon.core.webui.keyword.internal.WebUIKeywordMain.runKeyword(WebUIKeywordMain.groovy:20)
	... 19 more


2019-12-04 01:29:59 - [TEST_STEP][PASSED] - Start listener action : beforeTestcase: null

2019-12-04 01:30:00 - [TEST_STEP][PASSED] - openBrowser(""): Browser is opened with url: ''

2019-12-04 01:30:00 - [MESSAGE][INFO] - Starting 'Firefox' driver

2019-12-04 01:30:07 - [MESSAGE][PASSED] - Browser is opened with url: ''

2019-12-04 01:30:07 - [TEST_STEP][PASSED] - navigateToUrl("https://qa.thework.life/"): Navigate to 'https://qa.thework.life/' successfully

2019-12-04 01:30:16 - [MESSAGE][PASSED] - Navigate to 'https://qa.thework.life/' successfully

2019-12-04 01:30:16 - [TEST_STEP][PASSED] - setText(findTestObject("Object Repository/Endorse skills/Page_theworklife - Find Great People To Work With/input_Forgot password_username"), "newsuraj10001@gmail.com"): Text 'newsuraj10001@gmail.com' is set on object 'Object Repository/Endorse skills/Page_theworklife - Find Great People To Work With/input_Forgot password_username'

2019-12-04 01:30:17 - [MESSAGE][PASSED] - Text 'newsuraj10001@gmail.com' is set on object 'Object Repository/Endorse skills/Page_theworklife - Find Great People To Work With/input_Forgot password_username'

2019-12-04 01:30:17 - [TEST_STEP][PASSED] - setEncryptedText(findTestObject("Object Repository/Endorse skills/Page_theworklife - Find Great People To Work With/input_Forgot password_password"), "cvW8qx4B2o3F4VwP/kNsqA=="): Text ****** has been set on object 'Object Repository/Endorse skills/Page_theworklife - Find Great People To Work With/input_Forgot password_password'

2019-12-04 01:30:17 - [MESSAGE][PASSED] - Text ****** has been set on object 'Object Repository/Endorse skills/Page_theworklife - Find Great People To Work With/input_Forgot password_password'

2019-12-04 01:30:17 - [TEST_STEP][PASSED] - click(findTestObject("Object Repository/Rate/Page_theworklife - Find Great People To Work With/button_Sign in")): Object: 'Object Repository/Rate/Page_theworklife - Find Great People To Work With/button_Sign in' is clicked on

2019-12-04 01:30:23 - [MESSAGE][PASSED] - Object: 'Object Repository/Rate/Page_theworklife - Find Great People To Work With/button_Sign in' is clicked on

2019-12-04 01:30:23 - [TEST_STEP][PASSED] - setText(findTestObject("Object Repository/Endorse skills/Page_Home/input_View all_searchText"), "vijay"): Text 'vijay' is set on object 'Object Repository/Endorse skills/Page_Home/input_View all_searchText'

2019-12-04 01:30:34 - [MESSAGE][PASSED] - Text 'vijay' is set on object 'Object Repository/Endorse skills/Page_Home/input_View all_searchText'

2019-12-04 01:30:34 - [TEST_STEP][PASSED] - delay(3): Delayed 3 second(s)

2019-12-04 01:30:37 - [MESSAGE][PASSED] - Delayed 3 second(s)

2019-12-04 01:30:37 - [TEST_STEP][PASSED] - click(findTestObject("Object Repository/Endorse skills/Page_Search/div_Vijay Test")): Object: 'Object Repository/Endorse skills/Page_Search/div_Vijay Test' is clicked on

2019-12-04 01:30:43 - [MESSAGE][PASSED] - Object: 'Object Repository/Endorse skills/Page_Search/div_Vijay Test' is clicked on

2019-12-04 01:30:43 - [TEST_STEP][PASSED] - click(findTestObject("Endorse skills/Page_Search/search vijay test")): Object: 'Object Repository/Endorse skills/Page_Search/search vijay test' is clicked on

2019-12-04 01:30:48 - [MESSAGE][PASSED] - Object: 'Object Repository/Endorse skills/Page_Search/search vijay test' is clicked on

2019-12-04 01:30:48 - [TEST_STEP][PASSED] - delay(5): Delayed 5 second(s)

2019-12-04 01:30:53 - [MESSAGE][PASSED] - Delayed 5 second(s)

2019-12-04 01:30:53 - [TEST_STEP][FAILED] - click(findTestObject("Object Repository/Endorse skills/Page_View Profile/span_Endorse Skills")): Unable to click on object 'Object Repository/Endorse skills/Page_View Profile/span_Endorse Skills' (Root cause: com.kms.katalon.core.exception.StepFailedException: Unable to click on object 'Object Repository/Endorse skills/Page_View Profile/span_Endorse Skills'
	at com.kms.katalon.core.webui.keyword.internal.WebUIKeywordMain.stepFailed(WebUIKeywordMain.groovy:64)
	at com.kms.katalon.core.webui.keyword.internal.WebUIKeywordMain.runKeyword(WebUIKeywordMain.groovy:26)
	at com.kms.katalon.core.webui.keyword.builtin.ClickKeyword.click(ClickKeyword.groovy:103)
	at com.kms.katalon.core.webui.keyword.builtin.ClickKeyword.execute(ClickKeyword.groovy:43)
	at com.kms.katalon.core.keyword.internal.KeywordExecutor.executeKeywordForPlatform(KeywordExecutor.groovy:60)
	at com.kms.katalon.core.webui.keyword.WebUiBuiltInKeywords.click(WebUiBuiltInKeywords.groovy:616)
	at com.kms.katalon.core.webui.keyword.WebUiBuiltInKeywords$click$3.call(Unknown Source)
	at Endorse skills unverified.run(Endorse skills unverified:39)
	at com.kms.katalon.core.main.ScriptEngine.run(ScriptEngine.java:194)
	at com.kms.katalon.core.main.ScriptEngine.runScriptAsRawText(ScriptEngine.java:119)
	at com.kms.katalon.core.main.TestCaseExecutor.runScript(TestCaseExecutor.java:337)
	at com.kms.katalon.core.main.TestCaseExecutor.doExecute(TestCaseExecutor.java:328)
	at com.kms.katalon.core.main.TestCaseExecutor.processExecutionPhase(TestCaseExecutor.java:307)
	at com.kms.katalon.core.main.TestCaseExecutor.accessMainPhase(TestCaseExecutor.java:299)
	at com.kms.katalon.core.main.TestCaseExecutor.execute(TestCaseExecutor.java:233)
	at com.kms.katalon.core.main.TestSuiteExecutor.accessTestCaseMainPhase(TestSuiteExecutor.java:169)
	at com.kms.katalon.core.main.TestSuiteExecutor.accessTestSuiteMainPhase(TestSuiteExecutor.java:142)
	at com.kms.katalon.core.main.TestSuiteExecutor.execute(TestSuiteExecutor.java:91)
	at com.kms.katalon.core.main.TestCaseMain.startTestSuite(TestCaseMain.java:157)
	at com.kms.katalon.core.main.TestCaseMain$startTestSuite$0.call(Unknown Source)
	at TempTestSuite1575402574161.run(TempTestSuite1575402574161.groovy:36)
Caused by: com.kms.katalon.core.webui.exception.WebElementNotFoundException: Web element with id: 'Object Repository/Endorse skills/Page_View Profile/span_Endorse Skills' located by 'By.xpath: //span[@id='linkEndorsement']' not found
	at com.kms.katalon.core.webui.common.WebUiCommonHelper.findWebElement(WebUiCommonHelper.java:1113)
	at com.kms.katalon.core.webui.keyword.internal.WebUIAbstractKeyword.findWebElement(WebUIAbstractKeyword.groovy:27)
	at com.kms.katalon.core.webui.keyword.internal.WebUIAbstractKeyword.findWebElement(WebUIAbstractKeyword.groovy:26)
	at com.kms.katalon.core.webui.keyword.builtin.ClickKeyword$_click_closure1.doCall(ClickKeyword.groovy:68)
	at com.kms.katalon.core.webui.keyword.builtin.ClickKeyword$_click_closure1.call(ClickKeyword.groovy)
	at com.kms.katalon.core.webui.keyword.internal.WebUIKeywordMain.runKeyword(WebUIKeywordMain.groovy:20)
	at com.kms.katalon.core.webui.keyword.builtin.ClickKeyword.click(ClickKeyword.groovy:103)
	at com.kms.katalon.core.webui.keyword.builtin.ClickKeyword.execute(ClickKeyword.groovy:43)
	at com.kms.katalon.core.keyword.internal.KeywordExecutor.executeKeywordForPlatform(KeywordExecutor.groovy:60)
	at com.kms.katalon.core.webui.keyword.WebUiBuiltInKeywords.click(WebUiBuiltInKeywords.groovy:616)
	at com.kms.katalon.core.webui.keyword.WebUiBuiltInKeywords$click$3.call(Unknown Source)
	at Script1574961411375.run(Script1574961411375.groovy:39)
	... 13 more
)

2019-12-04 01:31:39 - [MESSAGE][INFO] - Unable to find the element located by 'By.xpath: //span[@id='linkEndorsement']'. Please recheck the objects properties to make sure the desired element is located. 

2019-12-04 01:31:40 - [MESSAGE][FAILED] - Unable to click on object 'Object Repository/Endorse skills/Page_View Profile/span_Endorse Skills' (Root cause: com.kms.katalon.core.exception.StepFailedException: Unable to click on object 'Object Repository/Endorse skills/Page_View Profile/span_Endorse Skills'
	at com.kms.katalon.core.webui.keyword.internal.WebUIKeywordMain.stepFailed(WebUIKeywordMain.groovy:64)
	at com.kms.katalon.core.webui.keyword.internal.WebUIKeywordMain.runKeyword(WebUIKeywordMain.groovy:26)
	at com.kms.katalon.core.webui.keyword.builtin.ClickKeyword.click(ClickKeyword.groovy:103)
	at com.kms.katalon.core.webui.keyword.builtin.ClickKeyword.execute(ClickKeyword.groovy:43)
	at com.kms.katalon.core.keyword.internal.KeywordExecutor.executeKeywordForPlatform(KeywordExecutor.groovy:60)
	at com.kms.katalon.core.webui.keyword.WebUiBuiltInKeywords.click(WebUiBuiltInKeywords.groovy:616)
	at com.kms.katalon.core.webui.keyword.WebUiBuiltInKeywords$click$3.call(Unknown Source)
	at Endorse skills unverified.run(Endorse skills unverified:39)
	at com.kms.katalon.core.main.ScriptEngine.run(ScriptEngine.java:194)
	at com.kms.katalon.core.main.ScriptEngine.runScriptAsRawText(ScriptEngine.java:119)
	at com.kms.katalon.core.main.TestCaseExecutor.runScript(TestCaseExecutor.java:337)
	at com.kms.katalon.core.main.TestCaseExecutor.doExecute(TestCaseExecutor.java:328)
	at com.kms.katalon.core.main.TestCaseExecutor.processExecutionPhase(TestCaseExecutor.java:307)
	at com.kms.katalon.core.main.TestCaseExecutor.accessMainPhase(TestCaseExecutor.java:299)
	at com.kms.katalon.core.main.TestCaseExecutor.execute(TestCaseExecutor.java:233)
	at com.kms.katalon.core.main.TestSuiteExecutor.accessTestCaseMainPhase(TestSuiteExecutor.java:169)
	at com.kms.katalon.core.main.TestSuiteExecutor.accessTestSuiteMainPhase(TestSuiteExecutor.java:142)
	at com.kms.katalon.core.main.TestSuiteExecutor.execute(TestSuiteExecutor.java:91)
	at com.kms.katalon.core.main.TestCaseMain.startTestSuite(TestCaseMain.java:157)
	at com.kms.katalon.core.main.TestCaseMain$startTestSuite$0.call(Unknown Source)
	at TempTestSuite1575402574161.run(TempTestSuite1575402574161.groovy:36)
Caused by: com.kms.katalon.core.webui.exception.WebElementNotFoundException: Web element with id: 'Object Repository/Endorse skills/Page_View Profile/span_Endorse Skills' located by 'By.xpath: //span[@id='linkEndorsement']' not found
	at com.kms.katalon.core.webui.common.WebUiCommonHelper.findWebElement(WebUiCommonHelper.java:1113)
	at com.kms.katalon.core.webui.keyword.internal.WebUIAbstractKeyword.findWebElement(WebUIAbstractKeyword.groovy:27)
	at com.kms.katalon.core.webui.keyword.internal.WebUIAbstractKeyword.findWebElement(WebUIAbstractKeyword.groovy:26)
	at com.kms.katalon.core.webui.keyword.builtin.ClickKeyword$_click_closure1.doCall(ClickKeyword.groovy:68)
	at com.kms.katalon.core.webui.keyword.builtin.ClickKeyword$_click_closure1.call(ClickKeyword.groovy)
	at com.kms.katalon.core.webui.keyword.internal.WebUIKeywordMain.runKeyword(WebUIKeywordMain.groovy:20)
	at com.kms.katalon.core.webui.keyword.builtin.ClickKeyword.click(ClickKeyword.groovy:103)
	at com.kms.katalon.core.webui.keyword.builtin.ClickKeyword.execute(ClickKeyword.groovy:43)
	at com.kms.katalon.core.keyword.internal.KeywordExecutor.executeKeywordForPlatform(KeywordExecutor.groovy:60)
	at com.kms.katalon.core.webui.keyword.WebUiBuiltInKeywords.click(WebUiBuiltInKeywords.groovy:616)
	at com.kms.katalon.core.webui.keyword.WebUiBuiltInKeywords$click$3.call(Unknown Source)
	at Script1574961411375.run(Script1574961411375.groovy:39)
	... 13 more
)
[[ATTACHMENT|C:\\Users\\Suraj Kumar\\git\\KatalonBDD\\Reports\\20191204_011934\\Regression\\20191204_011934\\1575403299799.png]]

2019-12-04 01:31:40 - [TEST_STEP][PASSED] - Start listener action : afterTestcase: Browser is closed

2019-12-04 01:31:40 - [TEST_STEP][PASSED] - closeBrowser(): Browser is closed

2019-12-04 01:31:42 - [MESSAGE][PASSED] - Browser is closed

2019-12-04 01:31:45 - [TEST_STEP][PASSED] - Video: Video recording for test case 'Test Cases/New regression cases/Endorse skills unverified' .

2019-12-04 01:31:45 - [MESSAGE][INFO] - Video recording for test case 'Test Cases/New regression cases/Endorse skills unverified' .
[[ATTACHMENT|C:\\Users\\Suraj Kumar\\git\\KatalonBDD\\Reports\\20191204_011934\\Regression\\20191204_011934/videos\\test_12.avi]]]]></system-out>
         <system-err><![CDATA[2019-12-04 01:29:59 - [TEST_CASE][FAILED] - Test Cases/New regression cases/Endorse skills unverified: Test Cases/New regression cases/Endorse skills unverified FAILED.
Reason:
com.kms.katalon.core.exception.StepFailedException: Unable to click on object 'Object Repository/Endorse skills/Page_View Profile/span_Endorse Skills'
	at com.kms.katalon.core.webui.keyword.internal.WebUIKeywordMain.stepFailed(WebUIKeywordMain.groovy:64)
	at com.kms.katalon.core.webui.keyword.internal.WebUIKeywordMain.runKeyword(WebUIKeywordMain.groovy:26)
	at com.kms.katalon.core.webui.keyword.builtin.ClickKeyword.click(ClickKeyword.groovy:103)
	at com.kms.katalon.core.webui.keyword.builtin.ClickKeyword.execute(ClickKeyword.groovy:43)
	at com.kms.katalon.core.keyword.internal.KeywordExecutor.executeKeywordForPlatform(KeywordExecutor.groovy:60)
	at com.kms.katalon.core.webui.keyword.WebUiBuiltInKeywords.click(WebUiBuiltInKeywords.groovy:616)
	at com.kms.katalon.core.webui.keyword.WebUiBuiltInKeywords$click$3.call(Unknown Source)
	at Endorse skills unverified.run(Endorse skills unverified:39)
	at com.kms.katalon.core.main.ScriptEngine.run(ScriptEngine.java:194)
	at com.kms.katalon.core.main.ScriptEngine.runScriptAsRawText(ScriptEngine.java:119)
	at com.kms.katalon.core.main.TestCaseExecutor.runScript(TestCaseExecutor.java:337)
	at com.kms.katalon.core.main.TestCaseExecutor.doExecute(TestCaseExecutor.java:328)
	at com.kms.katalon.core.main.TestCaseExecutor.processExecutionPhase(TestCaseExecutor.java:307)
	at com.kms.katalon.core.main.TestCaseExecutor.accessMainPhase(TestCaseExecutor.java:299)
	at com.kms.katalon.core.main.TestCaseExecutor.execute(TestCaseExecutor.java:233)
	at com.kms.katalon.core.main.TestSuiteExecutor.accessTestCaseMainPhase(TestSuiteExecutor.java:169)
	at com.kms.katalon.core.main.TestSuiteExecutor.accessTestSuiteMainPhase(TestSuiteExecutor.java:142)
	at com.kms.katalon.core.main.TestSuiteExecutor.execute(TestSuiteExecutor.java:91)
	at com.kms.katalon.core.main.TestCaseMain.startTestSuite(TestCaseMain.java:157)
	at com.kms.katalon.core.main.TestCaseMain$startTestSuite$0.call(Unknown Source)
	at TempTestSuite1575402574161.run(TempTestSuite1575402574161.groovy:36)
Caused by: com.kms.katalon.core.webui.exception.WebElementNotFoundException: Web element with id: 'Object Repository/Endorse skills/Page_View Profile/span_Endorse Skills' located by 'By.xpath: //span[@id='linkEndorsement']' not found
	at com.kms.katalon.core.webui.common.WebUiCommonHelper.findWebElement(WebUiCommonHelper.java:1113)
	at com.kms.katalon.core.webui.keyword.internal.WebUIAbstractKeyword.findWebElement(WebUIAbstractKeyword.groovy:27)
	at com.kms.katalon.core.webui.keyword.internal.WebUIAbstractKeyword.findWebElement(WebUIAbstractKeyword.groovy:26)
	at com.kms.katalon.core.webui.keyword.builtin.ClickKeyword$_click_closure1.doCall(ClickKeyword.groovy:68)
	at com.kms.katalon.core.webui.keyword.builtin.ClickKeyword$_click_closure1.call(ClickKeyword.groovy)
	at com.kms.katalon.core.webui.keyword.internal.WebUIKeywordMain.runKeyword(WebUIKeywordMain.groovy:20)
	... 19 more]]></system-err>
      </testcase>
      <testcase name="Test Cases/New regression cases/Incorrect SMN" time="40.312" classname="Test Cases/New regression cases/Incorrect SMN" status="PASSED">
         <system-out><![CDATA[2019-12-04 01:31:45 - [TEST_CASE][PASSED] - Test Cases/New regression cases/Incorrect SMN: Test Cases/New regression cases/Incorrect SMN

2019-12-04 01:31:45 - [TEST_STEP][PASSED] - Start listener action : beforeTestcase: null

2019-12-04 01:31:45 - [TEST_STEP][PASSED] - openBrowser(""): Browser is opened with url: ''

2019-12-04 01:31:45 - [MESSAGE][INFO] - Starting 'Firefox' driver

2019-12-04 01:31:51 - [MESSAGE][PASSED] - Browser is opened with url: ''

2019-12-04 01:31:51 - [TEST_STEP][PASSED] - navigateToUrl("https://qa.thework.life/"): Navigate to 'https://qa.thework.life/' successfully

2019-12-04 01:32:12 - [MESSAGE][PASSED] - Navigate to 'https://qa.thework.life/' successfully

2019-12-04 01:32:12 - [TEST_STEP][PASSED] - click(findTestObject("Object Repository/wrong SMN linkedin/Page_theworklife - Find Great People To Work With/a_Join Now")): Object: 'Object Repository/wrong SMN linkedin/Page_theworklife - Find Great People To Work With/a_Join Now' is clicked on

2019-12-04 01:32:13 - [MESSAGE][PASSED] - Object: 'Object Repository/wrong SMN linkedin/Page_theworklife - Find Great People To Work With/a_Join Now' is clicked on

2019-12-04 01:32:13 - [TEST_STEP][PASSED] - click(findTestObject("Object Repository/wrong SMN linkedin/Page_theworklife - Find Great People To Work With/button_LinkedIn")): Object: 'Object Repository/wrong SMN linkedin/Page_theworklife - Find Great People To Work With/button_LinkedIn' is clicked on

2019-12-04 01:32:17 - [MESSAGE][PASSED] - Object: 'Object Repository/wrong SMN linkedin/Page_theworklife - Find Great People To Work With/button_LinkedIn' is clicked on

2019-12-04 01:32:17 - [TEST_STEP][PASSED] - setText(findTestObject("Object Repository/wrong SMN linkedin/Page_LinkedIn Login Sign in  LinkedIn/input_Welcome Back_session_key"), "abch"): Text 'abch' is set on object 'Object Repository/wrong SMN linkedin/Page_LinkedIn Login Sign in  LinkedIn/input_Welcome Back_session_key'

2019-12-04 01:32:18 - [MESSAGE][PASSED] - Text 'abch' is set on object 'Object Repository/wrong SMN linkedin/Page_LinkedIn Login Sign in  LinkedIn/input_Welcome Back_session_key'

2019-12-04 01:32:18 - [TEST_STEP][PASSED] - setEncryptedText(findTestObject("Object Repository/wrong SMN linkedin/Page_LinkedIn Login Sign in  LinkedIn/input_Welcome Back_session_password"), "ZyfiVmRGqPA="): Text ****** has been set on object 'Object Repository/wrong SMN linkedin/Page_LinkedIn Login Sign in  LinkedIn/input_Welcome Back_session_password'

2019-12-04 01:32:18 - [MESSAGE][PASSED] - Text ****** has been set on object 'Object Repository/wrong SMN linkedin/Page_LinkedIn Login Sign in  LinkedIn/input_Welcome Back_session_password'

2019-12-04 01:32:18 - [TEST_STEP][PASSED] - click(findTestObject("Object Repository/wrong SMN linkedin/Page_LinkedIn Login Sign in  LinkedIn/button_Sign in")): Object: 'Object Repository/wrong SMN linkedin/Page_LinkedIn Login Sign in  LinkedIn/button_Sign in' is clicked on

2019-12-04 01:32:20 - [MESSAGE][PASSED] - Object: 'Object Repository/wrong SMN linkedin/Page_LinkedIn Login Sign in  LinkedIn/button_Sign in' is clicked on

2019-12-04 01:32:20 - [TEST_STEP][PASSED] - verifyTextPresent("Please enter a valid username", false): Text 'Please enter a valid username' is present on page 

2019-12-04 01:32:20 - [MESSAGE][PASSED] - Text 'Please enter a valid username' is present on page 

2019-12-04 01:32:20 - [TEST_STEP][PASSED] - closeBrowser(): Browser is closed

2019-12-04 01:32:23 - [MESSAGE][PASSED] - Browser is closed

2019-12-04 01:32:23 - [TEST_STEP][PASSED] - Start listener action : afterTestcase: Browser is closed

2019-12-04 01:32:23 - [TEST_STEP][PASSED] - closeBrowser(): Browser is closed

2019-12-04 01:32:23 - [MESSAGE][PASSED] - Browser is closed

2019-12-04 01:32:25 - [TEST_STEP][PASSED] - Video: Video recording for test case 'Test Cases/New regression cases/Incorrect SMN' .

2019-12-04 01:32:25 - [MESSAGE][INFO] - Video recording for test case 'Test Cases/New regression cases/Incorrect SMN' .
[[ATTACHMENT|C:\\Users\\Suraj Kumar\\git\\KatalonBDD\\Reports\\20191204_011934\\Regression\\20191204_011934/videos\\test_13.avi]]]]></system-out>
         <system-err><![CDATA[]]></system-err>
      </testcase>
      <testcase name="Test Cases/New regression cases/Invalid SMN FB" time="54.184" classname="Test Cases/New regression cases/Invalid SMN FB" status="PASSED">
         <system-out><![CDATA[2019-12-04 01:32:25 - [TEST_CASE][PASSED] - Test Cases/New regression cases/Invalid SMN FB: Test Cases/New regression cases/Invalid SMN FB

2019-12-04 01:32:25 - [TEST_STEP][PASSED] - Start listener action : beforeTestcase: null

2019-12-04 01:32:26 - [TEST_STEP][PASSED] - openBrowser(""): Browser is opened with url: ''

2019-12-04 01:32:26 - [MESSAGE][INFO] - Starting 'Firefox' driver

2019-12-04 01:32:32 - [MESSAGE][PASSED] - Browser is opened with url: ''

2019-12-04 01:32:32 - [TEST_STEP][PASSED] - navigateToUrl("https://qa.thework.life/"): Navigate to 'https://qa.thework.life/' successfully

2019-12-04 01:32:42 - [MESSAGE][PASSED] - Navigate to 'https://qa.thework.life/' successfully

2019-12-04 01:32:42 - [TEST_STEP][PASSED] - click(findTestObject("Object Repository/Incorrect SMN FB/Page_theworklife - Find Great People To Work With/a_Join Now")): Object: 'Object Repository/Incorrect SMN FB/Page_theworklife - Find Great People To Work With/a_Join Now' is clicked on

2019-12-04 01:32:43 - [MESSAGE][PASSED] - Object: 'Object Repository/Incorrect SMN FB/Page_theworklife - Find Great People To Work With/a_Join Now' is clicked on

2019-12-04 01:32:43 - [TEST_STEP][PASSED] - click(findTestObject("Object Repository/Incorrect SMN FB/Page_theworklife - Find Great People To Work With/button_Facebook")): Object: 'Object Repository/Incorrect SMN FB/Page_theworklife - Find Great People To Work With/button_Facebook' is clicked on

2019-12-04 01:32:44 - [MESSAGE][PASSED] - Object: 'Object Repository/Incorrect SMN FB/Page_theworklife - Find Great People To Work With/button_Facebook' is clicked on

2019-12-04 01:32:44 - [TEST_STEP][PASSED] - switchToWindowTitle("Facebook"): Switched to window with title: 'Facebook'

2019-12-04 01:32:45 - [MESSAGE][PASSED] - Switched to window with title: 'Facebook'

2019-12-04 01:32:45 - [TEST_STEP][PASSED] - setText(findTestObject("Object Repository/Incorrect SMN FB/Page_Facebook/input_Email address or phone number_email"), "an@ksfks.com"): Text 'an@ksfks.com' is set on object 'Object Repository/Incorrect SMN FB/Page_Facebook/input_Email address or phone number_email'

2019-12-04 01:32:47 - [MESSAGE][PASSED] - Text 'an@ksfks.com' is set on object 'Object Repository/Incorrect SMN FB/Page_Facebook/input_Email address or phone number_email'

2019-12-04 01:32:47 - [TEST_STEP][PASSED] - setEncryptedText(findTestObject("Object Repository/Incorrect SMN FB/Page_Facebook/input_Password_pass"), "FIyHSpwHMz/RrAsWal25wQ=="): Text ****** has been set on object 'Object Repository/Incorrect SMN FB/Page_Facebook/input_Password_pass'

2019-12-04 01:32:48 - [MESSAGE][PASSED] - Text ****** has been set on object 'Object Repository/Incorrect SMN FB/Page_Facebook/input_Password_pass'

2019-12-04 01:32:48 - [TEST_STEP][PASSED] - click(findTestObject("Object Repository/Incorrect SMN FB/Page_Facebook/input_Password_login")): Object: 'Object Repository/Incorrect SMN FB/Page_Facebook/input_Password_login' is clicked on

2019-12-04 01:32:54 - [MESSAGE][PASSED] - Object: 'Object Repository/Incorrect SMN FB/Page_Facebook/input_Password_login' is clicked on

2019-12-04 01:32:54 - [TEST_STEP][PASSED] - click(findTestObject("Object Repository/Incorrect SMN FB/Page_Facebook/div_Incorrect email addressThe email address that youve entered doesnt match any account Sign up for an account")): Object: 'Object Repository/Incorrect SMN FB/Page_Facebook/div_Incorrect email addressThe email address that youve entered doesnt match any account Sign up for an account' is clicked on

2019-12-04 01:33:14 - [MESSAGE][PASSED] - Object: 'Object Repository/Incorrect SMN FB/Page_Facebook/div_Incorrect email addressThe email address that youve entered doesnt match any account Sign up for an account' is clicked on

2019-12-04 01:33:14 - [TEST_STEP][PASSED] - verifyTextPresent("Incorrect email address", false): Text 'Incorrect email address' is present on page 

2019-12-04 01:33:14 - [MESSAGE][PASSED] - Text 'Incorrect email address' is present on page 

2019-12-04 01:33:14 - [TEST_STEP][PASSED] - closeBrowser(): Browser is closed

2019-12-04 01:33:16 - [MESSAGE][PASSED] - Browser is closed

2019-12-04 01:33:16 - [TEST_STEP][PASSED] - Start listener action : afterTestcase: Browser is closed

2019-12-04 01:33:16 - [TEST_STEP][PASSED] - closeBrowser(): Browser is closed

2019-12-04 01:33:16 - [MESSAGE][PASSED] - Browser is closed

2019-12-04 01:33:19 - [TEST_STEP][PASSED] - Video: Video recording for test case 'Test Cases/New regression cases/Invalid SMN FB' .

2019-12-04 01:33:19 - [MESSAGE][INFO] - Video recording for test case 'Test Cases/New regression cases/Invalid SMN FB' .
[[ATTACHMENT|C:\\Users\\Suraj Kumar\\git\\KatalonBDD\\Reports\\20191204_011934\\Regression\\20191204_011934/videos\\test_14.avi]]]]></system-out>
         <system-err><![CDATA[]]></system-err>
      </testcase>
      <testcase name="Test Cases/New regression cases/Message User verification" time="65.078" classname="Test Cases/New regression cases/Message User verification" status="PASSED">
         <system-out><![CDATA[2019-12-04 01:33:19 - [TEST_CASE][PASSED] - Test Cases/New regression cases/Message User verification: Test Cases/New regression cases/Message User verification

2019-12-04 01:33:19 - [TEST_STEP][PASSED] - Start listener action : beforeTestcase: null

2019-12-04 01:33:20 - [TEST_STEP][PASSED] - openBrowser(""): Browser is opened with url: ''

2019-12-04 01:33:20 - [MESSAGE][INFO] - Starting 'Firefox' driver

2019-12-04 01:33:26 - [MESSAGE][PASSED] - Browser is opened with url: ''

2019-12-04 01:33:26 - [TEST_STEP][PASSED] - navigateToUrl("https://qa.thework.life/"): Navigate to 'https://qa.thework.life/' successfully

2019-12-04 01:33:35 - [MESSAGE][PASSED] - Navigate to 'https://qa.thework.life/' successfully

2019-12-04 01:33:35 - [TEST_STEP][PASSED] - setText(findTestObject("Object Repository/message user - verification/Page_theworklife - Find Great People To Work With/input_Forgot password_username"), "worklifetest10001@gmail.com"): Text 'worklifetest10001@gmail.com' is set on object 'Object Repository/message user - verification/Page_theworklife - Find Great People To Work With/input_Forgot password_username'

2019-12-04 01:33:36 - [MESSAGE][PASSED] - Text 'worklifetest10001@gmail.com' is set on object 'Object Repository/message user - verification/Page_theworklife - Find Great People To Work With/input_Forgot password_username'

2019-12-04 01:33:36 - [TEST_STEP][PASSED] - setEncryptedText(findTestObject("Object Repository/message user - verification/Page_theworklife - Find Great People To Work With/input_Password does not match_password"), "XU9cBalmEBp1UP+jEU2w4UUBUuNgBY4U"): Text ****** has been set on object 'Object Repository/message user - verification/Page_theworklife - Find Great People To Work With/input_Password does not match_password'

2019-12-04 01:33:37 - [MESSAGE][PASSED] - Text ****** has been set on object 'Object Repository/message user - verification/Page_theworklife - Find Great People To Work With/input_Password does not match_password'

2019-12-04 01:33:37 - [TEST_STEP][PASSED] - click(findTestObject("Object Repository/message user - verification/Page_theworklife - Find Great People To Work With/button_Sign in")): Object: 'Object Repository/message user - verification/Page_theworklife - Find Great People To Work With/button_Sign in' is clicked on

2019-12-04 01:33:45 - [MESSAGE][PASSED] - Object: 'Object Repository/message user - verification/Page_theworklife - Find Great People To Work With/button_Sign in' is clicked on

2019-12-04 01:33:45 - [TEST_STEP][PASSED] - delay(4): Delayed 4 second(s)

2019-12-04 01:33:49 - [MESSAGE][PASSED] - Delayed 4 second(s)

2019-12-04 01:33:49 - [TEST_STEP][PASSED] - click(findTestObject("Object Repository/message user - verification/Page_Home/a_connections")): Object: 'Object Repository/message user - verification/Page_Home/a_connections' is clicked on

2019-12-04 01:33:53 - [MESSAGE][PASSED] - Object: 'Object Repository/message user - verification/Page_Home/a_connections' is clicked on

2019-12-04 01:33:53 - [TEST_STEP][PASSED] - delay(3): Delayed 3 second(s)

2019-12-04 01:33:56 - [MESSAGE][PASSED] - Delayed 3 second(s)

2019-12-04 01:33:56 - [TEST_STEP][PASSED] - click(findTestObject("Object Repository/message user - verification/Page_Connections/button_Message")): Object: 'Object Repository/message user - verification/Page_Connections/button_Message' is clicked on

2019-12-04 01:33:57 - [MESSAGE][PASSED] - Object: 'Object Repository/message user - verification/Page_Connections/button_Message' is clicked on

2019-12-04 01:33:57 - [TEST_STEP][PASSED] - delay(2): Delayed 2 second(s)

2019-12-04 01:33:59 - [MESSAGE][PASSED] - Delayed 2 second(s)

2019-12-04 01:33:59 - [TEST_STEP][PASSED] - click(findTestObject("message user - verification/Page_Message/mouse hover")): Object: 'Object Repository/message user - verification/Page_Message/mouse hover' is clicked on

2019-12-04 01:34:00 - [MESSAGE][PASSED] - Object: 'Object Repository/message user - verification/Page_Message/mouse hover' is clicked on

2019-12-04 01:34:00 - [TEST_STEP][PASSED] - click(findTestObject("Object Repository/message user - verification/Page_Message/button_Delete chat")): Object: 'Object Repository/message user - verification/Page_Message/button_Delete chat' is clicked on

2019-12-04 01:34:01 - [MESSAGE][PASSED] - Object: 'Object Repository/message user - verification/Page_Message/button_Delete chat' is clicked on

2019-12-04 01:34:01 - [TEST_STEP][PASSED] - delay(2): Delayed 2 second(s)

2019-12-04 01:34:03 - [MESSAGE][PASSED] - Delayed 2 second(s)

2019-12-04 01:34:03 - [TEST_STEP][PASSED] - click(findTestObject("message user - verification/Page_Message/mouse hover")): Object: 'Object Repository/message user - verification/Page_Message/mouse hover' is clicked on

2019-12-04 01:34:04 - [MESSAGE][PASSED] - Object: 'Object Repository/message user - verification/Page_Message/mouse hover' is clicked on

2019-12-04 01:34:04 - [TEST_STEP][PASSED] - click(findTestObject("Object Repository/message user - verification/Page_Message/button_Block chat")): Object: 'Object Repository/message user - verification/Page_Message/button_Block chat' is clicked on

2019-12-04 01:34:05 - [MESSAGE][PASSED] - Object: 'Object Repository/message user - verification/Page_Message/button_Block chat' is clicked on

2019-12-04 01:34:05 - [TEST_STEP][PASSED] - delay(2): Delayed 2 second(s)

2019-12-04 01:34:07 - [MESSAGE][PASSED] - Delayed 2 second(s)

2019-12-04 01:34:07 - [TEST_STEP][PASSED] - verifyTextPresent("blocked this chat", true): Text 'blocked this chat' is present on page  using regular expression

2019-12-04 01:34:09 - [MESSAGE][PASSED] - Text 'blocked this chat' is present on page  using regular expression

2019-12-04 01:34:09 - [TEST_STEP][PASSED] - click(findTestObject("Object Repository/message user - verification/Page_Message/button_Unblock")): Object: 'Object Repository/message user - verification/Page_Message/button_Unblock' is clicked on

2019-12-04 01:34:10 - [MESSAGE][PASSED] - Object: 'Object Repository/message user - verification/Page_Message/button_Unblock' is clicked on

2019-12-04 01:34:10 - [TEST_STEP][PASSED] - delay(2): Delayed 2 second(s)

2019-12-04 01:34:12 - [MESSAGE][PASSED] - Delayed 2 second(s)

2019-12-04 01:34:12 - [TEST_STEP][PASSED] - setText(findTestObject("Object Repository/message user - verification/Page_Message/div_hi"), "hi"): Text 'hi' is set on object 'Object Repository/message user - verification/Page_Message/div_hi'

2019-12-04 01:34:13 - [MESSAGE][PASSED] - Text 'hi' is set on object 'Object Repository/message user - verification/Page_Message/div_hi'

2019-12-04 01:34:13 - [TEST_STEP][PASSED] - click(findTestObject("Object Repository/message user - verification/Page_Message/button_Send")): Object: 'Object Repository/message user - verification/Page_Message/button_Send' is clicked on

2019-12-04 01:34:14 - [MESSAGE][PASSED] - Object: 'Object Repository/message user - verification/Page_Message/button_Send' is clicked on

2019-12-04 01:34:14 - [TEST_STEP][PASSED] - delay(2): Delayed 2 second(s)

2019-12-04 01:34:16 - [MESSAGE][PASSED] - Delayed 2 second(s)

2019-12-04 01:34:16 - [TEST_STEP][PASSED] - click(findTestObject("message user - verification/Page_Message/mouse hover")): Object: 'Object Repository/message user - verification/Page_Message/mouse hover' is clicked on

2019-12-04 01:34:17 - [MESSAGE][PASSED] - Object: 'Object Repository/message user - verification/Page_Message/mouse hover' is clicked on

2019-12-04 01:34:17 - [TEST_STEP][PASSED] - click(findTestObject("Object Repository/message user - verification/Page_Message/button_Delete chat")): Object: 'Object Repository/message user - verification/Page_Message/button_Delete chat' is clicked on

2019-12-04 01:34:18 - [MESSAGE][PASSED] - Object: 'Object Repository/message user - verification/Page_Message/button_Delete chat' is clicked on

2019-12-04 01:34:18 - [TEST_STEP][PASSED] - closeBrowser(): Browser is closed

2019-12-04 01:34:22 - [MESSAGE][PASSED] - Browser is closed

2019-12-04 01:34:22 - [TEST_STEP][PASSED] - Start listener action : afterTestcase: Browser is closed

2019-12-04 01:34:22 - [TEST_STEP][PASSED] - closeBrowser(): Browser is closed

2019-12-04 01:34:22 - [MESSAGE][PASSED] - Browser is closed

2019-12-04 01:34:24 - [TEST_STEP][PASSED] - Video: Video recording for test case 'Test Cases/New regression cases/Message User verification' .

2019-12-04 01:34:24 - [MESSAGE][INFO] - Video recording for test case 'Test Cases/New regression cases/Message User verification' .
[[ATTACHMENT|C:\\Users\\Suraj Kumar\\git\\KatalonBDD\\Reports\\20191204_011934\\Regression\\20191204_011934/videos\\test_15.avi]]]]></system-out>
         <system-err><![CDATA[]]></system-err>
      </testcase>
      <testcase name="Test Cases/New regression cases/Moderation of review" time="46.196" classname="Test Cases/New regression cases/Moderation of review" status="PASSED">
         <system-out><![CDATA[2019-12-04 01:34:24 - [TEST_CASE][PASSED] - Test Cases/New regression cases/Moderation of review: Test Cases/New regression cases/Moderation of review

2019-12-04 01:34:24 - [TEST_STEP][PASSED] - Start listener action : beforeTestcase: null

2019-12-04 01:34:25 - [TEST_STEP][PASSED] - openBrowser(AppUrl): Browser is opened with url: 'https://qa.thework.life'

2019-12-04 01:34:25 - [MESSAGE][INFO] - Starting 'Firefox' driver

2019-12-04 01:34:44 - [MESSAGE][PASSED] - Browser is opened with url: 'https://qa.thework.life'

2019-12-04 01:34:44 - [TEST_STEP][PASSED] - navigateToUrl(AppUrl): Navigate to 'https://qa.thework.life' successfully

2019-12-04 01:34:47 - [MESSAGE][PASSED] - Navigate to 'https://qa.thework.life' successfully

2019-12-04 01:34:47 - [TEST_STEP][PASSED] - setText(findTestObject("Object Repository/moderate1/Page_theworklife - Find Great People To Work With/input_Forgot password_username"), "twl.moderator2@thework.life"): Text 'twl.moderator2@thework.life' is set on object 'Object Repository/moderate1/Page_theworklife - Find Great People To Work With/input_Forgot password_username'

2019-12-04 01:34:48 - [MESSAGE][PASSED] - Text 'twl.moderator2@thework.life' is set on object 'Object Repository/moderate1/Page_theworklife - Find Great People To Work With/input_Forgot password_username'

2019-12-04 01:34:48 - [TEST_STEP][PASSED] - setEncryptedText(findTestObject("Object Repository/moderate1/Page_theworklife - Find Great People To Work With/input_Forgot password_password"), "8PaKxJY1Q9KyHtQHchZ+/brhRmpikEMj"): Text ****** has been set on object 'Object Repository/moderate1/Page_theworklife - Find Great People To Work With/input_Forgot password_password'

2019-12-04 01:34:48 - [MESSAGE][PASSED] - Text ****** has been set on object 'Object Repository/moderate1/Page_theworklife - Find Great People To Work With/input_Forgot password_password'

2019-12-04 01:34:48 - [TEST_STEP][PASSED] - click(findTestObject("Object Repository/moderate1/Page_theworklife - Find Great People To Work With/button_Sign in")): Object: 'Object Repository/moderate1/Page_theworklife - Find Great People To Work With/button_Sign in' is clicked on

2019-12-04 01:34:55 - [MESSAGE][PASSED] - Object: 'Object Repository/moderate1/Page_theworklife - Find Great People To Work With/button_Sign in' is clicked on

2019-12-04 01:34:55 - [TEST_STEP][PASSED] - click(findTestObject("Object Repository/moderate1/Page_Home/a_pending actions")): Object: 'Object Repository/moderate1/Page_Home/a_pending actions' is clicked on

2019-12-04 01:35:01 - [MESSAGE][PASSED] - Object: 'Object Repository/moderate1/Page_Home/a_pending actions' is clicked on

2019-12-04 01:35:01 - [TEST_STEP][PASSED] - click(findTestObject("Object Repository/moderate1/Page_Pending Actions/button_Moderate")): Object: 'Object Repository/moderate1/Page_Pending Actions/button_Moderate' is clicked on

2019-12-04 01:35:02 - [MESSAGE][PASSED] - Object: 'Object Repository/moderate1/Page_Pending Actions/button_Moderate' is clicked on

2019-12-04 01:35:02 - [TEST_STEP][PASSED] - click(findTestObject("Object Repository/moderate1/Page_Pending Actions/button_Keep It")): Object: 'Object Repository/moderate1/Page_Pending Actions/button_Keep It' is clicked on

2019-12-04 01:35:03 - [MESSAGE][PASSED] - Object: 'Object Repository/moderate1/Page_Pending Actions/button_Keep It' is clicked on

2019-12-04 01:35:03 - [TEST_STEP][PASSED] - setText(findTestObject("Object Repository/moderate1/Page_Pending Actions/textarea_i donr fblkfllskhgkhsgkhgksg_txtRemark"), "kgfjajkfsgjkflcbjksgfjsbvklbsjgjsbjbsjkgbvsjkbvjksbvjkbkjbvjksbvjkbsjkbvjskbvksbvksbvkbj"): Text 'kgfjajkfsgjkflcbjksgfjsbvklbsjgjsbjbsjkgbvsjkbvjksbvjkbkjbvjksbvjkbsjkbvjskbvksbvksbvkbj' is set on object 'Object Repository/moderate1/Page_Pending Actions/textarea_i donr fblkfllskhgkhsgkhgksg_txtRemark'

2019-12-04 01:35:04 - [MESSAGE][PASSED] - Text 'kgfjajkfsgjkflcbjksgfjsbvklbsjgjsbjbsjkgbvsjkbvjksbvjkbkjbvjksbvjkbsjkbvjskbvksbvksbvkbj' is set on object 'Object Repository/moderate1/Page_Pending Actions/textarea_i donr fblkfllskhgkhsgkhgksg_txtRemark'

2019-12-04 01:35:04 - [TEST_STEP][PASSED] - click(findTestObject("Object Repository/moderate1/Page_Pending Actions/button_Keep It")): Object: 'Object Repository/moderate1/Page_Pending Actions/button_Keep It' is clicked on

2019-12-04 01:35:05 - [MESSAGE][PASSED] - Object: 'Object Repository/moderate1/Page_Pending Actions/button_Keep It' is clicked on

2019-12-04 01:35:05 - [TEST_STEP][PASSED] - closeBrowser(): Browser is closed

2019-12-04 01:35:08 - [MESSAGE][PASSED] - Browser is closed

2019-12-04 01:35:08 - [TEST_STEP][PASSED] - Start listener action : afterTestcase: Browser is closed

2019-12-04 01:35:08 - [TEST_STEP][PASSED] - closeBrowser(): Browser is closed

2019-12-04 01:35:08 - [MESSAGE][PASSED] - Browser is closed

2019-12-04 01:35:11 - [TEST_STEP][PASSED] - Video: Video recording for test case 'Test Cases/New regression cases/Moderation of review' .

2019-12-04 01:35:11 - [MESSAGE][INFO] - Video recording for test case 'Test Cases/New regression cases/Moderation of review' .
[[ATTACHMENT|C:\\Users\\Suraj Kumar\\git\\KatalonBDD\\Reports\\20191204_011934\\Regression\\20191204_011934/videos\\test_16.avi]]]]></system-out>
         <system-err><![CDATA[]]></system-err>
      </testcase>
      <testcase name="Test Cases/New regression cases/Notifications" time="83.794" classname="Test Cases/New regression cases/Notifications" status="PASSED">
         <system-out><![CDATA[2019-12-04 01:35:11 - [TEST_CASE][PASSED] - Test Cases/New regression cases/Notifications: Test Cases/New regression cases/Notifications

2019-12-04 01:35:11 - [TEST_STEP][PASSED] - Start listener action : beforeTestcase: null

2019-12-04 01:35:11 - [TEST_STEP][PASSED] - openBrowser(""): Browser is opened with url: ''

2019-12-04 01:35:11 - [MESSAGE][INFO] - Starting 'Firefox' driver

2019-12-04 01:35:21 - [MESSAGE][PASSED] - Browser is opened with url: ''

2019-12-04 01:35:21 - [TEST_STEP][PASSED] - navigateToUrl("https://qa.thework.life/"): Navigate to 'https://qa.thework.life/' successfully

2019-12-04 01:35:29 - [MESSAGE][PASSED] - Navigate to 'https://qa.thework.life/' successfully

2019-12-04 01:35:29 - [TEST_STEP][PASSED] - setText(findTestObject("Object Repository/notifications/notification/Page_theworklife - Find Great People To Work With/input_Forgot password_username"), "vijayvstest01@gmail.com"): Text 'vijayvstest01@gmail.com' is set on object 'Object Repository/notifications/notification/Page_theworklife - Find Great People To Work With/input_Forgot password_username'

2019-12-04 01:35:30 - [MESSAGE][PASSED] - Text 'vijayvstest01@gmail.com' is set on object 'Object Repository/notifications/notification/Page_theworklife - Find Great People To Work With/input_Forgot password_username'

2019-12-04 01:35:30 - [TEST_STEP][PASSED] - setEncryptedText(findTestObject("Object Repository/notifications/notification/Page_theworklife - Find Great People To Work With/input_Forgot password_password"), "cvW8qx4B2o3F4VwP/kNsqA=="): Text ****** has been set on object 'Object Repository/notifications/notification/Page_theworklife - Find Great People To Work With/input_Forgot password_password'

2019-12-04 01:35:31 - [MESSAGE][PASSED] - Text ****** has been set on object 'Object Repository/notifications/notification/Page_theworklife - Find Great People To Work With/input_Forgot password_password'

2019-12-04 01:35:31 - [TEST_STEP][PASSED] - click(findTestObject("Object Repository/notifications/notification/Page_theworklife - Find Great People To Work With/button_Sign in")): Object: 'Object Repository/notifications/notification/Page_theworklife - Find Great People To Work With/button_Sign in' is clicked on

2019-12-04 01:35:37 - [MESSAGE][PASSED] - Object: 'Object Repository/notifications/notification/Page_theworklife - Find Great People To Work With/button_Sign in' is clicked on

2019-12-04 01:35:37 - [TEST_STEP][PASSED] - delay(4): Delayed 4 second(s)

2019-12-04 01:35:41 - [MESSAGE][PASSED] - Delayed 4 second(s)

2019-12-04 01:35:41 - [TEST_STEP][PASSED] - click(findTestObject("notifications/Page_Home/i_No connection requests available_fa fa-bell")): Object: 'Object Repository/notifications/Page_Home/i_No connection requests available_fa fa-bell' is clicked on

2019-12-04 01:35:41 - [MESSAGE][PASSED] - Object: 'Object Repository/notifications/Page_Home/i_No connection requests available_fa fa-bell' is clicked on

2019-12-04 01:35:41 - [TEST_STEP][PASSED] - mouseOver(findTestObject("notifications/notification/Page_Home/a_View all")): Object: 'Object Repository/notifications/notification/Page_Home/a_View all' is hovered

2019-12-04 01:35:43 - [MESSAGE][PASSED] - Object: 'Object Repository/notifications/notification/Page_Home/a_View all' is hovered

2019-12-04 01:35:43 - [TEST_STEP][PASSED] - click(findTestObject("notifications/Page_Home/a_View all")): Object: 'Object Repository/notifications/Page_Home/a_View all' is clicked on

2019-12-04 01:35:48 - [MESSAGE][PASSED] - Object: 'Object Repository/notifications/Page_Home/a_View all' is clicked on

2019-12-04 01:35:48 - [TEST_STEP][PASSED] - delay(10): Delayed 10 second(s)

2019-12-04 01:35:58 - [MESSAGE][PASSED] - Delayed 10 second(s)

2019-12-04 01:35:58 - [TEST_STEP][PASSED] - click(findTestObject("Object Repository/notifications/notification/Page_NotificationDetails/button_View more")): Object: 'Object Repository/notifications/notification/Page_NotificationDetails/button_View more' is clicked on

2019-12-04 01:35:59 - [MESSAGE][PASSED] - Object: 'Object Repository/notifications/notification/Page_NotificationDetails/button_View more' is clicked on

2019-12-04 01:35:59 - [TEST_STEP][PASSED] - delay(10): Delayed 10 second(s)

2019-12-04 01:36:09 - [MESSAGE][PASSED] - Delayed 10 second(s)

2019-12-04 01:36:09 - [TEST_STEP][PASSED] - verifyTextPresent("You have earned a badge", true): Text 'You have earned a badge' is present on page  using regular expression

2019-12-04 01:36:15 - [MESSAGE][PASSED] - Text 'You have earned a badge' is present on page  using regular expression

2019-12-04 01:36:15 - [TEST_STEP][PASSED] - verifyTextPresent("You are now verified user", true): Text 'You are now verified user' is present on page  using regular expression

2019-12-04 01:36:20 - [MESSAGE][PASSED] - Text 'You are now verified user' is present on page  using regular expression

2019-12-04 01:36:20 - [TEST_STEP][PASSED] - verifyTextPresent("posted a review for", true): Text 'posted a review for' is present on page  using regular expression

2019-12-04 01:36:26 - [MESSAGE][PASSED] - Text 'posted a review for' is present on page  using regular expression

2019-12-04 01:36:26 - [TEST_STEP][PASSED] - verifyTextPresent("started following You", true): Text 'started following You' is present on page  using regular expression

2019-12-04 01:36:30 - [MESSAGE][PASSED] - Text 'started following You' is present on page  using regular expression

2019-12-04 01:36:30 - [TEST_STEP][PASSED] - closeBrowser(): Browser is closed

2019-12-04 01:36:32 - [MESSAGE][PASSED] - Browser is closed

2019-12-04 01:36:32 - [TEST_STEP][PASSED] - Start listener action : afterTestcase: Browser is closed

2019-12-04 01:36:32 - [TEST_STEP][PASSED] - closeBrowser(): Browser is closed

2019-12-04 01:36:32 - [MESSAGE][PASSED] - Browser is closed

2019-12-04 01:36:34 - [TEST_STEP][PASSED] - Video: Video recording for test case 'Test Cases/New regression cases/Notifications' .

2019-12-04 01:36:34 - [MESSAGE][INFO] - Video recording for test case 'Test Cases/New regression cases/Notifications' .
[[ATTACHMENT|C:\\Users\\Suraj Kumar\\git\\KatalonBDD\\Reports\\20191204_011934\\Regression\\20191204_011934/videos\\test_17.avi]]]]></system-out>
         <system-err><![CDATA[]]></system-err>
      </testcase>
      <testcase name="Test Cases/New regression cases/Review card verification" time="52.911" classname="Test Cases/New regression cases/Review card verification" status="PASSED">
         <system-out><![CDATA[2019-12-04 01:36:34 - [TEST_CASE][PASSED] - Test Cases/New regression cases/Review card verification: Test Cases/New regression cases/Review card verification

2019-12-04 01:36:34 - [TEST_STEP][PASSED] - Start listener action : beforeTestcase: null

2019-12-04 01:36:35 - [TEST_STEP][PASSED] - openBrowser(""): Browser is opened with url: ''

2019-12-04 01:36:35 - [MESSAGE][INFO] - Starting 'Firefox' driver

2019-12-04 01:36:42 - [MESSAGE][PASSED] - Browser is opened with url: ''

2019-12-04 01:36:42 - [TEST_STEP][PASSED] - navigateToUrl("https://qa.thework.life/"): Navigate to 'https://qa.thework.life/' successfully

2019-12-04 01:36:50 - [MESSAGE][PASSED] - Navigate to 'https://qa.thework.life/' successfully

2019-12-04 01:36:50 - [TEST_STEP][PASSED] - setText(findTestObject("Object Repository/Review card/Page_theworklife - Find Great People To Work With/input_Forgot password_username (1)"), "worklifetest10001@gmail.com"): Text 'worklifetest10001@gmail.com' is set on object 'Object Repository/Review card/Page_theworklife - Find Great People To Work With/input_Forgot password_username (1)'

2019-12-04 01:36:51 - [MESSAGE][PASSED] - Text 'worklifetest10001@gmail.com' is set on object 'Object Repository/Review card/Page_theworklife - Find Great People To Work With/input_Forgot password_username (1)'

2019-12-04 01:36:51 - [TEST_STEP][PASSED] - setEncryptedText(findTestObject("Object Repository/Review card/Page_theworklife - Find Great People To Work With/input_Forgot password_password (1)"), "XU9cBalmEBp1UP+jEU2w4UUBUuNgBY4U"): Text ****** has been set on object 'Object Repository/Review card/Page_theworklife - Find Great People To Work With/input_Forgot password_password (1)'

2019-12-04 01:36:51 - [MESSAGE][PASSED] - Text ****** has been set on object 'Object Repository/Review card/Page_theworklife - Find Great People To Work With/input_Forgot password_password (1)'

2019-12-04 01:36:51 - [TEST_STEP][PASSED] - click(findTestObject("Object Repository/Review card/Page_theworklife - Find Great People To Work With/button_Sign in")): Object: 'Object Repository/Review card/Page_theworklife - Find Great People To Work With/button_Sign in' is clicked on

2019-12-04 01:36:57 - [MESSAGE][PASSED] - Object: 'Object Repository/Review card/Page_theworklife - Find Great People To Work With/button_Sign in' is clicked on

2019-12-04 01:36:57 - [TEST_STEP][PASSED] - click(findTestObject("Object Repository/Review card/Page_Home/a_connections")): Object: 'Object Repository/Review card/Page_Home/a_connections' is clicked on

2019-12-04 01:37:05 - [MESSAGE][PASSED] - Object: 'Object Repository/Review card/Page_Home/a_connections' is clicked on

2019-12-04 01:37:05 - [TEST_STEP][PASSED] - click(findTestObject("Object Repository/Review card/Page_Connections/div_Yamanappa Ogennavar")): Object: 'Object Repository/Review card/Page_Connections/div_Yamanappa Ogennavar' is clicked on

2019-12-04 01:37:11 - [MESSAGE][PASSED] - Object: 'Object Repository/Review card/Page_Connections/div_Yamanappa Ogennavar' is clicked on

2019-12-04 01:37:11 - [TEST_STEP][PASSED] - verifyTextPresent("Anonymous", true): Text 'Anonymous' is present on page  using regular expression

2019-12-04 01:37:13 - [MESSAGE][PASSED] - Text 'Anonymous' is present on page  using regular expression

2019-12-04 01:37:13 - [TEST_STEP][PASSED] - verifyTextPresent("Worked together at", true): Text 'Worked together at' is present on page  using regular expression

2019-12-04 01:37:15 - [MESSAGE][PASSED] - Text 'Worked together at' is present on page  using regular expression

2019-12-04 01:37:15 - [TEST_STEP][PASSED] - verifyTextPresent("Read more", true): Text 'Read more' is present on page  using regular expression

2019-12-04 01:37:18 - [MESSAGE][PASSED] - Text 'Read more' is present on page  using regular expression

2019-12-04 01:37:18 - [TEST_STEP][PASSED] - verifyTextPresent("Share", true): Text 'Share' is present on page  using regular expression

2019-12-04 01:37:20 - [MESSAGE][PASSED] - Text 'Share' is present on page  using regular expression

2019-12-04 01:37:20 - [TEST_STEP][PASSED] - verifyElementClickable(findTestObject("Object Repository/Review card/Page_View Profile/i_Read more_fa fa-thumbs-o-up")): Object 'Object Repository/Review card/Page_View Profile/i_Read more_fa fa-thumbs-o-up' is clickable

2019-12-04 01:37:21 - [MESSAGE][PASSED] - Object 'Object Repository/Review card/Page_View Profile/i_Read more_fa fa-thumbs-o-up' is clickable

2019-12-04 01:37:21 - [TEST_STEP][PASSED] - verifyElementClickable(findTestObject("Object Repository/Review card/Page_View Profile/i_Read more_fa fa-thumbs-o-down")): Object 'Object Repository/Review card/Page_View Profile/i_Read more_fa fa-thumbs-o-down' is clickable

2019-12-04 01:37:21 - [MESSAGE][PASSED] - Object 'Object Repository/Review card/Page_View Profile/i_Read more_fa fa-thumbs-o-down' is clickable

2019-12-04 01:37:21 - [TEST_STEP][PASSED] - closeBrowser(): Browser is closed

2019-12-04 01:37:24 - [MESSAGE][PASSED] - Browser is closed

2019-12-04 01:37:24 - [TEST_STEP][PASSED] - Start listener action : afterTestcase: Browser is closed

2019-12-04 01:37:24 - [TEST_STEP][PASSED] - closeBrowser(): Browser is closed

2019-12-04 01:37:24 - [MESSAGE][PASSED] - Browser is closed

2019-12-04 01:37:27 - [TEST_STEP][PASSED] - Video: Video recording for test case 'Test Cases/New regression cases/Review card verification' .

2019-12-04 01:37:27 - [MESSAGE][INFO] - Video recording for test case 'Test Cases/New regression cases/Review card verification' .
[[ATTACHMENT|C:\\Users\\Suraj Kumar\\git\\KatalonBDD\\Reports\\20191204_011934\\Regression\\20191204_011934/videos\\test_18.avi]]]]></system-out>
         <system-err><![CDATA[]]></system-err>
      </testcase>
      <testcase name="Test Cases/New regression cases/Share profile verification and sending" time="73.864" classname="Test Cases/New regression cases/Share profile verification and sending" status="PASSED">
         <system-out><![CDATA[2019-12-04 01:37:27 - [TEST_CASE][PASSED] - Test Cases/New regression cases/Share profile verification and sending: Test Cases/New regression cases/Share profile verification and sending

2019-12-04 01:37:27 - [TEST_STEP][PASSED] - Start listener action : beforeTestcase: null

2019-12-04 01:37:28 - [TEST_STEP][PASSED] - openBrowser(""): Browser is opened with url: ''

2019-12-04 01:37:28 - [MESSAGE][INFO] - Starting 'Firefox' driver

2019-12-04 01:37:41 - [MESSAGE][PASSED] - Browser is opened with url: ''

2019-12-04 01:37:41 - [TEST_STEP][PASSED] - navigateToUrl("https://qa.thework.life/"): Navigate to 'https://qa.thework.life/' successfully

2019-12-04 01:37:48 - [MESSAGE][PASSED] - Navigate to 'https://qa.thework.life/' successfully

2019-12-04 01:37:48 - [TEST_STEP][PASSED] - setText(findTestObject("Object Repository/share profile SMN email/Page_theworklife - Find Great People To Work With/input_Forgot password_username"), "worklifetest10001@gmail.com"): Text 'worklifetest10001@gmail.com' is set on object 'Object Repository/share profile SMN email/Page_theworklife - Find Great People To Work With/input_Forgot password_username'

2019-12-04 01:37:49 - [MESSAGE][PASSED] - Text 'worklifetest10001@gmail.com' is set on object 'Object Repository/share profile SMN email/Page_theworklife - Find Great People To Work With/input_Forgot password_username'

2019-12-04 01:37:49 - [TEST_STEP][PASSED] - setEncryptedText(findTestObject("Object Repository/Page_theworklife - Find Great People To Work With/input_Password does not match_password"), "XU9cBalmEBp1UP+jEU2w4UUBUuNgBY4U"): Text ****** has been set on object 'Object Repository/Page_theworklife - Find Great People To Work With/input_Password does not match_password'

2019-12-04 01:37:50 - [MESSAGE][PASSED] - Text ****** has been set on object 'Object Repository/Page_theworklife - Find Great People To Work With/input_Password does not match_password'

2019-12-04 01:37:50 - [TEST_STEP][PASSED] - click(findTestObject("Object Repository/share profile SMN email/Page_theworklife - Find Great People To Work With/button_Sign in")): Object: 'Object Repository/share profile SMN email/Page_theworklife - Find Great People To Work With/button_Sign in' is clicked on

2019-12-04 01:37:57 - [MESSAGE][PASSED] - Object: 'Object Repository/share profile SMN email/Page_theworklife - Find Great People To Work With/button_Sign in' is clicked on

2019-12-04 01:37:57 - [TEST_STEP][PASSED] - delay(3): Delayed 3 second(s)

2019-12-04 01:38:00 - [MESSAGE][PASSED] - Delayed 3 second(s)

2019-12-04 01:38:00 - [TEST_STEP][PASSED] - click(findTestObject("Object Repository/Page_Home/click 3 dots to share")): Object: 'Object Repository/Page_Home/click 3 dots to share' is clicked on

2019-12-04 01:38:00 - [MESSAGE][PASSED] - Object: 'Object Repository/Page_Home/click 3 dots to share' is clicked on

2019-12-04 01:38:00 - [TEST_STEP][PASSED] - click(findTestObject("Object Repository/Page_Home/li_Share Profile")): Object: 'Object Repository/Page_Home/li_Share Profile' is clicked on

2019-12-04 01:38:01 - [MESSAGE][PASSED] - Object: 'Object Repository/Page_Home/li_Share Profile' is clicked on

2019-12-04 01:38:01 - [TEST_STEP][PASSED] - delay(3): Delayed 3 second(s)

2019-12-04 01:38:04 - [MESSAGE][PASSED] - Delayed 3 second(s)

2019-12-04 01:38:04 - [TEST_STEP][PASSED] - click(findTestObject("Object Repository/Page_Home/i__fa fa-facebook")): Object: 'Object Repository/Page_Home/i__fa fa-facebook' is clicked on

2019-12-04 01:38:05 - [MESSAGE][PASSED] - Object: 'Object Repository/Page_Home/i__fa fa-facebook' is clicked on

2019-12-04 01:38:05 - [TEST_STEP][PASSED] - click(findTestObject("Object Repository/Page_Home/img")): Object: 'Object Repository/Page_Home/img' is clicked on

2019-12-04 01:38:05 - [MESSAGE][PASSED] - Object: 'Object Repository/Page_Home/img' is clicked on

2019-12-04 01:38:05 - [TEST_STEP][PASSED] - click(findTestObject("Object Repository/Page_Home/li_Share Profile")): Object: 'Object Repository/Page_Home/li_Share Profile' is clicked on

2019-12-04 01:38:06 - [MESSAGE][PASSED] - Object: 'Object Repository/Page_Home/li_Share Profile' is clicked on

2019-12-04 01:38:06 - [TEST_STEP][PASSED] - delay(3): Delayed 3 second(s)

2019-12-04 01:38:09 - [MESSAGE][PASSED] - Delayed 3 second(s)

2019-12-04 01:38:09 - [TEST_STEP][PASSED] - click(findTestObject("Object Repository/Page_Home/i__fa fa-linkedin")): Object: 'Object Repository/Page_Home/i__fa fa-linkedin' is clicked on

2019-12-04 01:38:10 - [MESSAGE][PASSED] - Object: 'Object Repository/Page_Home/i__fa fa-linkedin' is clicked on

2019-12-04 01:38:10 - [TEST_STEP][PASSED] - click(findTestObject("Object Repository/Page_Home/img")): Object: 'Object Repository/Page_Home/img' is clicked on

2019-12-04 01:38:11 - [MESSAGE][PASSED] - Object: 'Object Repository/Page_Home/img' is clicked on

2019-12-04 01:38:11 - [TEST_STEP][PASSED] - click(findTestObject("Object Repository/Page_Home/li_Share Profile")): Object: 'Object Repository/Page_Home/li_Share Profile' is clicked on

2019-12-04 01:38:12 - [MESSAGE][PASSED] - Object: 'Object Repository/Page_Home/li_Share Profile' is clicked on

2019-12-04 01:38:12 - [TEST_STEP][PASSED] - delay(3): Delayed 3 second(s)

2019-12-04 01:38:15 - [MESSAGE][PASSED] - Delayed 3 second(s)

2019-12-04 01:38:15 - [TEST_STEP][PASSED] - click(findTestObject("Object Repository/Page_Home/i__fa fa-twitter")): Object: 'Object Repository/Page_Home/i__fa fa-twitter' is clicked on

2019-12-04 01:38:16 - [MESSAGE][PASSED] - Object: 'Object Repository/Page_Home/i__fa fa-twitter' is clicked on

2019-12-04 01:38:16 - [TEST_STEP][PASSED] - click(findTestObject("Object Repository/Page_Home/img")): Object: 'Object Repository/Page_Home/img' is clicked on

2019-12-04 01:38:16 - [MESSAGE][PASSED] - Object: 'Object Repository/Page_Home/img' is clicked on

2019-12-04 01:38:16 - [TEST_STEP][PASSED] - click(findTestObject("Object Repository/Page_Home/li_Share Profile")): Object: 'Object Repository/Page_Home/li_Share Profile' is clicked on

2019-12-04 01:38:17 - [MESSAGE][PASSED] - Object: 'Object Repository/Page_Home/li_Share Profile' is clicked on

2019-12-04 01:38:17 - [TEST_STEP][PASSED] - delay(3): Delayed 3 second(s)

2019-12-04 01:38:20 - [MESSAGE][PASSED] - Delayed 3 second(s)

2019-12-04 01:38:20 - [TEST_STEP][PASSED] - click(findTestObject("Object Repository/Page_Home/i__fa fa-whatsapp my-float")): Object: 'Object Repository/Page_Home/i__fa fa-whatsapp my-float' is clicked on

2019-12-04 01:38:21 - [MESSAGE][PASSED] - Object: 'Object Repository/Page_Home/i__fa fa-whatsapp my-float' is clicked on

2019-12-04 01:38:21 - [TEST_STEP][PASSED] - click(findTestObject("Object Repository/Page_Home/img")): Object: 'Object Repository/Page_Home/img' is clicked on

2019-12-04 01:38:21 - [MESSAGE][PASSED] - Object: 'Object Repository/Page_Home/img' is clicked on

2019-12-04 01:38:21 - [TEST_STEP][PASSED] - click(findTestObject("Object Repository/Page_Home/li_Share Profile")): Object: 'Object Repository/Page_Home/li_Share Profile' is clicked on

2019-12-04 01:38:22 - [MESSAGE][PASSED] - Object: 'Object Repository/Page_Home/li_Share Profile' is clicked on

2019-12-04 01:38:22 - [TEST_STEP][PASSED] - delay(3): Delayed 3 second(s)

2019-12-04 01:38:25 - [MESSAGE][PASSED] - Delayed 3 second(s)

2019-12-04 01:38:25 - [TEST_STEP][PASSED] - click(findTestObject("Object Repository/Page_Home/i__fa fa-envelope")): Object: 'Object Repository/Page_Home/i__fa fa-envelope' is clicked on

2019-12-04 01:38:26 - [MESSAGE][PASSED] - Object: 'Object Repository/Page_Home/i__fa fa-envelope' is clicked on

2019-12-04 01:38:26 - [TEST_STEP][PASSED] - click(findTestObject("Object Repository/Page_Home/div_Copy share link_multiple_emails-container")): Object: 'Object Repository/Page_Home/div_Copy share link_multiple_emails-container' is clicked on

2019-12-04 01:38:26 - [MESSAGE][PASSED] - Object: 'Object Repository/Page_Home/div_Copy share link_multiple_emails-container' is clicked on

2019-12-04 01:38:26 - [TEST_STEP][PASSED] - click(findTestObject("Object Repository/Page_Home/button_Cancel")): Object: 'Object Repository/Page_Home/button_Cancel' is clicked on

2019-12-04 01:38:27 - [MESSAGE][PASSED] - Object: 'Object Repository/Page_Home/button_Cancel' is clicked on

2019-12-04 01:38:27 - [TEST_STEP][PASSED] - click(findTestObject("Page_Home/click 3 dots to share")): Object: 'Object Repository/Page_Home/click 3 dots to share' is clicked on

2019-12-04 01:38:28 - [MESSAGE][PASSED] - Object: 'Object Repository/Page_Home/click 3 dots to share' is clicked on

2019-12-04 01:38:28 - [TEST_STEP][PASSED] - click(findTestObject("Object Repository/Page_Home/li_Share Profile")): Object: 'Object Repository/Page_Home/li_Share Profile' is clicked on

2019-12-04 01:38:28 - [MESSAGE][PASSED] - Object: 'Object Repository/Page_Home/li_Share Profile' is clicked on

2019-12-04 01:38:28 - [TEST_STEP][PASSED] - delay(3): Delayed 3 second(s)

2019-12-04 01:38:31 - [MESSAGE][PASSED] - Delayed 3 second(s)

2019-12-04 01:38:31 - [TEST_STEP][PASSED] - click(findTestObject("Object Repository/Page_Home/i__fa fa-envelope")): Object: 'Object Repository/Page_Home/i__fa fa-envelope' is clicked on

2019-12-04 01:38:32 - [MESSAGE][PASSED] - Object: 'Object Repository/Page_Home/i__fa fa-envelope' is clicked on

2019-12-04 01:38:32 - [TEST_STEP][PASSED] - delay(2): Delayed 2 second(s)

2019-12-04 01:38:34 - [MESSAGE][PASSED] - Delayed 2 second(s)

2019-12-04 01:38:34 - [TEST_STEP][PASSED] - click(findTestObject("Object Repository/share profile SMN email/Page_Home/div_Copy share link_multiple_emails-container")): Object: 'Object Repository/share profile SMN email/Page_Home/div_Copy share link_multiple_emails-container' is clicked on

2019-12-04 01:38:34 - [MESSAGE][PASSED] - Object: 'Object Repository/share profile SMN email/Page_Home/div_Copy share link_multiple_emails-container' is clicked on

2019-12-04 01:38:34 - [TEST_STEP][PASSED] - setText(findTestObject("Object Repository/share profile SMN email/Page_Home/input_Copy share link_multiple_emails-input text-left"), "suraj.kumar@vuclip.com"): Text 'suraj.kumar@vuclip.com' is set on object 'Object Repository/share profile SMN email/Page_Home/input_Copy share link_multiple_emails-input text-left'

2019-12-04 01:38:35 - [MESSAGE][PASSED] - Text 'suraj.kumar@vuclip.com' is set on object 'Object Repository/share profile SMN email/Page_Home/input_Copy share link_multiple_emails-input text-left'

2019-12-04 01:38:35 - [TEST_STEP][PASSED] - click(findTestObject("Object Repository/share profile SMN email/Page_Home/button_Share (1)")): Object: 'Object Repository/share profile SMN email/Page_Home/button_Share (1)' is clicked on

2019-12-04 01:38:35 - [MESSAGE][PASSED] - Object: 'Object Repository/share profile SMN email/Page_Home/button_Share (1)' is clicked on

2019-12-04 01:38:35 - [TEST_STEP][PASSED] - click(findTestObject("Object Repository/share profile SMN email/Page_Home/a_OK (1)")): Object: 'Object Repository/share profile SMN email/Page_Home/a_OK (1)' is clicked on

2019-12-04 01:38:37 - [MESSAGE][PASSED] - Object: 'Object Repository/share profile SMN email/Page_Home/a_OK (1)' is clicked on

2019-12-04 01:38:37 - [TEST_STEP][PASSED] - closeBrowser(): Browser is closed

2019-12-04 01:38:39 - [MESSAGE][PASSED] - Browser is closed

2019-12-04 01:38:39 - [TEST_STEP][PASSED] - Start listener action : afterTestcase: Browser is closed

2019-12-04 01:38:39 - [TEST_STEP][PASSED] - closeBrowser(): Browser is closed

2019-12-04 01:38:39 - [MESSAGE][PASSED] - Browser is closed

2019-12-04 01:38:41 - [TEST_STEP][PASSED] - Video: Video recording for test case 'Test Cases/New regression cases/Share profile verification and sending' .

2019-12-04 01:38:41 - [MESSAGE][INFO] - Video recording for test case 'Test Cases/New regression cases/Share profile verification and sending' .
[[ATTACHMENT|C:\\Users\\Suraj Kumar\\git\\KatalonBDD\\Reports\\20191204_011934\\Regression\\20191204_011934/videos\\test_19.avi]]]]></system-out>
         <system-err><![CDATA[]]></system-err>
      </testcase>
      <testcase name="Test Cases/New regression cases/SKip verification" time="70.085" classname="Test Cases/New regression cases/SKip verification" status="FAILED">
         <failure type="FAILED" message="Test Cases/New regression cases/SKip verification FAILED.
Reason:
com.kms.katalon.core.exception.StepFailedException: Unable to click on object 'Object Repository/skip verification/Page_LinkedIn Username/button_Do it Later'
	at com.kms.katalon.core.webui.keyword.internal.WebUIKeywordMain.stepFailed(WebUIKeywordMain.groovy:64)
	at com.kms.katalon.core.webui.keyword.internal.WebUIKeywordMain.runKeyword(WebUIKeywordMain.groovy:26)
	at com.kms.katalon.core.webui.keyword.builtin.ClickKeyword.click(ClickKeyword.groovy:103)
	at com.kms.katalon.core.webui.keyword.builtin.ClickKeyword.execute(ClickKeyword.groovy:43)
	at com.kms.katalon.core.keyword.internal.KeywordExecutor.executeKeywordForPlatform(KeywordExecutor.groovy:60)
	at com.kms.katalon.core.webui.keyword.WebUiBuiltInKeywords.click(WebUiBuiltInKeywords.groovy:616)
	at com.kms.katalon.core.webui.keyword.WebUiBuiltInKeywords$click$3.call(Unknown Source)
	at SKip verification.run(SKip verification:32)
	at com.kms.katalon.core.main.ScriptEngine.run(ScriptEngine.java:194)
	at com.kms.katalon.core.main.ScriptEngine.runScriptAsRawText(ScriptEngine.java:119)
	at com.kms.katalon.core.main.TestCaseExecutor.runScript(TestCaseExecutor.java:337)
	at com.kms.katalon.core.main.TestCaseExecutor.doExecute(TestCaseExecutor.java:328)
	at com.kms.katalon.core.main.TestCaseExecutor.processExecutionPhase(TestCaseExecutor.java:307)
	at com.kms.katalon.core.main.TestCaseExecutor.accessMainPhase(TestCaseExecutor.java:299)
	at com.kms.katalon.core.main.TestCaseExecutor.execute(TestCaseExecutor.java:233)
	at com.kms.katalon.core.main.TestSuiteExecutor.accessTestCaseMainPhase(TestSuiteExecutor.java:169)
	at com.kms.katalon.core.main.TestSuiteExecutor.accessTestSuiteMainPhase(TestSuiteExecutor.java:142)
	at com.kms.katalon.core.main.TestSuiteExecutor.execute(TestSuiteExecutor.java:91)
	at com.kms.katalon.core.main.TestCaseMain.startTestSuite(TestCaseMain.java:157)
	at com.kms.katalon.core.main.TestCaseMain$startTestSuite$0.call(Unknown Source)
	at TempTestSuite1575402574161.run(TempTestSuite1575402574161.groovy:36)
Caused by: com.kms.katalon.core.webui.exception.WebElementNotFoundException: Web element with id: 'Object Repository/skip verification/Page_LinkedIn Username/button_Do it Later' located by 'By.xpath: //*[@type = 'button' and (text() = 'Do it Later' or . = 'Do it Later')]' not found
	at com.kms.katalon.core.webui.common.WebUiCommonHelper.findWebElement(WebUiCommonHelper.java:1113)
	at com.kms.katalon.core.webui.keyword.internal.WebUIAbstractKeyword.findWebElement(WebUIAbstractKeyword.groovy:27)
	at com.kms.katalon.core.webui.keyword.internal.WebUIAbstractKeyword.findWebElement(WebUIAbstractKeyword.groovy:26)
	at com.kms.katalon.core.webui.keyword.builtin.ClickKeyword$_click_closure1.doCall(ClickKeyword.groovy:68)
	at com.kms.katalon.core.webui.keyword.builtin.ClickKeyword$_click_closure1.call(ClickKeyword.groovy)
	at com.kms.katalon.core.webui.keyword.internal.WebUIKeywordMain.runKeyword(WebUIKeywordMain.groovy:20)
	... 19 more
"/>
         <system-out><![CDATA[2019-12-04 01:38:41 - [TEST_CASE][FAILED] - Test Cases/New regression cases/SKip verification: Test Cases/New regression cases/SKip verification FAILED.
Reason:
com.kms.katalon.core.exception.StepFailedException: Unable to click on object 'Object Repository/skip verification/Page_LinkedIn Username/button_Do it Later'
	at com.kms.katalon.core.webui.keyword.internal.WebUIKeywordMain.stepFailed(WebUIKeywordMain.groovy:64)
	at com.kms.katalon.core.webui.keyword.internal.WebUIKeywordMain.runKeyword(WebUIKeywordMain.groovy:26)
	at com.kms.katalon.core.webui.keyword.builtin.ClickKeyword.click(ClickKeyword.groovy:103)
	at com.kms.katalon.core.webui.keyword.builtin.ClickKeyword.execute(ClickKeyword.groovy:43)
	at com.kms.katalon.core.keyword.internal.KeywordExecutor.executeKeywordForPlatform(KeywordExecutor.groovy:60)
	at com.kms.katalon.core.webui.keyword.WebUiBuiltInKeywords.click(WebUiBuiltInKeywords.groovy:616)
	at com.kms.katalon.core.webui.keyword.WebUiBuiltInKeywords$click$3.call(Unknown Source)
	at SKip verification.run(SKip verification:32)
	at com.kms.katalon.core.main.ScriptEngine.run(ScriptEngine.java:194)
	at com.kms.katalon.core.main.ScriptEngine.runScriptAsRawText(ScriptEngine.java:119)
	at com.kms.katalon.core.main.TestCaseExecutor.runScript(TestCaseExecutor.java:337)
	at com.kms.katalon.core.main.TestCaseExecutor.doExecute(TestCaseExecutor.java:328)
	at com.kms.katalon.core.main.TestCaseExecutor.processExecutionPhase(TestCaseExecutor.java:307)
	at com.kms.katalon.core.main.TestCaseExecutor.accessMainPhase(TestCaseExecutor.java:299)
	at com.kms.katalon.core.main.TestCaseExecutor.execute(TestCaseExecutor.java:233)
	at com.kms.katalon.core.main.TestSuiteExecutor.accessTestCaseMainPhase(TestSuiteExecutor.java:169)
	at com.kms.katalon.core.main.TestSuiteExecutor.accessTestSuiteMainPhase(TestSuiteExecutor.java:142)
	at com.kms.katalon.core.main.TestSuiteExecutor.execute(TestSuiteExecutor.java:91)
	at com.kms.katalon.core.main.TestCaseMain.startTestSuite(TestCaseMain.java:157)
	at com.kms.katalon.core.main.TestCaseMain$startTestSuite$0.call(Unknown Source)
	at TempTestSuite1575402574161.run(TempTestSuite1575402574161.groovy:36)
Caused by: com.kms.katalon.core.webui.exception.WebElementNotFoundException: Web element with id: 'Object Repository/skip verification/Page_LinkedIn Username/button_Do it Later' located by 'By.xpath: //*[@type = 'button' and (text() = 'Do it Later' or . = 'Do it Later')]' not found
	at com.kms.katalon.core.webui.common.WebUiCommonHelper.findWebElement(WebUiCommonHelper.java:1113)
	at com.kms.katalon.core.webui.keyword.internal.WebUIAbstractKeyword.findWebElement(WebUIAbstractKeyword.groovy:27)
	at com.kms.katalon.core.webui.keyword.internal.WebUIAbstractKeyword.findWebElement(WebUIAbstractKeyword.groovy:26)
	at com.kms.katalon.core.webui.keyword.builtin.ClickKeyword$_click_closure1.doCall(ClickKeyword.groovy:68)
	at com.kms.katalon.core.webui.keyword.builtin.ClickKeyword$_click_closure1.call(ClickKeyword.groovy)
	at com.kms.katalon.core.webui.keyword.internal.WebUIKeywordMain.runKeyword(WebUIKeywordMain.groovy:20)
	... 19 more


2019-12-04 01:38:41 - [TEST_STEP][PASSED] - Start listener action : beforeTestcase: null

2019-12-04 01:38:42 - [TEST_STEP][PASSED] - openBrowser(""): Browser is opened with url: ''

2019-12-04 01:38:42 - [MESSAGE][INFO] - Starting 'Firefox' driver

2019-12-04 01:38:48 - [MESSAGE][PASSED] - Browser is opened with url: ''

2019-12-04 01:38:48 - [TEST_STEP][PASSED] - navigateToUrl("https://qa.thework.life/"): Navigate to 'https://qa.thework.life/' successfully

2019-12-04 01:38:55 - [MESSAGE][PASSED] - Navigate to 'https://qa.thework.life/' successfully

2019-12-04 01:38:55 - [TEST_STEP][PASSED] - setText(findTestObject("Object Repository/skip verification/Page_theworklife - Find Great People To Work With/input_Please enter username or email_username"), "newsuraj10001@gmail.com"): Text 'newsuraj10001@gmail.com' is set on object 'Object Repository/skip verification/Page_theworklife - Find Great People To Work With/input_Please enter username or email_username'

2019-12-04 01:38:55 - [MESSAGE][PASSED] - Text 'newsuraj10001@gmail.com' is set on object 'Object Repository/skip verification/Page_theworklife - Find Great People To Work With/input_Please enter username or email_username'

2019-12-04 01:38:55 - [TEST_STEP][PASSED] - setText(findTestObject("Object Repository/skip verification/Page_theworklife - Find Great People To Work With/input_Forgot password_username"), "newsuraj10001@gmail.com"): Text 'newsuraj10001@gmail.com' is set on object 'Object Repository/skip verification/Page_theworklife - Find Great People To Work With/input_Forgot password_username'

2019-12-04 01:38:56 - [MESSAGE][PASSED] - Text 'newsuraj10001@gmail.com' is set on object 'Object Repository/skip verification/Page_theworklife - Find Great People To Work With/input_Forgot password_username'

2019-12-04 01:38:56 - [TEST_STEP][PASSED] - setEncryptedText(findTestObject("Object Repository/skip verification/Page_theworklife - Find Great People To Work With/input_Forgot password_password"), "cvW8qx4B2o3F4VwP/kNsqA=="): Text ****** has been set on object 'Object Repository/skip verification/Page_theworklife - Find Great People To Work With/input_Forgot password_password'

2019-12-04 01:38:56 - [MESSAGE][PASSED] - Text ****** has been set on object 'Object Repository/skip verification/Page_theworklife - Find Great People To Work With/input_Forgot password_password'

2019-12-04 01:38:56 - [TEST_STEP][PASSED] - click(findTestObject("Object Repository/skip verification/Page_theworklife - Find Great People To Work With/button_Sign in")): Object: 'Object Repository/skip verification/Page_theworklife - Find Great People To Work With/button_Sign in' is clicked on

2019-12-04 01:39:03 - [MESSAGE][PASSED] - Object: 'Object Repository/skip verification/Page_theworklife - Find Great People To Work With/button_Sign in' is clicked on

2019-12-04 01:39:03 - [TEST_STEP][FAILED] - click(findTestObject("Object Repository/skip verification/Page_LinkedIn Username/button_Do it Later")): Unable to click on object 'Object Repository/skip verification/Page_LinkedIn Username/button_Do it Later' (Root cause: com.kms.katalon.core.exception.StepFailedException: Unable to click on object 'Object Repository/skip verification/Page_LinkedIn Username/button_Do it Later'
	at com.kms.katalon.core.webui.keyword.internal.WebUIKeywordMain.stepFailed(WebUIKeywordMain.groovy:64)
	at com.kms.katalon.core.webui.keyword.internal.WebUIKeywordMain.runKeyword(WebUIKeywordMain.groovy:26)
	at com.kms.katalon.core.webui.keyword.builtin.ClickKeyword.click(ClickKeyword.groovy:103)
	at com.kms.katalon.core.webui.keyword.builtin.ClickKeyword.execute(ClickKeyword.groovy:43)
	at com.kms.katalon.core.keyword.internal.KeywordExecutor.executeKeywordForPlatform(KeywordExecutor.groovy:60)
	at com.kms.katalon.core.webui.keyword.WebUiBuiltInKeywords.click(WebUiBuiltInKeywords.groovy:616)
	at com.kms.katalon.core.webui.keyword.WebUiBuiltInKeywords$click$3.call(Unknown Source)
	at SKip verification.run(SKip verification:32)
	at com.kms.katalon.core.main.ScriptEngine.run(ScriptEngine.java:194)
	at com.kms.katalon.core.main.ScriptEngine.runScriptAsRawText(ScriptEngine.java:119)
	at com.kms.katalon.core.main.TestCaseExecutor.runScript(TestCaseExecutor.java:337)
	at com.kms.katalon.core.main.TestCaseExecutor.doExecute(TestCaseExecutor.java:328)
	at com.kms.katalon.core.main.TestCaseExecutor.processExecutionPhase(TestCaseExecutor.java:307)
	at com.kms.katalon.core.main.TestCaseExecutor.accessMainPhase(TestCaseExecutor.java:299)
	at com.kms.katalon.core.main.TestCaseExecutor.execute(TestCaseExecutor.java:233)
	at com.kms.katalon.core.main.TestSuiteExecutor.accessTestCaseMainPhase(TestSuiteExecutor.java:169)
	at com.kms.katalon.core.main.TestSuiteExecutor.accessTestSuiteMainPhase(TestSuiteExecutor.java:142)
	at com.kms.katalon.core.main.TestSuiteExecutor.execute(TestSuiteExecutor.java:91)
	at com.kms.katalon.core.main.TestCaseMain.startTestSuite(TestCaseMain.java:157)
	at com.kms.katalon.core.main.TestCaseMain$startTestSuite$0.call(Unknown Source)
	at TempTestSuite1575402574161.run(TempTestSuite1575402574161.groovy:36)
Caused by: com.kms.katalon.core.webui.exception.WebElementNotFoundException: Web element with id: 'Object Repository/skip verification/Page_LinkedIn Username/button_Do it Later' located by 'By.xpath: //*[@type = 'button' and (text() = 'Do it Later' or . = 'Do it Later')]' not found
	at com.kms.katalon.core.webui.common.WebUiCommonHelper.findWebElement(WebUiCommonHelper.java:1113)
	at com.kms.katalon.core.webui.keyword.internal.WebUIAbstractKeyword.findWebElement(WebUIAbstractKeyword.groovy:27)
	at com.kms.katalon.core.webui.keyword.internal.WebUIAbstractKeyword.findWebElement(WebUIAbstractKeyword.groovy:26)
	at com.kms.katalon.core.webui.keyword.builtin.ClickKeyword$_click_closure1.doCall(ClickKeyword.groovy:68)
	at com.kms.katalon.core.webui.keyword.builtin.ClickKeyword$_click_closure1.call(ClickKeyword.groovy)
	at com.kms.katalon.core.webui.keyword.internal.WebUIKeywordMain.runKeyword(WebUIKeywordMain.groovy:20)
	at com.kms.katalon.core.webui.keyword.builtin.ClickKeyword.click(ClickKeyword.groovy:103)
	at com.kms.katalon.core.webui.keyword.builtin.ClickKeyword.execute(ClickKeyword.groovy:43)
	at com.kms.katalon.core.keyword.internal.KeywordExecutor.executeKeywordForPlatform(KeywordExecutor.groovy:60)
	at com.kms.katalon.core.webui.keyword.WebUiBuiltInKeywords.click(WebUiBuiltInKeywords.groovy:616)
	at com.kms.katalon.core.webui.keyword.WebUiBuiltInKeywords$click$3.call(Unknown Source)
	at Script1574446583420.run(Script1574446583420.groovy:32)
	... 13 more
)

2019-12-04 01:39:47 - [MESSAGE][INFO] - Unable to find the element located by 'By.xpath: //*[@type = 'button' and (text() = 'Do it Later' or . = 'Do it Later')]'. Please recheck the objects properties to make sure the desired element is located. 

2019-12-04 01:39:48 - [MESSAGE][FAILED] - Unable to click on object 'Object Repository/skip verification/Page_LinkedIn Username/button_Do it Later' (Root cause: com.kms.katalon.core.exception.StepFailedException: Unable to click on object 'Object Repository/skip verification/Page_LinkedIn Username/button_Do it Later'
	at com.kms.katalon.core.webui.keyword.internal.WebUIKeywordMain.stepFailed(WebUIKeywordMain.groovy:64)
	at com.kms.katalon.core.webui.keyword.internal.WebUIKeywordMain.runKeyword(WebUIKeywordMain.groovy:26)
	at com.kms.katalon.core.webui.keyword.builtin.ClickKeyword.click(ClickKeyword.groovy:103)
	at com.kms.katalon.core.webui.keyword.builtin.ClickKeyword.execute(ClickKeyword.groovy:43)
	at com.kms.katalon.core.keyword.internal.KeywordExecutor.executeKeywordForPlatform(KeywordExecutor.groovy:60)
	at com.kms.katalon.core.webui.keyword.WebUiBuiltInKeywords.click(WebUiBuiltInKeywords.groovy:616)
	at com.kms.katalon.core.webui.keyword.WebUiBuiltInKeywords$click$3.call(Unknown Source)
	at SKip verification.run(SKip verification:32)
	at com.kms.katalon.core.main.ScriptEngine.run(ScriptEngine.java:194)
	at com.kms.katalon.core.main.ScriptEngine.runScriptAsRawText(ScriptEngine.java:119)
	at com.kms.katalon.core.main.TestCaseExecutor.runScript(TestCaseExecutor.java:337)
	at com.kms.katalon.core.main.TestCaseExecutor.doExecute(TestCaseExecutor.java:328)
	at com.kms.katalon.core.main.TestCaseExecutor.processExecutionPhase(TestCaseExecutor.java:307)
	at com.kms.katalon.core.main.TestCaseExecutor.accessMainPhase(TestCaseExecutor.java:299)
	at com.kms.katalon.core.main.TestCaseExecutor.execute(TestCaseExecutor.java:233)
	at com.kms.katalon.core.main.TestSuiteExecutor.accessTestCaseMainPhase(TestSuiteExecutor.java:169)
	at com.kms.katalon.core.main.TestSuiteExecutor.accessTestSuiteMainPhase(TestSuiteExecutor.java:142)
	at com.kms.katalon.core.main.TestSuiteExecutor.execute(TestSuiteExecutor.java:91)
	at com.kms.katalon.core.main.TestCaseMain.startTestSuite(TestCaseMain.java:157)
	at com.kms.katalon.core.main.TestCaseMain$startTestSuite$0.call(Unknown Source)
	at TempTestSuite1575402574161.run(TempTestSuite1575402574161.groovy:36)
Caused by: com.kms.katalon.core.webui.exception.WebElementNotFoundException: Web element with id: 'Object Repository/skip verification/Page_LinkedIn Username/button_Do it Later' located by 'By.xpath: //*[@type = 'button' and (text() = 'Do it Later' or . = 'Do it Later')]' not found
	at com.kms.katalon.core.webui.common.WebUiCommonHelper.findWebElement(WebUiCommonHelper.java:1113)
	at com.kms.katalon.core.webui.keyword.internal.WebUIAbstractKeyword.findWebElement(WebUIAbstractKeyword.groovy:27)
	at com.kms.katalon.core.webui.keyword.internal.WebUIAbstractKeyword.findWebElement(WebUIAbstractKeyword.groovy:26)
	at com.kms.katalon.core.webui.keyword.builtin.ClickKeyword$_click_closure1.doCall(ClickKeyword.groovy:68)
	at com.kms.katalon.core.webui.keyword.builtin.ClickKeyword$_click_closure1.call(ClickKeyword.groovy)
	at com.kms.katalon.core.webui.keyword.internal.WebUIKeywordMain.runKeyword(WebUIKeywordMain.groovy:20)
	at com.kms.katalon.core.webui.keyword.builtin.ClickKeyword.click(ClickKeyword.groovy:103)
	at com.kms.katalon.core.webui.keyword.builtin.ClickKeyword.execute(ClickKeyword.groovy:43)
	at com.kms.katalon.core.keyword.internal.KeywordExecutor.executeKeywordForPlatform(KeywordExecutor.groovy:60)
	at com.kms.katalon.core.webui.keyword.WebUiBuiltInKeywords.click(WebUiBuiltInKeywords.groovy:616)
	at com.kms.katalon.core.webui.keyword.WebUiBuiltInKeywords$click$3.call(Unknown Source)
	at Script1574446583420.run(Script1574446583420.groovy:32)
	... 13 more
)
[[ATTACHMENT|C:\\Users\\Suraj Kumar\\git\\KatalonBDD\\Reports\\20191204_011934\\Regression\\20191204_011934\\1575403787903.png]]

2019-12-04 01:39:48 - [TEST_STEP][PASSED] - Start listener action : afterTestcase: Browser is closed

2019-12-04 01:39:48 - [TEST_STEP][PASSED] - closeBrowser(): Browser is closed

2019-12-04 01:39:49 - [MESSAGE][PASSED] - Browser is closed

2019-12-04 01:39:51 - [TEST_STEP][PASSED] - Video: Video recording for test case 'Test Cases/New regression cases/SKip verification' .

2019-12-04 01:39:51 - [MESSAGE][INFO] - Video recording for test case 'Test Cases/New regression cases/SKip verification' .
[[ATTACHMENT|C:\\Users\\Suraj Kumar\\git\\KatalonBDD\\Reports\\20191204_011934\\Regression\\20191204_011934/videos\\test_20.avi]]]]></system-out>
         <system-err><![CDATA[2019-12-04 01:38:41 - [TEST_CASE][FAILED] - Test Cases/New regression cases/SKip verification: Test Cases/New regression cases/SKip verification FAILED.
Reason:
com.kms.katalon.core.exception.StepFailedException: Unable to click on object 'Object Repository/skip verification/Page_LinkedIn Username/button_Do it Later'
	at com.kms.katalon.core.webui.keyword.internal.WebUIKeywordMain.stepFailed(WebUIKeywordMain.groovy:64)
	at com.kms.katalon.core.webui.keyword.internal.WebUIKeywordMain.runKeyword(WebUIKeywordMain.groovy:26)
	at com.kms.katalon.core.webui.keyword.builtin.ClickKeyword.click(ClickKeyword.groovy:103)
	at com.kms.katalon.core.webui.keyword.builtin.ClickKeyword.execute(ClickKeyword.groovy:43)
	at com.kms.katalon.core.keyword.internal.KeywordExecutor.executeKeywordForPlatform(KeywordExecutor.groovy:60)
	at com.kms.katalon.core.webui.keyword.WebUiBuiltInKeywords.click(WebUiBuiltInKeywords.groovy:616)
	at com.kms.katalon.core.webui.keyword.WebUiBuiltInKeywords$click$3.call(Unknown Source)
	at SKip verification.run(SKip verification:32)
	at com.kms.katalon.core.main.ScriptEngine.run(ScriptEngine.java:194)
	at com.kms.katalon.core.main.ScriptEngine.runScriptAsRawText(ScriptEngine.java:119)
	at com.kms.katalon.core.main.TestCaseExecutor.runScript(TestCaseExecutor.java:337)
	at com.kms.katalon.core.main.TestCaseExecutor.doExecute(TestCaseExecutor.java:328)
	at com.kms.katalon.core.main.TestCaseExecutor.processExecutionPhase(TestCaseExecutor.java:307)
	at com.kms.katalon.core.main.TestCaseExecutor.accessMainPhase(TestCaseExecutor.java:299)
	at com.kms.katalon.core.main.TestCaseExecutor.execute(TestCaseExecutor.java:233)
	at com.kms.katalon.core.main.TestSuiteExecutor.accessTestCaseMainPhase(TestSuiteExecutor.java:169)
	at com.kms.katalon.core.main.TestSuiteExecutor.accessTestSuiteMainPhase(TestSuiteExecutor.java:142)
	at com.kms.katalon.core.main.TestSuiteExecutor.execute(TestSuiteExecutor.java:91)
	at com.kms.katalon.core.main.TestCaseMain.startTestSuite(TestCaseMain.java:157)
	at com.kms.katalon.core.main.TestCaseMain$startTestSuite$0.call(Unknown Source)
	at TempTestSuite1575402574161.run(TempTestSuite1575402574161.groovy:36)
Caused by: com.kms.katalon.core.webui.exception.WebElementNotFoundException: Web element with id: 'Object Repository/skip verification/Page_LinkedIn Username/button_Do it Later' located by 'By.xpath: //*[@type = 'button' and (text() = 'Do it Later' or . = 'Do it Later')]' not found
	at com.kms.katalon.core.webui.common.WebUiCommonHelper.findWebElement(WebUiCommonHelper.java:1113)
	at com.kms.katalon.core.webui.keyword.internal.WebUIAbstractKeyword.findWebElement(WebUIAbstractKeyword.groovy:27)
	at com.kms.katalon.core.webui.keyword.internal.WebUIAbstractKeyword.findWebElement(WebUIAbstractKeyword.groovy:26)
	at com.kms.katalon.core.webui.keyword.builtin.ClickKeyword$_click_closure1.doCall(ClickKeyword.groovy:68)
	at com.kms.katalon.core.webui.keyword.builtin.ClickKeyword$_click_closure1.call(ClickKeyword.groovy)
	at com.kms.katalon.core.webui.keyword.internal.WebUIKeywordMain.runKeyword(WebUIKeywordMain.groovy:20)
	... 19 more]]></system-err>
      </testcase>
      <testcase name="Test Cases/New regression cases/super moderator - delete review" time="54.014" classname="Test Cases/New regression cases/super moderator - delete review" status="PASSED">
         <system-out><![CDATA[2019-12-04 01:39:51 - [TEST_CASE][PASSED] - Test Cases/New regression cases/super moderator - delete review: Test Cases/New regression cases/super moderator - delete review

2019-12-04 01:39:51 - [TEST_STEP][PASSED] - Start listener action : beforeTestcase: null

2019-12-04 01:39:52 - [TEST_STEP][PASSED] - openBrowser(""): Browser is opened with url: ''

2019-12-04 01:39:52 - [MESSAGE][INFO] - Starting 'Firefox' driver

2019-12-04 01:39:57 - [MESSAGE][PASSED] - Browser is opened with url: ''

2019-12-04 01:39:57 - [TEST_STEP][PASSED] - navigateToUrl("https://qa.thework.life/"): Navigate to 'https://qa.thework.life/' successfully

2019-12-04 01:40:04 - [MESSAGE][PASSED] - Navigate to 'https://qa.thework.life/' successfully

2019-12-04 01:40:04 - [TEST_STEP][PASSED] - setText(findTestObject("Object Repository/moderate1/Page_theworklife - Find Great People To Work With/input_Forgot password_username"), "twl.moderator2@thework.life"): Text 'twl.moderator2@thework.life' is set on object 'Object Repository/moderate1/Page_theworklife - Find Great People To Work With/input_Forgot password_username'

2019-12-04 01:40:04 - [MESSAGE][PASSED] - Text 'twl.moderator2@thework.life' is set on object 'Object Repository/moderate1/Page_theworklife - Find Great People To Work With/input_Forgot password_username'

2019-12-04 01:40:04 - [TEST_STEP][PASSED] - setEncryptedText(findTestObject("Object Repository/moderate1/Page_theworklife - Find Great People To Work With/input_Forgot password_password"), "8PaKxJY1Q9KyHtQHchZ+/brhRmpikEMj"): Text ****** has been set on object 'Object Repository/moderate1/Page_theworklife - Find Great People To Work With/input_Forgot password_password'

2019-12-04 01:40:05 - [MESSAGE][PASSED] - Text ****** has been set on object 'Object Repository/moderate1/Page_theworklife - Find Great People To Work With/input_Forgot password_password'

2019-12-04 01:40:05 - [TEST_STEP][PASSED] - click(findTestObject("Object Repository/moderate1/Page_theworklife - Find Great People To Work With/button_Sign in")): Object: 'Object Repository/moderate1/Page_theworklife - Find Great People To Work With/button_Sign in' is clicked on

2019-12-04 01:40:14 - [MESSAGE][PASSED] - Object: 'Object Repository/moderate1/Page_theworklife - Find Great People To Work With/button_Sign in' is clicked on

2019-12-04 01:40:14 - [TEST_STEP][PASSED] - click(findTestObject("Object Repository/moderate1/Page_Home/a_pending actions")): Object: 'Object Repository/moderate1/Page_Home/a_pending actions' is clicked on

2019-12-04 01:40:18 - [MESSAGE][PASSED] - Object: 'Object Repository/moderate1/Page_Home/a_pending actions' is clicked on

2019-12-04 01:40:18 - [TEST_STEP][PASSED] - click(findTestObject("Object Repository/moderate1/Page_Pending Actions/button_Moderate")): Object: 'Object Repository/moderate1/Page_Pending Actions/button_Moderate' is clicked on

2019-12-04 01:40:18 - [MESSAGE][PASSED] - Object: 'Object Repository/moderate1/Page_Pending Actions/button_Moderate' is clicked on

2019-12-04 01:40:18 - [TEST_STEP][PASSED] - click(findTestObject("Object Repository/moderate1/Page_Pending Actions/button_Keep It")): Object: 'Object Repository/moderate1/Page_Pending Actions/button_Keep It' is clicked on

2019-12-04 01:40:19 - [MESSAGE][PASSED] - Object: 'Object Repository/moderate1/Page_Pending Actions/button_Keep It' is clicked on

2019-12-04 01:40:19 - [TEST_STEP][PASSED] - setText(findTestObject("Object Repository/moderate1/Page_Pending Actions/textarea_i donr fblkfllskhgkhsgkhgksg_txtRemark"), "kgfjajkfsgjkflcbjksgfjsbvklbsjgjsbjbsjkgbvsjkbvjksbvjkbkjbvjksbvjkbsjkbvjskbvksbvksbvkbj"): Text 'kgfjajkfsgjkflcbjksgfjsbvklbsjgjsbjbsjkgbvsjkbvjksbvjkbkjbvjksbvjkbsjkbvjskbvksbvksbvkbj' is set on object 'Object Repository/moderate1/Page_Pending Actions/textarea_i donr fblkfllskhgkhsgkhgksg_txtRemark'

2019-12-04 01:40:19 - [MESSAGE][PASSED] - Text 'kgfjajkfsgjkflcbjksgfjsbvklbsjgjsbjbsjkgbvsjkbvjksbvjkbkjbvjksbvjkbsjkbvjskbvksbvksbvkbj' is set on object 'Object Repository/moderate1/Page_Pending Actions/textarea_i donr fblkfllskhgkhsgkhgksg_txtRemark'

2019-12-04 01:40:19 - [TEST_STEP][PASSED] - click(findTestObject("Object Repository/moderate1/Page_Pending Actions/button_Keep It")): Object: 'Object Repository/moderate1/Page_Pending Actions/button_Keep It' is clicked on

2019-12-04 01:40:20 - [MESSAGE][PASSED] - Object: 'Object Repository/moderate1/Page_Pending Actions/button_Keep It' is clicked on

2019-12-04 01:40:20 - [TEST_STEP][PASSED] - closeBrowser(): Browser is closed

2019-12-04 01:40:22 - [MESSAGE][PASSED] - Browser is closed

2019-12-04 01:40:22 - [TEST_STEP][PASSED] - openBrowser(""): Browser is opened with url: ''

2019-12-04 01:40:22 - [MESSAGE][INFO] - Starting 'Firefox' driver

2019-12-04 01:40:27 - [MESSAGE][PASSED] - Browser is opened with url: ''

2019-12-04 01:40:27 - [TEST_STEP][PASSED] - navigateToUrl("https://qa.thework.life/"): Navigate to 'https://qa.thework.life/' successfully

2019-12-04 01:40:34 - [MESSAGE][PASSED] - Navigate to 'https://qa.thework.life/' successfully

2019-12-04 01:40:34 - [TEST_STEP][PASSED] - setText(findTestObject("Object Repository/supermodetor reveiw/Page_theworklife - Find Great People To Work With/input_Forgot password_username"), "supermoderator@thework.life"): Text 'supermoderator@thework.life' is set on object 'Object Repository/supermodetor reveiw/Page_theworklife - Find Great People To Work With/input_Forgot password_username'

2019-12-04 01:40:35 - [MESSAGE][PASSED] - Text 'supermoderator@thework.life' is set on object 'Object Repository/supermodetor reveiw/Page_theworklife - Find Great People To Work With/input_Forgot password_username'

2019-12-04 01:40:35 - [TEST_STEP][PASSED] - setEncryptedText(findTestObject("Object Repository/supermodetor reveiw/Page_theworklife - Find Great People To Work With/input_Forgot password_password"), "brzxOZY6Pq6zd6YtOOpJEg=="): Text ****** has been set on object 'Object Repository/supermodetor reveiw/Page_theworklife - Find Great People To Work With/input_Forgot password_password'

2019-12-04 01:40:35 - [MESSAGE][PASSED] - Text ****** has been set on object 'Object Repository/supermodetor reveiw/Page_theworklife - Find Great People To Work With/input_Forgot password_password'

2019-12-04 01:40:35 - [TEST_STEP][PASSED] - click(findTestObject("Object Repository/supermodetor reveiw/Page_theworklife - Find Great People To Work With/button_Sign in")): Object: 'Object Repository/supermodetor reveiw/Page_theworklife - Find Great People To Work With/button_Sign in' is clicked on

2019-12-04 01:40:38 - [MESSAGE][PASSED] - Object: 'Object Repository/supermodetor reveiw/Page_theworklife - Find Great People To Work With/button_Sign in' is clicked on

2019-12-04 01:40:38 - [TEST_STEP][PASSED] - click(findTestObject("Object Repository/supermodetor reveiw/Page_Report/button_Verify")): Object: 'Object Repository/supermodetor reveiw/Page_Report/button_Verify' is clicked on

2019-12-04 01:40:38 - [MESSAGE][PASSED] - Object: 'Object Repository/supermodetor reveiw/Page_Report/button_Verify' is clicked on

2019-12-04 01:40:38 - [TEST_STEP][PASSED] - delay(2): Delayed 2 second(s)

2019-12-04 01:40:40 - [MESSAGE][PASSED] - Delayed 2 second(s)

2019-12-04 01:40:40 - [TEST_STEP][PASSED] - setText(findTestObject("Object Repository/supermodetor reveiw/Page_Report/textarea_seems a flag so keeping it_txtRemark"), "i think we should keep the review hwere klsfhklfhklf"): Text 'i think we should keep the review hwere klsfhklfhklf' is set on object 'Object Repository/supermodetor reveiw/Page_Report/textarea_seems a flag so keeping it_txtRemark'

2019-12-04 01:40:41 - [MESSAGE][PASSED] - Text 'i think we should keep the review hwere klsfhklfhklf' is set on object 'Object Repository/supermodetor reveiw/Page_Report/textarea_seems a flag so keeping it_txtRemark'

2019-12-04 01:40:41 - [TEST_STEP][PASSED] - click(findTestObject("supermodetor reveiw/remove")): Object: 'Object Repository/supermodetor reveiw/remove' is clicked on

2019-12-04 01:40:41 - [MESSAGE][PASSED] - Object: 'Object Repository/supermodetor reveiw/remove' is clicked on

2019-12-04 01:40:41 - [TEST_STEP][PASSED] - closeBrowser(): Browser is closed

2019-12-04 01:40:43 - [MESSAGE][PASSED] - Browser is closed

2019-12-04 01:40:43 - [TEST_STEP][PASSED] - Start listener action : afterTestcase: Browser is closed

2019-12-04 01:40:43 - [TEST_STEP][PASSED] - closeBrowser(): Browser is closed

2019-12-04 01:40:43 - [MESSAGE][PASSED] - Browser is closed

2019-12-04 01:40:45 - [TEST_STEP][PASSED] - Video: Video recording for test case 'Test Cases/New regression cases/super moderator - delete review' .

2019-12-04 01:40:45 - [MESSAGE][INFO] - Video recording for test case 'Test Cases/New regression cases/super moderator - delete review' .
[[ATTACHMENT|C:\\Users\\Suraj Kumar\\git\\KatalonBDD\\Reports\\20191204_011934\\Regression\\20191204_011934/videos\\test_21.avi]]]]></system-out>
         <system-err><![CDATA[]]></system-err>
      </testcase>
      <testcase name="Test Cases/New regression cases/super moderator -keep review" time="55.36" classname="Test Cases/New regression cases/super moderator -keep review" status="PASSED">
         <system-out><![CDATA[2019-12-04 01:40:45 - [TEST_CASE][PASSED] - Test Cases/New regression cases/super moderator -keep review: Test Cases/New regression cases/super moderator -keep review

2019-12-04 01:40:45 - [TEST_STEP][PASSED] - Start listener action : beforeTestcase: null

2019-12-04 01:40:46 - [TEST_STEP][PASSED] - openBrowser(""): Browser is opened with url: ''

2019-12-04 01:40:46 - [MESSAGE][INFO] - Starting 'Firefox' driver

2019-12-04 01:40:51 - [MESSAGE][PASSED] - Browser is opened with url: ''

2019-12-04 01:40:51 - [TEST_STEP][PASSED] - navigateToUrl("https://qa.thework.life/"): Navigate to 'https://qa.thework.life/' successfully

2019-12-04 01:40:58 - [MESSAGE][PASSED] - Navigate to 'https://qa.thework.life/' successfully

2019-12-04 01:40:58 - [TEST_STEP][PASSED] - setText(findTestObject("Object Repository/moderate1/Page_theworklife - Find Great People To Work With/input_Forgot password_username"), "twl.moderator2@thework.life"): Text 'twl.moderator2@thework.life' is set on object 'Object Repository/moderate1/Page_theworklife - Find Great People To Work With/input_Forgot password_username'

2019-12-04 01:40:59 - [MESSAGE][PASSED] - Text 'twl.moderator2@thework.life' is set on object 'Object Repository/moderate1/Page_theworklife - Find Great People To Work With/input_Forgot password_username'

2019-12-04 01:40:59 - [TEST_STEP][PASSED] - setEncryptedText(findTestObject("Object Repository/moderate1/Page_theworklife - Find Great People To Work With/input_Forgot password_password"), "8PaKxJY1Q9KyHtQHchZ+/brhRmpikEMj"): Text ****** has been set on object 'Object Repository/moderate1/Page_theworklife - Find Great People To Work With/input_Forgot password_password'

2019-12-04 01:40:59 - [MESSAGE][PASSED] - Text ****** has been set on object 'Object Repository/moderate1/Page_theworklife - Find Great People To Work With/input_Forgot password_password'

2019-12-04 01:40:59 - [TEST_STEP][PASSED] - click(findTestObject("Object Repository/moderate1/Page_theworklife - Find Great People To Work With/button_Sign in")): Object: 'Object Repository/moderate1/Page_theworklife - Find Great People To Work With/button_Sign in' is clicked on

2019-12-04 01:41:08 - [MESSAGE][PASSED] - Object: 'Object Repository/moderate1/Page_theworklife - Find Great People To Work With/button_Sign in' is clicked on

2019-12-04 01:41:08 - [TEST_STEP][PASSED] - click(findTestObject("Object Repository/moderate1/Page_Home/a_pending actions")): Object: 'Object Repository/moderate1/Page_Home/a_pending actions' is clicked on

2019-12-04 01:41:12 - [MESSAGE][PASSED] - Object: 'Object Repository/moderate1/Page_Home/a_pending actions' is clicked on

2019-12-04 01:41:12 - [TEST_STEP][PASSED] - click(findTestObject("Object Repository/moderate1/Page_Pending Actions/button_Moderate")): Object: 'Object Repository/moderate1/Page_Pending Actions/button_Moderate' is clicked on

2019-12-04 01:41:13 - [MESSAGE][PASSED] - Object: 'Object Repository/moderate1/Page_Pending Actions/button_Moderate' is clicked on

2019-12-04 01:41:13 - [TEST_STEP][PASSED] - click(findTestObject("Object Repository/moderate1/Page_Pending Actions/button_Keep It")): Object: 'Object Repository/moderate1/Page_Pending Actions/button_Keep It' is clicked on

2019-12-04 01:41:14 - [MESSAGE][PASSED] - Object: 'Object Repository/moderate1/Page_Pending Actions/button_Keep It' is clicked on

2019-12-04 01:41:14 - [TEST_STEP][PASSED] - setText(findTestObject("Object Repository/moderate1/Page_Pending Actions/textarea_i donr fblkfllskhgkhsgkhgksg_txtRemark"), "kgfjajkfsgjkflcbjksgfjsbvklbsjgjsbjbsjkgbvsjkbvjksbvjkbkjbvjksbvjkbsjkbvjskbvksbvksbvkbj"): Text 'kgfjajkfsgjkflcbjksgfjsbvklbsjgjsbjbsjkgbvsjkbvjksbvjkbkjbvjksbvjkbsjkbvjskbvksbvksbvkbj' is set on object 'Object Repository/moderate1/Page_Pending Actions/textarea_i donr fblkfllskhgkhsgkhgksg_txtRemark'

2019-12-04 01:41:14 - [MESSAGE][PASSED] - Text 'kgfjajkfsgjkflcbjksgfjsbvklbsjgjsbjbsjkgbvsjkbvjksbvjkbkjbvjksbvjkbsjkbvjskbvksbvksbvkbj' is set on object 'Object Repository/moderate1/Page_Pending Actions/textarea_i donr fblkfllskhgkhsgkhgksg_txtRemark'

2019-12-04 01:41:14 - [TEST_STEP][PASSED] - click(findTestObject("Object Repository/moderate1/Page_Pending Actions/button_Keep It")): Object: 'Object Repository/moderate1/Page_Pending Actions/button_Keep It' is clicked on

2019-12-04 01:41:15 - [MESSAGE][PASSED] - Object: 'Object Repository/moderate1/Page_Pending Actions/button_Keep It' is clicked on

2019-12-04 01:41:15 - [TEST_STEP][PASSED] - closeBrowser(): Browser is closed

2019-12-04 01:41:17 - [MESSAGE][PASSED] - Browser is closed

2019-12-04 01:41:17 - [TEST_STEP][PASSED] - openBrowser(""): Browser is opened with url: ''

2019-12-04 01:41:17 - [MESSAGE][INFO] - Starting 'Firefox' driver

2019-12-04 01:41:22 - [MESSAGE][PASSED] - Browser is opened with url: ''

2019-12-04 01:41:22 - [TEST_STEP][PASSED] - navigateToUrl("https://qa.thework.life/"): Navigate to 'https://qa.thework.life/' successfully

2019-12-04 01:41:29 - [MESSAGE][PASSED] - Navigate to 'https://qa.thework.life/' successfully

2019-12-04 01:41:29 - [TEST_STEP][PASSED] - setText(findTestObject("Object Repository/supermodetor reveiw/Page_theworklife - Find Great People To Work With/input_Forgot password_username"), "supermoderator@thework.life"): Text 'supermoderator@thework.life' is set on object 'Object Repository/supermodetor reveiw/Page_theworklife - Find Great People To Work With/input_Forgot password_username'

2019-12-04 01:41:29 - [MESSAGE][PASSED] - Text 'supermoderator@thework.life' is set on object 'Object Repository/supermodetor reveiw/Page_theworklife - Find Great People To Work With/input_Forgot password_username'

2019-12-04 01:41:29 - [TEST_STEP][PASSED] - setEncryptedText(findTestObject("Object Repository/supermodetor reveiw/Page_theworklife - Find Great People To Work With/input_Forgot password_password"), "brzxOZY6Pq6zd6YtOOpJEg=="): Text ****** has been set on object 'Object Repository/supermodetor reveiw/Page_theworklife - Find Great People To Work With/input_Forgot password_password'

2019-12-04 01:41:30 - [MESSAGE][PASSED] - Text ****** has been set on object 'Object Repository/supermodetor reveiw/Page_theworklife - Find Great People To Work With/input_Forgot password_password'

2019-12-04 01:41:30 - [TEST_STEP][PASSED] - click(findTestObject("Object Repository/supermodetor reveiw/Page_theworklife - Find Great People To Work With/button_Sign in")): Object: 'Object Repository/supermodetor reveiw/Page_theworklife - Find Great People To Work With/button_Sign in' is clicked on

2019-12-04 01:41:32 - [MESSAGE][PASSED] - Object: 'Object Repository/supermodetor reveiw/Page_theworklife - Find Great People To Work With/button_Sign in' is clicked on

2019-12-04 01:41:32 - [TEST_STEP][PASSED] - click(findTestObject("Object Repository/supermodetor reveiw/Page_Report/button_Verify")): Object: 'Object Repository/supermodetor reveiw/Page_Report/button_Verify' is clicked on

2019-12-04 01:41:33 - [MESSAGE][PASSED] - Object: 'Object Repository/supermodetor reveiw/Page_Report/button_Verify' is clicked on

2019-12-04 01:41:33 - [TEST_STEP][PASSED] - delay(3): Delayed 3 second(s)

2019-12-04 01:41:36 - [MESSAGE][PASSED] - Delayed 3 second(s)

2019-12-04 01:41:36 - [TEST_STEP][PASSED] - setText(findTestObject("Object Repository/supermodetor reveiw/Page_Report/textarea_seems a flag so keeping it_txtRemark"), "i think we should keep the review hwere klsfhklfhklf"): Text 'i think we should keep the review hwere klsfhklfhklf' is set on object 'Object Repository/supermodetor reveiw/Page_Report/textarea_seems a flag so keeping it_txtRemark'

2019-12-04 01:41:36 - [MESSAGE][PASSED] - Text 'i think we should keep the review hwere klsfhklfhklf' is set on object 'Object Repository/supermodetor reveiw/Page_Report/textarea_seems a flag so keeping it_txtRemark'

2019-12-04 01:41:36 - [TEST_STEP][PASSED] - click(findTestObject("Object Repository/supermodetor reveiw/Page_Report/button_Keep It")): Object: 'Object Repository/supermodetor reveiw/Page_Report/button_Keep It' is clicked on

2019-12-04 01:41:37 - [MESSAGE][PASSED] - Object: 'Object Repository/supermodetor reveiw/Page_Report/button_Keep It' is clicked on

2019-12-04 01:41:37 - [TEST_STEP][PASSED] - closeBrowser(): Browser is closed

2019-12-04 01:41:39 - [MESSAGE][PASSED] - Browser is closed

2019-12-04 01:41:39 - [TEST_STEP][PASSED] - Start listener action : afterTestcase: Browser is closed

2019-12-04 01:41:39 - [TEST_STEP][PASSED] - closeBrowser(): Browser is closed

2019-12-04 01:41:39 - [MESSAGE][PASSED] - Browser is closed

2019-12-04 01:41:41 - [TEST_STEP][PASSED] - Video: Video recording for test case 'Test Cases/New regression cases/super moderator -keep review' .

2019-12-04 01:41:41 - [MESSAGE][INFO] - Video recording for test case 'Test Cases/New regression cases/super moderator -keep review' .
[[ATTACHMENT|C:\\Users\\Suraj Kumar\\git\\KatalonBDD\\Reports\\20191204_011934\\Regression\\20191204_011934/videos\\test_22.avi]]]]></system-out>
         <system-err><![CDATA[]]></system-err>
      </testcase>
      <testcase name="Test Cases/New regression cases/Verification failure" time="65.456" classname="Test Cases/New regression cases/Verification failure" status="PASSED">
         <system-out><![CDATA[2019-12-04 01:41:41 - [TEST_CASE][PASSED] - Test Cases/New regression cases/Verification failure: Test Cases/New regression cases/Verification failure

2019-12-04 01:41:41 - [TEST_STEP][PASSED] - Start listener action : beforeTestcase: null

2019-12-04 01:41:41 - [TEST_STEP][PASSED] - openBrowser(""): Browser is opened with url: ''

2019-12-04 01:41:41 - [MESSAGE][INFO] - Starting 'Firefox' driver

2019-12-04 01:41:46 - [MESSAGE][PASSED] - Browser is opened with url: ''

2019-12-04 01:41:46 - [TEST_STEP][PASSED] - navigateToUrl("https://qa.thework.life/"): Navigate to 'https://qa.thework.life/' successfully

2019-12-04 01:41:53 - [MESSAGE][PASSED] - Navigate to 'https://qa.thework.life/' successfully

2019-12-04 01:41:53 - [TEST_STEP][PASSED] - setText(findTestObject("Object Repository/verification fail/Page_theworklife - Find Great People To Work With/input_Forgot password_username"), "testverification1@thework.life"): Text 'testverification1@thework.life' is set on object 'Object Repository/verification fail/Page_theworklife - Find Great People To Work With/input_Forgot password_username'

2019-12-04 01:41:54 - [MESSAGE][PASSED] - Text 'testverification1@thework.life' is set on object 'Object Repository/verification fail/Page_theworklife - Find Great People To Work With/input_Forgot password_username'

2019-12-04 01:41:54 - [TEST_STEP][PASSED] - setEncryptedText(findTestObject("Object Repository/verification fail/Page_theworklife - Find Great People To Work With/input_Forgot password_password"), "JgOuj8sM3IgE5J2WfVow4w=="): Text ****** has been set on object 'Object Repository/verification fail/Page_theworklife - Find Great People To Work With/input_Forgot password_password'

2019-12-04 01:41:54 - [MESSAGE][PASSED] - Text ****** has been set on object 'Object Repository/verification fail/Page_theworklife - Find Great People To Work With/input_Forgot password_password'

2019-12-04 01:41:54 - [TEST_STEP][PASSED] - click(findTestObject("Object Repository/verification fail/Page_theworklife - Find Great People To Work With/button_Sign in")): Object: 'Object Repository/verification fail/Page_theworklife - Find Great People To Work With/button_Sign in' is clicked on

2019-12-04 01:41:58 - [MESSAGE][PASSED] - Object: 'Object Repository/verification fail/Page_theworklife - Find Great People To Work With/button_Sign in' is clicked on

2019-12-04 01:41:58 - [TEST_STEP][PASSED] - click(findTestObject("Object Repository/verification fail/Page_Verify Facebook User/span")): Object: 'Object Repository/verification fail/Page_Verify Facebook User/span' is clicked on

2019-12-04 01:41:58 - [MESSAGE][PASSED] - Object: 'Object Repository/verification fail/Page_Verify Facebook User/span' is clicked on

2019-12-04 01:41:58 - [TEST_STEP][PASSED] - setText(findTestObject("Object Repository/verification fail/Page_Verify Facebook User/input_Verification Link_fb_verificationLink"), "https://www.linkedin.com/in/naya-suraj-428992197/"): Text 'https://www.linkedin.com/in/naya-suraj-428992197/' is set on object 'Object Repository/verification fail/Page_Verify Facebook User/input_Verification Link_fb_verificationLink'

2019-12-04 01:41:59 - [MESSAGE][PASSED] - Text 'https://www.linkedin.com/in/naya-suraj-428992197/' is set on object 'Object Repository/verification fail/Page_Verify Facebook User/input_Verification Link_fb_verificationLink'

2019-12-04 01:41:59 - [TEST_STEP][PASSED] - setText(findTestObject("Object Repository/verification fail/Page_Verify Facebook User/input_Verification Code_v_Code"), "12345"): Text '12345' is set on object 'Object Repository/verification fail/Page_Verify Facebook User/input_Verification Code_v_Code'

2019-12-04 01:41:59 - [MESSAGE][PASSED] - Text '12345' is set on object 'Object Repository/verification fail/Page_Verify Facebook User/input_Verification Code_v_Code'

2019-12-04 01:41:59 - [TEST_STEP][PASSED] - click(findTestObject("Object Repository/verification fail/Page_Verify Facebook User/button_Submit")): Object: 'Object Repository/verification fail/Page_Verify Facebook User/button_Submit' is clicked on

2019-12-04 01:42:01 - [MESSAGE][PASSED] - Object: 'Object Repository/verification fail/Page_Verify Facebook User/button_Submit' is clicked on

2019-12-04 01:42:01 - [TEST_STEP][PASSED] - click(findTestObject("Object Repository/verification fail/Page_Verify Facebook User/a_Logout")): Object: 'Object Repository/verification fail/Page_Verify Facebook User/a_Logout' is clicked on

2019-12-04 01:42:04 - [MESSAGE][PASSED] - Object: 'Object Repository/verification fail/Page_Verify Facebook User/a_Logout' is clicked on

2019-12-04 01:42:04 - [TEST_STEP][PASSED] - setText(findTestObject("Object Repository/verification fail/Page_theworklife - Find Great People To Work With/input_Forgot password_username"), "newsuraj10001@gmail.com"): Text 'newsuraj10001@gmail.com' is set on object 'Object Repository/verification fail/Page_theworklife - Find Great People To Work With/input_Forgot password_username'

2019-12-04 01:42:04 - [MESSAGE][PASSED] - Text 'newsuraj10001@gmail.com' is set on object 'Object Repository/verification fail/Page_theworklife - Find Great People To Work With/input_Forgot password_username'

2019-12-04 01:42:04 - [TEST_STEP][PASSED] - setEncryptedText(findTestObject("Object Repository/verification fail/Page_theworklife - Find Great People To Work With/input_Forgot password_password"), "cvW8qx4B2o3F4VwP/kNsqA=="): Text ****** has been set on object 'Object Repository/verification fail/Page_theworklife - Find Great People To Work With/input_Forgot password_password'

2019-12-04 01:42:05 - [MESSAGE][PASSED] - Text ****** has been set on object 'Object Repository/verification fail/Page_theworklife - Find Great People To Work With/input_Forgot password_password'

2019-12-04 01:42:05 - [TEST_STEP][PASSED] - click(findTestObject("Object Repository/verification fail/Page_theworklife - Find Great People To Work With/button_Sign in")): Object: 'Object Repository/verification fail/Page_theworklife - Find Great People To Work With/button_Sign in' is clicked on

2019-12-04 01:42:11 - [MESSAGE][PASSED] - Object: 'Object Repository/verification fail/Page_theworklife - Find Great People To Work With/button_Sign in' is clicked on

2019-12-04 01:42:11 - [TEST_STEP][PASSED] - click(findTestObject("Object Repository/verification fail/Page_Home/button_No connection requests available_btn dropdown-toggle")): Object: 'Object Repository/verification fail/Page_Home/button_No connection requests available_btn dropdown-toggle' is clicked on

2019-12-04 01:42:12 - [MESSAGE][PASSED] - Object: 'Object Repository/verification fail/Page_Home/button_No connection requests available_btn dropdown-toggle' is clicked on

2019-12-04 01:42:12 - [TEST_STEP][PASSED] - click(findTestObject("Object Repository/verification fail/Page_Home/a_View all")): Object: 'Object Repository/verification fail/Page_Home/a_View all' is clicked on

2019-12-04 01:42:12 - [MESSAGE][ERROR] - TypeError: rect is undefined
Build info: version: '3.141.59', revision: 'e82be7d358', time: '2018-11-14T08:25:53'
System info: host: 'PUN-IT000636', ip: '192.168.43.182', os.name: 'Windows 10', os.arch: 'amd64', os.version: '10.0', java.version: '1.8.0_181'
Driver info: com.kms.katalon.core.webui.driver.firefox.CGeckoDriver
Capabilities {acceptInsecureCerts: true, browserName: firefox, browserVersion: 69.0.3, javascriptEnabled: true, moz:accessibilityChecks: false, moz:buildID: 20191009172106, moz:geckodriverVersion: 0.23.0, moz:headless: false, moz:processID: 17768, moz:profile: C:\Users\Suraj Kumar\AppDat..., moz:shutdownTimeout: 60000, moz:useNonSpecCompliantPointerOrigin: false, moz:webdriverClick: true, pageLoadStrategy: normal, platform: WINDOWS, platformName: WINDOWS, platformVersion: 10.0, proxy: Proxy(direct), rotatable: false, setWindowRect: true, strictFileInteractability: false, timeouts: {implicit: 0, pageLoad: 300000, script: 30000}, unhandledPromptBehavior: dismiss and notify}
Session ID: 8aeff9cf-649e-4a8a-ab83-334e18afe978

2019-12-04 01:42:42 - [MESSAGE][ERROR] - TypeError: rect is undefined
Build info: version: '3.141.59', revision: 'e82be7d358', time: '2018-11-14T08:25:53'
System info: host: 'PUN-IT000636', ip: '192.168.43.182', os.name: 'Windows 10', os.arch: 'amd64', os.version: '10.0', java.version: '1.8.0_181'
Driver info: com.kms.katalon.core.webui.driver.firefox.CGeckoDriver
Capabilities {acceptInsecureCerts: true, browserName: firefox, browserVersion: 69.0.3, javascriptEnabled: true, moz:accessibilityChecks: false, moz:buildID: 20191009172106, moz:geckodriverVersion: 0.23.0, moz:headless: false, moz:processID: 17768, moz:profile: C:\Users\Suraj Kumar\AppDat..., moz:shutdownTimeout: 60000, moz:useNonSpecCompliantPointerOrigin: false, moz:webdriverClick: true, pageLoadStrategy: normal, platform: WINDOWS, platformName: WINDOWS, platformVersion: 10.0, proxy: Proxy(direct), rotatable: false, setWindowRect: true, strictFileInteractability: false, timeouts: {implicit: 0, pageLoad: 300000, script: 30000}, unhandledPromptBehavior: dismiss and notify}
Session ID: 8aeff9cf-649e-4a8a-ab83-334e18afe978

2019-12-04 01:42:43 - [MESSAGE][PASSED] - Object: 'Object Repository/verification fail/Page_Home/a_View all' is clicked on

2019-12-04 01:42:43 - [TEST_STEP][PASSED] - closeBrowser(): Browser is closed

2019-12-04 01:42:44 - [MESSAGE][PASSED] - Browser is closed

2019-12-04 01:42:44 - [TEST_STEP][PASSED] - Start listener action : afterTestcase: Browser is closed

2019-12-04 01:42:44 - [TEST_STEP][PASSED] - closeBrowser(): Browser is closed

2019-12-04 01:42:44 - [MESSAGE][PASSED] - Browser is closed

2019-12-04 01:42:46 - [TEST_STEP][PASSED] - Video: Video recording for test case 'Test Cases/New regression cases/Verification failure' .

2019-12-04 01:42:46 - [MESSAGE][INFO] - Video recording for test case 'Test Cases/New regression cases/Verification failure' .
[[ATTACHMENT|C:\\Users\\Suraj Kumar\\git\\KatalonBDD\\Reports\\20191204_011934\\Regression\\20191204_011934/videos\\test_23.avi]]]]></system-out>
         <system-err><![CDATA[]]></system-err>
      </testcase>
      <testcase name="Test Cases/New regression cases/verify PYMK" time="18.734" classname="Test Cases/New regression cases/verify PYMK" status="FAILED">
         <failure type="FAILED" message="Test Cases/New regression cases/verify PYMK FAILED.
Reason:
com.kms.katalon.core.exception.StepFailedException: Unable to verify text 'PEOPLE YOU MAY KNOW' is present  using regular expression
	at com.kms.katalon.core.webui.keyword.internal.WebUIKeywordMain.stepFailed(WebUIKeywordMain.groovy:64)
	at com.kms.katalon.core.webui.keyword.internal.WebUIKeywordMain.runKeyword(WebUIKeywordMain.groovy:26)
	at com.kms.katalon.core.webui.keyword.builtin.VerifyTextPresentKeyword.verifyTextPresent(VerifyTextPresentKeyword.groovy:83)
	at com.kms.katalon.core.webui.keyword.builtin.VerifyTextPresentKeyword.execute(VerifyTextPresentKeyword.groovy:68)
	at com.kms.katalon.core.keyword.internal.KeywordExecutor.executeKeywordForPlatform(KeywordExecutor.groovy:60)
	at com.kms.katalon.core.webui.keyword.WebUiBuiltInKeywords.verifyTextPresent(WebUiBuiltInKeywords.groovy:1693)
	at com.kms.katalon.core.webui.keyword.WebUiBuiltInKeywords$verifyTextPresent$7.call(Unknown Source)
	at verify PYMK.run(verify PYMK:27)
	at com.kms.katalon.core.main.ScriptEngine.run(ScriptEngine.java:194)
	at com.kms.katalon.core.main.ScriptEngine.runScriptAsRawText(ScriptEngine.java:119)
	at com.kms.katalon.core.main.TestCaseExecutor.runScript(TestCaseExecutor.java:337)
	at com.kms.katalon.core.main.TestCaseExecutor.doExecute(TestCaseExecutor.java:328)
	at com.kms.katalon.core.main.TestCaseExecutor.processExecutionPhase(TestCaseExecutor.java:307)
	at com.kms.katalon.core.main.TestCaseExecutor.accessMainPhase(TestCaseExecutor.java:299)
	at com.kms.katalon.core.main.TestCaseExecutor.execute(TestCaseExecutor.java:233)
	at com.kms.katalon.core.main.TestSuiteExecutor.accessTestCaseMainPhase(TestSuiteExecutor.java:169)
	at com.kms.katalon.core.main.TestSuiteExecutor.accessTestSuiteMainPhase(TestSuiteExecutor.java:142)
	at com.kms.katalon.core.main.TestSuiteExecutor.execute(TestSuiteExecutor.java:91)
	at com.kms.katalon.core.main.TestCaseMain.startTestSuite(TestCaseMain.java:157)
	at com.kms.katalon.core.main.TestCaseMain$startTestSuite$0.call(Unknown Source)
	at TempTestSuite1575402574161.run(TempTestSuite1575402574161.groovy:36)
Caused by: com.kms.katalon.core.exception.StepFailedException: Text 'PEOPLE YOU MAY KNOW' is not present on page  using regular expression
	at com.kms.katalon.core.webui.keyword.internal.WebUIKeywordMain.stepFailed(WebUIKeywordMain.groovy:64)
	at com.kms.katalon.core.webui.keyword.builtin.VerifyTextPresentKeyword$_verifyTextPresent_closure1.doCall(VerifyTextPresentKeyword.groovy:79)
	at com.kms.katalon.core.webui.keyword.builtin.VerifyTextPresentKeyword$_verifyTextPresent_closure1.call(VerifyTextPresentKeyword.groovy)
	at com.kms.katalon.core.webui.keyword.internal.WebUIKeywordMain.runKeyword(WebUIKeywordMain.groovy:20)
	... 19 more
"/>
         <system-out><![CDATA[2019-12-04 01:42:46 - [TEST_CASE][FAILED] - Test Cases/New regression cases/verify PYMK: Test Cases/New regression cases/verify PYMK FAILED.
Reason:
com.kms.katalon.core.exception.StepFailedException: Unable to verify text 'PEOPLE YOU MAY KNOW' is present  using regular expression
	at com.kms.katalon.core.webui.keyword.internal.WebUIKeywordMain.stepFailed(WebUIKeywordMain.groovy:64)
	at com.kms.katalon.core.webui.keyword.internal.WebUIKeywordMain.runKeyword(WebUIKeywordMain.groovy:26)
	at com.kms.katalon.core.webui.keyword.builtin.VerifyTextPresentKeyword.verifyTextPresent(VerifyTextPresentKeyword.groovy:83)
	at com.kms.katalon.core.webui.keyword.builtin.VerifyTextPresentKeyword.execute(VerifyTextPresentKeyword.groovy:68)
	at com.kms.katalon.core.keyword.internal.KeywordExecutor.executeKeywordForPlatform(KeywordExecutor.groovy:60)
	at com.kms.katalon.core.webui.keyword.WebUiBuiltInKeywords.verifyTextPresent(WebUiBuiltInKeywords.groovy:1693)
	at com.kms.katalon.core.webui.keyword.WebUiBuiltInKeywords$verifyTextPresent$7.call(Unknown Source)
	at verify PYMK.run(verify PYMK:27)
	at com.kms.katalon.core.main.ScriptEngine.run(ScriptEngine.java:194)
	at com.kms.katalon.core.main.ScriptEngine.runScriptAsRawText(ScriptEngine.java:119)
	at com.kms.katalon.core.main.TestCaseExecutor.runScript(TestCaseExecutor.java:337)
	at com.kms.katalon.core.main.TestCaseExecutor.doExecute(TestCaseExecutor.java:328)
	at com.kms.katalon.core.main.TestCaseExecutor.processExecutionPhase(TestCaseExecutor.java:307)
	at com.kms.katalon.core.main.TestCaseExecutor.accessMainPhase(TestCaseExecutor.java:299)
	at com.kms.katalon.core.main.TestCaseExecutor.execute(TestCaseExecutor.java:233)
	at com.kms.katalon.core.main.TestSuiteExecutor.accessTestCaseMainPhase(TestSuiteExecutor.java:169)
	at com.kms.katalon.core.main.TestSuiteExecutor.accessTestSuiteMainPhase(TestSuiteExecutor.java:142)
	at com.kms.katalon.core.main.TestSuiteExecutor.execute(TestSuiteExecutor.java:91)
	at com.kms.katalon.core.main.TestCaseMain.startTestSuite(TestCaseMain.java:157)
	at com.kms.katalon.core.main.TestCaseMain$startTestSuite$0.call(Unknown Source)
	at TempTestSuite1575402574161.run(TempTestSuite1575402574161.groovy:36)
Caused by: com.kms.katalon.core.exception.StepFailedException: Text 'PEOPLE YOU MAY KNOW' is not present on page  using regular expression
	at com.kms.katalon.core.webui.keyword.internal.WebUIKeywordMain.stepFailed(WebUIKeywordMain.groovy:64)
	at com.kms.katalon.core.webui.keyword.builtin.VerifyTextPresentKeyword$_verifyTextPresent_closure1.doCall(VerifyTextPresentKeyword.groovy:79)
	at com.kms.katalon.core.webui.keyword.builtin.VerifyTextPresentKeyword$_verifyTextPresent_closure1.call(VerifyTextPresentKeyword.groovy)
	at com.kms.katalon.core.webui.keyword.internal.WebUIKeywordMain.runKeyword(WebUIKeywordMain.groovy:20)
	... 19 more


2019-12-04 01:42:46 - [TEST_STEP][PASSED] - Start listener action : beforeTestcase: null

2019-12-04 01:42:47 - [TEST_STEP][PASSED] - openBrowser(""): Browser is opened with url: ''

2019-12-04 01:42:47 - [MESSAGE][INFO] - Starting 'Firefox' driver

2019-12-04 01:42:52 - [MESSAGE][PASSED] - Browser is opened with url: ''

2019-12-04 01:42:52 - [TEST_STEP][PASSED] - navigateToUrl("https://qa.thework.life/"): Navigate to 'https://qa.thework.life/' successfully

2019-12-04 01:42:59 - [MESSAGE][PASSED] - Navigate to 'https://qa.thework.life/' successfully

2019-12-04 01:42:59 - [TEST_STEP][PASSED] - setText(findTestObject("Object Repository/PYMK/Page_theworklife - Find Great People To Work With/input_Forgot password_username"), "worklifetest10001@gmail.com"): Text 'worklifetest10001@gmail.com' is set on object 'Object Repository/PYMK/Page_theworklife - Find Great People To Work With/input_Forgot password_username'

2019-12-04 01:43:00 - [MESSAGE][PASSED] - Text 'worklifetest10001@gmail.com' is set on object 'Object Repository/PYMK/Page_theworklife - Find Great People To Work With/input_Forgot password_username'

2019-12-04 01:43:00 - [TEST_STEP][PASSED] - setEncryptedText(findTestObject("Object Repository/PYMK/Page_theworklife - Find Great People To Work With/input_Forgot password_password"), "XU9cBalmEBp1UP+jEU2w4UUBUuNgBY4U"): Text ****** has been set on object 'Object Repository/PYMK/Page_theworklife - Find Great People To Work With/input_Forgot password_password'

2019-12-04 01:43:00 - [MESSAGE][PASSED] - Text ****** has been set on object 'Object Repository/PYMK/Page_theworklife - Find Great People To Work With/input_Forgot password_password'

2019-12-04 01:43:00 - [TEST_STEP][FAILED] - verifyTextPresent("PEOPLE YOU MAY KNOW", true): Unable to verify text 'PEOPLE YOU MAY KNOW' is present  using regular expression (Root cause: com.kms.katalon.core.exception.StepFailedException: Unable to verify text 'PEOPLE YOU MAY KNOW' is present  using regular expression
	at com.kms.katalon.core.webui.keyword.internal.WebUIKeywordMain.stepFailed(WebUIKeywordMain.groovy:64)
	at com.kms.katalon.core.webui.keyword.internal.WebUIKeywordMain.runKeyword(WebUIKeywordMain.groovy:26)
	at com.kms.katalon.core.webui.keyword.builtin.VerifyTextPresentKeyword.verifyTextPresent(VerifyTextPresentKeyword.groovy:83)
	at com.kms.katalon.core.webui.keyword.builtin.VerifyTextPresentKeyword.execute(VerifyTextPresentKeyword.groovy:68)
	at com.kms.katalon.core.keyword.internal.KeywordExecutor.executeKeywordForPlatform(KeywordExecutor.groovy:60)
	at com.kms.katalon.core.webui.keyword.WebUiBuiltInKeywords.verifyTextPresent(WebUiBuiltInKeywords.groovy:1693)
	at com.kms.katalon.core.webui.keyword.WebUiBuiltInKeywords$verifyTextPresent$7.call(Unknown Source)
	at verify PYMK.run(verify PYMK:27)
	at com.kms.katalon.core.main.ScriptEngine.run(ScriptEngine.java:194)
	at com.kms.katalon.core.main.ScriptEngine.runScriptAsRawText(ScriptEngine.java:119)
	at com.kms.katalon.core.main.TestCaseExecutor.runScript(TestCaseExecutor.java:337)
	at com.kms.katalon.core.main.TestCaseExecutor.doExecute(TestCaseExecutor.java:328)
	at com.kms.katalon.core.main.TestCaseExecutor.processExecutionPhase(TestCaseExecutor.java:307)
	at com.kms.katalon.core.main.TestCaseExecutor.accessMainPhase(TestCaseExecutor.java:299)
	at com.kms.katalon.core.main.TestCaseExecutor.execute(TestCaseExecutor.java:233)
	at com.kms.katalon.core.main.TestSuiteExecutor.accessTestCaseMainPhase(TestSuiteExecutor.java:169)
	at com.kms.katalon.core.main.TestSuiteExecutor.accessTestSuiteMainPhase(TestSuiteExecutor.java:142)
	at com.kms.katalon.core.main.TestSuiteExecutor.execute(TestSuiteExecutor.java:91)
	at com.kms.katalon.core.main.TestCaseMain.startTestSuite(TestCaseMain.java:157)
	at com.kms.katalon.core.main.TestCaseMain$startTestSuite$0.call(Unknown Source)
	at TempTestSuite1575402574161.run(TempTestSuite1575402574161.groovy:36)
Caused by: com.kms.katalon.core.exception.StepFailedException: Text 'PEOPLE YOU MAY KNOW' is not present on page  using regular expression
	at com.kms.katalon.core.webui.keyword.internal.WebUIKeywordMain.stepFailed(WebUIKeywordMain.groovy:64)
	at com.kms.katalon.core.webui.keyword.builtin.VerifyTextPresentKeyword$_verifyTextPresent_closure1.doCall(VerifyTextPresentKeyword.groovy:79)
	at com.kms.katalon.core.webui.keyword.builtin.VerifyTextPresentKeyword$_verifyTextPresent_closure1.call(VerifyTextPresentKeyword.groovy)
	at com.kms.katalon.core.webui.keyword.internal.WebUIKeywordMain.runKeyword(WebUIKeywordMain.groovy:20)
	... 19 more
)

2019-12-04 01:43:01 - [MESSAGE][FAILED] - Text 'PEOPLE YOU MAY KNOW' is not present on page  using regular expression (Root cause: com.kms.katalon.core.exception.StepFailedException: Text 'PEOPLE YOU MAY KNOW' is not present on page  using regular expression
	at com.kms.katalon.core.webui.keyword.internal.WebUIKeywordMain.stepFailed(WebUIKeywordMain.groovy:64)
	at com.kms.katalon.core.webui.keyword.builtin.VerifyTextPresentKeyword$_verifyTextPresent_closure1.doCall(VerifyTextPresentKeyword.groovy:79)
	at com.kms.katalon.core.webui.keyword.builtin.VerifyTextPresentKeyword$_verifyTextPresent_closure1.call(VerifyTextPresentKeyword.groovy)
	at com.kms.katalon.core.webui.keyword.internal.WebUIKeywordMain.runKeyword(WebUIKeywordMain.groovy:20)
	at com.kms.katalon.core.webui.keyword.builtin.VerifyTextPresentKeyword.verifyTextPresent(VerifyTextPresentKeyword.groovy:83)
	at com.kms.katalon.core.webui.keyword.builtin.VerifyTextPresentKeyword.execute(VerifyTextPresentKeyword.groovy:68)
	at com.kms.katalon.core.keyword.internal.KeywordExecutor.executeKeywordForPlatform(KeywordExecutor.groovy:60)
	at com.kms.katalon.core.webui.keyword.WebUiBuiltInKeywords.verifyTextPresent(WebUiBuiltInKeywords.groovy:1693)
	at com.kms.katalon.core.webui.keyword.WebUiBuiltInKeywords$verifyTextPresent$7.call(Unknown Source)
	at verify PYMK.run(verify PYMK:27)
	at com.kms.katalon.core.main.ScriptEngine.run(ScriptEngine.java:194)
	at com.kms.katalon.core.main.ScriptEngine.runScriptAsRawText(ScriptEngine.java:119)
	at com.kms.katalon.core.main.TestCaseExecutor.runScript(TestCaseExecutor.java:337)
	at com.kms.katalon.core.main.TestCaseExecutor.doExecute(TestCaseExecutor.java:328)
	at com.kms.katalon.core.main.TestCaseExecutor.processExecutionPhase(TestCaseExecutor.java:307)
	at com.kms.katalon.core.main.TestCaseExecutor.accessMainPhase(TestCaseExecutor.java:299)
	at com.kms.katalon.core.main.TestCaseExecutor.execute(TestCaseExecutor.java:233)
	at com.kms.katalon.core.main.TestSuiteExecutor.accessTestCaseMainPhase(TestSuiteExecutor.java:169)
	at com.kms.katalon.core.main.TestSuiteExecutor.accessTestSuiteMainPhase(TestSuiteExecutor.java:142)
	at com.kms.katalon.core.main.TestSuiteExecutor.execute(TestSuiteExecutor.java:91)
	at com.kms.katalon.core.main.TestCaseMain.startTestSuite(TestCaseMain.java:157)
	at com.kms.katalon.core.main.TestCaseMain$startTestSuite$0.call(Unknown Source)
	at TempTestSuite1575402574161.run(TempTestSuite1575402574161.groovy:36)
)

2019-12-04 01:43:01 - [MESSAGE][FAILED] - Unable to verify text 'PEOPLE YOU MAY KNOW' is present  using regular expression (Root cause: com.kms.katalon.core.exception.StepFailedException: Unable to verify text 'PEOPLE YOU MAY KNOW' is present  using regular expression
	at com.kms.katalon.core.webui.keyword.internal.WebUIKeywordMain.stepFailed(WebUIKeywordMain.groovy:64)
	at com.kms.katalon.core.webui.keyword.internal.WebUIKeywordMain.runKeyword(WebUIKeywordMain.groovy:26)
	at com.kms.katalon.core.webui.keyword.builtin.VerifyTextPresentKeyword.verifyTextPresent(VerifyTextPresentKeyword.groovy:83)
	at com.kms.katalon.core.webui.keyword.builtin.VerifyTextPresentKeyword.execute(VerifyTextPresentKeyword.groovy:68)
	at com.kms.katalon.core.keyword.internal.KeywordExecutor.executeKeywordForPlatform(KeywordExecutor.groovy:60)
	at com.kms.katalon.core.webui.keyword.WebUiBuiltInKeywords.verifyTextPresent(WebUiBuiltInKeywords.groovy:1693)
	at com.kms.katalon.core.webui.keyword.WebUiBuiltInKeywords$verifyTextPresent$7.call(Unknown Source)
	at verify PYMK.run(verify PYMK:27)
	at com.kms.katalon.core.main.ScriptEngine.run(ScriptEngine.java:194)
	at com.kms.katalon.core.main.ScriptEngine.runScriptAsRawText(ScriptEngine.java:119)
	at com.kms.katalon.core.main.TestCaseExecutor.runScript(TestCaseExecutor.java:337)
	at com.kms.katalon.core.main.TestCaseExecutor.doExecute(TestCaseExecutor.java:328)
	at com.kms.katalon.core.main.TestCaseExecutor.processExecutionPhase(TestCaseExecutor.java:307)
	at com.kms.katalon.core.main.TestCaseExecutor.accessMainPhase(TestCaseExecutor.java:299)
	at com.kms.katalon.core.main.TestCaseExecutor.execute(TestCaseExecutor.java:233)
	at com.kms.katalon.core.main.TestSuiteExecutor.accessTestCaseMainPhase(TestSuiteExecutor.java:169)
	at com.kms.katalon.core.main.TestSuiteExecutor.accessTestSuiteMainPhase(TestSuiteExecutor.java:142)
	at com.kms.katalon.core.main.TestSuiteExecutor.execute(TestSuiteExecutor.java:91)
	at com.kms.katalon.core.main.TestCaseMain.startTestSuite(TestCaseMain.java:157)
	at com.kms.katalon.core.main.TestCaseMain$startTestSuite$0.call(Unknown Source)
	at TempTestSuite1575402574161.run(TempTestSuite1575402574161.groovy:36)
Caused by: com.kms.katalon.core.exception.StepFailedException: Text 'PEOPLE YOU MAY KNOW' is not present on page  using regular expression
	at com.kms.katalon.core.webui.keyword.internal.WebUIKeywordMain.stepFailed(WebUIKeywordMain.groovy:64)
	at com.kms.katalon.core.webui.keyword.builtin.VerifyTextPresentKeyword$_verifyTextPresent_closure1.doCall(VerifyTextPresentKeyword.groovy:79)
	at com.kms.katalon.core.webui.keyword.builtin.VerifyTextPresentKeyword$_verifyTextPresent_closure1.call(VerifyTextPresentKeyword.groovy)
	at com.kms.katalon.core.webui.keyword.internal.WebUIKeywordMain.runKeyword(WebUIKeywordMain.groovy:20)
	... 19 more
)
[[ATTACHMENT|C:\\Users\\Suraj Kumar\\git\\KatalonBDD\\Reports\\20191204_011934\\Regression\\20191204_011934\\1575403981461.png]]

2019-12-04 01:43:01 - [TEST_STEP][PASSED] - Start listener action : afterTestcase: Browser is closed

2019-12-04 01:43:01 - [TEST_STEP][PASSED] - closeBrowser(): Browser is closed

2019-12-04 01:43:03 - [MESSAGE][PASSED] - Browser is closed

2019-12-04 01:43:05 - [TEST_STEP][PASSED] - Video: Video recording for test case 'Test Cases/New regression cases/verify PYMK' .

2019-12-04 01:43:05 - [MESSAGE][INFO] - Video recording for test case 'Test Cases/New regression cases/verify PYMK' .
[[ATTACHMENT|C:\\Users\\Suraj Kumar\\git\\KatalonBDD\\Reports\\20191204_011934\\Regression\\20191204_011934/videos\\test_24.avi]]]]></system-out>
         <system-err><![CDATA[2019-12-04 01:42:46 - [TEST_CASE][FAILED] - Test Cases/New regression cases/verify PYMK: Test Cases/New regression cases/verify PYMK FAILED.
Reason:
com.kms.katalon.core.exception.StepFailedException: Unable to verify text 'PEOPLE YOU MAY KNOW' is present  using regular expression
	at com.kms.katalon.core.webui.keyword.internal.WebUIKeywordMain.stepFailed(WebUIKeywordMain.groovy:64)
	at com.kms.katalon.core.webui.keyword.internal.WebUIKeywordMain.runKeyword(WebUIKeywordMain.groovy:26)
	at com.kms.katalon.core.webui.keyword.builtin.VerifyTextPresentKeyword.verifyTextPresent(VerifyTextPresentKeyword.groovy:83)
	at com.kms.katalon.core.webui.keyword.builtin.VerifyTextPresentKeyword.execute(VerifyTextPresentKeyword.groovy:68)
	at com.kms.katalon.core.keyword.internal.KeywordExecutor.executeKeywordForPlatform(KeywordExecutor.groovy:60)
	at com.kms.katalon.core.webui.keyword.WebUiBuiltInKeywords.verifyTextPresent(WebUiBuiltInKeywords.groovy:1693)
	at com.kms.katalon.core.webui.keyword.WebUiBuiltInKeywords$verifyTextPresent$7.call(Unknown Source)
	at verify PYMK.run(verify PYMK:27)
	at com.kms.katalon.core.main.ScriptEngine.run(ScriptEngine.java:194)
	at com.kms.katalon.core.main.ScriptEngine.runScriptAsRawText(ScriptEngine.java:119)
	at com.kms.katalon.core.main.TestCaseExecutor.runScript(TestCaseExecutor.java:337)
	at com.kms.katalon.core.main.TestCaseExecutor.doExecute(TestCaseExecutor.java:328)
	at com.kms.katalon.core.main.TestCaseExecutor.processExecutionPhase(TestCaseExecutor.java:307)
	at com.kms.katalon.core.main.TestCaseExecutor.accessMainPhase(TestCaseExecutor.java:299)
	at com.kms.katalon.core.main.TestCaseExecutor.execute(TestCaseExecutor.java:233)
	at com.kms.katalon.core.main.TestSuiteExecutor.accessTestCaseMainPhase(TestSuiteExecutor.java:169)
	at com.kms.katalon.core.main.TestSuiteExecutor.accessTestSuiteMainPhase(TestSuiteExecutor.java:142)
	at com.kms.katalon.core.main.TestSuiteExecutor.execute(TestSuiteExecutor.java:91)
	at com.kms.katalon.core.main.TestCaseMain.startTestSuite(TestCaseMain.java:157)
	at com.kms.katalon.core.main.TestCaseMain$startTestSuite$0.call(Unknown Source)
	at TempTestSuite1575402574161.run(TempTestSuite1575402574161.groovy:36)
Caused by: com.kms.katalon.core.exception.StepFailedException: Text 'PEOPLE YOU MAY KNOW' is not present on page  using regular expression
	at com.kms.katalon.core.webui.keyword.internal.WebUIKeywordMain.stepFailed(WebUIKeywordMain.groovy:64)
	at com.kms.katalon.core.webui.keyword.builtin.VerifyTextPresentKeyword$_verifyTextPresent_closure1.doCall(VerifyTextPresentKeyword.groovy:79)
	at com.kms.katalon.core.webui.keyword.builtin.VerifyTextPresentKeyword$_verifyTextPresent_closure1.call(VerifyTextPresentKeyword.groovy)
	at com.kms.katalon.core.webui.keyword.internal.WebUIKeywordMain.runKeyword(WebUIKeywordMain.groovy:20)
	... 19 more]]></system-err>
      </testcase>
      <testcase name="Test Cases/Post something" time="31.324" classname="Test Cases/Post something" status="PASSED">
         <system-out><![CDATA[2019-12-04 01:43:05 - [TEST_CASE][PASSED] - Test Cases/Post something: Test Cases/Post something

2019-12-04 01:43:05 - [TEST_STEP][PASSED] - Start listener action : beforeTestcase: null

2019-12-04 01:43:05 - [TEST_STEP][PASSED] - openBrowser(AppUrl): Browser is opened with url: 'https://qa.thework.life'

2019-12-04 01:43:05 - [MESSAGE][INFO] - Starting 'Firefox' driver

2019-12-04 01:43:18 - [MESSAGE][PASSED] - Browser is opened with url: 'https://qa.thework.life'

2019-12-04 01:43:18 - [TEST_STEP][PASSED] - navigateToUrl(AppUrl): Navigate to 'https://qa.thework.life' successfully

2019-12-04 01:43:22 - [MESSAGE][PASSED] - Navigate to 'https://qa.thework.life' successfully

2019-12-04 01:43:22 - [TEST_STEP][PASSED] - setText(findTestObject("Object Repository/Post case/Page_theworklife - Find Great People To Work With/input_Forgot password_username"), "surajkumarsrivastava1991"): Text 'surajkumarsrivastava1991' is set on object 'Object Repository/Post case/Page_theworklife - Find Great People To Work With/input_Forgot password_username'

2019-12-04 01:43:23 - [MESSAGE][PASSED] - Text 'surajkumarsrivastava1991' is set on object 'Object Repository/Post case/Page_theworklife - Find Great People To Work With/input_Forgot password_username'

2019-12-04 01:43:23 - [TEST_STEP][PASSED] - setEncryptedText(findTestObject("Object Repository/Post case/Page_theworklife - Find Great People To Work With/input_Forgot password_password"), "nzEsFCGA/BtMPXLkTTMM4w=="): Text ****** has been set on object 'Object Repository/Post case/Page_theworklife - Find Great People To Work With/input_Forgot password_password'

2019-12-04 01:43:23 - [MESSAGE][PASSED] - Text ****** has been set on object 'Object Repository/Post case/Page_theworklife - Find Great People To Work With/input_Forgot password_password'

2019-12-04 01:43:23 - [TEST_STEP][PASSED] - click(findTestObject("Object Repository/Post case/Page_theworklife - Find Great People To Work With/button_Sign in")): Object: 'Object Repository/Post case/Page_theworklife - Find Great People To Work With/button_Sign in' is clicked on

2019-12-04 01:43:31 - [MESSAGE][PASSED] - Object: 'Object Repository/Post case/Page_theworklife - Find Great People To Work With/button_Sign in' is clicked on

2019-12-04 01:43:31 - [TEST_STEP][PASSED] - setText(findTestObject("Object Repository/Post case/Page_Home/textarea_suraj kumar_txtUserPost"), "Hello my name is uraj"): Text 'Hello my name is uraj' is set on object 'Object Repository/Post case/Page_Home/textarea_suraj kumar_txtUserPost'

2019-12-04 01:43:31 - [MESSAGE][PASSED] - Text 'Hello my name is uraj' is set on object 'Object Repository/Post case/Page_Home/textarea_suraj kumar_txtUserPost'

2019-12-04 01:43:31 - [TEST_STEP][PASSED] - click(findTestObject("Object Repository/Post case/Page_Home/button_post")): Object: 'Object Repository/Post case/Page_Home/button_post' is clicked on

2019-12-04 01:43:32 - [MESSAGE][PASSED] - Object: 'Object Repository/Post case/Page_Home/button_post' is clicked on

2019-12-04 01:43:32 - [TEST_STEP][PASSED] - verifyElementVisible(findTestObject("Post case/Page_Home/p_Hello my name is uraj"), STOP_ON_FAILURE): Object 'Object Repository/Post case/Page_Home/p_Hello my name is uraj' is visible

2019-12-04 01:43:32 - [MESSAGE][PASSED] - Object 'Object Repository/Post case/Page_Home/p_Hello my name is uraj' is visible

2019-12-04 01:43:32 - [TEST_STEP][PASSED] - closeBrowser(): Browser is closed

2019-12-04 01:43:34 - [MESSAGE][PASSED] - Browser is closed

2019-12-04 01:43:34 - [TEST_STEP][PASSED] - Start listener action : afterTestcase: Browser is closed

2019-12-04 01:43:34 - [TEST_STEP][PASSED] - closeBrowser(): Browser is closed

2019-12-04 01:43:34 - [MESSAGE][PASSED] - Browser is closed

2019-12-04 01:43:36 - [TEST_STEP][PASSED] - Video: Video recording for test case 'Test Cases/Post something' .

2019-12-04 01:43:36 - [MESSAGE][INFO] - Video recording for test case 'Test Cases/Post something' .
[[ATTACHMENT|C:\\Users\\Suraj Kumar\\git\\KatalonBDD\\Reports\\20191204_011934\\Regression\\20191204_011934/videos\\test_25.avi]]]]></system-out>
         <system-err><![CDATA[]]></system-err>
      </testcase>
      <testcase name="Test Cases/Rate users - third party" time="64.928" classname="Test Cases/Rate users - third party" status="PASSED">
         <system-out><![CDATA[2019-12-04 01:43:36 - [TEST_CASE][PASSED] - Test Cases/Rate users - third party: Test Cases/Rate users - third party

2019-12-04 01:43:36 - [TEST_STEP][PASSED] - Start listener action : beforeTestcase: null

2019-12-04 01:43:37 - [TEST_STEP][PASSED] - openBrowser(AppUrl): Browser is opened with url: 'https://qa.thework.life'

2019-12-04 01:43:37 - [MESSAGE][INFO] - Starting 'Firefox' driver

2019-12-04 01:43:49 - [MESSAGE][PASSED] - Browser is opened with url: 'https://qa.thework.life'

2019-12-04 01:43:49 - [TEST_STEP][PASSED] - navigateToUrl(AppUrl): Navigate to 'https://qa.thework.life' successfully

2019-12-04 01:43:51 - [MESSAGE][PASSED] - Navigate to 'https://qa.thework.life' successfully

2019-12-04 01:43:51 - [TEST_STEP][PASSED] - setText(findTestObject("Object Repository/Rate/Page_theworklife - Find Great People To Work With/input_Forgot password_username"), "worklifetest10001@gmail.com"): Text 'worklifetest10001@gmail.com' is set on object 'Object Repository/Rate/Page_theworklife - Find Great People To Work With/input_Forgot password_username'

2019-12-04 01:43:52 - [MESSAGE][PASSED] - Text 'worklifetest10001@gmail.com' is set on object 'Object Repository/Rate/Page_theworklife - Find Great People To Work With/input_Forgot password_username'

2019-12-04 01:43:52 - [TEST_STEP][PASSED] - setEncryptedText(findTestObject("Object Repository/Rate/Page_theworklife - Find Great People To Work With/input_Forgot password_password"), "x8UobeF0bbxd7GrPsdhkIlsTrhBxwBw1"): Text ****** has been set on object 'Object Repository/Rate/Page_theworklife - Find Great People To Work With/input_Forgot password_password'

2019-12-04 01:43:52 - [MESSAGE][PASSED] - Text ****** has been set on object 'Object Repository/Rate/Page_theworklife - Find Great People To Work With/input_Forgot password_password'

2019-12-04 01:43:52 - [TEST_STEP][PASSED] - click(findTestObject("Object Repository/Rate/Page_theworklife - Find Great People To Work With/button_Sign in")): Object: 'Object Repository/Rate/Page_theworklife - Find Great People To Work With/button_Sign in' is clicked on

2019-12-04 01:43:55 - [MESSAGE][PASSED] - Object: 'Object Repository/Rate/Page_theworklife - Find Great People To Work With/button_Sign in' is clicked on

2019-12-04 01:43:55 - [TEST_STEP][PASSED] - setEncryptedText(findTestObject("Object Repository/Rate/Page_theworklife - Find Great People To Work With/input_Password does not match_password"), "XU9cBalmEBp1UP+jEU2w4UUBUuNgBY4U"): Text ****** has been set on object 'Object Repository/Rate/Page_theworklife - Find Great People To Work With/input_Password does not match_password'

2019-12-04 01:43:55 - [MESSAGE][PASSED] - Text ****** has been set on object 'Object Repository/Rate/Page_theworklife - Find Great People To Work With/input_Password does not match_password'

2019-12-04 01:43:55 - [TEST_STEP][PASSED] - click(findTestObject("Object Repository/Rate/Page_theworklife - Find Great People To Work With/button_Sign in")): Object: 'Object Repository/Rate/Page_theworklife - Find Great People To Work With/button_Sign in' is clicked on

2019-12-04 01:44:03 - [MESSAGE][PASSED] - Object: 'Object Repository/Rate/Page_theworklife - Find Great People To Work With/button_Sign in' is clicked on

2019-12-04 01:44:03 - [TEST_STEP][PASSED] - setText(findTestObject("Object Repository/Rate/Page_Home/input_View all_searchText"), "user1570385143181"): Text 'user1570385143181' is set on object 'Object Repository/Rate/Page_Home/input_View all_searchText'

2019-12-04 01:44:03 - [MESSAGE][PASSED] - Text 'user1570385143181' is set on object 'Object Repository/Rate/Page_Home/input_View all_searchText'

2019-12-04 01:44:03 - [TEST_STEP][PASSED] - click(findTestObject("Rate/Page_Home/Search user button")): Object: 'Object Repository/Rate/Page_Home/Search user button' is clicked on

2019-12-04 01:44:10 - [MESSAGE][PASSED] - Object: 'Object Repository/Rate/Page_Home/Search user button' is clicked on

2019-12-04 01:44:10 - [TEST_STEP][PASSED] - click(findTestObject("Rate/Page_Home/click on user to rate")): Object: 'Object Repository/Rate/Page_Home/click on user to rate' is clicked on

2019-12-04 01:44:10 - [MESSAGE][PASSED] - Object: 'Object Repository/Rate/Page_Home/click on user to rate' is clicked on

2019-12-04 01:44:10 - [TEST_STEP][PASSED] - click(findTestObject("Rate/Page_Home/Click rate now")): Object: 'Object Repository/Rate/Page_Home/Click rate now' is clicked on

2019-12-04 01:44:16 - [MESSAGE][PASSED] - Object: 'Object Repository/Rate/Page_Home/Click rate now' is clicked on

2019-12-04 01:44:16 - [TEST_STEP][PASSED] - waitForElementClickable(findTestObject("Rate/Page_View Profile/span_Desire to work with again_star3"), 5): Object 'Object Repository/Rate/Page_View Profile/span_Desire to work with again_star3' is clickable

2019-12-04 01:44:18 - [MESSAGE][PASSED] - Object 'Object Repository/Rate/Page_View Profile/span_Desire to work with again_star3' is clickable

2019-12-04 01:44:18 - [TEST_STEP][NOT_RUN] - sleep(5000): NOT_RUN: sleep(5000)

2019-12-04 01:44:18 - [MESSAGE][NOT_RUN] - NOT_RUN: sleep(5000)

2019-12-04 01:44:18 - [TEST_STEP][PASSED] - delay(5): Delayed 5 second(s)

2019-12-04 01:44:23 - [MESSAGE][PASSED] - Delayed 5 second(s)

2019-12-04 01:44:23 - [TEST_STEP][PASSED] - click(findTestObject("Object Repository/Rate/Page_View Profile/span_Desire to work with again_star3")): Object: 'Object Repository/Rate/Page_View Profile/span_Desire to work with again_star3' is clicked on

2019-12-04 01:44:24 - [MESSAGE][PASSED] - Object: 'Object Repository/Rate/Page_View Profile/span_Desire to work with again_star3' is clicked on

2019-12-04 01:44:24 - [TEST_STEP][PASSED] - click(findTestObject("Object Repository/Rate/Page_View Profile/span_Encourages work life balance_star3")): Object: 'Object Repository/Rate/Page_View Profile/span_Encourages work life balance_star3' is clicked on

2019-12-04 01:44:24 - [MESSAGE][PASSED] - Object: 'Object Repository/Rate/Page_View Profile/span_Encourages work life balance_star3' is clicked on

2019-12-04 01:44:24 - [TEST_STEP][PASSED] - click(findTestObject("Object Repository/Rate/Page_View Profile/span_Dependability_star3")): Object: 'Object Repository/Rate/Page_View Profile/span_Dependability_star3' is clicked on

2019-12-04 01:44:25 - [MESSAGE][PASSED] - Object: 'Object Repository/Rate/Page_View Profile/span_Dependability_star3' is clicked on

2019-12-04 01:44:25 - [TEST_STEP][PASSED] - click(findTestObject("Object Repository/Rate/Page_View Profile/span_Solution Seeker_star3")): Object: 'Object Repository/Rate/Page_View Profile/span_Solution Seeker_star3' is clicked on

2019-12-04 01:44:26 - [MESSAGE][PASSED] - Object: 'Object Repository/Rate/Page_View Profile/span_Solution Seeker_star3' is clicked on

2019-12-04 01:44:26 - [TEST_STEP][PASSED] - click(findTestObject("Object Repository/Rate/Page_View Profile/span_Willingness to Learn_star3")): Object: 'Object Repository/Rate/Page_View Profile/span_Willingness to Learn_star3' is clicked on

2019-12-04 01:44:26 - [MESSAGE][PASSED] - Object: 'Object Repository/Rate/Page_View Profile/span_Willingness to Learn_star3' is clicked on

2019-12-04 01:44:26 - [TEST_STEP][PASSED] - click(findTestObject("Object Repository/Rate/Page_View Profile/span_Enthusiasm_star3")): Object: 'Object Repository/Rate/Page_View Profile/span_Enthusiasm_star3' is clicked on

2019-12-04 01:44:27 - [MESSAGE][PASSED] - Object: 'Object Repository/Rate/Page_View Profile/span_Enthusiasm_star3' is clicked on

2019-12-04 01:44:27 - [TEST_STEP][PASSED] - click(findTestObject("Object Repository/Rate/Page_View Profile/span_Clarity in Communication_star3")): Object: 'Object Repository/Rate/Page_View Profile/span_Clarity in Communication_star3' is clicked on

2019-12-04 01:44:27 - [MESSAGE][PASSED] - Object: 'Object Repository/Rate/Page_View Profile/span_Clarity in Communication_star3' is clicked on

2019-12-04 01:44:27 - [TEST_STEP][PASSED] - click(findTestObject("Object Repository/Rate/Page_View Profile/span_Mutual Respect_star3")): Object: 'Object Repository/Rate/Page_View Profile/span_Mutual Respect_star3' is clicked on

2019-12-04 01:44:28 - [MESSAGE][PASSED] - Object: 'Object Repository/Rate/Page_View Profile/span_Mutual Respect_star3' is clicked on

2019-12-04 01:44:28 - [TEST_STEP][PASSED] - click(findTestObject("Object Repository/Rate/Page_View Profile/button_Next")): Object: 'Object Repository/Rate/Page_View Profile/button_Next' is clicked on

2019-12-04 01:44:28 - [MESSAGE][PASSED] - Object: 'Object Repository/Rate/Page_View Profile/button_Next' is clicked on

2019-12-04 01:44:28 - [TEST_STEP][PASSED] - waitForElementClickable(findTestObject("Rate/Page_View Profile/textarea_test recomendation test on qa enviornment for vijay test account"), 3): Object 'Object Repository/Rate/Page_View Profile/textarea_test recomendation test on qa enviornment for vijay test account' is clickable

2019-12-04 01:44:29 - [MESSAGE][PASSED] - Object 'Object Repository/Rate/Page_View Profile/textarea_test recomendation test on qa enviornment for vijay test account' is clickable

2019-12-04 01:44:29 - [TEST_STEP][PASSED] - setText(findTestObject("Object Repository/Rate/Page_View Profile/textarea_test recomendation test on qa enviornment for vijay test account"), "test recomendation test on qa enviornment for vijay test account tst test test test for recommendation test scenario vijay test"): Text 'test recomendation test on qa enviornment for vijay test account tst test test test for recommendation test scenario vijay test' is set on object 'Object Repository/Rate/Page_View Profile/textarea_test recomendation test on qa enviornment for vijay test account'

2019-12-04 01:44:29 - [MESSAGE][PASSED] - Text 'test recomendation test on qa enviornment for vijay test account tst test test test for recommendation test scenario vijay test' is set on object 'Object Repository/Rate/Page_View Profile/textarea_test recomendation test on qa enviornment for vijay test account'

2019-12-04 01:44:29 - [TEST_STEP][PASSED] - click(findTestObject("Object Repository/Rate/Page_View Profile/button_Submit")): Object: 'Object Repository/Rate/Page_View Profile/button_Submit' is clicked on

2019-12-04 01:44:30 - [MESSAGE][PASSED] - Object: 'Object Repository/Rate/Page_View Profile/button_Submit' is clicked on

2019-12-04 01:44:30 - [TEST_STEP][PASSED] - waitForElementClickable(findTestObject("Rate/Page_View Profile/a_OK"), 3): Object 'Object Repository/Rate/Page_View Profile/a_OK' is clickable

2019-12-04 01:44:31 - [MESSAGE][PASSED] - Object 'Object Repository/Rate/Page_View Profile/a_OK' is clickable

2019-12-04 01:44:31 - [TEST_STEP][PASSED] - delay(5): Delayed 5 second(s)

2019-12-04 01:44:36 - [MESSAGE][PASSED] - Delayed 5 second(s)

2019-12-04 01:44:36 - [TEST_STEP][PASSED] - click(findTestObject("Rate/Page_View Profile/a_OK")): Object: 'Object Repository/Rate/Page_View Profile/a_OK' is clicked on

2019-12-04 01:44:37 - [MESSAGE][PASSED] - Object: 'Object Repository/Rate/Page_View Profile/a_OK' is clicked on

2019-12-04 01:44:37 - [TEST_STEP][PASSED] - closeBrowser(): Browser is closed

2019-12-04 01:44:39 - [MESSAGE][PASSED] - Browser is closed

2019-12-04 01:44:39 - [TEST_STEP][PASSED] - Start listener action : afterTestcase: Browser is closed

2019-12-04 01:44:39 - [TEST_STEP][PASSED] - closeBrowser(): Browser is closed

2019-12-04 01:44:39 - [MESSAGE][PASSED] - Browser is closed

2019-12-04 01:44:41 - [TEST_STEP][PASSED] - Video: Video recording for test case 'Test Cases/Rate users - third party' .

2019-12-04 01:44:41 - [MESSAGE][INFO] - Video recording for test case 'Test Cases/Rate users - third party' .
[[ATTACHMENT|C:\\Users\\Suraj Kumar\\git\\KatalonBDD\\Reports\\20191204_011934\\Regression\\20191204_011934/videos\\test_26.avi]]]]></system-out>
         <system-err><![CDATA[]]></system-err>
      </testcase>
      <testcase name="Test Cases/Rate users" time="65.976" classname="Test Cases/Rate users" status="PASSED">
         <system-out><![CDATA[2019-12-04 01:44:41 - [TEST_CASE][PASSED] - Test Cases/Rate users: Test Cases/Rate users

2019-12-04 01:44:41 - [TEST_STEP][PASSED] - Start listener action : beforeTestcase: null

2019-12-04 01:44:42 - [TEST_STEP][PASSED] - openBrowser(AppUrl): Browser is opened with url: 'https://qa.thework.life'

2019-12-04 01:44:42 - [MESSAGE][INFO] - Starting 'Firefox' driver

2019-12-04 01:44:55 - [MESSAGE][PASSED] - Browser is opened with url: 'https://qa.thework.life'

2019-12-04 01:44:55 - [TEST_STEP][PASSED] - navigateToUrl(AppUrl): Navigate to 'https://qa.thework.life' successfully

2019-12-04 01:44:57 - [MESSAGE][PASSED] - Navigate to 'https://qa.thework.life' successfully

2019-12-04 01:44:57 - [TEST_STEP][PASSED] - setText(findTestObject("Object Repository/Rate/Page_theworklife - Find Great People To Work With/input_Forgot password_username"), "worklifetest10001@gmail.com"): Text 'worklifetest10001@gmail.com' is set on object 'Object Repository/Rate/Page_theworklife - Find Great People To Work With/input_Forgot password_username'

2019-12-04 01:44:58 - [MESSAGE][PASSED] - Text 'worklifetest10001@gmail.com' is set on object 'Object Repository/Rate/Page_theworklife - Find Great People To Work With/input_Forgot password_username'

2019-12-04 01:44:58 - [TEST_STEP][PASSED] - setEncryptedText(findTestObject("Object Repository/Rate/Page_theworklife - Find Great People To Work With/input_Forgot password_password"), "x8UobeF0bbxd7GrPsdhkIlsTrhBxwBw1"): Text ****** has been set on object 'Object Repository/Rate/Page_theworklife - Find Great People To Work With/input_Forgot password_password'

2019-12-04 01:44:58 - [MESSAGE][PASSED] - Text ****** has been set on object 'Object Repository/Rate/Page_theworklife - Find Great People To Work With/input_Forgot password_password'

2019-12-04 01:44:58 - [TEST_STEP][PASSED] - click(findTestObject("Object Repository/Rate/Page_theworklife - Find Great People To Work With/button_Sign in")): Object: 'Object Repository/Rate/Page_theworklife - Find Great People To Work With/button_Sign in' is clicked on

2019-12-04 01:45:01 - [MESSAGE][PASSED] - Object: 'Object Repository/Rate/Page_theworklife - Find Great People To Work With/button_Sign in' is clicked on

2019-12-04 01:45:01 - [TEST_STEP][PASSED] - setEncryptedText(findTestObject("Object Repository/Rate/Page_theworklife - Find Great People To Work With/input_Password does not match_password"), "XU9cBalmEBp1UP+jEU2w4UUBUuNgBY4U"): Text ****** has been set on object 'Object Repository/Rate/Page_theworklife - Find Great People To Work With/input_Password does not match_password'

2019-12-04 01:45:02 - [MESSAGE][PASSED] - Text ****** has been set on object 'Object Repository/Rate/Page_theworklife - Find Great People To Work With/input_Password does not match_password'

2019-12-04 01:45:02 - [TEST_STEP][PASSED] - click(findTestObject("Object Repository/Rate/Page_theworklife - Find Great People To Work With/button_Sign in")): Object: 'Object Repository/Rate/Page_theworklife - Find Great People To Work With/button_Sign in' is clicked on

2019-12-04 01:45:09 - [MESSAGE][PASSED] - Object: 'Object Repository/Rate/Page_theworklife - Find Great People To Work With/button_Sign in' is clicked on

2019-12-04 01:45:09 - [TEST_STEP][PASSED] - setText(findTestObject("Object Repository/Rate/Page_Home/input_View all_searchText"), "vijay"): Text 'vijay' is set on object 'Object Repository/Rate/Page_Home/input_View all_searchText'

2019-12-04 01:45:09 - [MESSAGE][PASSED] - Text 'vijay' is set on object 'Object Repository/Rate/Page_Home/input_View all_searchText'

2019-12-04 01:45:09 - [TEST_STEP][PASSED] - click(findTestObject("Search user/Search user button")): Object: 'Object Repository/Search user/Search user button' is clicked on

2019-12-04 01:45:14 - [MESSAGE][PASSED] - Object: 'Object Repository/Search user/Search user button' is clicked on

2019-12-04 01:45:14 - [TEST_STEP][PASSED] - click(findTestObject("Object Repository/Rate/Page_Search/div_Vijay Test")): Object: 'Object Repository/Rate/Page_Search/div_Vijay Test' is clicked on

2019-12-04 01:45:15 - [MESSAGE][PASSED] - Object: 'Object Repository/Rate/Page_Search/div_Vijay Test' is clicked on

2019-12-04 01:45:15 - [TEST_STEP][PASSED] - click(findTestObject("Object Repository/Rate/Page_View Profile/button_Rate Now")): Object: 'Object Repository/Rate/Page_View Profile/button_Rate Now' is clicked on

2019-12-04 01:45:22 - [MESSAGE][PASSED] - Object: 'Object Repository/Rate/Page_View Profile/button_Rate Now' is clicked on

2019-12-04 01:45:22 - [TEST_STEP][PASSED] - waitForElementClickable(findTestObject("Rate/Page_View Profile/span_Desire to work with again_star3"), 3): Object 'Object Repository/Rate/Page_View Profile/span_Desire to work with again_star3' is clickable

2019-12-04 01:45:23 - [MESSAGE][PASSED] - Object 'Object Repository/Rate/Page_View Profile/span_Desire to work with again_star3' is clickable

2019-12-04 01:45:23 - [TEST_STEP][NOT_RUN] - sleep(10000): NOT_RUN: sleep(10000)

2019-12-04 01:45:23 - [MESSAGE][NOT_RUN] - NOT_RUN: sleep(10000)

2019-12-04 01:45:23 - [TEST_STEP][PASSED] - delay(5): Delayed 5 second(s)

2019-12-04 01:45:28 - [MESSAGE][PASSED] - Delayed 5 second(s)

2019-12-04 01:45:28 - [TEST_STEP][PASSED] - click(findTestObject("Object Repository/Rate/Page_View Profile/span_Desire to work with again_star3")): Object: 'Object Repository/Rate/Page_View Profile/span_Desire to work with again_star3' is clicked on

2019-12-04 01:45:29 - [MESSAGE][PASSED] - Object: 'Object Repository/Rate/Page_View Profile/span_Desire to work with again_star3' is clicked on

2019-12-04 01:45:29 - [TEST_STEP][PASSED] - click(findTestObject("Object Repository/Rate/Page_View Profile/span_Encourages work life balance_star3")): Object: 'Object Repository/Rate/Page_View Profile/span_Encourages work life balance_star3' is clicked on

2019-12-04 01:45:30 - [MESSAGE][PASSED] - Object: 'Object Repository/Rate/Page_View Profile/span_Encourages work life balance_star3' is clicked on

2019-12-04 01:45:30 - [TEST_STEP][PASSED] - click(findTestObject("Object Repository/Rate/Page_View Profile/span_Dependability_star3")): Object: 'Object Repository/Rate/Page_View Profile/span_Dependability_star3' is clicked on

2019-12-04 01:45:30 - [MESSAGE][PASSED] - Object: 'Object Repository/Rate/Page_View Profile/span_Dependability_star3' is clicked on

2019-12-04 01:45:30 - [TEST_STEP][PASSED] - click(findTestObject("Object Repository/Rate/Page_View Profile/span_Solution Seeker_star3")): Object: 'Object Repository/Rate/Page_View Profile/span_Solution Seeker_star3' is clicked on

2019-12-04 01:45:31 - [MESSAGE][PASSED] - Object: 'Object Repository/Rate/Page_View Profile/span_Solution Seeker_star3' is clicked on

2019-12-04 01:45:31 - [TEST_STEP][PASSED] - click(findTestObject("Object Repository/Rate/Page_View Profile/span_Willingness to Learn_star3")): Object: 'Object Repository/Rate/Page_View Profile/span_Willingness to Learn_star3' is clicked on

2019-12-04 01:45:31 - [MESSAGE][PASSED] - Object: 'Object Repository/Rate/Page_View Profile/span_Willingness to Learn_star3' is clicked on

2019-12-04 01:45:31 - [TEST_STEP][PASSED] - click(findTestObject("Object Repository/Rate/Page_View Profile/span_Enthusiasm_star3")): Object: 'Object Repository/Rate/Page_View Profile/span_Enthusiasm_star3' is clicked on

2019-12-04 01:45:32 - [MESSAGE][PASSED] - Object: 'Object Repository/Rate/Page_View Profile/span_Enthusiasm_star3' is clicked on

2019-12-04 01:45:32 - [TEST_STEP][PASSED] - click(findTestObject("Object Repository/Rate/Page_View Profile/span_Clarity in Communication_star3")): Object: 'Object Repository/Rate/Page_View Profile/span_Clarity in Communication_star3' is clicked on

2019-12-04 01:45:33 - [MESSAGE][PASSED] - Object: 'Object Repository/Rate/Page_View Profile/span_Clarity in Communication_star3' is clicked on

2019-12-04 01:45:33 - [TEST_STEP][PASSED] - click(findTestObject("Object Repository/Rate/Page_View Profile/span_Mutual Respect_star3")): Object: 'Object Repository/Rate/Page_View Profile/span_Mutual Respect_star3' is clicked on

2019-12-04 01:45:33 - [MESSAGE][PASSED] - Object: 'Object Repository/Rate/Page_View Profile/span_Mutual Respect_star3' is clicked on

2019-12-04 01:45:33 - [TEST_STEP][PASSED] - click(findTestObject("Object Repository/Rate/Page_View Profile/button_Next")): Object: 'Object Repository/Rate/Page_View Profile/button_Next' is clicked on

2019-12-04 01:45:34 - [MESSAGE][PASSED] - Object: 'Object Repository/Rate/Page_View Profile/button_Next' is clicked on

2019-12-04 01:45:34 - [TEST_STEP][PASSED] - waitForElementClickable(findTestObject("Rate/Page_View Profile/textarea_test recomendation test on qa enviornment for vijay test account"), 3): Object 'Object Repository/Rate/Page_View Profile/textarea_test recomendation test on qa enviornment for vijay test account' is clickable

2019-12-04 01:45:34 - [MESSAGE][PASSED] - Object 'Object Repository/Rate/Page_View Profile/textarea_test recomendation test on qa enviornment for vijay test account' is clickable

2019-12-04 01:45:34 - [TEST_STEP][PASSED] - setText(findTestObject("Object Repository/Rate/Page_View Profile/textarea_test recomendation test on qa enviornment for vijay test account"), "test recomendation test on qa enviornment for vijay test account tst test test test for recommendation test scenario vijay test"): Text 'test recomendation test on qa enviornment for vijay test account tst test test test for recommendation test scenario vijay test' is set on object 'Object Repository/Rate/Page_View Profile/textarea_test recomendation test on qa enviornment for vijay test account'

2019-12-04 01:45:35 - [MESSAGE][PASSED] - Text 'test recomendation test on qa enviornment for vijay test account tst test test test for recommendation test scenario vijay test' is set on object 'Object Repository/Rate/Page_View Profile/textarea_test recomendation test on qa enviornment for vijay test account'

2019-12-04 01:45:35 - [TEST_STEP][PASSED] - click(findTestObject("Object Repository/Rate/Page_View Profile/button_Submit")): Object: 'Object Repository/Rate/Page_View Profile/button_Submit' is clicked on

2019-12-04 01:45:36 - [MESSAGE][PASSED] - Object: 'Object Repository/Rate/Page_View Profile/button_Submit' is clicked on

2019-12-04 01:45:36 - [TEST_STEP][PASSED] - waitForElementClickable(findTestObject("Rate/Page_View Profile/a_OK"), 3): Object 'Object Repository/Rate/Page_View Profile/a_OK' is clickable

2019-12-04 01:45:37 - [MESSAGE][PASSED] - Object 'Object Repository/Rate/Page_View Profile/a_OK' is clickable

2019-12-04 01:45:37 - [TEST_STEP][PASSED] - delay(5): Delayed 5 second(s)

2019-12-04 01:45:42 - [MESSAGE][PASSED] - Delayed 5 second(s)

2019-12-04 01:45:42 - [TEST_STEP][PASSED] - click(findTestObject("Object Repository/Rate/Page_View Profile/a_OK")): Object: 'Object Repository/Rate/Page_View Profile/a_OK' is clicked on

2019-12-04 01:45:43 - [MESSAGE][PASSED] - Object: 'Object Repository/Rate/Page_View Profile/a_OK' is clicked on

2019-12-04 01:45:43 - [TEST_STEP][PASSED] - closeBrowser(): Browser is closed

2019-12-04 01:45:45 - [MESSAGE][PASSED] - Browser is closed

2019-12-04 01:45:45 - [TEST_STEP][PASSED] - Start listener action : afterTestcase: Browser is closed

2019-12-04 01:45:45 - [TEST_STEP][PASSED] - closeBrowser(): Browser is closed

2019-12-04 01:45:45 - [MESSAGE][PASSED] - Browser is closed

2019-12-04 01:45:47 - [TEST_STEP][PASSED] - Video: Video recording for test case 'Test Cases/Rate users' .

2019-12-04 01:45:47 - [MESSAGE][INFO] - Video recording for test case 'Test Cases/Rate users' .
[[ATTACHMENT|C:\\Users\\Suraj Kumar\\git\\KatalonBDD\\Reports\\20191204_011934\\Regression\\20191204_011934/videos\\test_27.avi]]]]></system-out>
         <system-err><![CDATA[]]></system-err>
      </testcase>
      <testcase name="Test Cases/Search users" time="34.328" classname="Test Cases/Search users" status="PASSED">
         <system-out><![CDATA[2019-12-04 01:45:47 - [TEST_CASE][PASSED] - Test Cases/Search users: Test Cases/Search users

2019-12-04 01:45:47 - [TEST_STEP][PASSED] - Start listener action : beforeTestcase: null

2019-12-04 01:45:48 - [TEST_STEP][PASSED] - openBrowser(AppUrl): Browser is opened with url: 'https://qa.thework.life'

2019-12-04 01:45:48 - [MESSAGE][INFO] - Starting 'Firefox' driver

2019-12-04 01:46:00 - [MESSAGE][PASSED] - Browser is opened with url: 'https://qa.thework.life'

2019-12-04 01:46:00 - [TEST_STEP][PASSED] - navigateToUrl(AppUrl): Navigate to 'https://qa.thework.life' successfully

2019-12-04 01:46:02 - [MESSAGE][PASSED] - Navigate to 'https://qa.thework.life' successfully

2019-12-04 01:46:02 - [TEST_STEP][PASSED] - setText(findTestObject("Object Repository/Search user/Page_theworklife - Find Great People To Work With/input_Forgot password_username"), "worklifetest10001@gmail.com"): Text 'worklifetest10001@gmail.com' is set on object 'Object Repository/Search user/Page_theworklife - Find Great People To Work With/input_Forgot password_username'

2019-12-04 01:46:03 - [MESSAGE][PASSED] - Text 'worklifetest10001@gmail.com' is set on object 'Object Repository/Search user/Page_theworklife - Find Great People To Work With/input_Forgot password_username'

2019-12-04 01:46:03 - [TEST_STEP][PASSED] - setEncryptedText(findTestObject("Object Repository/Search user/Page_theworklife - Find Great People To Work With/input_Forgot password_password"), "XU9cBalmEBp1UP+jEU2w4UUBUuNgBY4U"): Text ****** has been set on object 'Object Repository/Search user/Page_theworklife - Find Great People To Work With/input_Forgot password_password'

2019-12-04 01:46:03 - [MESSAGE][PASSED] - Text ****** has been set on object 'Object Repository/Search user/Page_theworklife - Find Great People To Work With/input_Forgot password_password'

2019-12-04 01:46:03 - [TEST_STEP][PASSED] - click(findTestObject("Object Repository/Search user/Page_theworklife - Find Great People To Work With/button_Sign in")): Object: 'Object Repository/Search user/Page_theworklife - Find Great People To Work With/button_Sign in' is clicked on

2019-12-04 01:46:11 - [MESSAGE][PASSED] - Object: 'Object Repository/Search user/Page_theworklife - Find Great People To Work With/button_Sign in' is clicked on

2019-12-04 01:46:11 - [TEST_STEP][PASSED] - waitForElementClickable(findTestObject("Object Repository/Rate/Page_Home/input_View all_searchText"), 2): Object 'Object Repository/Rate/Page_Home/input_View all_searchText' is clickable

2019-12-04 01:46:11 - [MESSAGE][PASSED] - Object 'Object Repository/Rate/Page_Home/input_View all_searchText' is clickable

2019-12-04 01:46:11 - [TEST_STEP][PASSED] - setText(findTestObject("Object Repository/Rate/Page_Home/input_View all_searchText"), "vijay"): Text 'vijay' is set on object 'Object Repository/Rate/Page_Home/input_View all_searchText'

2019-12-04 01:46:11 - [MESSAGE][PASSED] - Text 'vijay' is set on object 'Object Repository/Rate/Page_Home/input_View all_searchText'

2019-12-04 01:46:11 - [TEST_STEP][PASSED] - click(findTestObject("Search user/Search user button")): Object: 'Object Repository/Search user/Search user button' is clicked on

2019-12-04 01:46:17 - [MESSAGE][PASSED] - Object: 'Object Repository/Search user/Search user button' is clicked on

2019-12-04 01:46:17 - [TEST_STEP][PASSED] - click(findTestObject("Object Repository/Rate/Page_Search/div_Vijay Test")): Object: 'Object Repository/Rate/Page_Search/div_Vijay Test' is clicked on

2019-12-04 01:46:17 - [MESSAGE][PASSED] - Object: 'Object Repository/Rate/Page_Search/div_Vijay Test' is clicked on

2019-12-04 01:46:17 - [TEST_STEP][PASSED] - closeBrowser(): Browser is closed

2019-12-04 01:46:19 - [MESSAGE][PASSED] - Browser is closed

2019-12-04 01:46:19 - [TEST_STEP][PASSED] - Start listener action : afterTestcase: Browser is closed

2019-12-04 01:46:19 - [TEST_STEP][PASSED] - closeBrowser(): Browser is closed

2019-12-04 01:46:19 - [MESSAGE][PASSED] - Browser is closed

2019-12-04 01:46:21 - [TEST_STEP][PASSED] - Video: Video recording for test case 'Test Cases/Search users' .

2019-12-04 01:46:21 - [MESSAGE][INFO] - Video recording for test case 'Test Cases/Search users' .
[[ATTACHMENT|C:\\Users\\Suraj Kumar\\git\\KatalonBDD\\Reports\\20191204_011934\\Regression\\20191204_011934/videos\\test_28.avi]]]]></system-out>
         <system-err><![CDATA[]]></system-err>
      </testcase>
      <testcase name="Test Cases/Third party profile" time="58.772" classname="Test Cases/Third party profile" status="PASSED">
         <system-out><![CDATA[2019-12-04 01:46:22 - [TEST_CASE][PASSED] - Test Cases/Third party profile: Test Cases/Third party profile

2019-12-04 01:46:22 - [TEST_STEP][PASSED] - Start listener action : beforeTestcase: null

2019-12-04 01:46:22 - [TEST_STEP][PASSED] - openBrowser(AppUrl): Browser is opened with url: 'https://qa.thework.life'

2019-12-04 01:46:22 - [MESSAGE][INFO] - Starting 'Firefox' driver

2019-12-04 01:46:36 - [MESSAGE][PASSED] - Browser is opened with url: 'https://qa.thework.life'

2019-12-04 01:46:36 - [TEST_STEP][PASSED] - navigateToUrl(AppUrl): Navigate to 'https://qa.thework.life' successfully

2019-12-04 01:46:39 - [MESSAGE][PASSED] - Navigate to 'https://qa.thework.life' successfully

2019-12-04 01:46:39 - [TEST_STEP][PASSED] - setText(findTestObject("Object Repository/Third party/Page_theworklife - Find Great People To Work With/input_Forgot password_username"), "vijayvstest01@gmail.com"): Text 'vijayvstest01@gmail.com' is set on object 'Object Repository/Third party/Page_theworklife - Find Great People To Work With/input_Forgot password_username'

2019-12-04 01:46:40 - [MESSAGE][PASSED] - Text 'vijayvstest01@gmail.com' is set on object 'Object Repository/Third party/Page_theworklife - Find Great People To Work With/input_Forgot password_username'

2019-12-04 01:46:40 - [TEST_STEP][PASSED] - setEncryptedText(findTestObject("Object Repository/Third party/Page_theworklife - Find Great People To Work With/input_Forgot password_password"), "cvW8qx4B2o3F4VwP/kNsqA=="): Text ****** has been set on object 'Object Repository/Third party/Page_theworklife - Find Great People To Work With/input_Forgot password_password'

2019-12-04 01:46:40 - [MESSAGE][PASSED] - Text ****** has been set on object 'Object Repository/Third party/Page_theworklife - Find Great People To Work With/input_Forgot password_password'

2019-12-04 01:46:40 - [TEST_STEP][PASSED] - click(findTestObject("Object Repository/Third party/Page_theworklife - Find Great People To Work With/button_Sign in")): Object: 'Object Repository/Third party/Page_theworklife - Find Great People To Work With/button_Sign in' is clicked on

2019-12-04 01:46:46 - [MESSAGE][PASSED] - Object: 'Object Repository/Third party/Page_theworklife - Find Great People To Work With/button_Sign in' is clicked on

2019-12-04 01:46:46 - [TEST_STEP][PASSED] - setText(findTestObject("Object Repository/Third party/Page_Home/input_View all_searchText"), "user"): Text 'user' is set on object 'Object Repository/Third party/Page_Home/input_View all_searchText'

2019-12-04 01:46:49 - [MESSAGE][PASSED] - Text 'user' is set on object 'Object Repository/Third party/Page_Home/input_View all_searchText'

2019-12-04 01:46:49 - [TEST_STEP][PASSED] - click(findTestObject("Third party/Page_Search/Search user button")): Object: 'Object Repository/Third party/Page_Search/Search user button' is clicked on

2019-12-04 01:46:57 - [MESSAGE][PASSED] - Object: 'Object Repository/Third party/Page_Search/Search user button' is clicked on

2019-12-04 01:46:57 - [TEST_STEP][PASSED] - waitForElementVisible(findTestObject("Third party/Page_Search/span_Create their profile anonymously"), 3): Object 'Object Repository/Third party/Page_Search/span_Create their profile anonymously' is visible

2019-12-04 01:46:57 - [MESSAGE][PASSED] - Object 'Object Repository/Third party/Page_Search/span_Create their profile anonymously' is visible

2019-12-04 01:46:57 - [TEST_STEP][PASSED] - click(findTestObject("Object Repository/Third party/Page_Search/span_Create their profile anonymously")): Object: 'Object Repository/Third party/Page_Search/span_Create their profile anonymously' is clicked on

2019-12-04 01:46:58 - [MESSAGE][PASSED] - Object: 'Object Repository/Third party/Page_Search/span_Create their profile anonymously' is clicked on

2019-12-04 01:46:58 - [TEST_STEP][PASSED] - waitForElementVisible(findTestObject("Third party/Page_Search/div_(Optional)_multiple_emails-container"), 3): Object 'Object Repository/Third party/Page_Search/div_(Optional)_multiple_emails-container' is visible

2019-12-04 01:46:59 - [MESSAGE][PASSED] - Object 'Object Repository/Third party/Page_Search/div_(Optional)_multiple_emails-container' is visible

2019-12-04 01:46:59 - [TEST_STEP][PASSED] - click(findTestObject("Object Repository/Third party/Page_Search/div_(Optional)_multiple_emails-container")): Object: 'Object Repository/Third party/Page_Search/div_(Optional)_multiple_emails-container' is clicked on

2019-12-04 01:46:59 - [MESSAGE][PASSED] - Object: 'Object Repository/Third party/Page_Search/div_(Optional)_multiple_emails-container' is clicked on

2019-12-04 01:46:59 - [TEST_STEP][PASSED] - setText(findTestObject("Object Repository/Third party/Page_Search/input_Linkedin_txtLiLink"), "appliedai" + System.currentTimeMillis()): Text 'appliedai1575404219746' is set on object 'Object Repository/Third party/Page_Search/input_Linkedin_txtLiLink'

2019-12-04 01:47:00 - [MESSAGE][PASSED] - Text 'appliedai1575404219746' is set on object 'Object Repository/Third party/Page_Search/input_Linkedin_txtLiLink'

2019-12-04 01:47:00 - [TEST_STEP][PASSED] - click(findTestObject("Object Repository/Third party/Page_Search/div_(Optional)_multiple_emails-container")): Object: 'Object Repository/Third party/Page_Search/div_(Optional)_multiple_emails-container' is clicked on

2019-12-04 01:47:00 - [MESSAGE][PASSED] - Object: 'Object Repository/Third party/Page_Search/div_(Optional)_multiple_emails-container' is clicked on

2019-12-04 01:47:00 - [TEST_STEP][PASSED] - setText(findTestObject("Object Repository/Third party/Page_Search/input_(Optional)_multiple_emails-input text-left"), "testing@appliedaiconsulting.com"): Text 'testing@appliedaiconsulting.com' is set on object 'Object Repository/Third party/Page_Search/input_(Optional)_multiple_emails-input text-left'

2019-12-04 01:47:01 - [MESSAGE][PASSED] - Text 'testing@appliedaiconsulting.com' is set on object 'Object Repository/Third party/Page_Search/input_(Optional)_multiple_emails-input text-left'

2019-12-04 01:47:01 - [TEST_STEP][PASSED] - setText(findTestObject("Object Repository/Third party/Page_Search/input_Name_txtFirstName"), "user" + System.currentTimeMillis()): Text 'user1575404221551' is set on object 'Object Repository/Third party/Page_Search/input_Name_txtFirstName'

2019-12-04 01:47:01 - [MESSAGE][PASSED] - Text 'user1575404221551' is set on object 'Object Repository/Third party/Page_Search/input_Name_txtFirstName'

2019-12-04 01:47:01 - [TEST_STEP][PASSED] - click(findTestObject("Object Repository/Third party/Page_Search/button_Add")): Object: 'Object Repository/Third party/Page_Search/button_Add' is clicked on

2019-12-04 01:47:02 - [MESSAGE][PASSED] - Object: 'Object Repository/Third party/Page_Search/button_Add' is clicked on

2019-12-04 01:47:02 - [TEST_STEP][PASSED] - waitForElementClickable(findTestObject("Third party/Page_Search/a_OK"), 3): Object 'Object Repository/Third party/Page_Search/a_OK' is clickable

2019-12-04 01:47:06 - [MESSAGE][PASSED] - Object 'Object Repository/Third party/Page_Search/a_OK' is clickable

2019-12-04 01:47:06 - [TEST_STEP][PASSED] - sleep(4000): null

2019-12-04 01:47:10 - [TEST_STEP][PASSED] - click(findTestObject("Third party/Page_Search/a_OK")): Object: 'Object Repository/Third party/Page_Search/a_OK' is clicked on

2019-12-04 01:47:16 - [MESSAGE][PASSED] - Object: 'Object Repository/Third party/Page_Search/a_OK' is clicked on

2019-12-04 01:47:16 - [TEST_STEP][PASSED] - closeBrowser(): Browser is closed

2019-12-04 01:47:18 - [MESSAGE][PASSED] - Browser is closed

2019-12-04 01:47:18 - [TEST_STEP][PASSED] - Start listener action : afterTestcase: Browser is closed

2019-12-04 01:47:18 - [TEST_STEP][PASSED] - closeBrowser(): Browser is closed

2019-12-04 01:47:18 - [MESSAGE][PASSED] - Browser is closed

2019-12-04 01:47:20 - [TEST_STEP][PASSED] - Video: Video recording for test case 'Test Cases/Third party profile' .

2019-12-04 01:47:20 - [MESSAGE][INFO] - Video recording for test case 'Test Cases/Third party profile' .
[[ATTACHMENT|C:\\Users\\Suraj Kumar\\git\\KatalonBDD\\Reports\\20191204_011934\\Regression\\20191204_011934/videos\\test_29.avi]]]]></system-out>
         <system-err><![CDATA[]]></system-err>
      </testcase>
      <testcase name="Test Cases/Thumbing - Upvote and downvote" time="89.065" classname="Test Cases/Thumbing - Upvote and downvote" status="FAILED">
         <failure type="FAILED" message="Test Cases/Thumbing - Upvote and downvote FAILED.
Reason:
com.kms.katalon.core.exception.StepFailedException: Unable to scroll to object 'Object Repository/Thumbing-Upvote and Downvote/Page_View Profile/span_Agree'
	at com.kms.katalon.core.webui.keyword.internal.WebUIKeywordMain.stepFailed(WebUIKeywordMain.groovy:64)
	at com.kms.katalon.core.webui.keyword.internal.WebUIKeywordMain.runKeyword(WebUIKeywordMain.groovy:26)
	at com.kms.katalon.core.webui.keyword.builtin.ScrollToElementKeyword.scrollToElement(ScrollToElementKeyword.groovy:88)
	at com.kms.katalon.core.webui.keyword.builtin.ScrollToElementKeyword.execute(ScrollToElementKeyword.groovy:68)
	at com.kms.katalon.core.keyword.internal.KeywordExecutor.executeKeywordForPlatform(KeywordExecutor.groovy:60)
	at com.kms.katalon.core.webui.keyword.WebUiBuiltInKeywords.scrollToElement(WebUiBuiltInKeywords.groovy:2975)
	at com.kms.katalon.core.webui.keyword.WebUiBuiltInKeywords$scrollToElement$13.call(Unknown Source)
	at Thumbing - Upvote and downvote.run(Thumbing - Upvote and downvote:41)
	at com.kms.katalon.core.main.ScriptEngine.run(ScriptEngine.java:194)
	at com.kms.katalon.core.main.ScriptEngine.runScriptAsRawText(ScriptEngine.java:119)
	at com.kms.katalon.core.main.TestCaseExecutor.runScript(TestCaseExecutor.java:337)
	at com.kms.katalon.core.main.TestCaseExecutor.doExecute(TestCaseExecutor.java:328)
	at com.kms.katalon.core.main.TestCaseExecutor.processExecutionPhase(TestCaseExecutor.java:307)
	at com.kms.katalon.core.main.TestCaseExecutor.accessMainPhase(TestCaseExecutor.java:299)
	at com.kms.katalon.core.main.TestCaseExecutor.execute(TestCaseExecutor.java:233)
	at com.kms.katalon.core.main.TestSuiteExecutor.accessTestCaseMainPhase(TestSuiteExecutor.java:169)
	at com.kms.katalon.core.main.TestSuiteExecutor.accessTestSuiteMainPhase(TestSuiteExecutor.java:142)
	at com.kms.katalon.core.main.TestSuiteExecutor.execute(TestSuiteExecutor.java:91)
	at com.kms.katalon.core.main.TestCaseMain.startTestSuite(TestCaseMain.java:157)
	at com.kms.katalon.core.main.TestCaseMain$startTestSuite$0.call(Unknown Source)
	at TempTestSuite1575402574161.run(TempTestSuite1575402574161.groovy:36)
Caused by: com.kms.katalon.core.webui.exception.WebElementNotFoundException: Web element with id: 'Object Repository/Thumbing-Upvote and Downvote/Page_View Profile/span_Agree' located by 'By.xpath: //button[@id=&quot;btnAgree&quot;]' not found
	at com.kms.katalon.core.webui.common.WebUiCommonHelper.findWebElement(WebUiCommonHelper.java:1113)
	at com.kms.katalon.core.webui.keyword.internal.WebUIAbstractKeyword.findWebElement(WebUIAbstractKeyword.groovy:27)
	at com.kms.katalon.core.webui.keyword.internal.WebUIAbstractKeyword.findWebElement(WebUIAbstractKeyword.groovy:26)
	at com.kms.katalon.core.webui.keyword.builtin.ScrollToElementKeyword$_scrollToElement_closure1.doCall(ScrollToElementKeyword.groovy:79)
	at com.kms.katalon.core.webui.keyword.builtin.ScrollToElementKeyword$_scrollToElement_closure1.call(ScrollToElementKeyword.groovy)
	at com.kms.katalon.core.webui.keyword.internal.WebUIKeywordMain.runKeyword(WebUIKeywordMain.groovy:20)
	... 19 more
"/>
         <system-out><![CDATA[2019-12-04 01:47:20 - [TEST_CASE][FAILED] - Test Cases/Thumbing - Upvote and downvote: Test Cases/Thumbing - Upvote and downvote FAILED.
Reason:
com.kms.katalon.core.exception.StepFailedException: Unable to scroll to object 'Object Repository/Thumbing-Upvote and Downvote/Page_View Profile/span_Agree'
	at com.kms.katalon.core.webui.keyword.internal.WebUIKeywordMain.stepFailed(WebUIKeywordMain.groovy:64)
	at com.kms.katalon.core.webui.keyword.internal.WebUIKeywordMain.runKeyword(WebUIKeywordMain.groovy:26)
	at com.kms.katalon.core.webui.keyword.builtin.ScrollToElementKeyword.scrollToElement(ScrollToElementKeyword.groovy:88)
	at com.kms.katalon.core.webui.keyword.builtin.ScrollToElementKeyword.execute(ScrollToElementKeyword.groovy:68)
	at com.kms.katalon.core.keyword.internal.KeywordExecutor.executeKeywordForPlatform(KeywordExecutor.groovy:60)
	at com.kms.katalon.core.webui.keyword.WebUiBuiltInKeywords.scrollToElement(WebUiBuiltInKeywords.groovy:2975)
	at com.kms.katalon.core.webui.keyword.WebUiBuiltInKeywords$scrollToElement$13.call(Unknown Source)
	at Thumbing - Upvote and downvote.run(Thumbing - Upvote and downvote:41)
	at com.kms.katalon.core.main.ScriptEngine.run(ScriptEngine.java:194)
	at com.kms.katalon.core.main.ScriptEngine.runScriptAsRawText(ScriptEngine.java:119)
	at com.kms.katalon.core.main.TestCaseExecutor.runScript(TestCaseExecutor.java:337)
	at com.kms.katalon.core.main.TestCaseExecutor.doExecute(TestCaseExecutor.java:328)
	at com.kms.katalon.core.main.TestCaseExecutor.processExecutionPhase(TestCaseExecutor.java:307)
	at com.kms.katalon.core.main.TestCaseExecutor.accessMainPhase(TestCaseExecutor.java:299)
	at com.kms.katalon.core.main.TestCaseExecutor.execute(TestCaseExecutor.java:233)
	at com.kms.katalon.core.main.TestSuiteExecutor.accessTestCaseMainPhase(TestSuiteExecutor.java:169)
	at com.kms.katalon.core.main.TestSuiteExecutor.accessTestSuiteMainPhase(TestSuiteExecutor.java:142)
	at com.kms.katalon.core.main.TestSuiteExecutor.execute(TestSuiteExecutor.java:91)
	at com.kms.katalon.core.main.TestCaseMain.startTestSuite(TestCaseMain.java:157)
	at com.kms.katalon.core.main.TestCaseMain$startTestSuite$0.call(Unknown Source)
	at TempTestSuite1575402574161.run(TempTestSuite1575402574161.groovy:36)
Caused by: com.kms.katalon.core.webui.exception.WebElementNotFoundException: Web element with id: 'Object Repository/Thumbing-Upvote and Downvote/Page_View Profile/span_Agree' located by 'By.xpath: //button[@id="btnAgree"]' not found
	at com.kms.katalon.core.webui.common.WebUiCommonHelper.findWebElement(WebUiCommonHelper.java:1113)
	at com.kms.katalon.core.webui.keyword.internal.WebUIAbstractKeyword.findWebElement(WebUIAbstractKeyword.groovy:27)
	at com.kms.katalon.core.webui.keyword.internal.WebUIAbstractKeyword.findWebElement(WebUIAbstractKeyword.groovy:26)
	at com.kms.katalon.core.webui.keyword.builtin.ScrollToElementKeyword$_scrollToElement_closure1.doCall(ScrollToElementKeyword.groovy:79)
	at com.kms.katalon.core.webui.keyword.builtin.ScrollToElementKeyword$_scrollToElement_closure1.call(ScrollToElementKeyword.groovy)
	at com.kms.katalon.core.webui.keyword.internal.WebUIKeywordMain.runKeyword(WebUIKeywordMain.groovy:20)
	... 19 more


2019-12-04 01:47:20 - [TEST_STEP][PASSED] - Start listener action : beforeTestcase: null

2019-12-04 01:47:21 - [TEST_STEP][PASSED] - openBrowser(AppUrl): Browser is opened with url: 'https://qa.thework.life'

2019-12-04 01:47:21 - [MESSAGE][INFO] - Starting 'Firefox' driver

2019-12-04 01:47:33 - [MESSAGE][PASSED] - Browser is opened with url: 'https://qa.thework.life'

2019-12-04 01:47:33 - [TEST_STEP][PASSED] - navigateToUrl(AppUrl): Navigate to 'https://qa.thework.life' successfully

2019-12-04 01:47:35 - [MESSAGE][PASSED] - Navigate to 'https://qa.thework.life' successfully

2019-12-04 01:47:35 - [TEST_STEP][PASSED] - setText(findTestObject("Object Repository/Thumbing-Upvote and Downvote/Page_theworklife - Find Great People To Work With/input_Please enter username or email_username"), "vijayvstest01@gmail.com"): Text 'vijayvstest01@gmail.com' is set on object 'Object Repository/Thumbing-Upvote and Downvote/Page_theworklife - Find Great People To Work With/input_Please enter username or email_username'

2019-12-04 01:47:36 - [MESSAGE][PASSED] - Text 'vijayvstest01@gmail.com' is set on object 'Object Repository/Thumbing-Upvote and Downvote/Page_theworklife - Find Great People To Work With/input_Please enter username or email_username'

2019-12-04 01:47:36 - [TEST_STEP][PASSED] - setEncryptedText(findTestObject("Object Repository/Thumbing-Upvote and Downvote/Page_theworklife - Find Great People To Work With/input_Forgot password_password"), "cvW8qx4B2o3F4VwP/kNsqA=="): Text ****** has been set on object 'Object Repository/Thumbing-Upvote and Downvote/Page_theworklife - Find Great People To Work With/input_Forgot password_password'

2019-12-04 01:47:36 - [MESSAGE][PASSED] - Text ****** has been set on object 'Object Repository/Thumbing-Upvote and Downvote/Page_theworklife - Find Great People To Work With/input_Forgot password_password'

2019-12-04 01:47:36 - [TEST_STEP][PASSED] - click(findTestObject("Object Repository/Thumbing-Upvote and Downvote/Page_theworklife - Find Great People To Work With/button_Sign in")): Object: 'Object Repository/Thumbing-Upvote and Downvote/Page_theworklife - Find Great People To Work With/button_Sign in' is clicked on

2019-12-04 01:47:42 - [MESSAGE][PASSED] - Object: 'Object Repository/Thumbing-Upvote and Downvote/Page_theworklife - Find Great People To Work With/button_Sign in' is clicked on

2019-12-04 01:47:42 - [TEST_STEP][PASSED] - setText(findTestObject("Object Repository/Thumbing-Upvote and Downvote/Page_Home/input_View all_searchText"), "suraj"): Text 'suraj' is set on object 'Object Repository/Thumbing-Upvote and Downvote/Page_Home/input_View all_searchText'

2019-12-04 01:47:44 - [MESSAGE][PASSED] - Text 'suraj' is set on object 'Object Repository/Thumbing-Upvote and Downvote/Page_Home/input_View all_searchText'

2019-12-04 01:47:44 - [TEST_STEP][PASSED] - click(findTestObject("Search user/Search user button")): Object: 'Object Repository/Search user/Search user button' is clicked on

2019-12-04 01:47:52 - [MESSAGE][PASSED] - Object: 'Object Repository/Search user/Search user button' is clicked on

2019-12-04 01:47:52 - [TEST_STEP][PASSED] - waitForElementClickable(findTestObject("Thumbing-Upvote and Downvote/Page_Home/span_Suraj1569758600295makhija"), 3): Object 'Object Repository/Thumbing-Upvote and Downvote/Page_Home/span_Suraj1569758600295makhija' is clickable

2019-12-04 01:47:52 - [MESSAGE][PASSED] - Object 'Object Repository/Thumbing-Upvote and Downvote/Page_Home/span_Suraj1569758600295makhija' is clickable

2019-12-04 01:47:52 - [TEST_STEP][PASSED] - delay(5): Delayed 5 second(s)

2019-12-04 01:47:57 - [MESSAGE][PASSED] - Delayed 5 second(s)

2019-12-04 01:47:57 - [TEST_STEP][PASSED] - click(findTestObject("Object Repository/Thumbing-Upvote and Downvote/Page_Home/span_Suraj1569758600295makhija")): Object: 'Object Repository/Thumbing-Upvote and Downvote/Page_Home/span_Suraj1569758600295makhija' is clicked on

2019-12-04 01:47:58 - [MESSAGE][PASSED] - Object: 'Object Repository/Thumbing-Upvote and Downvote/Page_Home/span_Suraj1569758600295makhija' is clicked on

2019-12-04 01:47:58 - [TEST_STEP][PASSED] - delay(3): Delayed 3 second(s)

2019-12-04 01:48:01 - [MESSAGE][PASSED] - Delayed 3 second(s)

2019-12-04 01:48:01 - [TEST_STEP][FAILED] - scrollToElement(findTestObject("Thumbing-Upvote and Downvote/Page_View Profile/span_Agree"), 5): Unable to scroll to object 'Object Repository/Thumbing-Upvote and Downvote/Page_View Profile/span_Agree' (Root cause: com.kms.katalon.core.exception.StepFailedException: Unable to scroll to object 'Object Repository/Thumbing-Upvote and Downvote/Page_View Profile/span_Agree'
	at com.kms.katalon.core.webui.keyword.internal.WebUIKeywordMain.stepFailed(WebUIKeywordMain.groovy:64)
	at com.kms.katalon.core.webui.keyword.internal.WebUIKeywordMain.runKeyword(WebUIKeywordMain.groovy:26)
	at com.kms.katalon.core.webui.keyword.builtin.ScrollToElementKeyword.scrollToElement(ScrollToElementKeyword.groovy:88)
	at com.kms.katalon.core.webui.keyword.builtin.ScrollToElementKeyword.execute(ScrollToElementKeyword.groovy:68)
	at com.kms.katalon.core.keyword.internal.KeywordExecutor.executeKeywordForPlatform(KeywordExecutor.groovy:60)
	at com.kms.katalon.core.webui.keyword.WebUiBuiltInKeywords.scrollToElement(WebUiBuiltInKeywords.groovy:2975)
	at com.kms.katalon.core.webui.keyword.WebUiBuiltInKeywords$scrollToElement$13.call(Unknown Source)
	at Thumbing - Upvote and downvote.run(Thumbing - Upvote and downvote:41)
	at com.kms.katalon.core.main.ScriptEngine.run(ScriptEngine.java:194)
	at com.kms.katalon.core.main.ScriptEngine.runScriptAsRawText(ScriptEngine.java:119)
	at com.kms.katalon.core.main.TestCaseExecutor.runScript(TestCaseExecutor.java:337)
	at com.kms.katalon.core.main.TestCaseExecutor.doExecute(TestCaseExecutor.java:328)
	at com.kms.katalon.core.main.TestCaseExecutor.processExecutionPhase(TestCaseExecutor.java:307)
	at com.kms.katalon.core.main.TestCaseExecutor.accessMainPhase(TestCaseExecutor.java:299)
	at com.kms.katalon.core.main.TestCaseExecutor.execute(TestCaseExecutor.java:233)
	at com.kms.katalon.core.main.TestSuiteExecutor.accessTestCaseMainPhase(TestSuiteExecutor.java:169)
	at com.kms.katalon.core.main.TestSuiteExecutor.accessTestSuiteMainPhase(TestSuiteExecutor.java:142)
	at com.kms.katalon.core.main.TestSuiteExecutor.execute(TestSuiteExecutor.java:91)
	at com.kms.katalon.core.main.TestCaseMain.startTestSuite(TestCaseMain.java:157)
	at com.kms.katalon.core.main.TestCaseMain$startTestSuite$0.call(Unknown Source)
	at TempTestSuite1575402574161.run(TempTestSuite1575402574161.groovy:36)
Caused by: com.kms.katalon.core.webui.exception.WebElementNotFoundException: Web element with id: 'Object Repository/Thumbing-Upvote and Downvote/Page_View Profile/span_Agree' located by 'By.xpath: //button[@id="btnAgree"]' not found
	at com.kms.katalon.core.webui.common.WebUiCommonHelper.findWebElement(WebUiCommonHelper.java:1113)
	at com.kms.katalon.core.webui.keyword.internal.WebUIAbstractKeyword.findWebElement(WebUIAbstractKeyword.groovy:27)
	at com.kms.katalon.core.webui.keyword.internal.WebUIAbstractKeyword.findWebElement(WebUIAbstractKeyword.groovy:26)
	at com.kms.katalon.core.webui.keyword.builtin.ScrollToElementKeyword$_scrollToElement_closure1.doCall(ScrollToElementKeyword.groovy:79)
	at com.kms.katalon.core.webui.keyword.builtin.ScrollToElementKeyword$_scrollToElement_closure1.call(ScrollToElementKeyword.groovy)
	at com.kms.katalon.core.webui.keyword.internal.WebUIKeywordMain.runKeyword(WebUIKeywordMain.groovy:20)
	at com.kms.katalon.core.webui.keyword.builtin.ScrollToElementKeyword.scrollToElement(ScrollToElementKeyword.groovy:88)
	at com.kms.katalon.core.webui.keyword.builtin.ScrollToElementKeyword.execute(ScrollToElementKeyword.groovy:68)
	at com.kms.katalon.core.keyword.internal.KeywordExecutor.executeKeywordForPlatform(KeywordExecutor.groovy:60)
	at com.kms.katalon.core.webui.keyword.WebUiBuiltInKeywords.scrollToElement(WebUiBuiltInKeywords.groovy:2975)
	at com.kms.katalon.core.webui.keyword.WebUiBuiltInKeywords$scrollToElement$13.call(Unknown Source)
	at Script1570289084235.run(Script1570289084235.groovy:41)
	... 13 more
)

2019-12-04 01:48:45 - [MESSAGE][INFO] - Unable to find the element located by 'By.xpath: //button[@id="btnAgree"]'. Please recheck the objects properties to make sure the desired element is located. 

2019-12-04 01:48:46 - [MESSAGE][FAILED] - Unable to scroll to object 'Object Repository/Thumbing-Upvote and Downvote/Page_View Profile/span_Agree' (Root cause: com.kms.katalon.core.exception.StepFailedException: Unable to scroll to object 'Object Repository/Thumbing-Upvote and Downvote/Page_View Profile/span_Agree'
	at com.kms.katalon.core.webui.keyword.internal.WebUIKeywordMain.stepFailed(WebUIKeywordMain.groovy:64)
	at com.kms.katalon.core.webui.keyword.internal.WebUIKeywordMain.runKeyword(WebUIKeywordMain.groovy:26)
	at com.kms.katalon.core.webui.keyword.builtin.ScrollToElementKeyword.scrollToElement(ScrollToElementKeyword.groovy:88)
	at com.kms.katalon.core.webui.keyword.builtin.ScrollToElementKeyword.execute(ScrollToElementKeyword.groovy:68)
	at com.kms.katalon.core.keyword.internal.KeywordExecutor.executeKeywordForPlatform(KeywordExecutor.groovy:60)
	at com.kms.katalon.core.webui.keyword.WebUiBuiltInKeywords.scrollToElement(WebUiBuiltInKeywords.groovy:2975)
	at com.kms.katalon.core.webui.keyword.WebUiBuiltInKeywords$scrollToElement$13.call(Unknown Source)
	at Thumbing - Upvote and downvote.run(Thumbing - Upvote and downvote:41)
	at com.kms.katalon.core.main.ScriptEngine.run(ScriptEngine.java:194)
	at com.kms.katalon.core.main.ScriptEngine.runScriptAsRawText(ScriptEngine.java:119)
	at com.kms.katalon.core.main.TestCaseExecutor.runScript(TestCaseExecutor.java:337)
	at com.kms.katalon.core.main.TestCaseExecutor.doExecute(TestCaseExecutor.java:328)
	at com.kms.katalon.core.main.TestCaseExecutor.processExecutionPhase(TestCaseExecutor.java:307)
	at com.kms.katalon.core.main.TestCaseExecutor.accessMainPhase(TestCaseExecutor.java:299)
	at com.kms.katalon.core.main.TestCaseExecutor.execute(TestCaseExecutor.java:233)
	at com.kms.katalon.core.main.TestSuiteExecutor.accessTestCaseMainPhase(TestSuiteExecutor.java:169)
	at com.kms.katalon.core.main.TestSuiteExecutor.accessTestSuiteMainPhase(TestSuiteExecutor.java:142)
	at com.kms.katalon.core.main.TestSuiteExecutor.execute(TestSuiteExecutor.java:91)
	at com.kms.katalon.core.main.TestCaseMain.startTestSuite(TestCaseMain.java:157)
	at com.kms.katalon.core.main.TestCaseMain$startTestSuite$0.call(Unknown Source)
	at TempTestSuite1575402574161.run(TempTestSuite1575402574161.groovy:36)
Caused by: com.kms.katalon.core.webui.exception.WebElementNotFoundException: Web element with id: 'Object Repository/Thumbing-Upvote and Downvote/Page_View Profile/span_Agree' located by 'By.xpath: //button[@id="btnAgree"]' not found
	at com.kms.katalon.core.webui.common.WebUiCommonHelper.findWebElement(WebUiCommonHelper.java:1113)
	at com.kms.katalon.core.webui.keyword.internal.WebUIAbstractKeyword.findWebElement(WebUIAbstractKeyword.groovy:27)
	at com.kms.katalon.core.webui.keyword.internal.WebUIAbstractKeyword.findWebElement(WebUIAbstractKeyword.groovy:26)
	at com.kms.katalon.core.webui.keyword.builtin.ScrollToElementKeyword$_scrollToElement_closure1.doCall(ScrollToElementKeyword.groovy:79)
	at com.kms.katalon.core.webui.keyword.builtin.ScrollToElementKeyword$_scrollToElement_closure1.call(ScrollToElementKeyword.groovy)
	at com.kms.katalon.core.webui.keyword.internal.WebUIKeywordMain.runKeyword(WebUIKeywordMain.groovy:20)
	at com.kms.katalon.core.webui.keyword.builtin.ScrollToElementKeyword.scrollToElement(ScrollToElementKeyword.groovy:88)
	at com.kms.katalon.core.webui.keyword.builtin.ScrollToElementKeyword.execute(ScrollToElementKeyword.groovy:68)
	at com.kms.katalon.core.keyword.internal.KeywordExecutor.executeKeywordForPlatform(KeywordExecutor.groovy:60)
	at com.kms.katalon.core.webui.keyword.WebUiBuiltInKeywords.scrollToElement(WebUiBuiltInKeywords.groovy:2975)
	at com.kms.katalon.core.webui.keyword.WebUiBuiltInKeywords$scrollToElement$13.call(Unknown Source)
	at Script1570289084235.run(Script1570289084235.groovy:41)
	... 13 more
)
[[ATTACHMENT|C:\\Users\\Suraj Kumar\\git\\KatalonBDD\\Reports\\20191204_011934\\Regression\\20191204_011934\\1575404325983.png]]

2019-12-04 01:48:46 - [TEST_STEP][PASSED] - Start listener action : afterTestcase: Browser is closed

2019-12-04 01:48:46 - [TEST_STEP][PASSED] - closeBrowser(): Browser is closed

2019-12-04 01:48:47 - [MESSAGE][PASSED] - Browser is closed

2019-12-04 01:48:49 - [TEST_STEP][PASSED] - Video: Video recording for test case 'Test Cases/Thumbing - Upvote and downvote' .

2019-12-04 01:48:49 - [MESSAGE][INFO] - Video recording for test case 'Test Cases/Thumbing - Upvote and downvote' .
[[ATTACHMENT|C:\\Users\\Suraj Kumar\\git\\KatalonBDD\\Reports\\20191204_011934\\Regression\\20191204_011934/videos\\test_30.avi]]]]></system-out>
         <system-err><![CDATA[2019-12-04 01:47:20 - [TEST_CASE][FAILED] - Test Cases/Thumbing - Upvote and downvote: Test Cases/Thumbing - Upvote and downvote FAILED.
Reason:
com.kms.katalon.core.exception.StepFailedException: Unable to scroll to object 'Object Repository/Thumbing-Upvote and Downvote/Page_View Profile/span_Agree'
	at com.kms.katalon.core.webui.keyword.internal.WebUIKeywordMain.stepFailed(WebUIKeywordMain.groovy:64)
	at com.kms.katalon.core.webui.keyword.internal.WebUIKeywordMain.runKeyword(WebUIKeywordMain.groovy:26)
	at com.kms.katalon.core.webui.keyword.builtin.ScrollToElementKeyword.scrollToElement(ScrollToElementKeyword.groovy:88)
	at com.kms.katalon.core.webui.keyword.builtin.ScrollToElementKeyword.execute(ScrollToElementKeyword.groovy:68)
	at com.kms.katalon.core.keyword.internal.KeywordExecutor.executeKeywordForPlatform(KeywordExecutor.groovy:60)
	at com.kms.katalon.core.webui.keyword.WebUiBuiltInKeywords.scrollToElement(WebUiBuiltInKeywords.groovy:2975)
	at com.kms.katalon.core.webui.keyword.WebUiBuiltInKeywords$scrollToElement$13.call(Unknown Source)
	at Thumbing - Upvote and downvote.run(Thumbing - Upvote and downvote:41)
	at com.kms.katalon.core.main.ScriptEngine.run(ScriptEngine.java:194)
	at com.kms.katalon.core.main.ScriptEngine.runScriptAsRawText(ScriptEngine.java:119)
	at com.kms.katalon.core.main.TestCaseExecutor.runScript(TestCaseExecutor.java:337)
	at com.kms.katalon.core.main.TestCaseExecutor.doExecute(TestCaseExecutor.java:328)
	at com.kms.katalon.core.main.TestCaseExecutor.processExecutionPhase(TestCaseExecutor.java:307)
	at com.kms.katalon.core.main.TestCaseExecutor.accessMainPhase(TestCaseExecutor.java:299)
	at com.kms.katalon.core.main.TestCaseExecutor.execute(TestCaseExecutor.java:233)
	at com.kms.katalon.core.main.TestSuiteExecutor.accessTestCaseMainPhase(TestSuiteExecutor.java:169)
	at com.kms.katalon.core.main.TestSuiteExecutor.accessTestSuiteMainPhase(TestSuiteExecutor.java:142)
	at com.kms.katalon.core.main.TestSuiteExecutor.execute(TestSuiteExecutor.java:91)
	at com.kms.katalon.core.main.TestCaseMain.startTestSuite(TestCaseMain.java:157)
	at com.kms.katalon.core.main.TestCaseMain$startTestSuite$0.call(Unknown Source)
	at TempTestSuite1575402574161.run(TempTestSuite1575402574161.groovy:36)
Caused by: com.kms.katalon.core.webui.exception.WebElementNotFoundException: Web element with id: 'Object Repository/Thumbing-Upvote and Downvote/Page_View Profile/span_Agree' located by 'By.xpath: //button[@id="btnAgree"]' not found
	at com.kms.katalon.core.webui.common.WebUiCommonHelper.findWebElement(WebUiCommonHelper.java:1113)
	at com.kms.katalon.core.webui.keyword.internal.WebUIAbstractKeyword.findWebElement(WebUIAbstractKeyword.groovy:27)
	at com.kms.katalon.core.webui.keyword.internal.WebUIAbstractKeyword.findWebElement(WebUIAbstractKeyword.groovy:26)
	at com.kms.katalon.core.webui.keyword.builtin.ScrollToElementKeyword$_scrollToElement_closure1.doCall(ScrollToElementKeyword.groovy:79)
	at com.kms.katalon.core.webui.keyword.builtin.ScrollToElementKeyword$_scrollToElement_closure1.call(ScrollToElementKeyword.groovy)
	at com.kms.katalon.core.webui.keyword.internal.WebUIKeywordMain.runKeyword(WebUIKeywordMain.groovy:20)
	... 19 more]]></system-err>
      </testcase>
      <testcase name="Test Cases/Verify connection" time="35.202" classname="Test Cases/Verify connection" status="PASSED">
         <system-out><![CDATA[2019-12-04 01:48:49 - [TEST_CASE][PASSED] - Test Cases/Verify connection: Test Cases/Verify connection

2019-12-04 01:48:49 - [TEST_STEP][PASSED] - Start listener action : beforeTestcase: null

2019-12-04 01:48:50 - [TEST_STEP][PASSED] - openBrowser(""): Browser is opened with url: ''

2019-12-04 01:48:50 - [MESSAGE][INFO] - Starting 'Firefox' driver

2019-12-04 01:48:55 - [MESSAGE][PASSED] - Browser is opened with url: ''

2019-12-04 01:48:55 - [TEST_STEP][PASSED] - navigateToUrl("https://qa.thework.life/"): Navigate to 'https://qa.thework.life/' successfully

2019-12-04 01:49:02 - [MESSAGE][PASSED] - Navigate to 'https://qa.thework.life/' successfully

2019-12-04 01:49:02 - [TEST_STEP][PASSED] - setText(findTestObject("Experience/Page_theworklife - Find Great People To Work With/input_Forgot password_username"), "yamanappa@gmail.com"): Text 'yamanappa@gmail.com' is set on object 'Object Repository/Experience/Page_theworklife - Find Great People To Work With/input_Forgot password_username'

2019-12-04 01:49:03 - [MESSAGE][PASSED] - Text 'yamanappa@gmail.com' is set on object 'Object Repository/Experience/Page_theworklife - Find Great People To Work With/input_Forgot password_username'

2019-12-04 01:49:03 - [TEST_STEP][PASSED] - setEncryptedText(findTestObject("Experience/Page_theworklife - Find Great People To Work With/input_Forgot password_password"), "cvW8qx4B2o3F4VwP/kNsqA=="): Text ****** has been set on object 'Object Repository/Experience/Page_theworklife - Find Great People To Work With/input_Forgot password_password'

2019-12-04 01:49:03 - [MESSAGE][PASSED] - Text ****** has been set on object 'Object Repository/Experience/Page_theworklife - Find Great People To Work With/input_Forgot password_password'

2019-12-04 01:49:03 - [TEST_STEP][PASSED] - click(findTestObject("Object Repository/Rate/Page_theworklife - Find Great People To Work With/button_Sign in")): Object: 'Object Repository/Rate/Page_theworklife - Find Great People To Work With/button_Sign in' is clicked on

2019-12-04 01:49:09 - [MESSAGE][PASSED] - Object: 'Object Repository/Rate/Page_theworklife - Find Great People To Work With/button_Sign in' is clicked on

2019-12-04 01:49:09 - [TEST_STEP][PASSED] - waitForElementPresent(findTestObject("connect with user/Page_Home/a_connections"), 3): Object 'Object Repository/connect with user/Page_Home/a_connections' is present

2019-12-04 01:49:12 - [MESSAGE][PASSED] - Object 'Object Repository/connect with user/Page_Home/a_connections' is present

2019-12-04 01:49:12 - [TEST_STEP][PASSED] - delay(4): Delayed 4 second(s)

2019-12-04 01:49:16 - [MESSAGE][PASSED] - Delayed 4 second(s)

2019-12-04 01:49:16 - [TEST_STEP][PASSED] - click(findTestObject("connect with user/Page_Home/a_connections")): Object: 'Object Repository/connect with user/Page_Home/a_connections' is clicked on

2019-12-04 01:49:19 - [MESSAGE][PASSED] - Object: 'Object Repository/connect with user/Page_Home/a_connections' is clicked on

2019-12-04 01:49:19 - [TEST_STEP][PASSED] - verifyTextNotPresent("No Connections available", false): Text 'No Connections available' is not present on page

2019-12-04 01:49:21 - [MESSAGE][PASSED] - Text 'No Connections available' is not present on page

2019-12-04 01:49:21 - [TEST_STEP][PASSED] - Start listener action : afterTestcase: Browser is closed

2019-12-04 01:49:21 - [TEST_STEP][PASSED] - closeBrowser(): Browser is closed

2019-12-04 01:49:22 - [MESSAGE][PASSED] - Browser is closed

2019-12-04 01:49:25 - [TEST_STEP][PASSED] - Video: Video recording for test case 'Test Cases/Verify connection' .

2019-12-04 01:49:25 - [MESSAGE][INFO] - Video recording for test case 'Test Cases/Verify connection' .
[[ATTACHMENT|C:\\Users\\Suraj Kumar\\git\\KatalonBDD\\Reports\\20191204_011934\\Regression\\20191204_011934/videos\\test_31.avi]]]]></system-out>
         <system-err><![CDATA[]]></system-err>
      </testcase>
      <testcase name="Test Cases/verify pending connctions" time="35.716" classname="Test Cases/verify pending connctions" status="PASSED">
         <system-out><![CDATA[2019-12-04 01:49:25 - [TEST_CASE][PASSED] - Test Cases/verify pending connctions: Test Cases/verify pending connctions

2019-12-04 01:49:25 - [TEST_STEP][PASSED] - Start listener action : beforeTestcase: null

2019-12-04 01:49:25 - [TEST_STEP][PASSED] - openBrowser(AppUrl): Browser is opened with url: 'https://qa.thework.life'

2019-12-04 01:49:25 - [MESSAGE][INFO] - Starting 'Firefox' driver

2019-12-04 01:49:37 - [MESSAGE][PASSED] - Browser is opened with url: 'https://qa.thework.life'

2019-12-04 01:49:37 - [TEST_STEP][PASSED] - navigateToUrl(AppUrl): Navigate to 'https://qa.thework.life' successfully

2019-12-04 01:49:40 - [MESSAGE][PASSED] - Navigate to 'https://qa.thework.life' successfully

2019-12-04 01:49:40 - [TEST_STEP][PASSED] - setText(findTestObject("Experience/Page_theworklife - Find Great People To Work With/input_Forgot password_username"), "vijayvstest01@gmail.com"): Text 'vijayvstest01@gmail.com' is set on object 'Object Repository/Experience/Page_theworklife - Find Great People To Work With/input_Forgot password_username'

2019-12-04 01:49:40 - [MESSAGE][PASSED] - Text 'vijayvstest01@gmail.com' is set on object 'Object Repository/Experience/Page_theworklife - Find Great People To Work With/input_Forgot password_username'

2019-12-04 01:49:40 - [TEST_STEP][PASSED] - setEncryptedText(findTestObject("Experience/Page_theworklife - Find Great People To Work With/input_Forgot password_password"), "cvW8qx4B2o3F4VwP/kNsqA=="): Text ****** has been set on object 'Object Repository/Experience/Page_theworklife - Find Great People To Work With/input_Forgot password_password'

2019-12-04 01:49:41 - [MESSAGE][PASSED] - Text ****** has been set on object 'Object Repository/Experience/Page_theworklife - Find Great People To Work With/input_Forgot password_password'

2019-12-04 01:49:41 - [TEST_STEP][PASSED] - click(findTestObject("Experience/Page_theworklife - Find Great People To Work With/button_Sign in")): Object: 'Object Repository/Experience/Page_theworklife - Find Great People To Work With/button_Sign in' is clicked on

2019-12-04 01:49:46 - [MESSAGE][PASSED] - Object: 'Object Repository/Experience/Page_theworklife - Find Great People To Work With/button_Sign in' is clicked on

2019-12-04 01:49:46 - [TEST_STEP][PASSED] - click(findTestObject("pending connections/Page_Home/a_connections")): Object: 'Object Repository/pending connections/Page_Home/a_connections' is clicked on

2019-12-04 01:49:56 - [MESSAGE][PASSED] - Object: 'Object Repository/pending connections/Page_Home/a_connections' is clicked on

2019-12-04 01:49:56 - [TEST_STEP][PASSED] - waitForElementVisible(findTestObject("Review card/Page_Connections/div_Yamanappa Ogennavar"), 3): Object 'Object Repository/Review card/Page_Connections/div_Yamanappa Ogennavar' is visible

2019-12-04 01:49:56 - [MESSAGE][PASSED] - Object 'Object Repository/Review card/Page_Connections/div_Yamanappa Ogennavar' is visible

2019-12-04 01:49:56 - [TEST_STEP][PASSED] - closeBrowser(): Browser is closed

2019-12-04 01:49:58 - [MESSAGE][PASSED] - Browser is closed

2019-12-04 01:49:58 - [TEST_STEP][PASSED] - Start listener action : afterTestcase: Browser is closed

2019-12-04 01:49:58 - [TEST_STEP][PASSED] - closeBrowser(): Browser is closed

2019-12-04 01:49:58 - [MESSAGE][PASSED] - Browser is closed

2019-12-04 01:50:00 - [TEST_STEP][PASSED] - Video: Video recording for test case 'Test Cases/verify pending connctions' .

2019-12-04 01:50:00 - [MESSAGE][INFO] - Video recording for test case 'Test Cases/verify pending connctions' .
[[ATTACHMENT|C:\\Users\\Suraj Kumar\\git\\KatalonBDD\\Reports\\20191204_011934\\Regression\\20191204_011934/videos\\test_32.avi]]]]></system-out>
         <system-err><![CDATA[]]></system-err>
      </testcase>
      <testcase name="Test Cases/workLifeTest/BBDTestCases/BBD Delete Experience" time="45.338" classname="Test Cases/workLifeTest/BBDTestCases/BBD Delete Experience" status="PASSED">
         <system-out><![CDATA[2019-12-04 01:50:00 - [TEST_CASE][PASSED] - Test Cases/workLifeTest/BBDTestCases/BBD Delete Experience: Test Cases/workLifeTest/BBDTestCases/BBD Delete Experience

2019-12-04 01:50:00 - [TEST_STEP][PASSED] - Start listener action : beforeTestcase: null

2019-12-04 01:50:01 - [TEST_STEP][PASSED] - openBrowser(AppUrl): Browser is opened with url: 'https://qa.thework.life'

2019-12-04 01:50:01 - [MESSAGE][INFO] - Starting 'Firefox' driver

2019-12-04 01:50:13 - [MESSAGE][PASSED] - Browser is opened with url: 'https://qa.thework.life'

2019-12-04 01:50:13 - [TEST_STEP][PASSED] - navigateToUrl(AppUrl): Navigate to 'https://qa.thework.life' successfully

2019-12-04 01:50:15 - [MESSAGE][PASSED] - Navigate to 'https://qa.thework.life' successfully

2019-12-04 01:50:15 - [TEST_STEP][PASSED] - setText(findTestObject("Object Repository/Page_theworklife/input_Forgot password_username"), "worklifetest10001@gmail.com"): Text 'worklifetest10001@gmail.com' is set on object 'Object Repository/Page_theworklife/input_Forgot password_username'

2019-12-04 01:50:16 - [MESSAGE][PASSED] - Text 'worklifetest10001@gmail.com' is set on object 'Object Repository/Page_theworklife/input_Forgot password_username'

2019-12-04 01:50:16 - [TEST_STEP][PASSED] - setEncryptedText(findTestObject("Object Repository/Page_theworklife/input_Forgot password_password"), "XU9cBalmEBp1UP+jEU2w4UUBUuNgBY4U"): Text ****** has been set on object 'Object Repository/Page_theworklife/input_Forgot password_password'

2019-12-04 01:50:16 - [MESSAGE][PASSED] - Text ****** has been set on object 'Object Repository/Page_theworklife/input_Forgot password_password'

2019-12-04 01:50:16 - [TEST_STEP][PASSED] - click(findTestObject("Object Repository/Page_theworklife/button_Sign in")): Object: 'Object Repository/Page_theworklife/button_Sign in' is clicked on

2019-12-04 01:50:23 - [MESSAGE][PASSED] - Object: 'Object Repository/Page_theworklife/button_Sign in' is clicked on

2019-12-04 01:50:23 - [TEST_STEP][PASSED] - navigateToUrl("https://qa.thework.life/Profile/EditProfile"): Navigate to 'https://qa.thework.life/Profile/EditProfile' successfully

2019-12-04 01:50:29 - [MESSAGE][PASSED] - Navigate to 'https://qa.thework.life/Profile/EditProfile' successfully

2019-12-04 01:50:29 - [TEST_STEP][PASSED] - click(findTestObject("Object Repository/BDDFolder/EditExeperiece/Page_Edit Profile/a_Experience")): Object: 'Object Repository/BDDFolder/EditExeperiece/Page_Edit Profile/a_Experience' is clicked on

2019-12-04 01:50:29 - [MESSAGE][PASSED] - Object: 'Object Repository/BDDFolder/EditExeperiece/Page_Edit Profile/a_Experience' is clicked on

2019-12-04 01:50:29 - [TEST_STEP][PASSED] - waitForElementNotPresent(findTestObject("Object Repository/Experience/Page_Edit Profile/loader"), 10): Web element with id: 'Object Repository/Experience/Page_Edit Profile/loader' located by 'By.xpath: //div[@class="loader"]' is present after '10' second(s)

2019-12-04 01:50:40 - [MESSAGE][WARNING] - Web element with id: 'Object Repository/Experience/Page_Edit Profile/loader' located by 'By.xpath: //div[@class="loader"]' is present after '10' second(s)

2019-12-04 01:50:40 - [TEST_STEP][PASSED] - click(findTestObject("BDDFolder/EditExeperiece/Delete Button")): Object: 'Object Repository/BDDFolder/EditExeperiece/Delete Button' is clicked on

2019-12-04 01:50:41 - [MESSAGE][PASSED] - Object: 'Object Repository/BDDFolder/EditExeperiece/Delete Button' is clicked on

2019-12-04 01:50:41 - [TEST_STEP][PASSED] - click(findTestObject("BDDFolder/EditExeperiece/Yes button")): Object: 'Object Repository/BDDFolder/EditExeperiece/Yes button' is clicked on

2019-12-04 01:50:41 - [MESSAGE][PASSED] - Object: 'Object Repository/BDDFolder/EditExeperiece/Yes button' is clicked on

2019-12-04 01:50:41 - [TEST_STEP][PASSED] - closeBrowser(): Browser is closed

2019-12-04 01:50:43 - [MESSAGE][PASSED] - Browser is closed

2019-12-04 01:50:43 - [TEST_STEP][PASSED] - Start listener action : afterTestcase: Browser is closed

2019-12-04 01:50:43 - [TEST_STEP][PASSED] - closeBrowser(): Browser is closed

2019-12-04 01:50:43 - [MESSAGE][PASSED] - Browser is closed

2019-12-04 01:50:46 - [TEST_STEP][PASSED] - Video: Video recording for test case 'Test Cases/workLifeTest/BBDTestCases/BBD Delete Experience' .

2019-12-04 01:50:46 - [MESSAGE][INFO] - Video recording for test case 'Test Cases/workLifeTest/BBDTestCases/BBD Delete Experience' .
[[ATTACHMENT|C:\\Users\\Suraj Kumar\\git\\KatalonBDD\\Reports\\20191204_011934\\Regression\\20191204_011934/videos\\test_33.avi]]]]></system-out>
         <system-err><![CDATA[]]></system-err>
      </testcase>
      <testcase name="Test Cases/workLifeTest/BBDTestCases/BBD Edit Exeperience" time="52.422" classname="Test Cases/workLifeTest/BBDTestCases/BBD Edit Exeperience" status="PASSED">
         <system-out><![CDATA[2019-12-04 01:50:46 - [TEST_CASE][PASSED] - Test Cases/workLifeTest/BBDTestCases/BBD Edit Exeperience: Test Cases/workLifeTest/BBDTestCases/BBD Edit Exeperience

2019-12-04 01:50:46 - [TEST_STEP][PASSED] - Start listener action : beforeTestcase: null

2019-12-04 01:50:46 - [TEST_STEP][PASSED] - openBrowser(AppUrl): Browser is opened with url: 'https://qa.thework.life'

2019-12-04 01:50:46 - [MESSAGE][INFO] - Starting 'Firefox' driver

2019-12-04 01:50:58 - [MESSAGE][PASSED] - Browser is opened with url: 'https://qa.thework.life'

2019-12-04 01:50:58 - [TEST_STEP][PASSED] - navigateToUrl(AppUrl): Navigate to 'https://qa.thework.life' successfully

2019-12-04 01:51:01 - [MESSAGE][PASSED] - Navigate to 'https://qa.thework.life' successfully

2019-12-04 01:51:01 - [TEST_STEP][PASSED] - setText(findTestObject("Object Repository/Page_theworklife/input_Forgot password_username"), "worklifetest10004@gmail.com"): Text 'worklifetest10004@gmail.com' is set on object 'Object Repository/Page_theworklife/input_Forgot password_username'

2019-12-04 01:51:01 - [MESSAGE][PASSED] - Text 'worklifetest10004@gmail.com' is set on object 'Object Repository/Page_theworklife/input_Forgot password_username'

2019-12-04 01:51:01 - [TEST_STEP][PASSED] - setEncryptedText(findTestObject("Object Repository/Page_theworklife/input_Forgot password_password"), "XU9cBalmEBp1UP+jEU2w4UUBUuNgBY4U"): Text ****** has been set on object 'Object Repository/Page_theworklife/input_Forgot password_password'

2019-12-04 01:51:02 - [MESSAGE][PASSED] - Text ****** has been set on object 'Object Repository/Page_theworklife/input_Forgot password_password'

2019-12-04 01:51:02 - [TEST_STEP][PASSED] - click(findTestObject("Object Repository/Page_theworklife/button_Sign in")): Object: 'Object Repository/Page_theworklife/button_Sign in' is clicked on

2019-12-04 01:51:08 - [MESSAGE][PASSED] - Object: 'Object Repository/Page_theworklife/button_Sign in' is clicked on

2019-12-04 01:51:08 - [TEST_STEP][PASSED] - navigateToUrl("https://qa.thework.life/Profile/EditProfile"): Navigate to 'https://qa.thework.life/Profile/EditProfile' successfully

2019-12-04 01:51:13 - [MESSAGE][PASSED] - Navigate to 'https://qa.thework.life/Profile/EditProfile' successfully

2019-12-04 01:51:13 - [TEST_STEP][PASSED] - click(findTestObject("Object Repository/BDDFolder/EditExeperiece/Page_Edit Profile/a_Experience")): Object: 'Object Repository/BDDFolder/EditExeperiece/Page_Edit Profile/a_Experience' is clicked on

2019-12-04 01:51:14 - [MESSAGE][PASSED] - Object: 'Object Repository/BDDFolder/EditExeperiece/Page_Edit Profile/a_Experience' is clicked on

2019-12-04 01:51:14 - [TEST_STEP][PASSED] - waitForElementNotPresent(findTestObject("Object Repository/Experience/Page_Edit Profile/loader"), 10): Web element with id: 'Object Repository/Experience/Page_Edit Profile/loader' located by 'By.xpath: //div[@class="loader"]' is present after '10' second(s)

2019-12-04 01:51:24 - [MESSAGE][WARNING] - Web element with id: 'Object Repository/Experience/Page_Edit Profile/loader' located by 'By.xpath: //div[@class="loader"]' is present after '10' second(s)

2019-12-04 01:51:24 - [TEST_STEP][PASSED] - click(findTestObject("Object Repository/BDDFolder/EditExeperiece/ClickonEditButton")): Object: 'Object Repository/BDDFolder/EditExeperiece/ClickonEditButton' is clicked on

2019-12-04 01:51:25 - [MESSAGE][PASSED] - Object: 'Object Repository/BDDFolder/EditExeperiece/ClickonEditButton' is clicked on

2019-12-04 01:51:25 - [TEST_STEP][PASSED] - scrollToElement(findTestObject("Object Repository/BDDFolder/EditExeperiece/DescriptiontextBox"), 3): Scroll to object 'Object Repository/BDDFolder/EditExeperiece/DescriptiontextBox' successfully

2019-12-04 01:51:27 - [MESSAGE][PASSED] - Scroll to object 'Object Repository/BDDFolder/EditExeperiece/DescriptiontextBox' successfully

2019-12-04 01:51:27 - [TEST_STEP][PASSED] - delay(5): Delayed 5 second(s)

2019-12-04 01:51:32 - [MESSAGE][PASSED] - Delayed 5 second(s)

2019-12-04 01:51:32 - [TEST_STEP][PASSED] - click(findTestObject("BDDFolder/EditExeperiece/Page_Edit Profile/textarea_ugugih"), STOP_ON_FAILURE): Object: 'Object Repository/BDDFolder/EditExeperiece/Page_Edit Profile/textarea_ugugih' is clicked on

2019-12-04 01:51:33 - [MESSAGE][PASSED] - Object: 'Object Repository/BDDFolder/EditExeperiece/Page_Edit Profile/textarea_ugugih' is clicked on

2019-12-04 01:51:33 - [TEST_STEP][PASSED] - clearText(findTestObject("BDDFolder/EditExeperiece/Page_Edit Profile/textarea_ugugih")): Text of object 'Object Repository/BDDFolder/EditExeperiece/Page_Edit Profile/textarea_ugugih' is cleared

2019-12-04 01:51:33 - [MESSAGE][PASSED] - Text of object 'Object Repository/BDDFolder/EditExeperiece/Page_Edit Profile/textarea_ugugih' is cleared

2019-12-04 01:51:33 - [TEST_STEP][PASSED] - setText(findTestObject("Object Repository/BDDFolder/EditExeperiece/Page_Edit Profile/textarea_ugugih"), "abcd test"): Text 'abcd test' is set on object 'Object Repository/BDDFolder/EditExeperiece/Page_Edit Profile/textarea_ugugih'

2019-12-04 01:51:33 - [MESSAGE][PASSED] - Text 'abcd test' is set on object 'Object Repository/BDDFolder/EditExeperiece/Page_Edit Profile/textarea_ugugih'

2019-12-04 01:51:33 - [TEST_STEP][PASSED] - click(findTestObject("Object Repository/BDDFolder/EditExeperiece/Page_Edit Profile/button_Save")): Object: 'Object Repository/BDDFolder/EditExeperiece/Page_Edit Profile/button_Save' is clicked on

2019-12-04 01:51:34 - [MESSAGE][PASSED] - Object: 'Object Repository/BDDFolder/EditExeperiece/Page_Edit Profile/button_Save' is clicked on

2019-12-04 01:51:34 - [TEST_STEP][PASSED] - closeBrowser(): Browser is closed

2019-12-04 01:51:36 - [MESSAGE][PASSED] - Browser is closed

2019-12-04 01:51:36 - [TEST_STEP][PASSED] - Start listener action : afterTestcase: Browser is closed

2019-12-04 01:51:36 - [TEST_STEP][PASSED] - closeBrowser(): Browser is closed

2019-12-04 01:51:36 - [MESSAGE][PASSED] - Browser is closed

2019-12-04 01:51:38 - [TEST_STEP][PASSED] - Video: Video recording for test case 'Test Cases/workLifeTest/BBDTestCases/BBD Edit Exeperience' .

2019-12-04 01:51:38 - [MESSAGE][INFO] - Video recording for test case 'Test Cases/workLifeTest/BBDTestCases/BBD Edit Exeperience' .
[[ATTACHMENT|C:\\Users\\Suraj Kumar\\git\\KatalonBDD\\Reports\\20191204_011934\\Regression\\20191204_011934/videos\\test_34.avi]]]]></system-out>
         <system-err><![CDATA[]]></system-err>
      </testcase>
      <testcase name="Test Cases/workLifeTest/BBDTestCases/BBD Edit Profile and Change Pic" time="63.844" classname="Test Cases/workLifeTest/BBDTestCases/BBD Edit Profile and Change Pic" status="PASSED">
         <system-out><![CDATA[2019-12-04 01:51:38 - [TEST_CASE][PASSED] - Test Cases/workLifeTest/BBDTestCases/BBD Edit Profile and Change Pic: Test Cases/workLifeTest/BBDTestCases/BBD Edit Profile and Change Pic

2019-12-04 01:51:38 - [TEST_STEP][PASSED] - Start listener action : beforeTestcase: null

2019-12-04 01:51:39 - [TEST_STEP][PASSED] - openBrowser(AppUrl): Browser is opened with url: 'https://qa.thework.life'

2019-12-04 01:51:39 - [MESSAGE][INFO] - Starting 'Firefox' driver

2019-12-04 01:51:51 - [MESSAGE][PASSED] - Browser is opened with url: 'https://qa.thework.life'

2019-12-04 01:51:51 - [TEST_STEP][PASSED] - navigateToUrl(AppUrl): Navigate to 'https://qa.thework.life' successfully

2019-12-04 01:51:53 - [MESSAGE][PASSED] - Navigate to 'https://qa.thework.life' successfully

2019-12-04 01:51:53 - [TEST_STEP][PASSED] - setText(findTestObject("Object Repository/SkillPageObject/Page_theworklife - Find Great People To Work With/input_Forgot password_username"), "worklifetest10004@gmail.com"): Text 'worklifetest10004@gmail.com' is set on object 'Object Repository/SkillPageObject/Page_theworklife - Find Great People To Work With/input_Forgot password_username'

2019-12-04 01:51:54 - [MESSAGE][PASSED] - Text 'worklifetest10004@gmail.com' is set on object 'Object Repository/SkillPageObject/Page_theworklife - Find Great People To Work With/input_Forgot password_username'

2019-12-04 01:51:54 - [TEST_STEP][PASSED] - setEncryptedText(findTestObject("Object Repository/SkillPageObject/Page_theworklife - Find Great People To Work With/input_Forgot password_password"), "XU9cBalmEBp1UP+jEU2w4UUBUuNgBY4U"): Text ****** has been set on object 'Object Repository/SkillPageObject/Page_theworklife - Find Great People To Work With/input_Forgot password_password'

2019-12-04 01:51:54 - [MESSAGE][PASSED] - Text ****** has been set on object 'Object Repository/SkillPageObject/Page_theworklife - Find Great People To Work With/input_Forgot password_password'

2019-12-04 01:51:54 - [TEST_STEP][PASSED] - click(findTestObject("Object Repository/SkillPageObject/Page_theworklife - Find Great People To Work With/button_Sign in")): Object: 'Object Repository/SkillPageObject/Page_theworklife - Find Great People To Work With/button_Sign in' is clicked on

2019-12-04 01:52:01 - [MESSAGE][PASSED] - Object: 'Object Repository/SkillPageObject/Page_theworklife - Find Great People To Work With/button_Sign in' is clicked on

2019-12-04 01:52:01 - [TEST_STEP][PASSED] - click(findTestObject("Object Repository/SkillPageObject/Page_Home/a_profile")): Object: 'Object Repository/SkillPageObject/Page_Home/a_profile' is clicked on

2019-12-04 01:52:01 - [MESSAGE][PASSED] - Object: 'Object Repository/SkillPageObject/Page_Home/a_profile' is clicked on

2019-12-04 01:52:01 - [TEST_STEP][PASSED] - click(findTestObject("Object Repository/SkillPageObject/Page_Home/a_Edit Profile")): Object: 'Object Repository/SkillPageObject/Page_Home/a_Edit Profile' is clicked on

2019-12-04 01:52:07 - [MESSAGE][PASSED] - Object: 'Object Repository/SkillPageObject/Page_Home/a_Edit Profile' is clicked on

2019-12-04 01:52:07 - [TEST_STEP][PASSED] - click(findTestObject("BDDFolder/Change Pic/change Pic Button")): Object: 'Object Repository/BDDFolder/Change Pic/change Pic Button' is clicked on

2019-12-04 01:52:07 - [MESSAGE][ERROR] - TypeError: rect is undefined
Build info: version: '3.141.59', revision: 'e82be7d358', time: '2018-11-14T08:25:53'
System info: host: 'PUN-IT000636', ip: '192.168.43.182', os.name: 'Windows 10', os.arch: 'amd64', os.version: '10.0', java.version: '1.8.0_181'
Driver info: com.kms.katalon.core.webui.driver.firefox.CGeckoDriver
Capabilities {acceptInsecureCerts: true, browserName: firefox, browserVersion: 69.0.3, javascriptEnabled: true, moz:accessibilityChecks: false, moz:buildID: 20191009172106, moz:geckodriverVersion: 0.23.0, moz:headless: false, moz:processID: 15988, moz:profile: C:\Users\Suraj Kumar\AppDat..., moz:shutdownTimeout: 60000, moz:useNonSpecCompliantPointerOrigin: false, moz:webdriverClick: true, pageLoadStrategy: normal, platform: WINDOWS, platformName: WINDOWS, platformVersion: 10.0, proxy: Proxy(direct), rotatable: false, setWindowRect: true, strictFileInteractability: false, timeouts: {implicit: 0, pageLoad: 300000, script: 30000}, unhandledPromptBehavior: dismiss and notify}
Session ID: c710936e-e9d3-455d-b863-edfb6b769241

2019-12-04 01:52:38 - [MESSAGE][ERROR] - TypeError: rect is undefined
Build info: version: '3.141.59', revision: 'e82be7d358', time: '2018-11-14T08:25:53'
System info: host: 'PUN-IT000636', ip: '192.168.43.182', os.name: 'Windows 10', os.arch: 'amd64', os.version: '10.0', java.version: '1.8.0_181'
Driver info: com.kms.katalon.core.webui.driver.firefox.CGeckoDriver
Capabilities {acceptInsecureCerts: true, browserName: firefox, browserVersion: 69.0.3, javascriptEnabled: true, moz:accessibilityChecks: false, moz:buildID: 20191009172106, moz:geckodriverVersion: 0.23.0, moz:headless: false, moz:processID: 15988, moz:profile: C:\Users\Suraj Kumar\AppDat..., moz:shutdownTimeout: 60000, moz:useNonSpecCompliantPointerOrigin: false, moz:webdriverClick: true, pageLoadStrategy: normal, platform: WINDOWS, platformName: WINDOWS, platformVersion: 10.0, proxy: Proxy(direct), rotatable: false, setWindowRect: true, strictFileInteractability: false, timeouts: {implicit: 0, pageLoad: 300000, script: 30000}, unhandledPromptBehavior: dismiss and notify}
Session ID: c710936e-e9d3-455d-b863-edfb6b769241

2019-12-04 01:52:38 - [MESSAGE][PASSED] - Object: 'Object Repository/BDDFolder/Change Pic/change Pic Button' is clicked on

2019-12-04 01:52:38 - [TEST_STEP][PASSED] - verifyElementClickable(findTestObject("BDDFolder/Change Pic/BrowseButton")): Object 'Object Repository/BDDFolder/Change Pic/BrowseButton' is clickable

2019-12-04 01:52:38 - [MESSAGE][PASSED] - Object 'Object Repository/BDDFolder/Change Pic/BrowseButton' is clickable

2019-12-04 01:52:38 - [TEST_STEP][PASSED] - Start listener action : afterTestcase: Browser is closed

2019-12-04 01:52:38 - [TEST_STEP][PASSED] - closeBrowser(): Browser is closed

2019-12-04 01:52:40 - [MESSAGE][PASSED] - Browser is closed

2019-12-04 01:52:42 - [TEST_STEP][PASSED] - Video: Video recording for test case 'Test Cases/workLifeTest/BBDTestCases/BBD Edit Profile and Change Pic' .

2019-12-04 01:52:42 - [MESSAGE][INFO] - Video recording for test case 'Test Cases/workLifeTest/BBDTestCases/BBD Edit Profile and Change Pic' .
[[ATTACHMENT|C:\\Users\\Suraj Kumar\\git\\KatalonBDD\\Reports\\20191204_011934\\Regression\\20191204_011934/videos\\test_35.avi]]]]></system-out>
         <system-err><![CDATA[]]></system-err>
      </testcase>
      <testcase name="Test Cases/workLifeTest/BBDTestCases/BBD Endorse User with No Realtion" time="47.952" classname="Test Cases/workLifeTest/BBDTestCases/BBD Endorse User with No Realtion" status="PASSED">
         <system-out><![CDATA[2019-12-04 01:52:42 - [TEST_CASE][PASSED] - Test Cases/workLifeTest/BBDTestCases/BBD Endorse User with No Realtion: Test Cases/workLifeTest/BBDTestCases/BBD Endorse User with No Realtion

2019-12-04 01:52:42 - [TEST_STEP][PASSED] - Start listener action : beforeTestcase: null

2019-12-04 01:52:42 - [TEST_STEP][PASSED] - openBrowser(AppUrl): Browser is opened with url: 'https://qa.thework.life'

2019-12-04 01:52:42 - [MESSAGE][INFO] - Starting 'Firefox' driver

2019-12-04 01:52:55 - [MESSAGE][PASSED] - Browser is opened with url: 'https://qa.thework.life'

2019-12-04 01:52:55 - [TEST_STEP][PASSED] - navigateToUrl(AppUrl): Navigate to 'https://qa.thework.life' successfully

2019-12-04 01:52:57 - [MESSAGE][PASSED] - Navigate to 'https://qa.thework.life' successfully

2019-12-04 01:52:57 - [TEST_STEP][PASSED] - setText(findTestObject("Object Repository/Endorse skills/Page_theworklife - Find Great People To Work With/input_Forgot password_username"), "worklifetest10004@gmail.com"): Text 'worklifetest10004@gmail.com' is set on object 'Object Repository/Endorse skills/Page_theworklife - Find Great People To Work With/input_Forgot password_username'

2019-12-04 01:52:58 - [MESSAGE][PASSED] - Text 'worklifetest10004@gmail.com' is set on object 'Object Repository/Endorse skills/Page_theworklife - Find Great People To Work With/input_Forgot password_username'

2019-12-04 01:52:58 - [TEST_STEP][PASSED] - setEncryptedText(findTestObject("Object Repository/Endorse skills/Page_theworklife - Find Great People To Work With/input_Forgot password_password"), "XU9cBalmEBp1UP+jEU2w4UUBUuNgBY4U"): Text ****** has been set on object 'Object Repository/Endorse skills/Page_theworklife - Find Great People To Work With/input_Forgot password_password'

2019-12-04 01:52:58 - [MESSAGE][PASSED] - Text ****** has been set on object 'Object Repository/Endorse skills/Page_theworklife - Find Great People To Work With/input_Forgot password_password'

2019-12-04 01:52:58 - [TEST_STEP][PASSED] - click(findTestObject("Object Repository/Rate/Page_theworklife - Find Great People To Work With/button_Sign in")): Object: 'Object Repository/Rate/Page_theworklife - Find Great People To Work With/button_Sign in' is clicked on

2019-12-04 01:53:08 - [MESSAGE][PASSED] - Object: 'Object Repository/Rate/Page_theworklife - Find Great People To Work With/button_Sign in' is clicked on

2019-12-04 01:53:08 - [TEST_STEP][PASSED] - setText(findTestObject("Object Repository/Endorse skills/Page_Home/input_View all_searchText"), "vijay"): Text 'vijay' is set on object 'Object Repository/Endorse skills/Page_Home/input_View all_searchText'

2019-12-04 01:53:09 - [MESSAGE][PASSED] - Text 'vijay' is set on object 'Object Repository/Endorse skills/Page_Home/input_View all_searchText'

2019-12-04 01:53:09 - [TEST_STEP][PASSED] - delay(3): Delayed 3 second(s)

2019-12-04 01:53:12 - [MESSAGE][PASSED] - Delayed 3 second(s)

2019-12-04 01:53:12 - [TEST_STEP][PASSED] - click(findTestObject("Object Repository/Endorse skills/Page_Search/div_Vijay Test")): Object: 'Object Repository/Endorse skills/Page_Search/div_Vijay Test' is clicked on

2019-12-04 01:53:16 - [MESSAGE][PASSED] - Object: 'Object Repository/Endorse skills/Page_Search/div_Vijay Test' is clicked on

2019-12-04 01:53:16 - [TEST_STEP][PASSED] - click(findTestObject("Endorse skills/Page_Search/search vijay test")): Object: 'Object Repository/Endorse skills/Page_Search/search vijay test' is clicked on

2019-12-04 01:53:17 - [MESSAGE][PASSED] - Object: 'Object Repository/Endorse skills/Page_Search/search vijay test' is clicked on

2019-12-04 01:53:17 - [TEST_STEP][PASSED] - click(findTestObject("Object Repository/Endorse skills/Page_View Profile/span_Endorse Skills")): Object: 'Object Repository/Endorse skills/Page_View Profile/span_Endorse Skills' is clicked on

2019-12-04 01:53:24 - [MESSAGE][PASSED] - Object: 'Object Repository/Endorse skills/Page_View Profile/span_Endorse Skills' is clicked on

2019-12-04 01:53:24 - [TEST_STEP][PASSED] - delay(2): Delayed 2 second(s)

2019-12-04 01:53:26 - [MESSAGE][PASSED] - Delayed 2 second(s)

2019-12-04 01:53:26 - [TEST_STEP][PASSED] - verifyElementClickable(findTestObject("BDDFolder/ConnectNoRealtionShip/EstablishRealtaionOptionConnectioncase")): Object 'Object Repository/BDDFolder/ConnectNoRealtionShip/EstablishRealtaionOptionConnectioncase' is clickable

2019-12-04 01:53:26 - [MESSAGE][PASSED] - Object 'Object Repository/BDDFolder/ConnectNoRealtionShip/EstablishRealtaionOptionConnectioncase' is clickable

2019-12-04 01:53:26 - [TEST_STEP][PASSED] - closeBrowser(): Browser is closed

2019-12-04 01:53:28 - [MESSAGE][PASSED] - Browser is closed

2019-12-04 01:53:28 - [TEST_STEP][PASSED] - Start listener action : afterTestcase: Browser is closed

2019-12-04 01:53:28 - [TEST_STEP][PASSED] - closeBrowser(): Browser is closed

2019-12-04 01:53:28 - [MESSAGE][PASSED] - Browser is closed

2019-12-04 01:53:30 - [TEST_STEP][PASSED] - Video: Video recording for test case 'Test Cases/workLifeTest/BBDTestCases/BBD Endorse User with No Realtion' .

2019-12-04 01:53:30 - [MESSAGE][INFO] - Video recording for test case 'Test Cases/workLifeTest/BBDTestCases/BBD Endorse User with No Realtion' .
[[ATTACHMENT|C:\\Users\\Suraj Kumar\\git\\KatalonBDD\\Reports\\20191204_011934\\Regression\\20191204_011934/videos\\test_36.avi]]]]></system-out>
         <system-err><![CDATA[]]></system-err>
      </testcase>
      <testcase name="Test Cases/workLifeTest/BBDTestCases/BBD Rateuser With Unverified user" time="70.646" classname="Test Cases/workLifeTest/BBDTestCases/BBD Rateuser With Unverified user" status="FAILED">
         <failure type="FAILED" message="Test Cases/workLifeTest/BBDTestCases/BBD Rateuser With Unverified user FAILED.
Reason:
com.kms.katalon.core.exception.StepFailedException: Unable to set text 'vijay' of object 'Object Repository/Rate/Page_Home/input_View all_searchText'
	at com.kms.katalon.core.webui.keyword.internal.WebUIKeywordMain.stepFailed(WebUIKeywordMain.groovy:64)
	at com.kms.katalon.core.webui.keyword.internal.WebUIKeywordMain.runKeyword(WebUIKeywordMain.groovy:26)
	at com.kms.katalon.core.webui.keyword.builtin.SetTextKeyword.setText(SetTextKeyword.groovy:66)
	at com.kms.katalon.core.webui.keyword.builtin.SetTextKeyword.execute(SetTextKeyword.groovy:37)
	at com.kms.katalon.core.keyword.internal.KeywordExecutor.executeKeywordForPlatform(KeywordExecutor.groovy:60)
	at com.kms.katalon.core.webui.keyword.WebUiBuiltInKeywords.setText(WebUiBuiltInKeywords.groovy:950)
	at com.kms.katalon.core.webui.keyword.WebUiBuiltInKeywords$setText$1.call(Unknown Source)
	at BBD Rateuser With Unverified user.run(BBD Rateuser With Unverified user:34)
	at com.kms.katalon.core.main.ScriptEngine.run(ScriptEngine.java:194)
	at com.kms.katalon.core.main.ScriptEngine.runScriptAsRawText(ScriptEngine.java:119)
	at com.kms.katalon.core.main.TestCaseExecutor.runScript(TestCaseExecutor.java:337)
	at com.kms.katalon.core.main.TestCaseExecutor.doExecute(TestCaseExecutor.java:328)
	at com.kms.katalon.core.main.TestCaseExecutor.processExecutionPhase(TestCaseExecutor.java:307)
	at com.kms.katalon.core.main.TestCaseExecutor.accessMainPhase(TestCaseExecutor.java:299)
	at com.kms.katalon.core.main.TestCaseExecutor.execute(TestCaseExecutor.java:233)
	at com.kms.katalon.core.main.TestSuiteExecutor.accessTestCaseMainPhase(TestSuiteExecutor.java:169)
	at com.kms.katalon.core.main.TestSuiteExecutor.accessTestSuiteMainPhase(TestSuiteExecutor.java:142)
	at com.kms.katalon.core.main.TestSuiteExecutor.execute(TestSuiteExecutor.java:91)
	at com.kms.katalon.core.main.TestCaseMain.startTestSuite(TestCaseMain.java:157)
	at com.kms.katalon.core.main.TestCaseMain$startTestSuite$0.call(Unknown Source)
	at TempTestSuite1575402574161.run(TempTestSuite1575402574161.groovy:36)
Caused by: com.kms.katalon.core.webui.exception.WebElementNotFoundException: Web element with id: 'Object Repository/Rate/Page_Home/input_View all_searchText' located by 'By.xpath: //input[@id='txtSearch']' not found
	at com.kms.katalon.core.webui.common.WebUiCommonHelper.findWebElement(WebUiCommonHelper.java:1113)
	at com.kms.katalon.core.webui.keyword.internal.WebUIAbstractKeyword.findWebElement(WebUIAbstractKeyword.groovy:27)
	at com.kms.katalon.core.webui.keyword.internal.WebUIAbstractKeyword.findWebElement(WebUIAbstractKeyword.groovy:26)
	at com.kms.katalon.core.webui.keyword.builtin.SetTextKeyword$_setText_closure1.doCall(SetTextKeyword.groovy:51)
	at com.kms.katalon.core.webui.keyword.builtin.SetTextKeyword$_setText_closure1.call(SetTextKeyword.groovy)
	at com.kms.katalon.core.webui.keyword.internal.WebUIKeywordMain.runKeyword(WebUIKeywordMain.groovy:20)
	... 19 more
"/>
         <system-out><![CDATA[2019-12-04 01:53:30 - [TEST_CASE][FAILED] - Test Cases/workLifeTest/BBDTestCases/BBD Rateuser With Unverified user: Test Cases/workLifeTest/BBDTestCases/BBD Rateuser With Unverified user FAILED.
Reason:
com.kms.katalon.core.exception.StepFailedException: Unable to set text 'vijay' of object 'Object Repository/Rate/Page_Home/input_View all_searchText'
	at com.kms.katalon.core.webui.keyword.internal.WebUIKeywordMain.stepFailed(WebUIKeywordMain.groovy:64)
	at com.kms.katalon.core.webui.keyword.internal.WebUIKeywordMain.runKeyword(WebUIKeywordMain.groovy:26)
	at com.kms.katalon.core.webui.keyword.builtin.SetTextKeyword.setText(SetTextKeyword.groovy:66)
	at com.kms.katalon.core.webui.keyword.builtin.SetTextKeyword.execute(SetTextKeyword.groovy:37)
	at com.kms.katalon.core.keyword.internal.KeywordExecutor.executeKeywordForPlatform(KeywordExecutor.groovy:60)
	at com.kms.katalon.core.webui.keyword.WebUiBuiltInKeywords.setText(WebUiBuiltInKeywords.groovy:950)
	at com.kms.katalon.core.webui.keyword.WebUiBuiltInKeywords$setText$1.call(Unknown Source)
	at BBD Rateuser With Unverified user.run(BBD Rateuser With Unverified user:34)
	at com.kms.katalon.core.main.ScriptEngine.run(ScriptEngine.java:194)
	at com.kms.katalon.core.main.ScriptEngine.runScriptAsRawText(ScriptEngine.java:119)
	at com.kms.katalon.core.main.TestCaseExecutor.runScript(TestCaseExecutor.java:337)
	at com.kms.katalon.core.main.TestCaseExecutor.doExecute(TestCaseExecutor.java:328)
	at com.kms.katalon.core.main.TestCaseExecutor.processExecutionPhase(TestCaseExecutor.java:307)
	at com.kms.katalon.core.main.TestCaseExecutor.accessMainPhase(TestCaseExecutor.java:299)
	at com.kms.katalon.core.main.TestCaseExecutor.execute(TestCaseExecutor.java:233)
	at com.kms.katalon.core.main.TestSuiteExecutor.accessTestCaseMainPhase(TestSuiteExecutor.java:169)
	at com.kms.katalon.core.main.TestSuiteExecutor.accessTestSuiteMainPhase(TestSuiteExecutor.java:142)
	at com.kms.katalon.core.main.TestSuiteExecutor.execute(TestSuiteExecutor.java:91)
	at com.kms.katalon.core.main.TestCaseMain.startTestSuite(TestCaseMain.java:157)
	at com.kms.katalon.core.main.TestCaseMain$startTestSuite$0.call(Unknown Source)
	at TempTestSuite1575402574161.run(TempTestSuite1575402574161.groovy:36)
Caused by: com.kms.katalon.core.webui.exception.WebElementNotFoundException: Web element with id: 'Object Repository/Rate/Page_Home/input_View all_searchText' located by 'By.xpath: //input[@id='txtSearch']' not found
	at com.kms.katalon.core.webui.common.WebUiCommonHelper.findWebElement(WebUiCommonHelper.java:1113)
	at com.kms.katalon.core.webui.keyword.internal.WebUIAbstractKeyword.findWebElement(WebUIAbstractKeyword.groovy:27)
	at com.kms.katalon.core.webui.keyword.internal.WebUIAbstractKeyword.findWebElement(WebUIAbstractKeyword.groovy:26)
	at com.kms.katalon.core.webui.keyword.builtin.SetTextKeyword$_setText_closure1.doCall(SetTextKeyword.groovy:51)
	at com.kms.katalon.core.webui.keyword.builtin.SetTextKeyword$_setText_closure1.call(SetTextKeyword.groovy)
	at com.kms.katalon.core.webui.keyword.internal.WebUIKeywordMain.runKeyword(WebUIKeywordMain.groovy:20)
	... 19 more


2019-12-04 01:53:30 - [TEST_STEP][PASSED] - Start listener action : beforeTestcase: null

2019-12-04 01:53:30 - [TEST_STEP][PASSED] - openBrowser(AppUrl): Browser is opened with url: 'https://qa.thework.life'

2019-12-04 01:53:30 - [MESSAGE][INFO] - Starting 'Firefox' driver

2019-12-04 01:53:43 - [MESSAGE][PASSED] - Browser is opened with url: 'https://qa.thework.life'

2019-12-04 01:53:43 - [TEST_STEP][PASSED] - navigateToUrl(AppUrl): Navigate to 'https://qa.thework.life' successfully

2019-12-04 01:53:45 - [MESSAGE][PASSED] - Navigate to 'https://qa.thework.life' successfully

2019-12-04 01:53:45 - [TEST_STEP][PASSED] - setText(findTestObject("Object Repository/Rate/Page_theworklife - Find Great People To Work With/input_Forgot password_username"), "worklifetest10002@gmail.com"): Text 'worklifetest10002@gmail.com' is set on object 'Object Repository/Rate/Page_theworklife - Find Great People To Work With/input_Forgot password_username'

2019-12-04 01:53:46 - [MESSAGE][PASSED] - Text 'worklifetest10002@gmail.com' is set on object 'Object Repository/Rate/Page_theworklife - Find Great People To Work With/input_Forgot password_username'

2019-12-04 01:53:46 - [TEST_STEP][PASSED] - setEncryptedText(findTestObject("Object Repository/Rate/Page_theworklife - Find Great People To Work With/input_Forgot password_password"), "x8UobeF0bbxd7GrPsdhkIlsTrhBxwBw1"): Text ****** has been set on object 'Object Repository/Rate/Page_theworklife - Find Great People To Work With/input_Forgot password_password'

2019-12-04 01:53:46 - [MESSAGE][PASSED] - Text ****** has been set on object 'Object Repository/Rate/Page_theworklife - Find Great People To Work With/input_Forgot password_password'

2019-12-04 01:53:46 - [TEST_STEP][PASSED] - click(findTestObject("Object Repository/Rate/Page_theworklife - Find Great People To Work With/button_Sign in")): Object: 'Object Repository/Rate/Page_theworklife - Find Great People To Work With/button_Sign in' is clicked on

2019-12-04 01:53:49 - [MESSAGE][PASSED] - Object: 'Object Repository/Rate/Page_theworklife - Find Great People To Work With/button_Sign in' is clicked on

2019-12-04 01:53:49 - [TEST_STEP][PASSED] - setEncryptedText(findTestObject("Object Repository/Rate/Page_theworklife - Find Great People To Work With/input_Password does not match_password"), "XU9cBalmEBp1UP+jEU2w4UUBUuNgBY4U"): Text ****** has been set on object 'Object Repository/Rate/Page_theworklife - Find Great People To Work With/input_Password does not match_password'

2019-12-04 01:53:49 - [MESSAGE][PASSED] - Text ****** has been set on object 'Object Repository/Rate/Page_theworklife - Find Great People To Work With/input_Password does not match_password'

2019-12-04 01:53:49 - [TEST_STEP][PASSED] - click(findTestObject("Object Repository/Rate/Page_theworklife - Find Great People To Work With/button_Sign in")): Object: 'Object Repository/Rate/Page_theworklife - Find Great People To Work With/button_Sign in' is clicked on

2019-12-04 01:53:52 - [MESSAGE][PASSED] - Object: 'Object Repository/Rate/Page_theworklife - Find Great People To Work With/button_Sign in' is clicked on

2019-12-04 01:53:52 - [TEST_STEP][FAILED] - setText(findTestObject("Object Repository/Rate/Page_Home/input_View all_searchText"), "vijay"): Unable to set text 'vijay' of object 'Object Repository/Rate/Page_Home/input_View all_searchText' (Root cause: com.kms.katalon.core.exception.StepFailedException: Unable to set text 'vijay' of object 'Object Repository/Rate/Page_Home/input_View all_searchText'
	at com.kms.katalon.core.webui.keyword.internal.WebUIKeywordMain.stepFailed(WebUIKeywordMain.groovy:64)
	at com.kms.katalon.core.webui.keyword.internal.WebUIKeywordMain.runKeyword(WebUIKeywordMain.groovy:26)
	at com.kms.katalon.core.webui.keyword.builtin.SetTextKeyword.setText(SetTextKeyword.groovy:66)
	at com.kms.katalon.core.webui.keyword.builtin.SetTextKeyword.execute(SetTextKeyword.groovy:37)
	at com.kms.katalon.core.keyword.internal.KeywordExecutor.executeKeywordForPlatform(KeywordExecutor.groovy:60)
	at com.kms.katalon.core.webui.keyword.WebUiBuiltInKeywords.setText(WebUiBuiltInKeywords.groovy:950)
	at com.kms.katalon.core.webui.keyword.WebUiBuiltInKeywords$setText$1.call(Unknown Source)
	at BBD Rateuser With Unverified user.run(BBD Rateuser With Unverified user:34)
	at com.kms.katalon.core.main.ScriptEngine.run(ScriptEngine.java:194)
	at com.kms.katalon.core.main.ScriptEngine.runScriptAsRawText(ScriptEngine.java:119)
	at com.kms.katalon.core.main.TestCaseExecutor.runScript(TestCaseExecutor.java:337)
	at com.kms.katalon.core.main.TestCaseExecutor.doExecute(TestCaseExecutor.java:328)
	at com.kms.katalon.core.main.TestCaseExecutor.processExecutionPhase(TestCaseExecutor.java:307)
	at com.kms.katalon.core.main.TestCaseExecutor.accessMainPhase(TestCaseExecutor.java:299)
	at com.kms.katalon.core.main.TestCaseExecutor.execute(TestCaseExecutor.java:233)
	at com.kms.katalon.core.main.TestSuiteExecutor.accessTestCaseMainPhase(TestSuiteExecutor.java:169)
	at com.kms.katalon.core.main.TestSuiteExecutor.accessTestSuiteMainPhase(TestSuiteExecutor.java:142)
	at com.kms.katalon.core.main.TestSuiteExecutor.execute(TestSuiteExecutor.java:91)
	at com.kms.katalon.core.main.TestCaseMain.startTestSuite(TestCaseMain.java:157)
	at com.kms.katalon.core.main.TestCaseMain$startTestSuite$0.call(Unknown Source)
	at TempTestSuite1575402574161.run(TempTestSuite1575402574161.groovy:36)
Caused by: com.kms.katalon.core.webui.exception.WebElementNotFoundException: Web element with id: 'Object Repository/Rate/Page_Home/input_View all_searchText' located by 'By.xpath: //input[@id='txtSearch']' not found
	at com.kms.katalon.core.webui.common.WebUiCommonHelper.findWebElement(WebUiCommonHelper.java:1113)
	at com.kms.katalon.core.webui.keyword.internal.WebUIAbstractKeyword.findWebElement(WebUIAbstractKeyword.groovy:27)
	at com.kms.katalon.core.webui.keyword.internal.WebUIAbstractKeyword.findWebElement(WebUIAbstractKeyword.groovy:26)
	at com.kms.katalon.core.webui.keyword.builtin.SetTextKeyword$_setText_closure1.doCall(SetTextKeyword.groovy:51)
	at com.kms.katalon.core.webui.keyword.builtin.SetTextKeyword$_setText_closure1.call(SetTextKeyword.groovy)
	at com.kms.katalon.core.webui.keyword.internal.WebUIKeywordMain.runKeyword(WebUIKeywordMain.groovy:20)
	at com.kms.katalon.core.webui.keyword.builtin.SetTextKeyword.setText(SetTextKeyword.groovy:66)
	at com.kms.katalon.core.webui.keyword.builtin.SetTextKeyword.execute(SetTextKeyword.groovy:37)
	at com.kms.katalon.core.keyword.internal.KeywordExecutor.executeKeywordForPlatform(KeywordExecutor.groovy:60)
	at com.kms.katalon.core.webui.keyword.WebUiBuiltInKeywords.setText(WebUiBuiltInKeywords.groovy:950)
	at com.kms.katalon.core.webui.keyword.WebUiBuiltInKeywords$setText$1.call(Unknown Source)
	at Script1573408046157.run(Script1573408046157.groovy:34)
	... 13 more
)

2019-12-04 01:54:37 - [MESSAGE][INFO] - Unable to find the element located by 'By.xpath: //input[@id='txtSearch']'. Please recheck the objects properties to make sure the desired element is located. 

2019-12-04 01:54:37 - [MESSAGE][FAILED] - Unable to set text 'vijay' of object 'Object Repository/Rate/Page_Home/input_View all_searchText' (Root cause: com.kms.katalon.core.exception.StepFailedException: Unable to set text 'vijay' of object 'Object Repository/Rate/Page_Home/input_View all_searchText'
	at com.kms.katalon.core.webui.keyword.internal.WebUIKeywordMain.stepFailed(WebUIKeywordMain.groovy:64)
	at com.kms.katalon.core.webui.keyword.internal.WebUIKeywordMain.runKeyword(WebUIKeywordMain.groovy:26)
	at com.kms.katalon.core.webui.keyword.builtin.SetTextKeyword.setText(SetTextKeyword.groovy:66)
	at com.kms.katalon.core.webui.keyword.builtin.SetTextKeyword.execute(SetTextKeyword.groovy:37)
	at com.kms.katalon.core.keyword.internal.KeywordExecutor.executeKeywordForPlatform(KeywordExecutor.groovy:60)
	at com.kms.katalon.core.webui.keyword.WebUiBuiltInKeywords.setText(WebUiBuiltInKeywords.groovy:950)
	at com.kms.katalon.core.webui.keyword.WebUiBuiltInKeywords$setText$1.call(Unknown Source)
	at BBD Rateuser With Unverified user.run(BBD Rateuser With Unverified user:34)
	at com.kms.katalon.core.main.ScriptEngine.run(ScriptEngine.java:194)
	at com.kms.katalon.core.main.ScriptEngine.runScriptAsRawText(ScriptEngine.java:119)
	at com.kms.katalon.core.main.TestCaseExecutor.runScript(TestCaseExecutor.java:337)
	at com.kms.katalon.core.main.TestCaseExecutor.doExecute(TestCaseExecutor.java:328)
	at com.kms.katalon.core.main.TestCaseExecutor.processExecutionPhase(TestCaseExecutor.java:307)
	at com.kms.katalon.core.main.TestCaseExecutor.accessMainPhase(TestCaseExecutor.java:299)
	at com.kms.katalon.core.main.TestCaseExecutor.execute(TestCaseExecutor.java:233)
	at com.kms.katalon.core.main.TestSuiteExecutor.accessTestCaseMainPhase(TestSuiteExecutor.java:169)
	at com.kms.katalon.core.main.TestSuiteExecutor.accessTestSuiteMainPhase(TestSuiteExecutor.java:142)
	at com.kms.katalon.core.main.TestSuiteExecutor.execute(TestSuiteExecutor.java:91)
	at com.kms.katalon.core.main.TestCaseMain.startTestSuite(TestCaseMain.java:157)
	at com.kms.katalon.core.main.TestCaseMain$startTestSuite$0.call(Unknown Source)
	at TempTestSuite1575402574161.run(TempTestSuite1575402574161.groovy:36)
Caused by: com.kms.katalon.core.webui.exception.WebElementNotFoundException: Web element with id: 'Object Repository/Rate/Page_Home/input_View all_searchText' located by 'By.xpath: //input[@id='txtSearch']' not found
	at com.kms.katalon.core.webui.common.WebUiCommonHelper.findWebElement(WebUiCommonHelper.java:1113)
	at com.kms.katalon.core.webui.keyword.internal.WebUIAbstractKeyword.findWebElement(WebUIAbstractKeyword.groovy:27)
	at com.kms.katalon.core.webui.keyword.internal.WebUIAbstractKeyword.findWebElement(WebUIAbstractKeyword.groovy:26)
	at com.kms.katalon.core.webui.keyword.builtin.SetTextKeyword$_setText_closure1.doCall(SetTextKeyword.groovy:51)
	at com.kms.katalon.core.webui.keyword.builtin.SetTextKeyword$_setText_closure1.call(SetTextKeyword.groovy)
	at com.kms.katalon.core.webui.keyword.internal.WebUIKeywordMain.runKeyword(WebUIKeywordMain.groovy:20)
	at com.kms.katalon.core.webui.keyword.builtin.SetTextKeyword.setText(SetTextKeyword.groovy:66)
	at com.kms.katalon.core.webui.keyword.builtin.SetTextKeyword.execute(SetTextKeyword.groovy:37)
	at com.kms.katalon.core.keyword.internal.KeywordExecutor.executeKeywordForPlatform(KeywordExecutor.groovy:60)
	at com.kms.katalon.core.webui.keyword.WebUiBuiltInKeywords.setText(WebUiBuiltInKeywords.groovy:950)
	at com.kms.katalon.core.webui.keyword.WebUiBuiltInKeywords$setText$1.call(Unknown Source)
	at Script1573408046157.run(Script1573408046157.groovy:34)
	... 13 more
)
[[ATTACHMENT|C:\\Users\\Suraj Kumar\\git\\KatalonBDD\\Reports\\20191204_011934\\Regression\\20191204_011934\\1575404677017.png]]

2019-12-04 01:54:37 - [TEST_STEP][PASSED] - Start listener action : afterTestcase: Browser is closed

2019-12-04 01:54:37 - [TEST_STEP][PASSED] - closeBrowser(): Browser is closed

2019-12-04 01:54:38 - [MESSAGE][PASSED] - Browser is closed

2019-12-04 01:54:40 - [TEST_STEP][PASSED] - Video: Video recording for test case 'Test Cases/workLifeTest/BBDTestCases/BBD Rateuser With Unverified user' .

2019-12-04 01:54:40 - [MESSAGE][INFO] - Video recording for test case 'Test Cases/workLifeTest/BBDTestCases/BBD Rateuser With Unverified user' .
[[ATTACHMENT|C:\\Users\\Suraj Kumar\\git\\KatalonBDD\\Reports\\20191204_011934\\Regression\\20191204_011934/videos\\test_37.avi]]]]></system-out>
         <system-err><![CDATA[2019-12-04 01:53:30 - [TEST_CASE][FAILED] - Test Cases/workLifeTest/BBDTestCases/BBD Rateuser With Unverified user: Test Cases/workLifeTest/BBDTestCases/BBD Rateuser With Unverified user FAILED.
Reason:
com.kms.katalon.core.exception.StepFailedException: Unable to set text 'vijay' of object 'Object Repository/Rate/Page_Home/input_View all_searchText'
	at com.kms.katalon.core.webui.keyword.internal.WebUIKeywordMain.stepFailed(WebUIKeywordMain.groovy:64)
	at com.kms.katalon.core.webui.keyword.internal.WebUIKeywordMain.runKeyword(WebUIKeywordMain.groovy:26)
	at com.kms.katalon.core.webui.keyword.builtin.SetTextKeyword.setText(SetTextKeyword.groovy:66)
	at com.kms.katalon.core.webui.keyword.builtin.SetTextKeyword.execute(SetTextKeyword.groovy:37)
	at com.kms.katalon.core.keyword.internal.KeywordExecutor.executeKeywordForPlatform(KeywordExecutor.groovy:60)
	at com.kms.katalon.core.webui.keyword.WebUiBuiltInKeywords.setText(WebUiBuiltInKeywords.groovy:950)
	at com.kms.katalon.core.webui.keyword.WebUiBuiltInKeywords$setText$1.call(Unknown Source)
	at BBD Rateuser With Unverified user.run(BBD Rateuser With Unverified user:34)
	at com.kms.katalon.core.main.ScriptEngine.run(ScriptEngine.java:194)
	at com.kms.katalon.core.main.ScriptEngine.runScriptAsRawText(ScriptEngine.java:119)
	at com.kms.katalon.core.main.TestCaseExecutor.runScript(TestCaseExecutor.java:337)
	at com.kms.katalon.core.main.TestCaseExecutor.doExecute(TestCaseExecutor.java:328)
	at com.kms.katalon.core.main.TestCaseExecutor.processExecutionPhase(TestCaseExecutor.java:307)
	at com.kms.katalon.core.main.TestCaseExecutor.accessMainPhase(TestCaseExecutor.java:299)
	at com.kms.katalon.core.main.TestCaseExecutor.execute(TestCaseExecutor.java:233)
	at com.kms.katalon.core.main.TestSuiteExecutor.accessTestCaseMainPhase(TestSuiteExecutor.java:169)
	at com.kms.katalon.core.main.TestSuiteExecutor.accessTestSuiteMainPhase(TestSuiteExecutor.java:142)
	at com.kms.katalon.core.main.TestSuiteExecutor.execute(TestSuiteExecutor.java:91)
	at com.kms.katalon.core.main.TestCaseMain.startTestSuite(TestCaseMain.java:157)
	at com.kms.katalon.core.main.TestCaseMain$startTestSuite$0.call(Unknown Source)
	at TempTestSuite1575402574161.run(TempTestSuite1575402574161.groovy:36)
Caused by: com.kms.katalon.core.webui.exception.WebElementNotFoundException: Web element with id: 'Object Repository/Rate/Page_Home/input_View all_searchText' located by 'By.xpath: //input[@id='txtSearch']' not found
	at com.kms.katalon.core.webui.common.WebUiCommonHelper.findWebElement(WebUiCommonHelper.java:1113)
	at com.kms.katalon.core.webui.keyword.internal.WebUIAbstractKeyword.findWebElement(WebUIAbstractKeyword.groovy:27)
	at com.kms.katalon.core.webui.keyword.internal.WebUIAbstractKeyword.findWebElement(WebUIAbstractKeyword.groovy:26)
	at com.kms.katalon.core.webui.keyword.builtin.SetTextKeyword$_setText_closure1.doCall(SetTextKeyword.groovy:51)
	at com.kms.katalon.core.webui.keyword.builtin.SetTextKeyword$_setText_closure1.call(SetTextKeyword.groovy)
	at com.kms.katalon.core.webui.keyword.internal.WebUIKeywordMain.runKeyword(WebUIKeywordMain.groovy:20)
	... 19 more]]></system-err>
      </testcase>
      <testcase name="Test Cases/workLifeTest/BBDTestCases/BBD Rateuser With verified user with No Relation" time="51.062" classname="Test Cases/workLifeTest/BBDTestCases/BBD Rateuser With verified user with No Relation" status="PASSED">
         <system-out><![CDATA[2019-12-04 01:54:41 - [TEST_CASE][PASSED] - Test Cases/workLifeTest/BBDTestCases/BBD Rateuser With verified user with No Relation: Test Cases/workLifeTest/BBDTestCases/BBD Rateuser With verified user with No Relation

2019-12-04 01:54:41 - [TEST_STEP][PASSED] - Start listener action : beforeTestcase: null

2019-12-04 01:54:41 - [TEST_STEP][PASSED] - openBrowser(AppUrl): Browser is opened with url: 'https://qa.thework.life'

2019-12-04 01:54:41 - [MESSAGE][INFO] - Starting 'Firefox' driver

2019-12-04 01:54:56 - [MESSAGE][PASSED] - Browser is opened with url: 'https://qa.thework.life'

2019-12-04 01:54:56 - [TEST_STEP][PASSED] - navigateToUrl(AppUrl): Navigate to 'https://qa.thework.life' successfully

2019-12-04 01:54:59 - [MESSAGE][PASSED] - Navigate to 'https://qa.thework.life' successfully

2019-12-04 01:54:59 - [TEST_STEP][PASSED] - setText(findTestObject("Object Repository/Rate/Page_theworklife - Find Great People To Work With/input_Forgot password_username"), "worklifetest10004@gmail.com"): Text 'worklifetest10004@gmail.com' is set on object 'Object Repository/Rate/Page_theworklife - Find Great People To Work With/input_Forgot password_username'

2019-12-04 01:54:59 - [MESSAGE][PASSED] - Text 'worklifetest10004@gmail.com' is set on object 'Object Repository/Rate/Page_theworklife - Find Great People To Work With/input_Forgot password_username'

2019-12-04 01:54:59 - [TEST_STEP][PASSED] - setEncryptedText(findTestObject("Object Repository/Rate/Page_theworklife - Find Great People To Work With/input_Forgot password_password"), "x8UobeF0bbxd7GrPsdhkIlsTrhBxwBw1"): Text ****** has been set on object 'Object Repository/Rate/Page_theworklife - Find Great People To Work With/input_Forgot password_password'

2019-12-04 01:55:00 - [MESSAGE][PASSED] - Text ****** has been set on object 'Object Repository/Rate/Page_theworklife - Find Great People To Work With/input_Forgot password_password'

2019-12-04 01:55:00 - [TEST_STEP][PASSED] - click(findTestObject("Object Repository/Rate/Page_theworklife - Find Great People To Work With/button_Sign in")): Object: 'Object Repository/Rate/Page_theworklife - Find Great People To Work With/button_Sign in' is clicked on

2019-12-04 01:55:03 - [MESSAGE][PASSED] - Object: 'Object Repository/Rate/Page_theworklife - Find Great People To Work With/button_Sign in' is clicked on

2019-12-04 01:55:03 - [TEST_STEP][PASSED] - setEncryptedText(findTestObject("Object Repository/Rate/Page_theworklife - Find Great People To Work With/input_Password does not match_password"), "XU9cBalmEBp1UP+jEU2w4UUBUuNgBY4U"): Text ****** has been set on object 'Object Repository/Rate/Page_theworklife - Find Great People To Work With/input_Password does not match_password'

2019-12-04 01:55:03 - [MESSAGE][PASSED] - Text ****** has been set on object 'Object Repository/Rate/Page_theworklife - Find Great People To Work With/input_Password does not match_password'

2019-12-04 01:55:03 - [TEST_STEP][PASSED] - click(findTestObject("Object Repository/Rate/Page_theworklife - Find Great People To Work With/button_Sign in")): Object: 'Object Repository/Rate/Page_theworklife - Find Great People To Work With/button_Sign in' is clicked on

2019-12-04 01:55:10 - [MESSAGE][PASSED] - Object: 'Object Repository/Rate/Page_theworklife - Find Great People To Work With/button_Sign in' is clicked on

2019-12-04 01:55:10 - [TEST_STEP][PASSED] - setText(findTestObject("Object Repository/Rate/Page_Home/input_View all_searchText"), "vijay"): Text 'vijay' is set on object 'Object Repository/Rate/Page_Home/input_View all_searchText'

2019-12-04 01:55:11 - [MESSAGE][PASSED] - Text 'vijay' is set on object 'Object Repository/Rate/Page_Home/input_View all_searchText'

2019-12-04 01:55:11 - [TEST_STEP][PASSED] - click(findTestObject("Search user/Search user button")): Object: 'Object Repository/Search user/Search user button' is clicked on

2019-12-04 01:55:16 - [MESSAGE][PASSED] - Object: 'Object Repository/Search user/Search user button' is clicked on

2019-12-04 01:55:16 - [TEST_STEP][PASSED] - click(findTestObject("Object Repository/Rate/Page_Search/div_Vijay Test")): Object: 'Object Repository/Rate/Page_Search/div_Vijay Test' is clicked on

2019-12-04 01:55:17 - [MESSAGE][PASSED] - Object: 'Object Repository/Rate/Page_Search/div_Vijay Test' is clicked on

2019-12-04 01:55:17 - [TEST_STEP][PASSED] - click(findTestObject("Object Repository/Rate/Page_View Profile/button_Rate Now")): Object: 'Object Repository/Rate/Page_View Profile/button_Rate Now' is clicked on

2019-12-04 01:55:22 - [MESSAGE][PASSED] - Object: 'Object Repository/Rate/Page_View Profile/button_Rate Now' is clicked on

2019-12-04 01:55:22 - [TEST_STEP][PASSED] - delay(5): Delayed 5 second(s)

2019-12-04 01:55:27 - [MESSAGE][PASSED] - Delayed 5 second(s)

2019-12-04 01:55:27 - [TEST_STEP][PASSED] - verifyElementClickable(findTestObject("BDDFolder/RateUserUnverified/EstablishRelationOption")): Object 'Object Repository/BDDFolder/RateUserUnverified/EstablishRelationOption' is clickable

2019-12-04 01:55:27 - [MESSAGE][PASSED] - Object 'Object Repository/BDDFolder/RateUserUnverified/EstablishRelationOption' is clickable

2019-12-04 01:55:27 - [TEST_STEP][PASSED] - closeBrowser(): Browser is closed

2019-12-04 01:55:29 - [MESSAGE][PASSED] - Browser is closed

2019-12-04 01:55:29 - [TEST_STEP][PASSED] - Start listener action : afterTestcase: Browser is closed

2019-12-04 01:55:29 - [TEST_STEP][PASSED] - closeBrowser(): Browser is closed

2019-12-04 01:55:29 - [MESSAGE][PASSED] - Browser is closed

2019-12-04 01:55:32 - [TEST_STEP][PASSED] - Video: Video recording for test case 'Test Cases/workLifeTest/BBDTestCases/BBD Rateuser With verified user with No Relation' .

2019-12-04 01:55:32 - [MESSAGE][INFO] - Video recording for test case 'Test Cases/workLifeTest/BBDTestCases/BBD Rateuser With verified user with No Relation' .
[[ATTACHMENT|C:\\Users\\Suraj Kumar\\git\\KatalonBDD\\Reports\\20191204_011934\\Regression\\20191204_011934/videos\\test_38.avi]]]]></system-out>
         <system-err><![CDATA[]]></system-err>
      </testcase>
      <testcase name="Test Cases/workLifeTest/BBDTestCases/BDD Connect with users with No RealtionShip" time="41.925" classname="Test Cases/workLifeTest/BBDTestCases/BDD Connect with users with No RealtionShip" status="PASSED">
         <system-out><![CDATA[2019-12-04 01:55:32 - [TEST_CASE][PASSED] - Test Cases/workLifeTest/BBDTestCases/BDD Connect with users with No RealtionShip: Test Cases/workLifeTest/BBDTestCases/BDD Connect with users with No RealtionShip

2019-12-04 01:55:32 - [TEST_STEP][PASSED] - Start listener action : beforeTestcase: null

2019-12-04 01:55:32 - [TEST_STEP][PASSED] - openBrowser(AppUrl): Browser is opened with url: 'https://qa.thework.life'

2019-12-04 01:55:32 - [MESSAGE][INFO] - Starting 'Firefox' driver

2019-12-04 01:55:44 - [MESSAGE][PASSED] - Browser is opened with url: 'https://qa.thework.life'

2019-12-04 01:55:44 - [TEST_STEP][PASSED] - navigateToUrl(AppUrl): Navigate to 'https://qa.thework.life' successfully

2019-12-04 01:55:47 - [MESSAGE][PASSED] - Navigate to 'https://qa.thework.life' successfully

2019-12-04 01:55:47 - [TEST_STEP][PASSED] - setText(findTestObject("Experience/Page_theworklife - Find Great People To Work With/input_Forgot password_username"), "worklifetest10004@gmail.com"): Text 'worklifetest10004@gmail.com' is set on object 'Object Repository/Experience/Page_theworklife - Find Great People To Work With/input_Forgot password_username'

2019-12-04 01:55:47 - [MESSAGE][PASSED] - Text 'worklifetest10004@gmail.com' is set on object 'Object Repository/Experience/Page_theworklife - Find Great People To Work With/input_Forgot password_username'

2019-12-04 01:55:47 - [TEST_STEP][PASSED] - setEncryptedText(findTestObject("Experience/Page_theworklife - Find Great People To Work With/input_Forgot password_password"), "XU9cBalmEBp1UP+jEU2w4UUBUuNgBY4U"): Text ****** has been set on object 'Object Repository/Experience/Page_theworklife - Find Great People To Work With/input_Forgot password_password'

2019-12-04 01:55:48 - [MESSAGE][PASSED] - Text ****** has been set on object 'Object Repository/Experience/Page_theworklife - Find Great People To Work With/input_Forgot password_password'

2019-12-04 01:55:48 - [TEST_STEP][PASSED] - click(findTestObject("Object Repository/Rate/Page_theworklife - Find Great People To Work With/button_Sign in")): Object: 'Object Repository/Rate/Page_theworklife - Find Great People To Work With/button_Sign in' is clicked on

2019-12-04 01:55:54 - [MESSAGE][PASSED] - Object: 'Object Repository/Rate/Page_theworklife - Find Great People To Work With/button_Sign in' is clicked on

2019-12-04 01:55:54 - [TEST_STEP][PASSED] - waitForElementPresent(findTestObject("connect with user/Page_Home/a_connections"), 3): Object 'Object Repository/connect with user/Page_Home/a_connections' is present

2019-12-04 01:55:55 - [MESSAGE][PASSED] - Object 'Object Repository/connect with user/Page_Home/a_connections' is present

2019-12-04 01:55:55 - [TEST_STEP][PASSED] - delay(4): Delayed 4 second(s)

2019-12-04 01:55:59 - [MESSAGE][PASSED] - Delayed 4 second(s)

2019-12-04 01:55:59 - [TEST_STEP][PASSED] - click(findTestObject("connect with user/Page_Home/a_connections")): Object: 'Object Repository/connect with user/Page_Home/a_connections' is clicked on

2019-12-04 01:56:02 - [MESSAGE][PASSED] - Object: 'Object Repository/connect with user/Page_Home/a_connections' is clicked on

2019-12-04 01:56:02 - [TEST_STEP][PASSED] - setText(findTestObject("Rate/Page_Home/input_View all_searchText"), "vijay"): Text 'vijay' is set on object 'Object Repository/Rate/Page_Home/input_View all_searchText'

2019-12-04 01:56:03 - [MESSAGE][PASSED] - Text 'vijay' is set on object 'Object Repository/Rate/Page_Home/input_View all_searchText'

2019-12-04 01:56:03 - [TEST_STEP][PASSED] - click(findTestObject("Rate/Page_Home/Search user button")): Object: 'Object Repository/Rate/Page_Home/Search user button' is clicked on

2019-12-04 01:56:08 - [MESSAGE][PASSED] - Object: 'Object Repository/Rate/Page_Home/Search user button' is clicked on

2019-12-04 01:56:08 - [TEST_STEP][PASSED] - click(findTestObject("connect with user/Page_Search/button_Connect")): Object: 'Object Repository/connect with user/Page_Search/button_Connect' is clicked on

2019-12-04 01:56:09 - [MESSAGE][PASSED] - Object: 'Object Repository/connect with user/Page_Search/button_Connect' is clicked on

2019-12-04 01:56:09 - [TEST_STEP][PASSED] - verifyElementClickable(findTestObject("BDDFolder/ConnectNoRealtionShip/EstablishRealtaionOptionConnectioncase")): Object 'Object Repository/BDDFolder/ConnectNoRealtionShip/EstablishRealtaionOptionConnectioncase' is clickable

2019-12-04 01:56:09 - [MESSAGE][PASSED] - Object 'Object Repository/BDDFolder/ConnectNoRealtionShip/EstablishRealtaionOptionConnectioncase' is clickable

2019-12-04 01:56:09 - [TEST_STEP][PASSED] - closeBrowser(): Browser is closed

2019-12-04 01:56:11 - [MESSAGE][PASSED] - Browser is closed

2019-12-04 01:56:11 - [TEST_STEP][PASSED] - Start listener action : afterTestcase: Browser is closed

2019-12-04 01:56:11 - [TEST_STEP][PASSED] - closeBrowser(): Browser is closed

2019-12-04 01:56:11 - [MESSAGE][PASSED] - Browser is closed

2019-12-04 01:56:13 - [TEST_STEP][PASSED] - Video: Video recording for test case 'Test Cases/workLifeTest/BBDTestCases/BDD Connect with users with No RealtionShip' .

2019-12-04 01:56:13 - [MESSAGE][INFO] - Video recording for test case 'Test Cases/workLifeTest/BBDTestCases/BDD Connect with users with No RealtionShip' .
[[ATTACHMENT|C:\\Users\\Suraj Kumar\\git\\KatalonBDD\\Reports\\20191204_011934\\Regression\\20191204_011934/videos\\test_39.avi]]]]></system-out>
         <system-err><![CDATA[]]></system-err>
      </testcase>
      <testcase name="Test Cases/workLifeTest/BBDTestCases/BDD Thumbing User With No RelationShip" time="52.394" classname="Test Cases/workLifeTest/BBDTestCases/BDD Thumbing User With No RelationShip" status="PASSED">
         <system-out><![CDATA[2019-12-04 01:56:14 - [TEST_CASE][PASSED] - Test Cases/workLifeTest/BBDTestCases/BDD Thumbing User With No RelationShip: Test Cases/workLifeTest/BBDTestCases/BDD Thumbing User With No RelationShip

2019-12-04 01:56:14 - [TEST_STEP][PASSED] - Start listener action : beforeTestcase: null

2019-12-04 01:56:14 - [TEST_STEP][PASSED] - openBrowser(AppUrl): Browser is opened with url: 'https://qa.thework.life'

2019-12-04 01:56:14 - [MESSAGE][INFO] - Starting 'Firefox' driver

2019-12-04 01:56:27 - [MESSAGE][PASSED] - Browser is opened with url: 'https://qa.thework.life'

2019-12-04 01:56:27 - [TEST_STEP][PASSED] - navigateToUrl(AppUrl): Navigate to 'https://qa.thework.life' successfully

2019-12-04 01:56:30 - [MESSAGE][PASSED] - Navigate to 'https://qa.thework.life' successfully

2019-12-04 01:56:30 - [TEST_STEP][PASSED] - setText(findTestObject("Experience/Page_theworklife - Find Great People To Work With/input_Forgot password_username"), "worklifetest10004@gmail.com"): Text 'worklifetest10004@gmail.com' is set on object 'Object Repository/Experience/Page_theworklife - Find Great People To Work With/input_Forgot password_username'

2019-12-04 01:56:31 - [MESSAGE][PASSED] - Text 'worklifetest10004@gmail.com' is set on object 'Object Repository/Experience/Page_theworklife - Find Great People To Work With/input_Forgot password_username'

2019-12-04 01:56:31 - [TEST_STEP][PASSED] - setEncryptedText(findTestObject("Experience/Page_theworklife - Find Great People To Work With/input_Forgot password_password"), "XU9cBalmEBp1UP+jEU2w4UUBUuNgBY4U"): Text ****** has been set on object 'Object Repository/Experience/Page_theworklife - Find Great People To Work With/input_Forgot password_password'

2019-12-04 01:56:31 - [MESSAGE][PASSED] - Text ****** has been set on object 'Object Repository/Experience/Page_theworklife - Find Great People To Work With/input_Forgot password_password'

2019-12-04 01:56:31 - [TEST_STEP][PASSED] - click(findTestObject("Object Repository/Rate/Page_theworklife - Find Great People To Work With/button_Sign in")): Object: 'Object Repository/Rate/Page_theworklife - Find Great People To Work With/button_Sign in' is clicked on

2019-12-04 01:56:38 - [MESSAGE][PASSED] - Object: 'Object Repository/Rate/Page_theworklife - Find Great People To Work With/button_Sign in' is clicked on

2019-12-04 01:56:38 - [TEST_STEP][PASSED] - waitForElementPresent(findTestObject("connect with user/Page_Home/a_connections"), 3): Object 'Object Repository/connect with user/Page_Home/a_connections' is present

2019-12-04 01:56:39 - [MESSAGE][PASSED] - Object 'Object Repository/connect with user/Page_Home/a_connections' is present

2019-12-04 01:56:39 - [TEST_STEP][PASSED] - delay(4): Delayed 4 second(s)

2019-12-04 01:56:43 - [MESSAGE][PASSED] - Delayed 4 second(s)

2019-12-04 01:56:43 - [TEST_STEP][PASSED] - click(findTestObject("connect with user/Page_Home/a_connections")): Object: 'Object Repository/connect with user/Page_Home/a_connections' is clicked on

2019-12-04 01:56:45 - [MESSAGE][PASSED] - Object: 'Object Repository/connect with user/Page_Home/a_connections' is clicked on

2019-12-04 01:56:45 - [TEST_STEP][PASSED] - setText(findTestObject("Rate/Page_Home/input_View all_searchText"), "vijay"): Text 'vijay' is set on object 'Object Repository/Rate/Page_Home/input_View all_searchText'

2019-12-04 01:56:46 - [MESSAGE][PASSED] - Text 'vijay' is set on object 'Object Repository/Rate/Page_Home/input_View all_searchText'

2019-12-04 01:56:46 - [TEST_STEP][PASSED] - click(findTestObject("Rate/Page_Home/Search user button")): Object: 'Object Repository/Rate/Page_Home/Search user button' is clicked on

2019-12-04 01:56:51 - [MESSAGE][PASSED] - Object: 'Object Repository/Rate/Page_Home/Search user button' is clicked on

2019-12-04 01:56:51 - [TEST_STEP][PASSED] - delay(2): Delayed 2 second(s)

2019-12-04 01:56:53 - [MESSAGE][PASSED] - Delayed 2 second(s)

2019-12-04 01:56:53 - [TEST_STEP][PASSED] - click(findTestObject("BDDFolder/ConnectNoRealtionShip/ClickonUser")): Object: 'Object Repository/BDDFolder/ConnectNoRealtionShip/ClickonUser' is clicked on

2019-12-04 01:56:54 - [MESSAGE][PASSED] - Object: 'Object Repository/BDDFolder/ConnectNoRealtionShip/ClickonUser' is clicked on

2019-12-04 01:56:54 - [TEST_STEP][PASSED] - delay(5): Delayed 5 second(s)

2019-12-04 01:56:59 - [MESSAGE][PASSED] - Delayed 5 second(s)

2019-12-04 01:56:59 - [TEST_STEP][PASSED] - click(findTestObject("Thumbing-Upvote and Downvote/Page_View Profile/span_Agree")): Object: 'Object Repository/Thumbing-Upvote and Downvote/Page_View Profile/span_Agree' is clicked on

2019-12-04 01:56:59 - [MESSAGE][PASSED] - Object: 'Object Repository/Thumbing-Upvote and Downvote/Page_View Profile/span_Agree' is clicked on

2019-12-04 01:56:59 - [TEST_STEP][PASSED] - delay(2): Delayed 2 second(s)

2019-12-04 01:57:01 - [MESSAGE][PASSED] - Delayed 2 second(s)

2019-12-04 01:57:01 - [TEST_STEP][PASSED] - verifyElementClickable(findTestObject("BDDFolder/ConnectNoRealtionShip/EstablishRealtaionOptionConnectioncase")): Object 'Object Repository/BDDFolder/ConnectNoRealtionShip/EstablishRealtaionOptionConnectioncase' is clickable

2019-12-04 01:57:02 - [MESSAGE][PASSED] - Object 'Object Repository/BDDFolder/ConnectNoRealtionShip/EstablishRealtaionOptionConnectioncase' is clickable

2019-12-04 01:57:02 - [TEST_STEP][PASSED] - closeBrowser(): Browser is closed

2019-12-04 01:57:04 - [MESSAGE][PASSED] - Browser is closed

2019-12-04 01:57:04 - [TEST_STEP][PASSED] - Start listener action : afterTestcase: Browser is closed

2019-12-04 01:57:04 - [TEST_STEP][PASSED] - closeBrowser(): Browser is closed

2019-12-04 01:57:04 - [MESSAGE][PASSED] - Browser is closed

2019-12-04 01:57:06 - [TEST_STEP][PASSED] - Video: Video recording for test case 'Test Cases/workLifeTest/BBDTestCases/BDD Thumbing User With No RelationShip' .

2019-12-04 01:57:06 - [MESSAGE][INFO] - Video recording for test case 'Test Cases/workLifeTest/BBDTestCases/BDD Thumbing User With No RelationShip' .
[[ATTACHMENT|C:\\Users\\Suraj Kumar\\git\\KatalonBDD\\Reports\\20191204_011934\\Regression\\20191204_011934/videos\\test_40.avi]]]]></system-out>
         <system-err><![CDATA[]]></system-err>
      </testcase>
      <testcase name="Test Cases/workLifeTest/BBDTestCases/ProfileView Verified User" time="2.432" classname="Test Cases/workLifeTest/BBDTestCases/ProfileView Verified User" status="PASSED">
         <system-out><![CDATA[2019-12-04 01:57:06 - [TEST_CASE][PASSED] - Test Cases/workLifeTest/BBDTestCases/ProfileView Verified User: Test Cases/workLifeTest/BBDTestCases/ProfileView Verified User

2019-12-04 01:57:06 - [TEST_STEP][PASSED] - Start listener action : beforeTestcase: null

2019-12-04 01:57:06 - [TEST_STEP][PASSED] - return null: null

2019-12-04 01:57:06 - [TEST_STEP][PASSED] - Start listener action : afterTestcase: Browser is closed

2019-12-04 01:57:06 - [TEST_STEP][PASSED] - closeBrowser(): Browser is closed

2019-12-04 01:57:06 - [MESSAGE][PASSED] - Browser is closed

2019-12-04 01:57:08 - [TEST_STEP][PASSED] - Video: Video recording for test case 'Test Cases/workLifeTest/BBDTestCases/ProfileView Verified User' .

2019-12-04 01:57:08 - [MESSAGE][INFO] - Video recording for test case 'Test Cases/workLifeTest/BBDTestCases/ProfileView Verified User' .
[[ATTACHMENT|C:\\Users\\Suraj Kumar\\git\\KatalonBDD\\Reports\\20191204_011934\\Regression\\20191204_011934/videos\\test_41.avi]]]]></system-out>
         <system-err><![CDATA[]]></system-err>
      </testcase>
      <testcase name="Test Cases/workLifeTest/FacebockCreation" time="178.008" classname="Test Cases/workLifeTest/FacebockCreation" status="FAILED">
         <failure type="FAILED" message="Test Cases/workLifeTest/FacebockCreation FAILED.
Reason:
com.kms.katalon.core.exception.StepFailedException: Unable to click on object 'Object Repository/FacebookLogin/Page_Home/div_Application Guide'
	at com.kms.katalon.core.webui.keyword.internal.WebUIKeywordMain.stepFailed(WebUIKeywordMain.groovy:64)
	at com.kms.katalon.core.webui.keyword.internal.WebUIKeywordMain.runKeyword(WebUIKeywordMain.groovy:26)
	at com.kms.katalon.core.webui.keyword.builtin.ClickKeyword.click(ClickKeyword.groovy:103)
	at com.kms.katalon.core.webui.keyword.builtin.ClickKeyword.execute(ClickKeyword.groovy:43)
	at com.kms.katalon.core.keyword.internal.KeywordExecutor.executeKeywordForPlatform(KeywordExecutor.groovy:60)
	at com.kms.katalon.core.webui.keyword.WebUiBuiltInKeywords.click(WebUiBuiltInKeywords.groovy:616)
	at com.kms.katalon.core.webui.keyword.WebUiBuiltInKeywords$click$3.call(Unknown Source)
	at FacebockCreation.run(FacebockCreation:76)
	at com.kms.katalon.core.main.ScriptEngine.run(ScriptEngine.java:194)
	at com.kms.katalon.core.main.ScriptEngine.runScriptAsRawText(ScriptEngine.java:119)
	at com.kms.katalon.core.main.TestCaseExecutor.runScript(TestCaseExecutor.java:337)
	at com.kms.katalon.core.main.TestCaseExecutor.doExecute(TestCaseExecutor.java:328)
	at com.kms.katalon.core.main.TestCaseExecutor.processExecutionPhase(TestCaseExecutor.java:307)
	at com.kms.katalon.core.main.TestCaseExecutor.accessMainPhase(TestCaseExecutor.java:299)
	at com.kms.katalon.core.main.TestCaseExecutor.execute(TestCaseExecutor.java:233)
	at com.kms.katalon.core.main.TestSuiteExecutor.accessTestCaseMainPhase(TestSuiteExecutor.java:169)
	at com.kms.katalon.core.main.TestSuiteExecutor.accessTestSuiteMainPhase(TestSuiteExecutor.java:142)
	at com.kms.katalon.core.main.TestSuiteExecutor.execute(TestSuiteExecutor.java:91)
	at com.kms.katalon.core.main.TestCaseMain.startTestSuite(TestCaseMain.java:157)
	at com.kms.katalon.core.main.TestCaseMain$startTestSuite$0.call(Unknown Source)
	at TempTestSuite1575402574161.run(TempTestSuite1575402574161.groovy:36)
Caused by: com.kms.katalon.core.webui.exception.WebElementNotFoundException: Web element with id: 'Object Repository/FacebookLogin/Page_Home/div_Application Guide' located by 'By.xpath: //div[@id='ApplicationGuide-modal']/div/div/div' not found
	at com.kms.katalon.core.webui.common.WebUiCommonHelper.findWebElement(WebUiCommonHelper.java:1113)
	at com.kms.katalon.core.webui.keyword.internal.WebUIAbstractKeyword.findWebElement(WebUIAbstractKeyword.groovy:27)
	at com.kms.katalon.core.webui.keyword.internal.WebUIAbstractKeyword.findWebElement(WebUIAbstractKeyword.groovy:26)
	at com.kms.katalon.core.webui.keyword.builtin.ClickKeyword$_click_closure1.doCall(ClickKeyword.groovy:68)
	at com.kms.katalon.core.webui.keyword.builtin.ClickKeyword$_click_closure1.call(ClickKeyword.groovy)
	at com.kms.katalon.core.webui.keyword.internal.WebUIKeywordMain.runKeyword(WebUIKeywordMain.groovy:20)
	... 19 more
"/>
         <system-out><![CDATA[2019-12-04 01:57:08 - [TEST_CASE][FAILED] - Test Cases/workLifeTest/FacebockCreation: Test Cases/workLifeTest/FacebockCreation FAILED.
Reason:
com.kms.katalon.core.exception.StepFailedException: Unable to click on object 'Object Repository/FacebookLogin/Page_Home/div_Application Guide'
	at com.kms.katalon.core.webui.keyword.internal.WebUIKeywordMain.stepFailed(WebUIKeywordMain.groovy:64)
	at com.kms.katalon.core.webui.keyword.internal.WebUIKeywordMain.runKeyword(WebUIKeywordMain.groovy:26)
	at com.kms.katalon.core.webui.keyword.builtin.ClickKeyword.click(ClickKeyword.groovy:103)
	at com.kms.katalon.core.webui.keyword.builtin.ClickKeyword.execute(ClickKeyword.groovy:43)
	at com.kms.katalon.core.keyword.internal.KeywordExecutor.executeKeywordForPlatform(KeywordExecutor.groovy:60)
	at com.kms.katalon.core.webui.keyword.WebUiBuiltInKeywords.click(WebUiBuiltInKeywords.groovy:616)
	at com.kms.katalon.core.webui.keyword.WebUiBuiltInKeywords$click$3.call(Unknown Source)
	at FacebockCreation.run(FacebockCreation:76)
	at com.kms.katalon.core.main.ScriptEngine.run(ScriptEngine.java:194)
	at com.kms.katalon.core.main.ScriptEngine.runScriptAsRawText(ScriptEngine.java:119)
	at com.kms.katalon.core.main.TestCaseExecutor.runScript(TestCaseExecutor.java:337)
	at com.kms.katalon.core.main.TestCaseExecutor.doExecute(TestCaseExecutor.java:328)
	at com.kms.katalon.core.main.TestCaseExecutor.processExecutionPhase(TestCaseExecutor.java:307)
	at com.kms.katalon.core.main.TestCaseExecutor.accessMainPhase(TestCaseExecutor.java:299)
	at com.kms.katalon.core.main.TestCaseExecutor.execute(TestCaseExecutor.java:233)
	at com.kms.katalon.core.main.TestSuiteExecutor.accessTestCaseMainPhase(TestSuiteExecutor.java:169)
	at com.kms.katalon.core.main.TestSuiteExecutor.accessTestSuiteMainPhase(TestSuiteExecutor.java:142)
	at com.kms.katalon.core.main.TestSuiteExecutor.execute(TestSuiteExecutor.java:91)
	at com.kms.katalon.core.main.TestCaseMain.startTestSuite(TestCaseMain.java:157)
	at com.kms.katalon.core.main.TestCaseMain$startTestSuite$0.call(Unknown Source)
	at TempTestSuite1575402574161.run(TempTestSuite1575402574161.groovy:36)
Caused by: com.kms.katalon.core.webui.exception.WebElementNotFoundException: Web element with id: 'Object Repository/FacebookLogin/Page_Home/div_Application Guide' located by 'By.xpath: //div[@id='ApplicationGuide-modal']/div/div/div' not found
	at com.kms.katalon.core.webui.common.WebUiCommonHelper.findWebElement(WebUiCommonHelper.java:1113)
	at com.kms.katalon.core.webui.keyword.internal.WebUIAbstractKeyword.findWebElement(WebUIAbstractKeyword.groovy:27)
	at com.kms.katalon.core.webui.keyword.internal.WebUIAbstractKeyword.findWebElement(WebUIAbstractKeyword.groovy:26)
	at com.kms.katalon.core.webui.keyword.builtin.ClickKeyword$_click_closure1.doCall(ClickKeyword.groovy:68)
	at com.kms.katalon.core.webui.keyword.builtin.ClickKeyword$_click_closure1.call(ClickKeyword.groovy)
	at com.kms.katalon.core.webui.keyword.internal.WebUIKeywordMain.runKeyword(WebUIKeywordMain.groovy:20)
	... 19 more


2019-12-04 01:57:08 - [TEST_STEP][PASSED] - Start listener action : beforeTestcase: null

2019-12-04 01:57:09 - [TEST_STEP][PASSED] - openBrowser(AppUrl): Browser is opened with url: 'https://qa.thework.life'

2019-12-04 01:57:09 - [MESSAGE][INFO] - Starting 'Firefox' driver

2019-12-04 01:57:23 - [MESSAGE][PASSED] - Browser is opened with url: 'https://qa.thework.life'

2019-12-04 01:57:23 - [TEST_STEP][PASSED] - navigateToUrl(AppUrl): Navigate to 'https://qa.thework.life' successfully

2019-12-04 01:57:25 - [MESSAGE][PASSED] - Navigate to 'https://qa.thework.life' successfully

2019-12-04 01:57:25 - [TEST_STEP][PASSED] - click(findTestObject("Object Repository/FacebookLogin/Page_theworklife - Find Great People To Work With/a_Join Now")): Object: 'Object Repository/FacebookLogin/Page_theworklife - Find Great People To Work With/a_Join Now' is clicked on

2019-12-04 01:57:26 - [MESSAGE][PASSED] - Object: 'Object Repository/FacebookLogin/Page_theworklife - Find Great People To Work With/a_Join Now' is clicked on

2019-12-04 01:57:26 - [TEST_STEP][PASSED] - click(findTestObject("Object Repository/FacebookLogin/Page_theworklife - Find Great People To Work With/div_ Register to theworklife")): Object: 'Object Repository/FacebookLogin/Page_theworklife - Find Great People To Work With/div_ Register to theworklife' is clicked on

2019-12-04 01:57:26 - [MESSAGE][PASSED] - Object: 'Object Repository/FacebookLogin/Page_theworklife - Find Great People To Work With/div_ Register to theworklife' is clicked on

2019-12-04 01:57:26 - [TEST_STEP][PASSED] - click(findTestObject("Object Repository/FacebookLogin/Page_theworklife - Find Great People To Work With/button_Facebook")): Object: 'Object Repository/FacebookLogin/Page_theworklife - Find Great People To Work With/button_Facebook' is clicked on

2019-12-04 01:57:27 - [MESSAGE][PASSED] - Object: 'Object Repository/FacebookLogin/Page_theworklife - Find Great People To Work With/button_Facebook' is clicked on

2019-12-04 01:57:27 - [TEST_STEP][PASSED] - delay(2): Delayed 2 second(s)

2019-12-04 01:57:29 - [MESSAGE][PASSED] - Delayed 2 second(s)

2019-12-04 01:57:29 - [TEST_STEP][PASSED] - switchToWindowTitle("Facebook"): Switched to window with title: 'Facebook'

2019-12-04 01:57:29 - [MESSAGE][PASSED] - Switched to window with title: 'Facebook'

2019-12-04 01:57:29 - [TEST_STEP][PASSED] - waitForElementClickable(findTestObject("FacebookLogin/Page_Facebook/input_Email address or phone number_email"), 5): Object 'Object Repository/FacebookLogin/Page_Facebook/input_Email address or phone number_email' is clickable

2019-12-04 01:57:30 - [MESSAGE][PASSED] - Object 'Object Repository/FacebookLogin/Page_Facebook/input_Email address or phone number_email' is clickable

2019-12-04 01:57:30 - [TEST_STEP][PASSED] - clearText(findTestObject("FacebookLogin/Page_Facebook/input_Email address or phone number_email")): Text of object 'Object Repository/FacebookLogin/Page_Facebook/input_Email address or phone number_email' is cleared

2019-12-04 01:57:30 - [MESSAGE][PASSED] - Text of object 'Object Repository/FacebookLogin/Page_Facebook/input_Email address or phone number_email' is cleared

2019-12-04 01:57:30 - [TEST_STEP][PASSED] - setText(findTestObject("FacebookLogin/Page_Facebook/input_Email address or phone number_email"), "worklifetest10002@gmail.com"): Text 'worklifetest10002@gmail.com' is set on object 'Object Repository/FacebookLogin/Page_Facebook/input_Email address or phone number_email'

2019-12-04 01:57:30 - [MESSAGE][PASSED] - Text 'worklifetest10002@gmail.com' is set on object 'Object Repository/FacebookLogin/Page_Facebook/input_Email address or phone number_email'

2019-12-04 01:57:30 - [TEST_STEP][PASSED] - setEncryptedText(findTestObject("FacebookLogin/Page_Facebook/input_Password_pass"), "XU9cBalmEBp1UP+jEU2w4UUBUuNgBY4U"): Text ****** has been set on object 'Object Repository/FacebookLogin/Page_Facebook/input_Password_pass'

2019-12-04 01:57:31 - [MESSAGE][PASSED] - Text ****** has been set on object 'Object Repository/FacebookLogin/Page_Facebook/input_Password_pass'

2019-12-04 01:57:31 - [TEST_STEP][PASSED] - click(findTestObject("FacebookLogin/Page_Facebook/input_Password_login")): Object: 'Object Repository/FacebookLogin/Page_Facebook/input_Password_login' is clicked on

2019-12-04 01:57:34 - [MESSAGE][PASSED] - Object: 'Object Repository/FacebookLogin/Page_Facebook/input_Password_login' is clicked on

2019-12-04 01:57:34 - [TEST_STEP][PASSED] - delay(12): Delayed 12 second(s)

2019-12-04 01:57:46 - [MESSAGE][PASSED] - Delayed 12 second(s)

2019-12-04 01:57:46 - [TEST_STEP][PASSED] - switchToWindowTitle("Sign Up"): Switched to window with title: 'Sign Up'

2019-12-04 01:57:46 - [MESSAGE][PASSED] - Switched to window with title: 'Sign Up'

2019-12-04 01:57:46 - [TEST_STEP][PASSED] - delay(12): Delayed 12 second(s)

2019-12-04 01:57:58 - [MESSAGE][PASSED] - Delayed 12 second(s)

2019-12-04 01:57:58 - [TEST_STEP][PASSED] - waitForElementClickable(findTestObject("FacebookLogin/Page_Sign Up/input_Username_username"), 5): Object 'Object Repository/FacebookLogin/Page_Sign Up/input_Username_username' is clickable

2019-12-04 01:57:58 - [MESSAGE][PASSED] - Object 'Object Repository/FacebookLogin/Page_Sign Up/input_Username_username' is clickable

2019-12-04 01:57:58 - [TEST_STEP][PASSED] - setText(findTestObject("FacebookLogin/Page_Sign Up/input_Username_username"), "testing" + System.currentTimeMillis()): Text 'testing1575404879031' is set on object 'Object Repository/FacebookLogin/Page_Sign Up/input_Username_username'

2019-12-04 01:57:59 - [MESSAGE][PASSED] - Text 'testing1575404879031' is set on object 'Object Repository/FacebookLogin/Page_Sign Up/input_Username_username'

2019-12-04 01:57:59 - [TEST_STEP][PASSED] - setEncryptedText(findTestObject("FacebookLogin/Page_Sign Up/input_Password_password"), "XU9cBalmEBp1UP+jEU2w4UUBUuNgBY4U"): Text ****** has been set on object 'Object Repository/FacebookLogin/Page_Sign Up/input_Password_password'

2019-12-04 01:58:01 - [MESSAGE][PASSED] - Text ****** has been set on object 'Object Repository/FacebookLogin/Page_Sign Up/input_Password_password'

2019-12-04 01:58:01 - [TEST_STEP][PASSED] - click(findTestObject("FacebookLogin/Page_Sign Up/i_Very Strong_cr-icon fa fa-check")): Object: 'Object Repository/FacebookLogin/Page_Sign Up/i_Very Strong_cr-icon fa fa-check' is clicked on

2019-12-04 01:58:02 - [MESSAGE][PASSED] - Object: 'Object Repository/FacebookLogin/Page_Sign Up/i_Very Strong_cr-icon fa fa-check' is clicked on

2019-12-04 01:58:02 - [TEST_STEP][PASSED] - click(findTestObject("FacebookLogin/Page_Sign Up/button_Continue")): Object: 'Object Repository/FacebookLogin/Page_Sign Up/button_Continue' is clicked on

2019-12-04 01:58:03 - [MESSAGE][PASSED] - Object: 'Object Repository/FacebookLogin/Page_Sign Up/button_Continue' is clicked on

2019-12-04 01:58:03 - [TEST_STEP][PASSED] - click(findTestObject("Object Repository/FacebookLogin/Page_Facebook Username/u_Click here")): Object: 'Object Repository/FacebookLogin/Page_Facebook Username/u_Click here' is clicked on

2019-12-04 01:58:09 - [MESSAGE][PASSED] - Object: 'Object Repository/FacebookLogin/Page_Facebook Username/u_Click here' is clicked on

2019-12-04 01:58:09 - [TEST_STEP][PASSED] - switchToWindowTitle("Facebook Username"): Switched to window with title: 'Facebook Username'

2019-12-04 01:58:09 - [MESSAGE][PASSED] - Switched to window with title: 'Facebook Username'

2019-12-04 01:58:09 - [TEST_STEP][PASSED] - setText(findTestObject("FacebookLogin/Page_Facebook Username/input_Click here_fb_username"), "https://www.facebook.com/jiten.makhija.125#_"): Text 'https://www.facebook.com/jiten.makhija.125#_' is set on object 'Object Repository/FacebookLogin/Page_Facebook Username/input_Click here_fb_username'

2019-12-04 01:58:17 - [MESSAGE][PASSED] - Text 'https://www.facebook.com/jiten.makhija.125#_' is set on object 'Object Repository/FacebookLogin/Page_Facebook Username/input_Click here_fb_username'

2019-12-04 01:58:17 - [TEST_STEP][PASSED] - click(findTestObject("Object Repository/FacebookLogin/Page_Facebook Username/button_Submit")): Object: 'Object Repository/FacebookLogin/Page_Facebook Username/button_Submit' is clicked on

2019-12-04 01:58:21 - [MESSAGE][PASSED] - Object: 'Object Repository/FacebookLogin/Page_Facebook Username/button_Submit' is clicked on

2019-12-04 01:58:21 - [TEST_STEP][PASSED] - waitForElementClickable(findTestObject("FacebookLogin/Page_Facebook Username/u_Click here_1"), 5): Object 'Object Repository/FacebookLogin/Page_Facebook Username/u_Click here_1' is clickable

2019-12-04 01:58:22 - [MESSAGE][PASSED] - Object 'Object Repository/FacebookLogin/Page_Facebook Username/u_Click here_1' is clickable

2019-12-04 01:58:22 - [TEST_STEP][PASSED] - waitForElementNotPresent(findTestObject("Experience/Page_Edit Profile/loader"), 5): Web element with id: 'Object Repository/Experience/Page_Edit Profile/loader' located by 'By.xpath: //div[@class="loader"]' is present after '5' second(s)

2019-12-04 01:58:27 - [MESSAGE][WARNING] - Web element with id: 'Object Repository/Experience/Page_Edit Profile/loader' located by 'By.xpath: //div[@class="loader"]' is present after '5' second(s)

2019-12-04 01:58:27 - [TEST_STEP][PASSED] - delay(10): Delayed 10 second(s)

2019-12-04 01:58:37 - [MESSAGE][PASSED] - Delayed 10 second(s)

2019-12-04 01:58:37 - [TEST_STEP][PASSED] - click(findTestObject("Object Repository/FacebookLogin/Page_Facebook Username/u_Click here_1")): Object: 'Object Repository/FacebookLogin/Page_Facebook Username/u_Click here_1' is clicked on

2019-12-04 01:58:38 - [MESSAGE][PASSED] - Object: 'Object Repository/FacebookLogin/Page_Facebook Username/u_Click here_1' is clicked on

2019-12-04 01:58:38 - [TEST_STEP][PASSED] - click(findTestObject("Object Repository/FacebookLogin/Page_Facebook Username/a_Finish")): Object: 'Object Repository/FacebookLogin/Page_Facebook Username/a_Finish' is clicked on

2019-12-04 01:58:39 - [MESSAGE][ERROR] - TypeError: rect is undefined
Build info: version: '3.141.59', revision: 'e82be7d358', time: '2018-11-14T08:25:53'
System info: host: 'PUN-IT000636', ip: '192.168.43.182', os.name: 'Windows 10', os.arch: 'amd64', os.version: '10.0', java.version: '1.8.0_181'
Driver info: com.kms.katalon.core.webui.driver.firefox.CGeckoDriver
Capabilities {acceptInsecureCerts: true, browserName: firefox, browserVersion: 69.0.3, javascriptEnabled: true, moz:accessibilityChecks: false, moz:buildID: 20191009172106, moz:geckodriverVersion: 0.23.0, moz:headless: false, moz:processID: 12128, moz:profile: C:\Users\Suraj Kumar\AppDat..., moz:shutdownTimeout: 60000, moz:useNonSpecCompliantPointerOrigin: false, moz:webdriverClick: true, pageLoadStrategy: normal, platform: WINDOWS, platformName: WINDOWS, platformVersion: 10.0, proxy: Proxy(direct), rotatable: false, setWindowRect: true, strictFileInteractability: false, timeouts: {implicit: 0, pageLoad: 300000, script: 30000}, unhandledPromptBehavior: dismiss and notify}
Session ID: 23c02ce4-1da3-47da-afeb-427daa1eb457

2019-12-04 01:59:09 - [MESSAGE][ERROR] - TypeError: rect is undefined
Build info: version: '3.141.59', revision: 'e82be7d358', time: '2018-11-14T08:25:53'
System info: host: 'PUN-IT000636', ip: '192.168.43.182', os.name: 'Windows 10', os.arch: 'amd64', os.version: '10.0', java.version: '1.8.0_181'
Driver info: com.kms.katalon.core.webui.driver.firefox.CGeckoDriver
Capabilities {acceptInsecureCerts: true, browserName: firefox, browserVersion: 69.0.3, javascriptEnabled: true, moz:accessibilityChecks: false, moz:buildID: 20191009172106, moz:geckodriverVersion: 0.23.0, moz:headless: false, moz:processID: 12128, moz:profile: C:\Users\Suraj Kumar\AppDat..., moz:shutdownTimeout: 60000, moz:useNonSpecCompliantPointerOrigin: false, moz:webdriverClick: true, pageLoadStrategy: normal, platform: WINDOWS, platformName: WINDOWS, platformVersion: 10.0, proxy: Proxy(direct), rotatable: false, setWindowRect: true, strictFileInteractability: false, timeouts: {implicit: 0, pageLoad: 300000, script: 30000}, unhandledPromptBehavior: dismiss and notify}
Session ID: 23c02ce4-1da3-47da-afeb-427daa1eb457

2019-12-04 01:59:09 - [MESSAGE][PASSED] - Object: 'Object Repository/FacebookLogin/Page_Facebook Username/a_Finish' is clicked on

2019-12-04 01:59:09 - [TEST_STEP][PASSED] - waitForElementVisible(findTestObject("FacebookLogin/Page_Home/div_Application Guide"), 5): Web element with id: 'Object Repository/FacebookLogin/Page_Home/div_Application Guide' located by 'By.xpath: //div[@id='ApplicationGuide-modal']/div/div/div' not found

2019-12-04 01:59:16 - [MESSAGE][INFO] - Unable to find the element located by 'By.xpath: //div[@id='ApplicationGuide-modal']/div/div/div'. Please recheck the objects properties to make sure the desired element is located. 

2019-12-04 01:59:16 - [MESSAGE][WARNING] - Web element with id: 'Object Repository/FacebookLogin/Page_Home/div_Application Guide' located by 'By.xpath: //div[@id='ApplicationGuide-modal']/div/div/div' not found

2019-12-04 01:59:16 - [TEST_STEP][FAILED] - click(findTestObject("Object Repository/FacebookLogin/Page_Home/div_Application Guide")): Unable to click on object 'Object Repository/FacebookLogin/Page_Home/div_Application Guide' (Root cause: com.kms.katalon.core.exception.StepFailedException: Unable to click on object 'Object Repository/FacebookLogin/Page_Home/div_Application Guide'
	at com.kms.katalon.core.webui.keyword.internal.WebUIKeywordMain.stepFailed(WebUIKeywordMain.groovy:64)
	at com.kms.katalon.core.webui.keyword.internal.WebUIKeywordMain.runKeyword(WebUIKeywordMain.groovy:26)
	at com.kms.katalon.core.webui.keyword.builtin.ClickKeyword.click(ClickKeyword.groovy:103)
	at com.kms.katalon.core.webui.keyword.builtin.ClickKeyword.execute(ClickKeyword.groovy:43)
	at com.kms.katalon.core.keyword.internal.KeywordExecutor.executeKeywordForPlatform(KeywordExecutor.groovy:60)
	at com.kms.katalon.core.webui.keyword.WebUiBuiltInKeywords.click(WebUiBuiltInKeywords.groovy:616)
	at com.kms.katalon.core.webui.keyword.WebUiBuiltInKeywords$click$3.call(Unknown Source)
	at FacebockCreation.run(FacebockCreation:76)
	at com.kms.katalon.core.main.ScriptEngine.run(ScriptEngine.java:194)
	at com.kms.katalon.core.main.ScriptEngine.runScriptAsRawText(ScriptEngine.java:119)
	at com.kms.katalon.core.main.TestCaseExecutor.runScript(TestCaseExecutor.java:337)
	at com.kms.katalon.core.main.TestCaseExecutor.doExecute(TestCaseExecutor.java:328)
	at com.kms.katalon.core.main.TestCaseExecutor.processExecutionPhase(TestCaseExecutor.java:307)
	at com.kms.katalon.core.main.TestCaseExecutor.accessMainPhase(TestCaseExecutor.java:299)
	at com.kms.katalon.core.main.TestCaseExecutor.execute(TestCaseExecutor.java:233)
	at com.kms.katalon.core.main.TestSuiteExecutor.accessTestCaseMainPhase(TestSuiteExecutor.java:169)
	at com.kms.katalon.core.main.TestSuiteExecutor.accessTestSuiteMainPhase(TestSuiteExecutor.java:142)
	at com.kms.katalon.core.main.TestSuiteExecutor.execute(TestSuiteExecutor.java:91)
	at com.kms.katalon.core.main.TestCaseMain.startTestSuite(TestCaseMain.java:157)
	at com.kms.katalon.core.main.TestCaseMain$startTestSuite$0.call(Unknown Source)
	at TempTestSuite1575402574161.run(TempTestSuite1575402574161.groovy:36)
Caused by: com.kms.katalon.core.webui.exception.WebElementNotFoundException: Web element with id: 'Object Repository/FacebookLogin/Page_Home/div_Application Guide' located by 'By.xpath: //div[@id='ApplicationGuide-modal']/div/div/div' not found
	at com.kms.katalon.core.webui.common.WebUiCommonHelper.findWebElement(WebUiCommonHelper.java:1113)
	at com.kms.katalon.core.webui.keyword.internal.WebUIAbstractKeyword.findWebElement(WebUIAbstractKeyword.groovy:27)
	at com.kms.katalon.core.webui.keyword.internal.WebUIAbstractKeyword.findWebElement(WebUIAbstractKeyword.groovy:26)
	at com.kms.katalon.core.webui.keyword.builtin.ClickKeyword$_click_closure1.doCall(ClickKeyword.groovy:68)
	at com.kms.katalon.core.webui.keyword.builtin.ClickKeyword$_click_closure1.call(ClickKeyword.groovy)
	at com.kms.katalon.core.webui.keyword.internal.WebUIKeywordMain.runKeyword(WebUIKeywordMain.groovy:20)
	at com.kms.katalon.core.webui.keyword.builtin.ClickKeyword.click(ClickKeyword.groovy:103)
	at com.kms.katalon.core.webui.keyword.builtin.ClickKeyword.execute(ClickKeyword.groovy:43)
	at com.kms.katalon.core.keyword.internal.KeywordExecutor.executeKeywordForPlatform(KeywordExecutor.groovy:60)
	at com.kms.katalon.core.webui.keyword.WebUiBuiltInKeywords.click(WebUiBuiltInKeywords.groovy:616)
	at com.kms.katalon.core.webui.keyword.WebUiBuiltInKeywords$click$3.call(Unknown Source)
	at Script1569836222089.run(Script1569836222089.groovy:76)
	... 13 more
)

2019-12-04 02:00:00 - [MESSAGE][INFO] - Unable to find the element located by 'By.xpath: //div[@id='ApplicationGuide-modal']/div/div/div'. Please recheck the objects properties to make sure the desired element is located. 

2019-12-04 02:00:00 - [MESSAGE][FAILED] - Unable to click on object 'Object Repository/FacebookLogin/Page_Home/div_Application Guide' (Root cause: com.kms.katalon.core.exception.StepFailedException: Unable to click on object 'Object Repository/FacebookLogin/Page_Home/div_Application Guide'
	at com.kms.katalon.core.webui.keyword.internal.WebUIKeywordMain.stepFailed(WebUIKeywordMain.groovy:64)
	at com.kms.katalon.core.webui.keyword.internal.WebUIKeywordMain.runKeyword(WebUIKeywordMain.groovy:26)
	at com.kms.katalon.core.webui.keyword.builtin.ClickKeyword.click(ClickKeyword.groovy:103)
	at com.kms.katalon.core.webui.keyword.builtin.ClickKeyword.execute(ClickKeyword.groovy:43)
	at com.kms.katalon.core.keyword.internal.KeywordExecutor.executeKeywordForPlatform(KeywordExecutor.groovy:60)
	at com.kms.katalon.core.webui.keyword.WebUiBuiltInKeywords.click(WebUiBuiltInKeywords.groovy:616)
	at com.kms.katalon.core.webui.keyword.WebUiBuiltInKeywords$click$3.call(Unknown Source)
	at FacebockCreation.run(FacebockCreation:76)
	at com.kms.katalon.core.main.ScriptEngine.run(ScriptEngine.java:194)
	at com.kms.katalon.core.main.ScriptEngine.runScriptAsRawText(ScriptEngine.java:119)
	at com.kms.katalon.core.main.TestCaseExecutor.runScript(TestCaseExecutor.java:337)
	at com.kms.katalon.core.main.TestCaseExecutor.doExecute(TestCaseExecutor.java:328)
	at com.kms.katalon.core.main.TestCaseExecutor.processExecutionPhase(TestCaseExecutor.java:307)
	at com.kms.katalon.core.main.TestCaseExecutor.accessMainPhase(TestCaseExecutor.java:299)
	at com.kms.katalon.core.main.TestCaseExecutor.execute(TestCaseExecutor.java:233)
	at com.kms.katalon.core.main.TestSuiteExecutor.accessTestCaseMainPhase(TestSuiteExecutor.java:169)
	at com.kms.katalon.core.main.TestSuiteExecutor.accessTestSuiteMainPhase(TestSuiteExecutor.java:142)
	at com.kms.katalon.core.main.TestSuiteExecutor.execute(TestSuiteExecutor.java:91)
	at com.kms.katalon.core.main.TestCaseMain.startTestSuite(TestCaseMain.java:157)
	at com.kms.katalon.core.main.TestCaseMain$startTestSuite$0.call(Unknown Source)
	at TempTestSuite1575402574161.run(TempTestSuite1575402574161.groovy:36)
Caused by: com.kms.katalon.core.webui.exception.WebElementNotFoundException: Web element with id: 'Object Repository/FacebookLogin/Page_Home/div_Application Guide' located by 'By.xpath: //div[@id='ApplicationGuide-modal']/div/div/div' not found
	at com.kms.katalon.core.webui.common.WebUiCommonHelper.findWebElement(WebUiCommonHelper.java:1113)
	at com.kms.katalon.core.webui.keyword.internal.WebUIAbstractKeyword.findWebElement(WebUIAbstractKeyword.groovy:27)
	at com.kms.katalon.core.webui.keyword.internal.WebUIAbstractKeyword.findWebElement(WebUIAbstractKeyword.groovy:26)
	at com.kms.katalon.core.webui.keyword.builtin.ClickKeyword$_click_closure1.doCall(ClickKeyword.groovy:68)
	at com.kms.katalon.core.webui.keyword.builtin.ClickKeyword$_click_closure1.call(ClickKeyword.groovy)
	at com.kms.katalon.core.webui.keyword.internal.WebUIKeywordMain.runKeyword(WebUIKeywordMain.groovy:20)
	at com.kms.katalon.core.webui.keyword.builtin.ClickKeyword.click(ClickKeyword.groovy:103)
	at com.kms.katalon.core.webui.keyword.builtin.ClickKeyword.execute(ClickKeyword.groovy:43)
	at com.kms.katalon.core.keyword.internal.KeywordExecutor.executeKeywordForPlatform(KeywordExecutor.groovy:60)
	at com.kms.katalon.core.webui.keyword.WebUiBuiltInKeywords.click(WebUiBuiltInKeywords.groovy:616)
	at com.kms.katalon.core.webui.keyword.WebUiBuiltInKeywords$click$3.call(Unknown Source)
	at Script1569836222089.run(Script1569836222089.groovy:76)
	... 13 more
)
[[ATTACHMENT|C:\\Users\\Suraj Kumar\\git\\KatalonBDD\\Reports\\20191204_011934\\Regression\\20191204_011934\\1575405000872.png]]

2019-12-04 02:00:00 - [TEST_STEP][PASSED] - Start listener action : afterTestcase: Browser is closed

2019-12-04 02:00:00 - [TEST_STEP][PASSED] - closeBrowser(): Browser is closed

2019-12-04 02:00:04 - [MESSAGE][PASSED] - Browser is closed

2019-12-04 02:00:06 - [TEST_STEP][PASSED] - Video: Video recording for test case 'Test Cases/workLifeTest/FacebockCreation' .

2019-12-04 02:00:06 - [MESSAGE][INFO] - Video recording for test case 'Test Cases/workLifeTest/FacebockCreation' .
[[ATTACHMENT|C:\\Users\\Suraj Kumar\\git\\KatalonBDD\\Reports\\20191204_011934\\Regression\\20191204_011934/videos\\test_42.avi]]]]></system-out>
         <system-err><![CDATA[2019-12-04 01:57:08 - [TEST_CASE][FAILED] - Test Cases/workLifeTest/FacebockCreation: Test Cases/workLifeTest/FacebockCreation FAILED.
Reason:
com.kms.katalon.core.exception.StepFailedException: Unable to click on object 'Object Repository/FacebookLogin/Page_Home/div_Application Guide'
	at com.kms.katalon.core.webui.keyword.internal.WebUIKeywordMain.stepFailed(WebUIKeywordMain.groovy:64)
	at com.kms.katalon.core.webui.keyword.internal.WebUIKeywordMain.runKeyword(WebUIKeywordMain.groovy:26)
	at com.kms.katalon.core.webui.keyword.builtin.ClickKeyword.click(ClickKeyword.groovy:103)
	at com.kms.katalon.core.webui.keyword.builtin.ClickKeyword.execute(ClickKeyword.groovy:43)
	at com.kms.katalon.core.keyword.internal.KeywordExecutor.executeKeywordForPlatform(KeywordExecutor.groovy:60)
	at com.kms.katalon.core.webui.keyword.WebUiBuiltInKeywords.click(WebUiBuiltInKeywords.groovy:616)
	at com.kms.katalon.core.webui.keyword.WebUiBuiltInKeywords$click$3.call(Unknown Source)
	at FacebockCreation.run(FacebockCreation:76)
	at com.kms.katalon.core.main.ScriptEngine.run(ScriptEngine.java:194)
	at com.kms.katalon.core.main.ScriptEngine.runScriptAsRawText(ScriptEngine.java:119)
	at com.kms.katalon.core.main.TestCaseExecutor.runScript(TestCaseExecutor.java:337)
	at com.kms.katalon.core.main.TestCaseExecutor.doExecute(TestCaseExecutor.java:328)
	at com.kms.katalon.core.main.TestCaseExecutor.processExecutionPhase(TestCaseExecutor.java:307)
	at com.kms.katalon.core.main.TestCaseExecutor.accessMainPhase(TestCaseExecutor.java:299)
	at com.kms.katalon.core.main.TestCaseExecutor.execute(TestCaseExecutor.java:233)
	at com.kms.katalon.core.main.TestSuiteExecutor.accessTestCaseMainPhase(TestSuiteExecutor.java:169)
	at com.kms.katalon.core.main.TestSuiteExecutor.accessTestSuiteMainPhase(TestSuiteExecutor.java:142)
	at com.kms.katalon.core.main.TestSuiteExecutor.execute(TestSuiteExecutor.java:91)
	at com.kms.katalon.core.main.TestCaseMain.startTestSuite(TestCaseMain.java:157)
	at com.kms.katalon.core.main.TestCaseMain$startTestSuite$0.call(Unknown Source)
	at TempTestSuite1575402574161.run(TempTestSuite1575402574161.groovy:36)
Caused by: com.kms.katalon.core.webui.exception.WebElementNotFoundException: Web element with id: 'Object Repository/FacebookLogin/Page_Home/div_Application Guide' located by 'By.xpath: //div[@id='ApplicationGuide-modal']/div/div/div' not found
	at com.kms.katalon.core.webui.common.WebUiCommonHelper.findWebElement(WebUiCommonHelper.java:1113)
	at com.kms.katalon.core.webui.keyword.internal.WebUIAbstractKeyword.findWebElement(WebUIAbstractKeyword.groovy:27)
	at com.kms.katalon.core.webui.keyword.internal.WebUIAbstractKeyword.findWebElement(WebUIAbstractKeyword.groovy:26)
	at com.kms.katalon.core.webui.keyword.builtin.ClickKeyword$_click_closure1.doCall(ClickKeyword.groovy:68)
	at com.kms.katalon.core.webui.keyword.builtin.ClickKeyword$_click_closure1.call(ClickKeyword.groovy)
	at com.kms.katalon.core.webui.keyword.internal.WebUIKeywordMain.runKeyword(WebUIKeywordMain.groovy:20)
	... 19 more]]></system-err>
      </testcase>
      <testcase name="Test Cases/workLifeTest/FailureTest" time="24.957" classname="Test Cases/workLifeTest/FailureTest" status="PASSED">
         <system-out><![CDATA[2019-12-04 02:00:06 - [TEST_CASE][PASSED] - Test Cases/workLifeTest/FailureTest: Test Cases/workLifeTest/FailureTest

2019-12-04 02:00:06 - [TEST_STEP][PASSED] - Start listener action : beforeTestcase: null

2019-12-04 02:00:07 - [TEST_STEP][PASSED] - openBrowser(AppUrl): Browser is opened with url: 'https://qa.thework.life'

2019-12-04 02:00:07 - [MESSAGE][INFO] - Starting 'Firefox' driver

2019-12-04 02:00:20 - [MESSAGE][PASSED] - Browser is opened with url: 'https://qa.thework.life'

2019-12-04 02:00:20 - [TEST_STEP][PASSED] - navigateToUrl(AppUrl): Navigate to 'https://qa.thework.life' successfully

2019-12-04 02:00:22 - [MESSAGE][PASSED] - Navigate to 'https://qa.thework.life' successfully

2019-12-04 02:00:22 - [TEST_STEP][PASSED] - setText(findTestObject("Object Repository/Page_theworklife/input_Forgot password_username"), "jsgifuwidw@gmail.com"): Text 'jsgifuwidw@gmail.com' is set on object 'Object Repository/Page_theworklife/input_Forgot password_username'

2019-12-04 02:00:23 - [MESSAGE][PASSED] - Text 'jsgifuwidw@gmail.com' is set on object 'Object Repository/Page_theworklife/input_Forgot password_username'

2019-12-04 02:00:23 - [TEST_STEP][PASSED] - setEncryptedText(findTestObject("Object Repository/Page_theworklife/input_Forgot password_password"), "I24EpPs9VQ1LZoTHit0ojg=="): Text ****** has been set on object 'Object Repository/Page_theworklife/input_Forgot password_password'

2019-12-04 02:00:23 - [MESSAGE][PASSED] - Text ****** has been set on object 'Object Repository/Page_theworklife/input_Forgot password_password'

2019-12-04 02:00:23 - [TEST_STEP][PASSED] - click(findTestObject("Object Repository/Page_theworklife/button_Sign in")): Object: 'Object Repository/Page_theworklife/button_Sign in' is clicked on

2019-12-04 02:00:26 - [MESSAGE][PASSED] - Object: 'Object Repository/Page_theworklife/button_Sign in' is clicked on

2019-12-04 02:00:26 - [TEST_STEP][PASSED] - click(findTestObject("Object Repository/Page_theworklife/span_Username or Email ID does not exist")): Object: 'Object Repository/Page_theworklife/span_Username or Email ID does not exist' is clicked on

2019-12-04 02:00:27 - [MESSAGE][PASSED] - Object: 'Object Repository/Page_theworklife/span_Username or Email ID does not exist' is clicked on

2019-12-04 02:00:27 - [TEST_STEP][PASSED] - verifyElementText(findTestObject("Page_theworklife/span_Username or Email ID does not exist"), "Username or Email ID does not exist!"): Actual text and expected text of test object 'Object Repository/Page_theworklife/span_Username or Email ID does not exist' are matched.

2019-12-04 02:00:27 - [MESSAGE][PASSED] - Actual text and expected text of test object 'Object Repository/Page_theworklife/span_Username or Email ID does not exist' are matched.

2019-12-04 02:00:27 - [TEST_STEP][PASSED] - closeBrowser(): Browser is closed

2019-12-04 02:00:29 - [MESSAGE][PASSED] - Browser is closed

2019-12-04 02:00:29 - [TEST_STEP][PASSED] - Start listener action : afterTestcase: Browser is closed

2019-12-04 02:00:29 - [TEST_STEP][PASSED] - closeBrowser(): Browser is closed

2019-12-04 02:00:29 - [MESSAGE][PASSED] - Browser is closed

2019-12-04 02:00:31 - [TEST_STEP][PASSED] - Video: Video recording for test case 'Test Cases/workLifeTest/FailureTest' .

2019-12-04 02:00:31 - [MESSAGE][INFO] - Video recording for test case 'Test Cases/workLifeTest/FailureTest' .
[[ATTACHMENT|C:\\Users\\Suraj Kumar\\git\\KatalonBDD\\Reports\\20191204_011934\\Regression\\20191204_011934/videos\\test_43.avi]]]]></system-out>
         <system-err><![CDATA[]]></system-err>
      </testcase>
      <testcase name="Test Cases/workLifeTest/FollowerVerification-" time="86.601" classname="Test Cases/workLifeTest/FollowerVerification-" status="FAILED">
         <failure type="FAILED" message="Test Cases/workLifeTest/FollowerVerification- FAILED.
Reason:
com.kms.katalon.core.exception.StepFailedException: Unable to verify object 'Object Repository/FollowerVerification/Page_Connections/div_FollowerCheck' is visible
	at com.kms.katalon.core.webui.keyword.internal.WebUIKeywordMain.stepFailed(WebUIKeywordMain.groovy:64)
	at com.kms.katalon.core.webui.keyword.internal.WebUIKeywordMain.runKeyword(WebUIKeywordMain.groovy:26)
	at com.kms.katalon.core.webui.keyword.builtin.VerifyElementVisibleKeyword.verifyElementVisible(VerifyElementVisibleKeyword.groovy:97)
	at com.kms.katalon.core.webui.keyword.builtin.VerifyElementVisibleKeyword.execute(VerifyElementVisibleKeyword.groovy:67)
	at com.kms.katalon.core.keyword.internal.KeywordExecutor.executeKeywordForPlatform(KeywordExecutor.groovy:60)
	at com.kms.katalon.core.webui.keyword.WebUiBuiltInKeywords.verifyElementVisible(WebUiBuiltInKeywords.groovy:358)
	at com.kms.katalon.core.webui.keyword.WebUiBuiltInKeywords$verifyElementVisible$11.call(Unknown Source)
	at FollowerVerification-.run(FollowerVerification-:34)
	at com.kms.katalon.core.main.ScriptEngine.run(ScriptEngine.java:194)
	at com.kms.katalon.core.main.ScriptEngine.runScriptAsRawText(ScriptEngine.java:119)
	at com.kms.katalon.core.main.TestCaseExecutor.runScript(TestCaseExecutor.java:337)
	at com.kms.katalon.core.main.TestCaseExecutor.doExecute(TestCaseExecutor.java:328)
	at com.kms.katalon.core.main.TestCaseExecutor.processExecutionPhase(TestCaseExecutor.java:307)
	at com.kms.katalon.core.main.TestCaseExecutor.accessMainPhase(TestCaseExecutor.java:299)
	at com.kms.katalon.core.main.TestCaseExecutor.execute(TestCaseExecutor.java:233)
	at com.kms.katalon.core.main.TestSuiteExecutor.accessTestCaseMainPhase(TestSuiteExecutor.java:169)
	at com.kms.katalon.core.main.TestSuiteExecutor.accessTestSuiteMainPhase(TestSuiteExecutor.java:142)
	at com.kms.katalon.core.main.TestSuiteExecutor.execute(TestSuiteExecutor.java:91)
	at com.kms.katalon.core.main.TestCaseMain.startTestSuite(TestCaseMain.java:157)
	at com.kms.katalon.core.main.TestCaseMain$startTestSuite$0.call(Unknown Source)
	at TempTestSuite1575402574161.run(TempTestSuite1575402574161.groovy:36)
Caused by: com.kms.katalon.core.exception.StepFailedException: Web element with id: 'Object Repository/FollowerVerification/Page_Connections/div_FollowerCheck' located by 'By.xpath: //div[contains(text(),'Suraj')]' not found
	at com.kms.katalon.core.webui.keyword.internal.WebUIKeywordMain.stepFailed(WebUIKeywordMain.groovy:64)
	at com.kms.katalon.core.webui.keyword.builtin.VerifyElementVisibleKeyword$_verifyElementVisible_closure1.doCall(VerifyElementVisibleKeyword.groovy:89)
	at com.kms.katalon.core.webui.keyword.builtin.VerifyElementVisibleKeyword$_verifyElementVisible_closure1.call(VerifyElementVisibleKeyword.groovy)
	at com.kms.katalon.core.webui.keyword.internal.WebUIKeywordMain.runKeyword(WebUIKeywordMain.groovy:20)
	... 19 more
"/>
         <system-out><![CDATA[2019-12-04 02:00:31 - [TEST_CASE][FAILED] - Test Cases/workLifeTest/FollowerVerification-: Test Cases/workLifeTest/FollowerVerification- FAILED.
Reason:
com.kms.katalon.core.exception.StepFailedException: Unable to verify object 'Object Repository/FollowerVerification/Page_Connections/div_FollowerCheck' is visible
	at com.kms.katalon.core.webui.keyword.internal.WebUIKeywordMain.stepFailed(WebUIKeywordMain.groovy:64)
	at com.kms.katalon.core.webui.keyword.internal.WebUIKeywordMain.runKeyword(WebUIKeywordMain.groovy:26)
	at com.kms.katalon.core.webui.keyword.builtin.VerifyElementVisibleKeyword.verifyElementVisible(VerifyElementVisibleKeyword.groovy:97)
	at com.kms.katalon.core.webui.keyword.builtin.VerifyElementVisibleKeyword.execute(VerifyElementVisibleKeyword.groovy:67)
	at com.kms.katalon.core.keyword.internal.KeywordExecutor.executeKeywordForPlatform(KeywordExecutor.groovy:60)
	at com.kms.katalon.core.webui.keyword.WebUiBuiltInKeywords.verifyElementVisible(WebUiBuiltInKeywords.groovy:358)
	at com.kms.katalon.core.webui.keyword.WebUiBuiltInKeywords$verifyElementVisible$11.call(Unknown Source)
	at FollowerVerification-.run(FollowerVerification-:34)
	at com.kms.katalon.core.main.ScriptEngine.run(ScriptEngine.java:194)
	at com.kms.katalon.core.main.ScriptEngine.runScriptAsRawText(ScriptEngine.java:119)
	at com.kms.katalon.core.main.TestCaseExecutor.runScript(TestCaseExecutor.java:337)
	at com.kms.katalon.core.main.TestCaseExecutor.doExecute(TestCaseExecutor.java:328)
	at com.kms.katalon.core.main.TestCaseExecutor.processExecutionPhase(TestCaseExecutor.java:307)
	at com.kms.katalon.core.main.TestCaseExecutor.accessMainPhase(TestCaseExecutor.java:299)
	at com.kms.katalon.core.main.TestCaseExecutor.execute(TestCaseExecutor.java:233)
	at com.kms.katalon.core.main.TestSuiteExecutor.accessTestCaseMainPhase(TestSuiteExecutor.java:169)
	at com.kms.katalon.core.main.TestSuiteExecutor.accessTestSuiteMainPhase(TestSuiteExecutor.java:142)
	at com.kms.katalon.core.main.TestSuiteExecutor.execute(TestSuiteExecutor.java:91)
	at com.kms.katalon.core.main.TestCaseMain.startTestSuite(TestCaseMain.java:157)
	at com.kms.katalon.core.main.TestCaseMain$startTestSuite$0.call(Unknown Source)
	at TempTestSuite1575402574161.run(TempTestSuite1575402574161.groovy:36)
Caused by: com.kms.katalon.core.exception.StepFailedException: Web element with id: 'Object Repository/FollowerVerification/Page_Connections/div_FollowerCheck' located by 'By.xpath: //div[contains(text(),'Suraj')]' not found
	at com.kms.katalon.core.webui.keyword.internal.WebUIKeywordMain.stepFailed(WebUIKeywordMain.groovy:64)
	at com.kms.katalon.core.webui.keyword.builtin.VerifyElementVisibleKeyword$_verifyElementVisible_closure1.doCall(VerifyElementVisibleKeyword.groovy:89)
	at com.kms.katalon.core.webui.keyword.builtin.VerifyElementVisibleKeyword$_verifyElementVisible_closure1.call(VerifyElementVisibleKeyword.groovy)
	at com.kms.katalon.core.webui.keyword.internal.WebUIKeywordMain.runKeyword(WebUIKeywordMain.groovy:20)
	... 19 more


2019-12-04 02:00:31 - [TEST_STEP][PASSED] - Start listener action : beforeTestcase: null

2019-12-04 02:00:32 - [TEST_STEP][PASSED] - openBrowser(AppUrl): Browser is opened with url: 'https://qa.thework.life'

2019-12-04 02:00:32 - [MESSAGE][INFO] - Starting 'Firefox' driver

2019-12-04 02:00:46 - [MESSAGE][PASSED] - Browser is opened with url: 'https://qa.thework.life'

2019-12-04 02:00:46 - [TEST_STEP][PASSED] - navigateToUrl(AppUrl): Navigate to 'https://qa.thework.life' successfully

2019-12-04 02:00:48 - [MESSAGE][PASSED] - Navigate to 'https://qa.thework.life' successfully

2019-12-04 02:00:48 - [TEST_STEP][PASSED] - setText(findTestObject("Object Repository/FollowerVerification/Page_theworklife - Find Great People To Work With/input_Forgot password_username"), "vijayvstest01@gmail.com"): Text 'vijayvstest01@gmail.com' is set on object 'Object Repository/FollowerVerification/Page_theworklife - Find Great People To Work With/input_Forgot password_username'

2019-12-04 02:00:48 - [MESSAGE][PASSED] - Text 'vijayvstest01@gmail.com' is set on object 'Object Repository/FollowerVerification/Page_theworklife - Find Great People To Work With/input_Forgot password_username'

2019-12-04 02:00:48 - [TEST_STEP][PASSED] - setEncryptedText(findTestObject("Object Repository/FollowerVerification/Page_theworklife - Find Great People To Work With/input_Forgot password_password"), "cvW8qx4B2o3F4VwP/kNsqA=="): Text ****** has been set on object 'Object Repository/FollowerVerification/Page_theworklife - Find Great People To Work With/input_Forgot password_password'

2019-12-04 02:00:49 - [MESSAGE][PASSED] - Text ****** has been set on object 'Object Repository/FollowerVerification/Page_theworklife - Find Great People To Work With/input_Forgot password_password'

2019-12-04 02:00:49 - [TEST_STEP][PASSED] - click(findTestObject("Object Repository/FollowerVerification/Page_theworklife - Find Great People To Work With/button_Sign in")): Object: 'Object Repository/FollowerVerification/Page_theworklife - Find Great People To Work With/button_Sign in' is clicked on

2019-12-04 02:00:54 - [MESSAGE][PASSED] - Object: 'Object Repository/FollowerVerification/Page_theworklife - Find Great People To Work With/button_Sign in' is clicked on

2019-12-04 02:00:54 - [TEST_STEP][PASSED] - click(findTestObject("Object Repository/FollowerVerification/Page_Home/a_connections")): Object: 'Object Repository/FollowerVerification/Page_Home/a_connections' is clicked on

2019-12-04 02:01:02 - [MESSAGE][PASSED] - Object: 'Object Repository/FollowerVerification/Page_Home/a_connections' is clicked on

2019-12-04 02:01:02 - [TEST_STEP][PASSED] - click(findTestObject("FollowerVerification/Page_Connections/a_follower")): Object: 'Object Repository/FollowerVerification/Page_Connections/a_follower' is clicked on

2019-12-04 02:01:04 - [MESSAGE][PASSED] - Object: 'Object Repository/FollowerVerification/Page_Connections/a_follower' is clicked on

2019-12-04 02:01:04 - [TEST_STEP][PASSED] - delay(5): Delayed 5 second(s)

2019-12-04 02:01:09 - [MESSAGE][PASSED] - Delayed 5 second(s)

2019-12-04 02:01:09 - [TEST_STEP][FAILED] - verifyElementVisible(findTestObject("FollowerVerification/Page_Connections/div_FollowerCheck"), STOP_ON_FAILURE): Unable to verify object 'Object Repository/FollowerVerification/Page_Connections/div_FollowerCheck' is visible (Root cause: com.kms.katalon.core.exception.StepFailedException: Unable to verify object 'Object Repository/FollowerVerification/Page_Connections/div_FollowerCheck' is visible
	at com.kms.katalon.core.webui.keyword.internal.WebUIKeywordMain.stepFailed(WebUIKeywordMain.groovy:64)
	at com.kms.katalon.core.webui.keyword.internal.WebUIKeywordMain.runKeyword(WebUIKeywordMain.groovy:26)
	at com.kms.katalon.core.webui.keyword.builtin.VerifyElementVisibleKeyword.verifyElementVisible(VerifyElementVisibleKeyword.groovy:97)
	at com.kms.katalon.core.webui.keyword.builtin.VerifyElementVisibleKeyword.execute(VerifyElementVisibleKeyword.groovy:67)
	at com.kms.katalon.core.keyword.internal.KeywordExecutor.executeKeywordForPlatform(KeywordExecutor.groovy:60)
	at com.kms.katalon.core.webui.keyword.WebUiBuiltInKeywords.verifyElementVisible(WebUiBuiltInKeywords.groovy:358)
	at com.kms.katalon.core.webui.keyword.WebUiBuiltInKeywords$verifyElementVisible$11.call(Unknown Source)
	at FollowerVerification-.run(FollowerVerification-:34)
	at com.kms.katalon.core.main.ScriptEngine.run(ScriptEngine.java:194)
	at com.kms.katalon.core.main.ScriptEngine.runScriptAsRawText(ScriptEngine.java:119)
	at com.kms.katalon.core.main.TestCaseExecutor.runScript(TestCaseExecutor.java:337)
	at com.kms.katalon.core.main.TestCaseExecutor.doExecute(TestCaseExecutor.java:328)
	at com.kms.katalon.core.main.TestCaseExecutor.processExecutionPhase(TestCaseExecutor.java:307)
	at com.kms.katalon.core.main.TestCaseExecutor.accessMainPhase(TestCaseExecutor.java:299)
	at com.kms.katalon.core.main.TestCaseExecutor.execute(TestCaseExecutor.java:233)
	at com.kms.katalon.core.main.TestSuiteExecutor.accessTestCaseMainPhase(TestSuiteExecutor.java:169)
	at com.kms.katalon.core.main.TestSuiteExecutor.accessTestSuiteMainPhase(TestSuiteExecutor.java:142)
	at com.kms.katalon.core.main.TestSuiteExecutor.execute(TestSuiteExecutor.java:91)
	at com.kms.katalon.core.main.TestCaseMain.startTestSuite(TestCaseMain.java:157)
	at com.kms.katalon.core.main.TestCaseMain$startTestSuite$0.call(Unknown Source)
	at TempTestSuite1575402574161.run(TempTestSuite1575402574161.groovy:36)
Caused by: com.kms.katalon.core.exception.StepFailedException: Web element with id: 'Object Repository/FollowerVerification/Page_Connections/div_FollowerCheck' located by 'By.xpath: //div[contains(text(),'Suraj')]' not found
	at com.kms.katalon.core.webui.keyword.internal.WebUIKeywordMain.stepFailed(WebUIKeywordMain.groovy:64)
	at com.kms.katalon.core.webui.keyword.builtin.VerifyElementVisibleKeyword$_verifyElementVisible_closure1.doCall(VerifyElementVisibleKeyword.groovy:89)
	at com.kms.katalon.core.webui.keyword.builtin.VerifyElementVisibleKeyword$_verifyElementVisible_closure1.call(VerifyElementVisibleKeyword.groovy)
	at com.kms.katalon.core.webui.keyword.internal.WebUIKeywordMain.runKeyword(WebUIKeywordMain.groovy:20)
	... 19 more
)

2019-12-04 02:01:54 - [MESSAGE][INFO] - Unable to find the element located by 'By.xpath: //div[contains(text(),'Suraj')]'. Please recheck the objects properties to make sure the desired element is located. 

2019-12-04 02:01:54 - [MESSAGE][FAILED] - Web element with id: 'Object Repository/FollowerVerification/Page_Connections/div_FollowerCheck' located by 'By.xpath: //div[contains(text(),'Suraj')]' not found (Root cause: com.kms.katalon.core.exception.StepFailedException: Web element with id: 'Object Repository/FollowerVerification/Page_Connections/div_FollowerCheck' located by 'By.xpath: //div[contains(text(),'Suraj')]' not found
	at com.kms.katalon.core.webui.keyword.internal.WebUIKeywordMain.stepFailed(WebUIKeywordMain.groovy:64)
	at com.kms.katalon.core.webui.keyword.builtin.VerifyElementVisibleKeyword$_verifyElementVisible_closure1.doCall(VerifyElementVisibleKeyword.groovy:89)
	at com.kms.katalon.core.webui.keyword.builtin.VerifyElementVisibleKeyword$_verifyElementVisible_closure1.call(VerifyElementVisibleKeyword.groovy)
	at com.kms.katalon.core.webui.keyword.internal.WebUIKeywordMain.runKeyword(WebUIKeywordMain.groovy:20)
	at com.kms.katalon.core.webui.keyword.builtin.VerifyElementVisibleKeyword.verifyElementVisible(VerifyElementVisibleKeyword.groovy:97)
	at com.kms.katalon.core.webui.keyword.builtin.VerifyElementVisibleKeyword.execute(VerifyElementVisibleKeyword.groovy:67)
	at com.kms.katalon.core.keyword.internal.KeywordExecutor.executeKeywordForPlatform(KeywordExecutor.groovy:60)
	at com.kms.katalon.core.webui.keyword.WebUiBuiltInKeywords.verifyElementVisible(WebUiBuiltInKeywords.groovy:358)
	at com.kms.katalon.core.webui.keyword.WebUiBuiltInKeywords$verifyElementVisible$11.call(Unknown Source)
	at FollowerVerification-.run(FollowerVerification-:34)
	at com.kms.katalon.core.main.ScriptEngine.run(ScriptEngine.java:194)
	at com.kms.katalon.core.main.ScriptEngine.runScriptAsRawText(ScriptEngine.java:119)
	at com.kms.katalon.core.main.TestCaseExecutor.runScript(TestCaseExecutor.java:337)
	at com.kms.katalon.core.main.TestCaseExecutor.doExecute(TestCaseExecutor.java:328)
	at com.kms.katalon.core.main.TestCaseExecutor.processExecutionPhase(TestCaseExecutor.java:307)
	at com.kms.katalon.core.main.TestCaseExecutor.accessMainPhase(TestCaseExecutor.java:299)
	at com.kms.katalon.core.main.TestCaseExecutor.execute(TestCaseExecutor.java:233)
	at com.kms.katalon.core.main.TestSuiteExecutor.accessTestCaseMainPhase(TestSuiteExecutor.java:169)
	at com.kms.katalon.core.main.TestSuiteExecutor.accessTestSuiteMainPhase(TestSuiteExecutor.java:142)
	at com.kms.katalon.core.main.TestSuiteExecutor.execute(TestSuiteExecutor.java:91)
	at com.kms.katalon.core.main.TestCaseMain.startTestSuite(TestCaseMain.java:157)
	at com.kms.katalon.core.main.TestCaseMain$startTestSuite$0.call(Unknown Source)
	at TempTestSuite1575402574161.run(TempTestSuite1575402574161.groovy:36)
)
[[ATTACHMENT|C:\\Users\\Suraj Kumar\\git\\KatalonBDD\\Reports\\20191204_011934\\Regression\\20191204_011934\\1575405114339.png]]

2019-12-04 02:01:54 - [MESSAGE][FAILED] - Unable to verify object 'Object Repository/FollowerVerification/Page_Connections/div_FollowerCheck' is visible (Root cause: com.kms.katalon.core.exception.StepFailedException: Unable to verify object 'Object Repository/FollowerVerification/Page_Connections/div_FollowerCheck' is visible
	at com.kms.katalon.core.webui.keyword.internal.WebUIKeywordMain.stepFailed(WebUIKeywordMain.groovy:64)
	at com.kms.katalon.core.webui.keyword.internal.WebUIKeywordMain.runKeyword(WebUIKeywordMain.groovy:26)
	at com.kms.katalon.core.webui.keyword.builtin.VerifyElementVisibleKeyword.verifyElementVisible(VerifyElementVisibleKeyword.groovy:97)
	at com.kms.katalon.core.webui.keyword.builtin.VerifyElementVisibleKeyword.execute(VerifyElementVisibleKeyword.groovy:67)
	at com.kms.katalon.core.keyword.internal.KeywordExecutor.executeKeywordForPlatform(KeywordExecutor.groovy:60)
	at com.kms.katalon.core.webui.keyword.WebUiBuiltInKeywords.verifyElementVisible(WebUiBuiltInKeywords.groovy:358)
	at com.kms.katalon.core.webui.keyword.WebUiBuiltInKeywords$verifyElementVisible$11.call(Unknown Source)
	at FollowerVerification-.run(FollowerVerification-:34)
	at com.kms.katalon.core.main.ScriptEngine.run(ScriptEngine.java:194)
	at com.kms.katalon.core.main.ScriptEngine.runScriptAsRawText(ScriptEngine.java:119)
	at com.kms.katalon.core.main.TestCaseExecutor.runScript(TestCaseExecutor.java:337)
	at com.kms.katalon.core.main.TestCaseExecutor.doExecute(TestCaseExecutor.java:328)
	at com.kms.katalon.core.main.TestCaseExecutor.processExecutionPhase(TestCaseExecutor.java:307)
	at com.kms.katalon.core.main.TestCaseExecutor.accessMainPhase(TestCaseExecutor.java:299)
	at com.kms.katalon.core.main.TestCaseExecutor.execute(TestCaseExecutor.java:233)
	at com.kms.katalon.core.main.TestSuiteExecutor.accessTestCaseMainPhase(TestSuiteExecutor.java:169)
	at com.kms.katalon.core.main.TestSuiteExecutor.accessTestSuiteMainPhase(TestSuiteExecutor.java:142)
	at com.kms.katalon.core.main.TestSuiteExecutor.execute(TestSuiteExecutor.java:91)
	at com.kms.katalon.core.main.TestCaseMain.startTestSuite(TestCaseMain.java:157)
	at com.kms.katalon.core.main.TestCaseMain$startTestSuite$0.call(Unknown Source)
	at TempTestSuite1575402574161.run(TempTestSuite1575402574161.groovy:36)
Caused by: com.kms.katalon.core.exception.StepFailedException: Web element with id: 'Object Repository/FollowerVerification/Page_Connections/div_FollowerCheck' located by 'By.xpath: //div[contains(text(),'Suraj')]' not found
	at com.kms.katalon.core.webui.keyword.internal.WebUIKeywordMain.stepFailed(WebUIKeywordMain.groovy:64)
	at com.kms.katalon.core.webui.keyword.builtin.VerifyElementVisibleKeyword$_verifyElementVisible_closure1.doCall(VerifyElementVisibleKeyword.groovy:89)
	at com.kms.katalon.core.webui.keyword.builtin.VerifyElementVisibleKeyword$_verifyElementVisible_closure1.call(VerifyElementVisibleKeyword.groovy)
	at com.kms.katalon.core.webui.keyword.internal.WebUIKeywordMain.runKeyword(WebUIKeywordMain.groovy:20)
	... 19 more
)
[[ATTACHMENT|C:\\Users\\Suraj Kumar\\git\\KatalonBDD\\Reports\\20191204_011934\\Regression\\20191204_011934\\1575405114493.png]]

2019-12-04 02:01:54 - [TEST_STEP][PASSED] - Start listener action : afterTestcase: Browser is closed

2019-12-04 02:01:54 - [TEST_STEP][PASSED] - closeBrowser(): Browser is closed

2019-12-04 02:01:56 - [MESSAGE][PASSED] - Browser is closed

2019-12-04 02:01:58 - [TEST_STEP][PASSED] - Video: Video recording for test case 'Test Cases/workLifeTest/FollowerVerification-' .

2019-12-04 02:01:58 - [MESSAGE][INFO] - Video recording for test case 'Test Cases/workLifeTest/FollowerVerification-' .
[[ATTACHMENT|C:\\Users\\Suraj Kumar\\git\\KatalonBDD\\Reports\\20191204_011934\\Regression\\20191204_011934/videos\\test_44.avi]]]]></system-out>
         <system-err><![CDATA[2019-12-04 02:00:31 - [TEST_CASE][FAILED] - Test Cases/workLifeTest/FollowerVerification-: Test Cases/workLifeTest/FollowerVerification- FAILED.
Reason:
com.kms.katalon.core.exception.StepFailedException: Unable to verify object 'Object Repository/FollowerVerification/Page_Connections/div_FollowerCheck' is visible
	at com.kms.katalon.core.webui.keyword.internal.WebUIKeywordMain.stepFailed(WebUIKeywordMain.groovy:64)
	at com.kms.katalon.core.webui.keyword.internal.WebUIKeywordMain.runKeyword(WebUIKeywordMain.groovy:26)
	at com.kms.katalon.core.webui.keyword.builtin.VerifyElementVisibleKeyword.verifyElementVisible(VerifyElementVisibleKeyword.groovy:97)
	at com.kms.katalon.core.webui.keyword.builtin.VerifyElementVisibleKeyword.execute(VerifyElementVisibleKeyword.groovy:67)
	at com.kms.katalon.core.keyword.internal.KeywordExecutor.executeKeywordForPlatform(KeywordExecutor.groovy:60)
	at com.kms.katalon.core.webui.keyword.WebUiBuiltInKeywords.verifyElementVisible(WebUiBuiltInKeywords.groovy:358)
	at com.kms.katalon.core.webui.keyword.WebUiBuiltInKeywords$verifyElementVisible$11.call(Unknown Source)
	at FollowerVerification-.run(FollowerVerification-:34)
	at com.kms.katalon.core.main.ScriptEngine.run(ScriptEngine.java:194)
	at com.kms.katalon.core.main.ScriptEngine.runScriptAsRawText(ScriptEngine.java:119)
	at com.kms.katalon.core.main.TestCaseExecutor.runScript(TestCaseExecutor.java:337)
	at com.kms.katalon.core.main.TestCaseExecutor.doExecute(TestCaseExecutor.java:328)
	at com.kms.katalon.core.main.TestCaseExecutor.processExecutionPhase(TestCaseExecutor.java:307)
	at com.kms.katalon.core.main.TestCaseExecutor.accessMainPhase(TestCaseExecutor.java:299)
	at com.kms.katalon.core.main.TestCaseExecutor.execute(TestCaseExecutor.java:233)
	at com.kms.katalon.core.main.TestSuiteExecutor.accessTestCaseMainPhase(TestSuiteExecutor.java:169)
	at com.kms.katalon.core.main.TestSuiteExecutor.accessTestSuiteMainPhase(TestSuiteExecutor.java:142)
	at com.kms.katalon.core.main.TestSuiteExecutor.execute(TestSuiteExecutor.java:91)
	at com.kms.katalon.core.main.TestCaseMain.startTestSuite(TestCaseMain.java:157)
	at com.kms.katalon.core.main.TestCaseMain$startTestSuite$0.call(Unknown Source)
	at TempTestSuite1575402574161.run(TempTestSuite1575402574161.groovy:36)
Caused by: com.kms.katalon.core.exception.StepFailedException: Web element with id: 'Object Repository/FollowerVerification/Page_Connections/div_FollowerCheck' located by 'By.xpath: //div[contains(text(),'Suraj')]' not found
	at com.kms.katalon.core.webui.keyword.internal.WebUIKeywordMain.stepFailed(WebUIKeywordMain.groovy:64)
	at com.kms.katalon.core.webui.keyword.builtin.VerifyElementVisibleKeyword$_verifyElementVisible_closure1.doCall(VerifyElementVisibleKeyword.groovy:89)
	at com.kms.katalon.core.webui.keyword.builtin.VerifyElementVisibleKeyword$_verifyElementVisible_closure1.call(VerifyElementVisibleKeyword.groovy)
	at com.kms.katalon.core.webui.keyword.internal.WebUIKeywordMain.runKeyword(WebUIKeywordMain.groovy:20)
	... 19 more]]></system-err>
      </testcase>
      <testcase name="Test Cases/workLifeTest/FollowingVerification" time="38.226" classname="Test Cases/workLifeTest/FollowingVerification" status="PASSED">
         <system-out><![CDATA[2019-12-04 02:01:58 - [TEST_CASE][PASSED] - Test Cases/workLifeTest/FollowingVerification: Test Cases/workLifeTest/FollowingVerification

2019-12-04 02:01:58 - [TEST_STEP][PASSED] - Start listener action : beforeTestcase: null

2019-12-04 02:01:58 - [TEST_STEP][PASSED] - openBrowser(AppUrl): Browser is opened with url: 'https://qa.thework.life'

2019-12-04 02:01:58 - [MESSAGE][INFO] - Starting 'Firefox' driver

2019-12-04 02:02:11 - [MESSAGE][PASSED] - Browser is opened with url: 'https://qa.thework.life'

2019-12-04 02:02:11 - [TEST_STEP][PASSED] - navigateToUrl(AppUrl): Navigate to 'https://qa.thework.life' successfully

2019-12-04 02:02:14 - [MESSAGE][PASSED] - Navigate to 'https://qa.thework.life' successfully

2019-12-04 02:02:14 - [TEST_STEP][PASSED] - setText(findTestObject("Object Repository/FollowerVerification/Page_theworklife - Find Great People To Work With/input_Forgot password_username"), "vijayvstest01@gmail.com"): Text 'vijayvstest01@gmail.com' is set on object 'Object Repository/FollowerVerification/Page_theworklife - Find Great People To Work With/input_Forgot password_username'

2019-12-04 02:02:14 - [MESSAGE][PASSED] - Text 'vijayvstest01@gmail.com' is set on object 'Object Repository/FollowerVerification/Page_theworklife - Find Great People To Work With/input_Forgot password_username'

2019-12-04 02:02:14 - [TEST_STEP][PASSED] - setEncryptedText(findTestObject("Object Repository/FollowerVerification/Page_theworklife - Find Great People To Work With/input_Forgot password_password"), "cvW8qx4B2o3F4VwP/kNsqA=="): Text ****** has been set on object 'Object Repository/FollowerVerification/Page_theworklife - Find Great People To Work With/input_Forgot password_password'

2019-12-04 02:02:14 - [MESSAGE][PASSED] - Text ****** has been set on object 'Object Repository/FollowerVerification/Page_theworklife - Find Great People To Work With/input_Forgot password_password'

2019-12-04 02:02:14 - [TEST_STEP][PASSED] - click(findTestObject("Object Repository/FollowerVerification/Page_theworklife - Find Great People To Work With/button_Sign in")): Object: 'Object Repository/FollowerVerification/Page_theworklife - Find Great People To Work With/button_Sign in' is clicked on

2019-12-04 02:02:20 - [MESSAGE][PASSED] - Object: 'Object Repository/FollowerVerification/Page_theworklife - Find Great People To Work With/button_Sign in' is clicked on

2019-12-04 02:02:20 - [TEST_STEP][PASSED] - click(findTestObject("Object Repository/FollowerVerification/Page_Home/a_connections")): Object: 'Object Repository/FollowerVerification/Page_Home/a_connections' is clicked on

2019-12-04 02:02:28 - [MESSAGE][PASSED] - Object: 'Object Repository/FollowerVerification/Page_Home/a_connections' is clicked on

2019-12-04 02:02:28 - [TEST_STEP][PASSED] - click(findTestObject("Object Repository/FollowerVerification/Page_Connections/a_Followings")): Object: 'Object Repository/FollowerVerification/Page_Connections/a_Followings' is clicked on

2019-12-04 02:02:29 - [MESSAGE][PASSED] - Object: 'Object Repository/FollowerVerification/Page_Connections/a_Followings' is clicked on

2019-12-04 02:02:29 - [TEST_STEP][PASSED] - delay(3): Delayed 3 second(s)

2019-12-04 02:02:32 - [MESSAGE][PASSED] - Delayed 3 second(s)

2019-12-04 02:02:32 - [TEST_STEP][PASSED] - verifyElementText(findTestObject("FollowerVerification/Page_Connections/div_suraj kumar"), "suraj kumar"): Actual text and expected text of test object 'Object Repository/FollowerVerification/Page_Connections/div_suraj kumar' are matched.

2019-12-04 02:02:32 - [MESSAGE][PASSED] - Actual text and expected text of test object 'Object Repository/FollowerVerification/Page_Connections/div_suraj kumar' are matched.

2019-12-04 02:02:32 - [TEST_STEP][PASSED] - closeBrowser(): Browser is closed

2019-12-04 02:02:34 - [MESSAGE][PASSED] - Browser is closed

2019-12-04 02:02:34 - [TEST_STEP][PASSED] - Start listener action : afterTestcase: Browser is closed

2019-12-04 02:02:34 - [TEST_STEP][PASSED] - closeBrowser(): Browser is closed

2019-12-04 02:02:34 - [MESSAGE][PASSED] - Browser is closed

2019-12-04 02:02:36 - [TEST_STEP][PASSED] - Video: Video recording for test case 'Test Cases/workLifeTest/FollowingVerification' .

2019-12-04 02:02:36 - [MESSAGE][INFO] - Video recording for test case 'Test Cases/workLifeTest/FollowingVerification' .
[[ATTACHMENT|C:\\Users\\Suraj Kumar\\git\\KatalonBDD\\Reports\\20191204_011934\\Regression\\20191204_011934/videos\\test_45.avi]]]]></system-out>
         <system-err><![CDATA[]]></system-err>
      </testcase>
      <testcase name="Test Cases/workLifeTest/ProfileCreationAddSkill" time="43.626" classname="Test Cases/workLifeTest/ProfileCreationAddSkill" status="PASSED">
         <system-out><![CDATA[2019-12-04 02:02:36 - [TEST_CASE][PASSED] - Test Cases/workLifeTest/ProfileCreationAddSkill: Test Cases/workLifeTest/ProfileCreationAddSkill

2019-12-04 02:02:36 - [TEST_STEP][PASSED] - Start listener action : beforeTestcase: null

2019-12-04 02:02:37 - [TEST_STEP][PASSED] - skill = "SkillInput" + System.currentTimeMillis(): null

2019-12-04 02:02:37 - [TEST_STEP][PASSED] - openBrowser(AppUrl): Browser is opened with url: 'https://qa.thework.life'

2019-12-04 02:02:37 - [MESSAGE][INFO] - Starting 'Firefox' driver

2019-12-04 02:02:50 - [MESSAGE][PASSED] - Browser is opened with url: 'https://qa.thework.life'

2019-12-04 02:02:50 - [TEST_STEP][PASSED] - navigateToUrl(AppUrl): Navigate to 'https://qa.thework.life' successfully

2019-12-04 02:02:52 - [MESSAGE][PASSED] - Navigate to 'https://qa.thework.life' successfully

2019-12-04 02:02:52 - [TEST_STEP][PASSED] - setText(findTestObject("Object Repository/SkillPageObject/Page_theworklife - Find Great People To Work With/input_Forgot password_username"), "worklifetest10001@gmail.com"): Text 'worklifetest10001@gmail.com' is set on object 'Object Repository/SkillPageObject/Page_theworklife - Find Great People To Work With/input_Forgot password_username'

2019-12-04 02:02:52 - [MESSAGE][PASSED] - Text 'worklifetest10001@gmail.com' is set on object 'Object Repository/SkillPageObject/Page_theworklife - Find Great People To Work With/input_Forgot password_username'

2019-12-04 02:02:52 - [TEST_STEP][PASSED] - setEncryptedText(findTestObject("Object Repository/SkillPageObject/Page_theworklife - Find Great People To Work With/input_Forgot password_password"), "XU9cBalmEBp1UP+jEU2w4UUBUuNgBY4U"): Text ****** has been set on object 'Object Repository/SkillPageObject/Page_theworklife - Find Great People To Work With/input_Forgot password_password'

2019-12-04 02:02:53 - [MESSAGE][PASSED] - Text ****** has been set on object 'Object Repository/SkillPageObject/Page_theworklife - Find Great People To Work With/input_Forgot password_password'

2019-12-04 02:02:53 - [TEST_STEP][PASSED] - click(findTestObject("Object Repository/SkillPageObject/Page_theworklife - Find Great People To Work With/button_Sign in")): Object: 'Object Repository/SkillPageObject/Page_theworklife - Find Great People To Work With/button_Sign in' is clicked on

2019-12-04 02:03:00 - [MESSAGE][PASSED] - Object: 'Object Repository/SkillPageObject/Page_theworklife - Find Great People To Work With/button_Sign in' is clicked on

2019-12-04 02:03:00 - [TEST_STEP][PASSED] - click(findTestObject("Object Repository/SkillPageObject/Page_Home/a_profile")): Object: 'Object Repository/SkillPageObject/Page_Home/a_profile' is clicked on

2019-12-04 02:03:01 - [MESSAGE][PASSED] - Object: 'Object Repository/SkillPageObject/Page_Home/a_profile' is clicked on

2019-12-04 02:03:01 - [TEST_STEP][PASSED] - click(findTestObject("Object Repository/SkillPageObject/Page_Home/a_Edit Profile")): Object: 'Object Repository/SkillPageObject/Page_Home/a_Edit Profile' is clicked on

2019-12-04 02:03:06 - [MESSAGE][PASSED] - Object: 'Object Repository/SkillPageObject/Page_Home/a_Edit Profile' is clicked on

2019-12-04 02:03:06 - [TEST_STEP][PASSED] - click(findTestObject("Object Repository/SkillPageObject/Page_Edit Profile/a_Skills")): Object: 'Object Repository/SkillPageObject/Page_Edit Profile/a_Skills' is clicked on

2019-12-04 02:03:07 - [MESSAGE][PASSED] - Object: 'Object Repository/SkillPageObject/Page_Edit Profile/a_Skills' is clicked on

2019-12-04 02:03:07 - [TEST_STEP][PASSED] - click(findTestObject("Object Repository/SkillPageObject/Page_Edit Profile/input_Add Skills_skills_name")): Object: 'Object Repository/SkillPageObject/Page_Edit Profile/input_Add Skills_skills_name' is clicked on

2019-12-04 02:03:08 - [MESSAGE][PASSED] - Object: 'Object Repository/SkillPageObject/Page_Edit Profile/input_Add Skills_skills_name' is clicked on

2019-12-04 02:03:08 - [TEST_STEP][PASSED] - clearText(findTestObject("Object Repository/SkillPageObject/Page_Edit Profile/input_Add Skills_skills_name")): Text of object 'Object Repository/SkillPageObject/Page_Edit Profile/input_Add Skills_skills_name' is cleared

2019-12-04 02:03:09 - [MESSAGE][PASSED] - Text of object 'Object Repository/SkillPageObject/Page_Edit Profile/input_Add Skills_skills_name' is cleared

2019-12-04 02:03:09 - [TEST_STEP][PASSED] - delay(1): Delayed 1 second(s)

2019-12-04 02:03:10 - [MESSAGE][PASSED] - Delayed 1 second(s)

2019-12-04 02:03:10 - [TEST_STEP][PASSED] - sendKeys(findTestObject("Object Repository/SkillPageObject/Page_Edit Profile/input_Add Skills_skills_name"), skill.toString()): Keys 'SkillInput1575405157197' sent to object: 'Object Repository/SkillPageObject/Page_Edit Profile/input_Add Skills_skills_name'

2019-12-04 02:03:10 - [MESSAGE][PASSED] - Keys 'SkillInput1575405157197' sent to object: 'Object Repository/SkillPageObject/Page_Edit Profile/input_Add Skills_skills_name'

2019-12-04 02:03:10 - [TEST_STEP][PASSED] - delay(3): Delayed 3 second(s)

2019-12-04 02:03:13 - [MESSAGE][PASSED] - Delayed 3 second(s)

2019-12-04 02:03:13 - [TEST_STEP][PASSED] - click(findTestObject("Object Repository/SkillPageObject/Page_Edit Profile/div_Add Skills                                                                                    Add Skill")): Object: 'Object Repository/SkillPageObject/Page_Edit Profile/div_Add Skills                                                                                    Add Skill' is clicked on

2019-12-04 02:03:14 - [MESSAGE][PASSED] - Object: 'Object Repository/SkillPageObject/Page_Edit Profile/div_Add Skills                                                                                    Add Skill' is clicked on

2019-12-04 02:03:14 - [TEST_STEP][PASSED] - click(findTestObject("Object Repository/SkillPageObject/Page_Edit Profile/button_Add Skill")): Object: 'Object Repository/SkillPageObject/Page_Edit Profile/button_Add Skill' is clicked on

2019-12-04 02:03:14 - [MESSAGE][PASSED] - Object: 'Object Repository/SkillPageObject/Page_Edit Profile/button_Add Skill' is clicked on

2019-12-04 02:03:14 - [TEST_STEP][PASSED] - println(skill): null

2019-12-04 02:03:15 - [TEST_STEP][PASSED] - verifyElementPresent(findTestObject("SkillPageObject/Page_Edit Profile/li_test123450", ["text":skill]), 0): Object 'Object Repository/SkillPageObject/Page_Edit Profile/li_test123450' is present

2019-12-04 02:03:15 - [MESSAGE][WARNING] - Timeout '0' is invalid. Using default page load timeout: '30'

2019-12-04 02:03:16 - [MESSAGE][PASSED] - Object 'Object Repository/SkillPageObject/Page_Edit Profile/li_test123450' is present

2019-12-04 02:03:16 - [TEST_STEP][PASSED] - Start listener action : afterTestcase: Browser is closed

2019-12-04 02:03:16 - [TEST_STEP][PASSED] - closeBrowser(): Browser is closed

2019-12-04 02:03:18 - [MESSAGE][PASSED] - Browser is closed

2019-12-04 02:03:20 - [TEST_STEP][PASSED] - Video: Video recording for test case 'Test Cases/workLifeTest/ProfileCreationAddSkill' .

2019-12-04 02:03:20 - [MESSAGE][INFO] - Video recording for test case 'Test Cases/workLifeTest/ProfileCreationAddSkill' .
[[ATTACHMENT|C:\\Users\\Suraj Kumar\\git\\KatalonBDD\\Reports\\20191204_011934\\Regression\\20191204_011934/videos\\test_46.avi]]]]></system-out>
         <system-err><![CDATA[]]></system-err>
      </testcase>
      <testcase name="Test Cases/workLifeTest/ProfileCreationEducationDetails" time="72.648" classname="Test Cases/workLifeTest/ProfileCreationEducationDetails" status="PASSED">
         <system-out><![CDATA[2019-12-04 02:03:20 - [TEST_CASE][PASSED] - Test Cases/workLifeTest/ProfileCreationEducationDetails: Test Cases/workLifeTest/ProfileCreationEducationDetails

2019-12-04 02:03:20 - [TEST_STEP][PASSED] - Start listener action : beforeTestcase: null

2019-12-04 02:03:20 - [TEST_STEP][PASSED] - college = "MyCollege" + System.currentTimeMillis(): null

2019-12-04 02:03:20 - [TEST_STEP][PASSED] - openBrowser(AppUrl): Browser is opened with url: 'https://qa.thework.life'

2019-12-04 02:03:20 - [MESSAGE][INFO] - Starting 'Firefox' driver

2019-12-04 02:03:32 - [MESSAGE][PASSED] - Browser is opened with url: 'https://qa.thework.life'

2019-12-04 02:03:32 - [TEST_STEP][PASSED] - navigateToUrl(AppUrl): Navigate to 'https://qa.thework.life' successfully

2019-12-04 02:03:34 - [MESSAGE][PASSED] - Navigate to 'https://qa.thework.life' successfully

2019-12-04 02:03:34 - [TEST_STEP][PASSED] - setText(findTestObject("EducationDetails/Page_theworklife - Find Great People To Work With/input_Forgot password_username"), "worklifetest10001@gmail.com"): Text 'worklifetest10001@gmail.com' is set on object 'Object Repository/EducationDetails/Page_theworklife - Find Great People To Work With/input_Forgot password_username'

2019-12-04 02:03:35 - [MESSAGE][PASSED] - Text 'worklifetest10001@gmail.com' is set on object 'Object Repository/EducationDetails/Page_theworklife - Find Great People To Work With/input_Forgot password_username'

2019-12-04 02:03:35 - [TEST_STEP][PASSED] - setEncryptedText(findTestObject("EducationDetails/Page_theworklife - Find Great People To Work With/input_Forgot password_password"), "XU9cBalmEBp1UP+jEU2w4UUBUuNgBY4U"): Text ****** has been set on object 'Object Repository/EducationDetails/Page_theworklife - Find Great People To Work With/input_Forgot password_password'

2019-12-04 02:03:35 - [MESSAGE][PASSED] - Text ****** has been set on object 'Object Repository/EducationDetails/Page_theworklife - Find Great People To Work With/input_Forgot password_password'

2019-12-04 02:03:35 - [TEST_STEP][PASSED] - click(findTestObject("EducationDetails/Page_theworklife - Find Great People To Work With/button_Sign in")): Object: 'Object Repository/EducationDetails/Page_theworklife - Find Great People To Work With/button_Sign in' is clicked on

2019-12-04 02:03:49 - [MESSAGE][PASSED] - Object: 'Object Repository/EducationDetails/Page_theworklife - Find Great People To Work With/button_Sign in' is clicked on

2019-12-04 02:03:49 - [TEST_STEP][PASSED] - click(findTestObject("EducationDetails/Page_Home/a_profile")): Object: 'Object Repository/EducationDetails/Page_Home/a_profile' is clicked on

2019-12-04 02:03:49 - [MESSAGE][PASSED] - Object: 'Object Repository/EducationDetails/Page_Home/a_profile' is clicked on

2019-12-04 02:03:49 - [TEST_STEP][PASSED] - click(findTestObject("EducationDetails/Page_Home/a_Edit Profile")): Object: 'Object Repository/EducationDetails/Page_Home/a_Edit Profile' is clicked on

2019-12-04 02:03:57 - [MESSAGE][PASSED] - Object: 'Object Repository/EducationDetails/Page_Home/a_Edit Profile' is clicked on

2019-12-04 02:03:57 - [TEST_STEP][PASSED] - click(findTestObject("Object Repository/EducationDetails/Page_Edit Profile/a_Education")): Object: 'Object Repository/EducationDetails/Page_Edit Profile/a_Education' is clicked on

2019-12-04 02:03:57 - [MESSAGE][PASSED] - Object: 'Object Repository/EducationDetails/Page_Edit Profile/a_Education' is clicked on

2019-12-04 02:03:57 - [TEST_STEP][PASSED] - delay(5): Delayed 5 second(s)

2019-12-04 02:04:02 - [MESSAGE][PASSED] - Delayed 5 second(s)

2019-12-04 02:04:02 - [TEST_STEP][PASSED] - waitForElementVisible(findTestObject("EducationDetails/Page_Edit Profile/button_ Add Education"), 3): Object 'Object Repository/EducationDetails/Page_Edit Profile/button_ Add Education' is visible

2019-12-04 02:04:03 - [MESSAGE][PASSED] - Object 'Object Repository/EducationDetails/Page_Edit Profile/button_ Add Education' is visible

2019-12-04 02:04:03 - [TEST_STEP][PASSED] - click(findTestObject("EducationDetails/Page_Edit Profile/button_ Add Education")): Object: 'Object Repository/EducationDetails/Page_Edit Profile/button_ Add Education' is clicked on

2019-12-04 02:04:03 - [MESSAGE][PASSED] - Object: 'Object Repository/EducationDetails/Page_Edit Profile/button_ Add Education' is clicked on

2019-12-04 02:04:03 - [TEST_STEP][PASSED] - sleep(5000): null

2019-12-04 02:04:08 - [TEST_STEP][PASSED] - waitForElementNotVisible(findTestObject("Experience/Page_Edit Profile/loader"), 5): Object 'Object Repository/Experience/Page_Edit Profile/loader' is NOT visible

2019-12-04 02:04:09 - [MESSAGE][PASSED] - Object 'Object Repository/Experience/Page_Edit Profile/loader' is NOT visible

2019-12-04 02:04:09 - [TEST_STEP][PASSED] - waitForElementPresent(findTestObject("EducationDetails/Page_Edit Profile/DegreForm"), 5): Object 'Object Repository/EducationDetails/Page_Edit Profile/DegreForm' is present

2019-12-04 02:04:09 - [MESSAGE][PASSED] - Object 'Object Repository/EducationDetails/Page_Edit Profile/DegreForm' is present

2019-12-04 02:04:09 - [TEST_STEP][PASSED] - setText(findTestObject("EducationDetails/Page_Edit Profile/input_Select institute_institute"), college): Text 'MyCollege1575405200718' is set on object 'Object Repository/EducationDetails/Page_Edit Profile/input_Select institute_institute'

2019-12-04 02:04:10 - [MESSAGE][PASSED] - Text 'MyCollege1575405200718' is set on object 'Object Repository/EducationDetails/Page_Edit Profile/input_Select institute_institute'

2019-12-04 02:04:10 - [TEST_STEP][PASSED] - click(findTestObject("EducationDetails/Page_Edit Profile/DegreForm")): Object: 'Object Repository/EducationDetails/Page_Edit Profile/DegreForm' is clicked on

2019-12-04 02:04:13 - [MESSAGE][PASSED] - Object: 'Object Repository/EducationDetails/Page_Edit Profile/DegreForm' is clicked on

2019-12-04 02:04:13 - [TEST_STEP][PASSED] - setText(findTestObject("Object Repository/EducationDetails/Page_Edit Profile/input_Degree_degree"), "worklife"): Text 'worklife' is set on object 'Object Repository/EducationDetails/Page_Edit Profile/input_Degree_degree'

2019-12-04 02:04:13 - [MESSAGE][PASSED] - Text 'worklife' is set on object 'Object Repository/EducationDetails/Page_Edit Profile/input_Degree_degree'

2019-12-04 02:04:13 - [TEST_STEP][PASSED] - click(findTestObject("EducationDetails/Page_Edit Profile/DegreForm")): Object: 'Object Repository/EducationDetails/Page_Edit Profile/DegreForm' is clicked on

2019-12-04 02:04:14 - [MESSAGE][PASSED] - Object: 'Object Repository/EducationDetails/Page_Edit Profile/DegreForm' is clicked on

2019-12-04 02:04:14 - [TEST_STEP][PASSED] - setText(findTestObject("Object Repository/EducationDetails/Page_Edit Profile/input_SpecialityField_specialty"), "worklife"): Text 'worklife' is set on object 'Object Repository/EducationDetails/Page_Edit Profile/input_SpecialityField_specialty'

2019-12-04 02:04:15 - [MESSAGE][PASSED] - Text 'worklife' is set on object 'Object Repository/EducationDetails/Page_Edit Profile/input_SpecialityField_specialty'

2019-12-04 02:04:15 - [TEST_STEP][PASSED] - click(findTestObject("EducationDetails/Page_Edit Profile/DegreForm")): Object: 'Object Repository/EducationDetails/Page_Edit Profile/DegreForm' is clicked on

2019-12-04 02:04:16 - [MESSAGE][PASSED] - Object: 'Object Repository/EducationDetails/Page_Edit Profile/DegreForm' is clicked on

2019-12-04 02:04:16 - [TEST_STEP][PASSED] - selectOptionByValue(findTestObject("Object Repository/EducationDetails/Page_Edit Profile/select_Please selectYear (1)"), "2008", true): All options with value '2008' are selected in object 'Object Repository/EducationDetails/Page_Edit Profile/select_Please selectYear (1)'  using regular expression

2019-12-04 02:04:18 - [MESSAGE][PASSED] - All options with value '2008' are selected in object 'Object Repository/EducationDetails/Page_Edit Profile/select_Please selectYear (1)'  using regular expression

2019-12-04 02:04:18 - [TEST_STEP][PASSED] - selectOptionByValue(findTestObject("Object Repository/EducationDetails/Page_Edit Profile/select_Please selectYear"), "2002", true): All options with value '2002' are selected in object 'Object Repository/EducationDetails/Page_Edit Profile/select_Please selectYear'  using regular expression

2019-12-04 02:04:20 - [MESSAGE][PASSED] - All options with value '2002' are selected in object 'Object Repository/EducationDetails/Page_Edit Profile/select_Please selectYear'  using regular expression

2019-12-04 02:04:20 - [TEST_STEP][PASSED] - setText(findTestObject("Object Repository/EducationDetails/Page_Edit Profile/textarea_(Optional)_description"), "Test Description"): Text 'Test Description' is set on object 'Object Repository/EducationDetails/Page_Edit Profile/textarea_(Optional)_description'

2019-12-04 02:04:21 - [MESSAGE][PASSED] - Text 'Test Description' is set on object 'Object Repository/EducationDetails/Page_Edit Profile/textarea_(Optional)_description'

2019-12-04 02:04:21 - [TEST_STEP][PASSED] - click(findTestObject("EducationDetails/Page_Edit Profile/DegreForm")): Object: 'Object Repository/EducationDetails/Page_Edit Profile/DegreForm' is clicked on

2019-12-04 02:04:21 - [MESSAGE][PASSED] - Object: 'Object Repository/EducationDetails/Page_Edit Profile/DegreForm' is clicked on

2019-12-04 02:04:21 - [TEST_STEP][PASSED] - scrollToElement(findTestObject("EducationDetails/Page_Edit Profile/button_Save"), 0): Scroll to object 'Object Repository/EducationDetails/Page_Edit Profile/button_Save' successfully

2019-12-04 02:04:21 - [MESSAGE][WARNING] - Timeout '0' is invalid. Using default page load timeout: '30'

2019-12-04 02:04:21 - [MESSAGE][PASSED] - Scroll to object 'Object Repository/EducationDetails/Page_Edit Profile/button_Save' successfully

2019-12-04 02:04:21 - [TEST_STEP][PASSED] - delay(3): Delayed 3 second(s)

2019-12-04 02:04:24 - [MESSAGE][PASSED] - Delayed 3 second(s)

2019-12-04 02:04:25 - [TEST_STEP][PASSED] - click(findTestObject("EducationDetails/Page_Edit Profile/button_Save")): Object: 'Object Repository/EducationDetails/Page_Edit Profile/button_Save' is clicked on

2019-12-04 02:04:25 - [MESSAGE][PASSED] - Object: 'Object Repository/EducationDetails/Page_Edit Profile/button_Save' is clicked on

2019-12-04 02:04:25 - [TEST_STEP][PASSED] - delay(3): Delayed 3 second(s)

2019-12-04 02:04:28 - [MESSAGE][PASSED] - Delayed 3 second(s)

2019-12-04 02:04:28 - [TEST_STEP][NOT_RUN] - verifyElementText(findTestObject("EducationDetails/Page_Edit Profile/h2_MyCollege", ["college":college]), college): NOT_RUN: verifyElementText(findTestObject("EducationDetails/Page_Edit Profile/h2_MyCollege", ["college":college]), college)

2019-12-04 02:04:28 - [MESSAGE][NOT_RUN] - NOT_RUN: verifyElementText(findTestObject("EducationDetails/Page_Edit Profile/h2_MyCollege", ["college":college]), college)

2019-12-04 02:04:28 - [TEST_STEP][PASSED] - Start listener action : afterTestcase: Browser is closed

2019-12-04 02:04:28 - [TEST_STEP][PASSED] - closeBrowser(): Browser is closed

2019-12-04 02:04:30 - [MESSAGE][PASSED] - Browser is closed

2019-12-04 02:04:32 - [TEST_STEP][PASSED] - Video: Video recording for test case 'Test Cases/workLifeTest/ProfileCreationEducationDetails' .

2019-12-04 02:04:32 - [MESSAGE][INFO] - Video recording for test case 'Test Cases/workLifeTest/ProfileCreationEducationDetails' .
[[ATTACHMENT|C:\\Users\\Suraj Kumar\\git\\KatalonBDD\\Reports\\20191204_011934\\Regression\\20191204_011934/videos\\test_47.avi]]]]></system-out>
         <system-err><![CDATA[]]></system-err>
      </testcase>
      <testcase name="Test Cases/workLifeTest/ProfileCreationExperience" time="57.942" classname="Test Cases/workLifeTest/ProfileCreationExperience" status="PASSED">
         <system-out><![CDATA[2019-12-04 02:04:32 - [TEST_CASE][PASSED] - Test Cases/workLifeTest/ProfileCreationExperience: Test Cases/workLifeTest/ProfileCreationExperience

2019-12-04 02:04:32 - [TEST_STEP][PASSED] - Start listener action : beforeTestcase: null

2019-12-04 02:04:33 - [TEST_STEP][PASSED] - DesignationName = "abcd" + System.currentTimeMillis(): null

2019-12-04 02:04:33 - [TEST_STEP][PASSED] - openBrowser(AppUrl): Browser is opened with url: 'https://qa.thework.life'

2019-12-04 02:04:33 - [MESSAGE][INFO] - Starting 'Firefox' driver

2019-12-04 02:04:46 - [MESSAGE][PASSED] - Browser is opened with url: 'https://qa.thework.life'

2019-12-04 02:04:46 - [TEST_STEP][PASSED] - navigateToUrl(AppUrl): Navigate to 'https://qa.thework.life' successfully

2019-12-04 02:04:48 - [MESSAGE][PASSED] - Navigate to 'https://qa.thework.life' successfully

2019-12-04 02:04:48 - [TEST_STEP][PASSED] - setText(findTestObject("Page_theworklife/input_Forgot password_username"), "worklifetest10001@gmail.com"): Text 'worklifetest10001@gmail.com' is set on object 'Object Repository/Page_theworklife/input_Forgot password_username'

2019-12-04 02:04:49 - [MESSAGE][PASSED] - Text 'worklifetest10001@gmail.com' is set on object 'Object Repository/Page_theworklife/input_Forgot password_username'

2019-12-04 02:04:49 - [TEST_STEP][PASSED] - setEncryptedText(findTestObject("Page_theworklife/input_Forgot password_password"), "XU9cBalmEBp1UP+jEU2w4UUBUuNgBY4U"): Text ****** has been set on object 'Object Repository/Page_theworklife/input_Forgot password_password'

2019-12-04 02:04:49 - [MESSAGE][PASSED] - Text ****** has been set on object 'Object Repository/Page_theworklife/input_Forgot password_password'

2019-12-04 02:04:49 - [TEST_STEP][PASSED] - click(findTestObject("Page_theworklife/button_Sign in")): Object: 'Object Repository/Page_theworklife/button_Sign in' is clicked on

2019-12-04 02:04:56 - [MESSAGE][PASSED] - Object: 'Object Repository/Page_theworklife/button_Sign in' is clicked on

2019-12-04 02:04:56 - [TEST_STEP][PASSED] - navigateToUrl("https://qa.thework.life/Profile/EditProfile"): Navigate to 'https://qa.thework.life/Profile/EditProfile' successfully

2019-12-04 02:05:01 - [MESSAGE][PASSED] - Navigate to 'https://qa.thework.life/Profile/EditProfile' successfully

2019-12-04 02:05:01 - [TEST_STEP][PASSED] - click(findTestObject("Page_Edit Profile/a_Experience")): Object: 'Object Repository/Page_Edit Profile/a_Experience' is clicked on

2019-12-04 02:05:02 - [MESSAGE][PASSED] - Object: 'Object Repository/Page_Edit Profile/a_Experience' is clicked on

2019-12-04 02:05:02 - [TEST_STEP][PASSED] - waitForElementNotPresent(findTestObject("Experience/Page_Edit Profile/loader"), 10): Web element with id: 'Object Repository/Experience/Page_Edit Profile/loader' located by 'By.xpath: //div[@class="loader"]' is present after '10' second(s)

2019-12-04 02:05:13 - [MESSAGE][WARNING] - Web element with id: 'Object Repository/Experience/Page_Edit Profile/loader' located by 'By.xpath: //div[@class="loader"]' is present after '10' second(s)

2019-12-04 02:05:13 - [TEST_STEP][PASSED] - click(findTestObject("Object Repository/Page_Edit Profile/button_ Add Experience")): Object: 'Object Repository/Page_Edit Profile/button_ Add Experience' is clicked on

2019-12-04 02:05:13 - [MESSAGE][PASSED] - Object: 'Object Repository/Page_Edit Profile/button_ Add Experience' is clicked on

2019-12-04 02:05:13 - [TEST_STEP][PASSED] - setText(findTestObject("Object Repository/Page_Edit Profile/input_Designation_designation_name"), DesignationName): Text 'abcd1575405273295' is set on object 'Object Repository/Page_Edit Profile/input_Designation_designation_name'

2019-12-04 02:05:14 - [MESSAGE][PASSED] - Text 'abcd1575405273295' is set on object 'Object Repository/Page_Edit Profile/input_Designation_designation_name'

2019-12-04 02:05:14 - [TEST_STEP][PASSED] - setText(findTestObject("Object Repository/Page_Edit Profile/input_Company_company_name"), "abcd"): Text 'abcd' is set on object 'Object Repository/Page_Edit Profile/input_Company_company_name'

2019-12-04 02:05:16 - [MESSAGE][PASSED] - Text 'abcd' is set on object 'Object Repository/Page_Edit Profile/input_Company_company_name'

2019-12-04 02:05:16 - [TEST_STEP][PASSED] - setText(findTestObject("Object Repository/Page_Edit Profile/input_Location_location"), "abcd"): Text 'abcd' is set on object 'Object Repository/Page_Edit Profile/input_Location_location'

2019-12-04 02:05:17 - [MESSAGE][PASSED] - Text 'abcd' is set on object 'Object Repository/Page_Edit Profile/input_Location_location'

2019-12-04 02:05:17 - [TEST_STEP][PASSED] - setText(findTestObject("Object Repository/Page_Edit Profile/textarea_(Optional)_description"), "abcd"): Text 'abcd' is set on object 'Object Repository/Page_Edit Profile/textarea_(Optional)_description'

2019-12-04 02:05:18 - [MESSAGE][PASSED] - Text 'abcd' is set on object 'Object Repository/Page_Edit Profile/textarea_(Optional)_description'

2019-12-04 02:05:18 - [TEST_STEP][PASSED] - selectOptionByValue(findTestObject("Object Repository/Page_Edit Profile/select_Month"), "1", true): All options with value '1' are selected in object 'Object Repository/Page_Edit Profile/select_Month'  using regular expression

2019-12-04 02:05:19 - [MESSAGE][PASSED] - All options with value '1' are selected in object 'Object Repository/Page_Edit Profile/select_Month'  using regular expression

2019-12-04 02:05:19 - [TEST_STEP][PASSED] - selectOptionByValue(findTestObject("Object Repository/Page_Edit Profile/select_Year"), "2000", true): All options with value '2000' are selected in object 'Object Repository/Page_Edit Profile/select_Year'  using regular expression

2019-12-04 02:05:22 - [MESSAGE][PASSED] - All options with value '2000' are selected in object 'Object Repository/Page_Edit Profile/select_Year'  using regular expression

2019-12-04 02:05:22 - [TEST_STEP][PASSED] - click(findTestObject("Object Repository/Page_Edit Profile/i_I currently work here_cr-icon fa fa-check")): Object: 'Object Repository/Page_Edit Profile/i_I currently work here_cr-icon fa fa-check' is clicked on

2019-12-04 02:05:22 - [MESSAGE][PASSED] - Object: 'Object Repository/Page_Edit Profile/i_I currently work here_cr-icon fa fa-check' is clicked on

2019-12-04 02:05:22 - [TEST_STEP][PASSED] - click(findTestObject("Object Repository/Page_Edit Profile/span_Work-life balance_star5")): Object: 'Object Repository/Page_Edit Profile/span_Work-life balance_star5' is clicked on

2019-12-04 02:05:23 - [MESSAGE][PASSED] - Object: 'Object Repository/Page_Edit Profile/span_Work-life balance_star5' is clicked on

2019-12-04 02:05:23 - [TEST_STEP][PASSED] - click(findTestObject("Object Repository/Page_Edit Profile/span_Equal opportunities_star5")): Object: 'Object Repository/Page_Edit Profile/span_Equal opportunities_star5' is clicked on

2019-12-04 02:05:23 - [MESSAGE][PASSED] - Object: 'Object Repository/Page_Edit Profile/span_Equal opportunities_star5' is clicked on

2019-12-04 02:05:23 - [TEST_STEP][PASSED] - click(findTestObject("Object Repository/Page_Edit Profile/span_Transparency_star5")): Object: 'Object Repository/Page_Edit Profile/span_Transparency_star5' is clicked on

2019-12-04 02:05:24 - [MESSAGE][PASSED] - Object: 'Object Repository/Page_Edit Profile/span_Transparency_star5' is clicked on

2019-12-04 02:05:24 - [TEST_STEP][PASSED] - click(findTestObject("Object Repository/Page_Edit Profile/button_Save")): Object: 'Object Repository/Page_Edit Profile/button_Save' is clicked on

2019-12-04 02:05:25 - [MESSAGE][PASSED] - Object: 'Object Repository/Page_Edit Profile/button_Save' is clicked on

2019-12-04 02:05:25 - [TEST_STEP][PASSED] - verifyElementText(findTestObject("Page_Edit Profile/h1_abcd", ["text":DesignationName]), DesignationName): Actual text and expected text of test object 'Object Repository/Page_Edit Profile/h1_abcd' are matched.

2019-12-04 02:05:26 - [MESSAGE][PASSED] - Actual text and expected text of test object 'Object Repository/Page_Edit Profile/h1_abcd' are matched.

2019-12-04 02:05:26 - [TEST_STEP][PASSED] - closeBrowser(): Browser is closed

2019-12-04 02:05:28 - [MESSAGE][PASSED] - Browser is closed

2019-12-04 02:05:28 - [TEST_STEP][PASSED] - Start listener action : afterTestcase: Browser is closed

2019-12-04 02:05:28 - [TEST_STEP][PASSED] - closeBrowser(): Browser is closed

2019-12-04 02:05:28 - [MESSAGE][PASSED] - Browser is closed

2019-12-04 02:05:30 - [TEST_STEP][PASSED] - Video: Video recording for test case 'Test Cases/workLifeTest/ProfileCreationExperience' .

2019-12-04 02:05:30 - [MESSAGE][INFO] - Video recording for test case 'Test Cases/workLifeTest/ProfileCreationExperience' .
[[ATTACHMENT|C:\\Users\\Suraj Kumar\\git\\KatalonBDD\\Reports\\20191204_011934\\Regression\\20191204_011934/videos\\test_48.avi]]]]></system-out>
         <system-err><![CDATA[]]></system-err>
      </testcase>
      <testcase name="Test Cases/workLifeTest/ProfileCreationPersonalDetails" time="61.056" classname="Test Cases/workLifeTest/ProfileCreationPersonalDetails" status="PASSED">
         <system-out><![CDATA[2019-12-04 02:05:30 - [TEST_CASE][PASSED] - Test Cases/workLifeTest/ProfileCreationPersonalDetails: Test Cases/workLifeTest/ProfileCreationPersonalDetails

2019-12-04 02:05:30 - [TEST_STEP][PASSED] - Start listener action : beforeTestcase: null

2019-12-04 02:05:31 - [TEST_STEP][PASSED] - openBrowser(AppUrl): Browser is opened with url: 'https://qa.thework.life'

2019-12-04 02:05:31 - [MESSAGE][INFO] - Starting 'Firefox' driver

2019-12-04 02:05:45 - [MESSAGE][PASSED] - Browser is opened with url: 'https://qa.thework.life'

2019-12-04 02:05:45 - [TEST_STEP][PASSED] - navigateToUrl(AppUrl): Navigate to 'https://qa.thework.life' successfully

2019-12-04 02:05:48 - [MESSAGE][PASSED] - Navigate to 'https://qa.thework.life' successfully

2019-12-04 02:05:48 - [TEST_STEP][PASSED] - setText(findTestObject("Page_theworklife/input_Forgot password_username"), "worklifetest10001@gmail.com"): Text 'worklifetest10001@gmail.com' is set on object 'Object Repository/Page_theworklife/input_Forgot password_username'

2019-12-04 02:05:48 - [MESSAGE][PASSED] - Text 'worklifetest10001@gmail.com' is set on object 'Object Repository/Page_theworklife/input_Forgot password_username'

2019-12-04 02:05:48 - [TEST_STEP][PASSED] - setEncryptedText(findTestObject("Page_theworklife/input_Forgot password_password"), "XU9cBalmEBp1UP+jEU2w4UUBUuNgBY4U"): Text ****** has been set on object 'Object Repository/Page_theworklife/input_Forgot password_password'

2019-12-04 02:05:49 - [MESSAGE][PASSED] - Text ****** has been set on object 'Object Repository/Page_theworklife/input_Forgot password_password'

2019-12-04 02:05:49 - [TEST_STEP][PASSED] - click(findTestObject("Page_theworklife/button_Sign in")): Object: 'Object Repository/Page_theworklife/button_Sign in' is clicked on

2019-12-04 02:05:59 - [MESSAGE][PASSED] - Object: 'Object Repository/Page_theworklife/button_Sign in' is clicked on

2019-12-04 02:05:59 - [TEST_STEP][PASSED] - click(findTestObject("Page_Edit Profile/a_profile")): Object: 'Object Repository/Page_Edit Profile/a_profile' is clicked on

2019-12-04 02:06:00 - [MESSAGE][PASSED] - Object: 'Object Repository/Page_Edit Profile/a_profile' is clicked on

2019-12-04 02:06:00 - [TEST_STEP][PASSED] - click(findTestObject("Page_Home/a_Edit Profile")): Object: 'Object Repository/Page_Home/a_Edit Profile' is clicked on

2019-12-04 02:06:07 - [MESSAGE][PASSED] - Object: 'Object Repository/Page_Home/a_Edit Profile' is clicked on

2019-12-04 02:06:07 - [TEST_STEP][PASSED] - setText(findTestObject("Page_Edit Profile/input_Name_name"), "Suraj" + System.currentTimeMillis() + "makhija"): Text 'Suraj1575405367376makhija' is set on object 'Object Repository/Page_Edit Profile/input_Name_name'

2019-12-04 02:06:07 - [MESSAGE][PASSED] - Text 'Suraj1575405367376makhija' is set on object 'Object Repository/Page_Edit Profile/input_Name_name'

2019-12-04 02:06:07 - [TEST_STEP][PASSED] - click(findTestObject("profileObject/Page_Edit Profile/button_Save")): Object: 'Object Repository/profileObject/Page_Edit Profile/button_Save' is clicked on

2019-12-04 02:06:08 - [MESSAGE][PASSED] - Object: 'Object Repository/profileObject/Page_Edit Profile/button_Save' is clicked on

2019-12-04 02:06:08 - [TEST_STEP][PASSED] - delay(5): Delayed 5 second(s)

2019-12-04 02:06:13 - [MESSAGE][PASSED] - Delayed 5 second(s)

2019-12-04 02:06:13 - [TEST_STEP][PASSED] - waitForElementVisible(findTestObject("profileObject/Page_Edit Profile/a_OK"), 5): Object 'Object Repository/profileObject/Page_Edit Profile/a_OK' is visible

2019-12-04 02:06:13 - [MESSAGE][PASSED] - Object 'Object Repository/profileObject/Page_Edit Profile/a_OK' is visible

2019-12-04 02:06:13 - [TEST_STEP][PASSED] - click(findTestObject("Object Repository/Page_Edit Profile/a_OK")): Object: 'Object Repository/Page_Edit Profile/a_OK' is clicked on

2019-12-04 02:06:14 - [MESSAGE][PASSED] - Object: 'Object Repository/Page_Edit Profile/a_OK' is clicked on

2019-12-04 02:06:14 - [TEST_STEP][PASSED] - waitForElementVisible(findTestObject("Page_Home/a_profile"), 5): Web element with id: 'Object Repository/Page_Home/a_profile' located by 'By.xpath: ' not found

2019-12-04 02:06:21 - [MESSAGE][INFO] - Unable to find the element located by 'By.xpath: '. Please recheck the objects properties to make sure the desired element is located. 

2019-12-04 02:06:21 - [MESSAGE][WARNING] - Web element with id: 'Object Repository/Page_Home/a_profile' located by 'By.xpath: ' not found

2019-12-04 02:06:21 - [TEST_STEP][PASSED] - click(findTestObject("Object Repository/Page_Edit Profile/a_profile")): Object: 'Object Repository/Page_Edit Profile/a_profile' is clicked on

2019-12-04 02:06:22 - [MESSAGE][PASSED] - Object: 'Object Repository/Page_Edit Profile/a_profile' is clicked on

2019-12-04 02:06:22 - [TEST_STEP][PASSED] - click(findTestObject("Object Repository/Page_Edit Profile/a_My Profile")): Object: 'Object Repository/Page_Edit Profile/a_My Profile' is clicked on

2019-12-04 02:06:27 - [MESSAGE][PASSED] - Object: 'Object Repository/Page_Edit Profile/a_My Profile' is clicked on

2019-12-04 02:06:27 - [TEST_STEP][PASSED] - verifyElementPresent(findTestObject("Page_My Profile/h1_Suraj1569757068652makhija"), 0): Object 'Object Repository/Page_My Profile/h1_Suraj1569757068652makhija' is present

2019-12-04 02:06:27 - [MESSAGE][WARNING] - Timeout '0' is invalid. Using default page load timeout: '30'

2019-12-04 02:06:27 - [MESSAGE][PASSED] - Object 'Object Repository/Page_My Profile/h1_Suraj1569757068652makhija' is present

2019-12-04 02:06:27 - [TEST_STEP][PASSED] - closeBrowser(): Browser is closed

2019-12-04 02:06:29 - [MESSAGE][PASSED] - Browser is closed

2019-12-04 02:06:29 - [TEST_STEP][PASSED] - Start listener action : afterTestcase: Browser is closed

2019-12-04 02:06:29 - [TEST_STEP][PASSED] - closeBrowser(): Browser is closed

2019-12-04 02:06:29 - [MESSAGE][PASSED] - Browser is closed

2019-12-04 02:06:31 - [TEST_STEP][PASSED] - Video: Video recording for test case 'Test Cases/workLifeTest/ProfileCreationPersonalDetails' .

2019-12-04 02:06:31 - [MESSAGE][INFO] - Video recording for test case 'Test Cases/workLifeTest/ProfileCreationPersonalDetails' .
[[ATTACHMENT|C:\\Users\\Suraj Kumar\\git\\KatalonBDD\\Reports\\20191204_011934\\Regression\\20191204_011934/videos\\test_49.avi]]]]></system-out>
         <system-err><![CDATA[]]></system-err>
      </testcase>
      <testcase name="Test Cases/workLifeTest/ProfileDeletionLinkedInUser" time="69.861" classname="Test Cases/workLifeTest/ProfileDeletionLinkedInUser" status="FAILED">
         <failure type="FAILED" message="Test Cases/workLifeTest/ProfileDeletionLinkedInUser FAILED.
Reason:
com.kms.katalon.core.exception.StepFailedException: Unable to click on object 'Object Repository/DeletionObject/Page_Home/i_Settings_fa fa-gear'
	at com.kms.katalon.core.webui.keyword.internal.WebUIKeywordMain.stepFailed(WebUIKeywordMain.groovy:64)
	at com.kms.katalon.core.webui.keyword.internal.WebUIKeywordMain.runKeyword(WebUIKeywordMain.groovy:26)
	at com.kms.katalon.core.webui.keyword.builtin.ClickKeyword.click(ClickKeyword.groovy:103)
	at com.kms.katalon.core.webui.keyword.builtin.ClickKeyword.execute(ClickKeyword.groovy:43)
	at com.kms.katalon.core.keyword.internal.KeywordExecutor.executeKeywordForPlatform(KeywordExecutor.groovy:60)
	at com.kms.katalon.core.webui.keyword.WebUiBuiltInKeywords.click(WebUiBuiltInKeywords.groovy:616)
	at com.kms.katalon.core.webui.keyword.WebUiBuiltInKeywords$click$3.call(Unknown Source)
	at ProfileDeletionLinkedInUser.run(ProfileDeletionLinkedInUser:28)
	at com.kms.katalon.core.main.ScriptEngine.run(ScriptEngine.java:194)
	at com.kms.katalon.core.main.ScriptEngine.runScriptAsRawText(ScriptEngine.java:119)
	at com.kms.katalon.core.main.TestCaseExecutor.runScript(TestCaseExecutor.java:337)
	at com.kms.katalon.core.main.TestCaseExecutor.doExecute(TestCaseExecutor.java:328)
	at com.kms.katalon.core.main.TestCaseExecutor.processExecutionPhase(TestCaseExecutor.java:307)
	at com.kms.katalon.core.main.TestCaseExecutor.accessMainPhase(TestCaseExecutor.java:299)
	at com.kms.katalon.core.main.TestCaseExecutor.execute(TestCaseExecutor.java:233)
	at com.kms.katalon.core.main.TestSuiteExecutor.accessTestCaseMainPhase(TestSuiteExecutor.java:169)
	at com.kms.katalon.core.main.TestSuiteExecutor.accessTestSuiteMainPhase(TestSuiteExecutor.java:142)
	at com.kms.katalon.core.main.TestSuiteExecutor.execute(TestSuiteExecutor.java:91)
	at com.kms.katalon.core.main.TestCaseMain.startTestSuite(TestCaseMain.java:157)
	at com.kms.katalon.core.main.TestCaseMain$startTestSuite$0.call(Unknown Source)
	at TempTestSuite1575402574161.run(TempTestSuite1575402574161.groovy:36)
Caused by: com.kms.katalon.core.webui.exception.WebElementNotFoundException: Web element with id: 'Object Repository/DeletionObject/Page_Home/i_Settings_fa fa-gear' located by 'By.xpath: /html[@class=&quot;fa-events-icons-ready&quot;]/body[1]/header[@class=&quot;main-header nav-down&quot;]/div[@class=&quot;topbar&quot;]/div[@class=&quot;container-fluid&quot;]/div[@class=&quot;row&quot;]/div[@class=&quot;col-xs-6 col-sm-3 col-sm-push-6&quot;]/div[@class=&quot;notif&quot;]/div[@class=&quot;pull-right dropdown&quot;]/button[@class=&quot;btn dropdown-toggle setting&quot;]/i[@class=&quot;fa fa-gear&quot;]' not found
	at com.kms.katalon.core.webui.common.WebUiCommonHelper.findWebElement(WebUiCommonHelper.java:1113)
	at com.kms.katalon.core.webui.keyword.internal.WebUIAbstractKeyword.findWebElement(WebUIAbstractKeyword.groovy:27)
	at com.kms.katalon.core.webui.keyword.internal.WebUIAbstractKeyword.findWebElement(WebUIAbstractKeyword.groovy:26)
	at com.kms.katalon.core.webui.keyword.builtin.ClickKeyword$_click_closure1.doCall(ClickKeyword.groovy:68)
	at com.kms.katalon.core.webui.keyword.builtin.ClickKeyword$_click_closure1.call(ClickKeyword.groovy)
	at com.kms.katalon.core.webui.keyword.internal.WebUIKeywordMain.runKeyword(WebUIKeywordMain.groovy:20)
	... 19 more
"/>
         <system-out><![CDATA[2019-12-04 02:06:31 - [TEST_CASE][FAILED] - Test Cases/workLifeTest/ProfileDeletionLinkedInUser: Test Cases/workLifeTest/ProfileDeletionLinkedInUser FAILED.
Reason:
com.kms.katalon.core.exception.StepFailedException: Unable to click on object 'Object Repository/DeletionObject/Page_Home/i_Settings_fa fa-gear'
	at com.kms.katalon.core.webui.keyword.internal.WebUIKeywordMain.stepFailed(WebUIKeywordMain.groovy:64)
	at com.kms.katalon.core.webui.keyword.internal.WebUIKeywordMain.runKeyword(WebUIKeywordMain.groovy:26)
	at com.kms.katalon.core.webui.keyword.builtin.ClickKeyword.click(ClickKeyword.groovy:103)
	at com.kms.katalon.core.webui.keyword.builtin.ClickKeyword.execute(ClickKeyword.groovy:43)
	at com.kms.katalon.core.keyword.internal.KeywordExecutor.executeKeywordForPlatform(KeywordExecutor.groovy:60)
	at com.kms.katalon.core.webui.keyword.WebUiBuiltInKeywords.click(WebUiBuiltInKeywords.groovy:616)
	at com.kms.katalon.core.webui.keyword.WebUiBuiltInKeywords$click$3.call(Unknown Source)
	at ProfileDeletionLinkedInUser.run(ProfileDeletionLinkedInUser:28)
	at com.kms.katalon.core.main.ScriptEngine.run(ScriptEngine.java:194)
	at com.kms.katalon.core.main.ScriptEngine.runScriptAsRawText(ScriptEngine.java:119)
	at com.kms.katalon.core.main.TestCaseExecutor.runScript(TestCaseExecutor.java:337)
	at com.kms.katalon.core.main.TestCaseExecutor.doExecute(TestCaseExecutor.java:328)
	at com.kms.katalon.core.main.TestCaseExecutor.processExecutionPhase(TestCaseExecutor.java:307)
	at com.kms.katalon.core.main.TestCaseExecutor.accessMainPhase(TestCaseExecutor.java:299)
	at com.kms.katalon.core.main.TestCaseExecutor.execute(TestCaseExecutor.java:233)
	at com.kms.katalon.core.main.TestSuiteExecutor.accessTestCaseMainPhase(TestSuiteExecutor.java:169)
	at com.kms.katalon.core.main.TestSuiteExecutor.accessTestSuiteMainPhase(TestSuiteExecutor.java:142)
	at com.kms.katalon.core.main.TestSuiteExecutor.execute(TestSuiteExecutor.java:91)
	at com.kms.katalon.core.main.TestCaseMain.startTestSuite(TestCaseMain.java:157)
	at com.kms.katalon.core.main.TestCaseMain$startTestSuite$0.call(Unknown Source)
	at TempTestSuite1575402574161.run(TempTestSuite1575402574161.groovy:36)
Caused by: com.kms.katalon.core.webui.exception.WebElementNotFoundException: Web element with id: 'Object Repository/DeletionObject/Page_Home/i_Settings_fa fa-gear' located by 'By.xpath: /html[@class="fa-events-icons-ready"]/body[1]/header[@class="main-header nav-down"]/div[@class="topbar"]/div[@class="container-fluid"]/div[@class="row"]/div[@class="col-xs-6 col-sm-3 col-sm-push-6"]/div[@class="notif"]/div[@class="pull-right dropdown"]/button[@class="btn dropdown-toggle setting"]/i[@class="fa fa-gear"]' not found
	at com.kms.katalon.core.webui.common.WebUiCommonHelper.findWebElement(WebUiCommonHelper.java:1113)
	at com.kms.katalon.core.webui.keyword.internal.WebUIAbstractKeyword.findWebElement(WebUIAbstractKeyword.groovy:27)
	at com.kms.katalon.core.webui.keyword.internal.WebUIAbstractKeyword.findWebElement(WebUIAbstractKeyword.groovy:26)
	at com.kms.katalon.core.webui.keyword.builtin.ClickKeyword$_click_closure1.doCall(ClickKeyword.groovy:68)
	at com.kms.katalon.core.webui.keyword.builtin.ClickKeyword$_click_closure1.call(ClickKeyword.groovy)
	at com.kms.katalon.core.webui.keyword.internal.WebUIKeywordMain.runKeyword(WebUIKeywordMain.groovy:20)
	... 19 more


2019-12-04 02:06:31 - [TEST_STEP][PASSED] - Start listener action : beforeTestcase: null

2019-12-04 02:06:32 - [TEST_STEP][PASSED] - openBrowser(AppUrl): Browser is opened with url: 'https://qa.thework.life'

2019-12-04 02:06:32 - [MESSAGE][INFO] - Starting 'Firefox' driver

2019-12-04 02:06:45 - [MESSAGE][PASSED] - Browser is opened with url: 'https://qa.thework.life'

2019-12-04 02:06:45 - [TEST_STEP][PASSED] - navigateToUrl(AppUrl): Navigate to 'https://qa.thework.life' successfully

2019-12-04 02:06:48 - [MESSAGE][PASSED] - Navigate to 'https://qa.thework.life' successfully

2019-12-04 02:06:48 - [TEST_STEP][PASSED] - setText(findTestObject("Object Repository/DeletionObject/Page_theworklife - Find Great People To Work With/input_Forgot password_username"), "testing@appliedaiconsulting.com"): Text 'testing@appliedaiconsulting.com' is set on object 'Object Repository/DeletionObject/Page_theworklife - Find Great People To Work With/input_Forgot password_username'

2019-12-04 02:06:48 - [MESSAGE][PASSED] - Text 'testing@appliedaiconsulting.com' is set on object 'Object Repository/DeletionObject/Page_theworklife - Find Great People To Work With/input_Forgot password_username'

2019-12-04 02:06:48 - [TEST_STEP][PASSED] - setEncryptedText(findTestObject("Object Repository/DeletionObject/Page_theworklife - Find Great People To Work With/input_Forgot password_password"), "YpWQ2DI2eLzqZleLDbTOWw=="): Text ****** has been set on object 'Object Repository/DeletionObject/Page_theworklife - Find Great People To Work With/input_Forgot password_password'

2019-12-04 02:06:49 - [MESSAGE][PASSED] - Text ****** has been set on object 'Object Repository/DeletionObject/Page_theworklife - Find Great People To Work With/input_Forgot password_password'

2019-12-04 02:06:49 - [TEST_STEP][PASSED] - click(findTestObject("Experience/Page_theworklife - Find Great People To Work With/button_Sign in")): Object: 'Object Repository/Experience/Page_theworklife - Find Great People To Work With/button_Sign in' is clicked on

2019-12-04 02:06:53 - [MESSAGE][PASSED] - Object: 'Object Repository/Experience/Page_theworklife - Find Great People To Work With/button_Sign in' is clicked on

2019-12-04 02:06:53 - [TEST_STEP][FAILED] - click(findTestObject("Object Repository/DeletionObject/Page_Home/i_Settings_fa fa-gear")): Unable to click on object 'Object Repository/DeletionObject/Page_Home/i_Settings_fa fa-gear' (Root cause: com.kms.katalon.core.exception.StepFailedException: Unable to click on object 'Object Repository/DeletionObject/Page_Home/i_Settings_fa fa-gear'
	at com.kms.katalon.core.webui.keyword.internal.WebUIKeywordMain.stepFailed(WebUIKeywordMain.groovy:64)
	at com.kms.katalon.core.webui.keyword.internal.WebUIKeywordMain.runKeyword(WebUIKeywordMain.groovy:26)
	at com.kms.katalon.core.webui.keyword.builtin.ClickKeyword.click(ClickKeyword.groovy:103)
	at com.kms.katalon.core.webui.keyword.builtin.ClickKeyword.execute(ClickKeyword.groovy:43)
	at com.kms.katalon.core.keyword.internal.KeywordExecutor.executeKeywordForPlatform(KeywordExecutor.groovy:60)
	at com.kms.katalon.core.webui.keyword.WebUiBuiltInKeywords.click(WebUiBuiltInKeywords.groovy:616)
	at com.kms.katalon.core.webui.keyword.WebUiBuiltInKeywords$click$3.call(Unknown Source)
	at ProfileDeletionLinkedInUser.run(ProfileDeletionLinkedInUser:28)
	at com.kms.katalon.core.main.ScriptEngine.run(ScriptEngine.java:194)
	at com.kms.katalon.core.main.ScriptEngine.runScriptAsRawText(ScriptEngine.java:119)
	at com.kms.katalon.core.main.TestCaseExecutor.runScript(TestCaseExecutor.java:337)
	at com.kms.katalon.core.main.TestCaseExecutor.doExecute(TestCaseExecutor.java:328)
	at com.kms.katalon.core.main.TestCaseExecutor.processExecutionPhase(TestCaseExecutor.java:307)
	at com.kms.katalon.core.main.TestCaseExecutor.accessMainPhase(TestCaseExecutor.java:299)
	at com.kms.katalon.core.main.TestCaseExecutor.execute(TestCaseExecutor.java:233)
	at com.kms.katalon.core.main.TestSuiteExecutor.accessTestCaseMainPhase(TestSuiteExecutor.java:169)
	at com.kms.katalon.core.main.TestSuiteExecutor.accessTestSuiteMainPhase(TestSuiteExecutor.java:142)
	at com.kms.katalon.core.main.TestSuiteExecutor.execute(TestSuiteExecutor.java:91)
	at com.kms.katalon.core.main.TestCaseMain.startTestSuite(TestCaseMain.java:157)
	at com.kms.katalon.core.main.TestCaseMain$startTestSuite$0.call(Unknown Source)
	at TempTestSuite1575402574161.run(TempTestSuite1575402574161.groovy:36)
Caused by: com.kms.katalon.core.webui.exception.WebElementNotFoundException: Web element with id: 'Object Repository/DeletionObject/Page_Home/i_Settings_fa fa-gear' located by 'By.xpath: /html[@class="fa-events-icons-ready"]/body[1]/header[@class="main-header nav-down"]/div[@class="topbar"]/div[@class="container-fluid"]/div[@class="row"]/div[@class="col-xs-6 col-sm-3 col-sm-push-6"]/div[@class="notif"]/div[@class="pull-right dropdown"]/button[@class="btn dropdown-toggle setting"]/i[@class="fa fa-gear"]' not found
	at com.kms.katalon.core.webui.common.WebUiCommonHelper.findWebElement(WebUiCommonHelper.java:1113)
	at com.kms.katalon.core.webui.keyword.internal.WebUIAbstractKeyword.findWebElement(WebUIAbstractKeyword.groovy:27)
	at com.kms.katalon.core.webui.keyword.internal.WebUIAbstractKeyword.findWebElement(WebUIAbstractKeyword.groovy:26)
	at com.kms.katalon.core.webui.keyword.builtin.ClickKeyword$_click_closure1.doCall(ClickKeyword.groovy:68)
	at com.kms.katalon.core.webui.keyword.builtin.ClickKeyword$_click_closure1.call(ClickKeyword.groovy)
	at com.kms.katalon.core.webui.keyword.internal.WebUIKeywordMain.runKeyword(WebUIKeywordMain.groovy:20)
	at com.kms.katalon.core.webui.keyword.builtin.ClickKeyword.click(ClickKeyword.groovy:103)
	at com.kms.katalon.core.webui.keyword.builtin.ClickKeyword.execute(ClickKeyword.groovy:43)
	at com.kms.katalon.core.keyword.internal.KeywordExecutor.executeKeywordForPlatform(KeywordExecutor.groovy:60)
	at com.kms.katalon.core.webui.keyword.WebUiBuiltInKeywords.click(WebUiBuiltInKeywords.groovy:616)
	at com.kms.katalon.core.webui.keyword.WebUiBuiltInKeywords$click$3.call(Unknown Source)
	at Script1570729293641.run(Script1570729293641.groovy:28)
	... 13 more
)

2019-12-04 02:07:36 - [MESSAGE][INFO] - Unable to find the element located by 'By.xpath: /html[@class="fa-events-icons-ready"]/body[1]/header[@class="main-header nav-down"]/div[@class="topbar"]/div[@class="container-fluid"]/div[@class="row"]/div[@class="col-xs-6 col-sm-3 col-sm-push-6"]/div[@class="notif"]/div[@class="pull-right dropdown"]/button[@class="btn dropdown-toggle setting"]/i[@class="fa fa-gear"]'. Please recheck the objects properties to make sure the desired element is located. 

2019-12-04 02:07:37 - [MESSAGE][FAILED] - Unable to click on object 'Object Repository/DeletionObject/Page_Home/i_Settings_fa fa-gear' (Root cause: com.kms.katalon.core.exception.StepFailedException: Unable to click on object 'Object Repository/DeletionObject/Page_Home/i_Settings_fa fa-gear'
	at com.kms.katalon.core.webui.keyword.internal.WebUIKeywordMain.stepFailed(WebUIKeywordMain.groovy:64)
	at com.kms.katalon.core.webui.keyword.internal.WebUIKeywordMain.runKeyword(WebUIKeywordMain.groovy:26)
	at com.kms.katalon.core.webui.keyword.builtin.ClickKeyword.click(ClickKeyword.groovy:103)
	at com.kms.katalon.core.webui.keyword.builtin.ClickKeyword.execute(ClickKeyword.groovy:43)
	at com.kms.katalon.core.keyword.internal.KeywordExecutor.executeKeywordForPlatform(KeywordExecutor.groovy:60)
	at com.kms.katalon.core.webui.keyword.WebUiBuiltInKeywords.click(WebUiBuiltInKeywords.groovy:616)
	at com.kms.katalon.core.webui.keyword.WebUiBuiltInKeywords$click$3.call(Unknown Source)
	at ProfileDeletionLinkedInUser.run(ProfileDeletionLinkedInUser:28)
	at com.kms.katalon.core.main.ScriptEngine.run(ScriptEngine.java:194)
	at com.kms.katalon.core.main.ScriptEngine.runScriptAsRawText(ScriptEngine.java:119)
	at com.kms.katalon.core.main.TestCaseExecutor.runScript(TestCaseExecutor.java:337)
	at com.kms.katalon.core.main.TestCaseExecutor.doExecute(TestCaseExecutor.java:328)
	at com.kms.katalon.core.main.TestCaseExecutor.processExecutionPhase(TestCaseExecutor.java:307)
	at com.kms.katalon.core.main.TestCaseExecutor.accessMainPhase(TestCaseExecutor.java:299)
	at com.kms.katalon.core.main.TestCaseExecutor.execute(TestCaseExecutor.java:233)
	at com.kms.katalon.core.main.TestSuiteExecutor.accessTestCaseMainPhase(TestSuiteExecutor.java:169)
	at com.kms.katalon.core.main.TestSuiteExecutor.accessTestSuiteMainPhase(TestSuiteExecutor.java:142)
	at com.kms.katalon.core.main.TestSuiteExecutor.execute(TestSuiteExecutor.java:91)
	at com.kms.katalon.core.main.TestCaseMain.startTestSuite(TestCaseMain.java:157)
	at com.kms.katalon.core.main.TestCaseMain$startTestSuite$0.call(Unknown Source)
	at TempTestSuite1575402574161.run(TempTestSuite1575402574161.groovy:36)
Caused by: com.kms.katalon.core.webui.exception.WebElementNotFoundException: Web element with id: 'Object Repository/DeletionObject/Page_Home/i_Settings_fa fa-gear' located by 'By.xpath: /html[@class="fa-events-icons-ready"]/body[1]/header[@class="main-header nav-down"]/div[@class="topbar"]/div[@class="container-fluid"]/div[@class="row"]/div[@class="col-xs-6 col-sm-3 col-sm-push-6"]/div[@class="notif"]/div[@class="pull-right dropdown"]/button[@class="btn dropdown-toggle setting"]/i[@class="fa fa-gear"]' not found
	at com.kms.katalon.core.webui.common.WebUiCommonHelper.findWebElement(WebUiCommonHelper.java:1113)
	at com.kms.katalon.core.webui.keyword.internal.WebUIAbstractKeyword.findWebElement(WebUIAbstractKeyword.groovy:27)
	at com.kms.katalon.core.webui.keyword.internal.WebUIAbstractKeyword.findWebElement(WebUIAbstractKeyword.groovy:26)
	at com.kms.katalon.core.webui.keyword.builtin.ClickKeyword$_click_closure1.doCall(ClickKeyword.groovy:68)
	at com.kms.katalon.core.webui.keyword.builtin.ClickKeyword$_click_closure1.call(ClickKeyword.groovy)
	at com.kms.katalon.core.webui.keyword.internal.WebUIKeywordMain.runKeyword(WebUIKeywordMain.groovy:20)
	at com.kms.katalon.core.webui.keyword.builtin.ClickKeyword.click(ClickKeyword.groovy:103)
	at com.kms.katalon.core.webui.keyword.builtin.ClickKeyword.execute(ClickKeyword.groovy:43)
	at com.kms.katalon.core.keyword.internal.KeywordExecutor.executeKeywordForPlatform(KeywordExecutor.groovy:60)
	at com.kms.katalon.core.webui.keyword.WebUiBuiltInKeywords.click(WebUiBuiltInKeywords.groovy:616)
	at com.kms.katalon.core.webui.keyword.WebUiBuiltInKeywords$click$3.call(Unknown Source)
	at Script1570729293641.run(Script1570729293641.groovy:28)
	... 13 more
)
[[ATTACHMENT|C:\\Users\\Suraj Kumar\\git\\KatalonBDD\\Reports\\20191204_011934\\Regression\\20191204_011934\\1575405456917.png]]

2019-12-04 02:07:37 - [TEST_STEP][PASSED] - Start listener action : afterTestcase: Browser is closed

2019-12-04 02:07:37 - [TEST_STEP][PASSED] - closeBrowser(): Browser is closed

2019-12-04 02:07:39 - [MESSAGE][PASSED] - Browser is closed

2019-12-04 02:07:41 - [TEST_STEP][PASSED] - Video: Video recording for test case 'Test Cases/workLifeTest/ProfileDeletionLinkedInUser' .

2019-12-04 02:07:41 - [MESSAGE][INFO] - Video recording for test case 'Test Cases/workLifeTest/ProfileDeletionLinkedInUser' .
[[ATTACHMENT|C:\\Users\\Suraj Kumar\\git\\KatalonBDD\\Reports\\20191204_011934\\Regression\\20191204_011934/videos\\test_50.avi]]]]></system-out>
         <system-err><![CDATA[2019-12-04 02:06:31 - [TEST_CASE][FAILED] - Test Cases/workLifeTest/ProfileDeletionLinkedInUser: Test Cases/workLifeTest/ProfileDeletionLinkedInUser FAILED.
Reason:
com.kms.katalon.core.exception.StepFailedException: Unable to click on object 'Object Repository/DeletionObject/Page_Home/i_Settings_fa fa-gear'
	at com.kms.katalon.core.webui.keyword.internal.WebUIKeywordMain.stepFailed(WebUIKeywordMain.groovy:64)
	at com.kms.katalon.core.webui.keyword.internal.WebUIKeywordMain.runKeyword(WebUIKeywordMain.groovy:26)
	at com.kms.katalon.core.webui.keyword.builtin.ClickKeyword.click(ClickKeyword.groovy:103)
	at com.kms.katalon.core.webui.keyword.builtin.ClickKeyword.execute(ClickKeyword.groovy:43)
	at com.kms.katalon.core.keyword.internal.KeywordExecutor.executeKeywordForPlatform(KeywordExecutor.groovy:60)
	at com.kms.katalon.core.webui.keyword.WebUiBuiltInKeywords.click(WebUiBuiltInKeywords.groovy:616)
	at com.kms.katalon.core.webui.keyword.WebUiBuiltInKeywords$click$3.call(Unknown Source)
	at ProfileDeletionLinkedInUser.run(ProfileDeletionLinkedInUser:28)
	at com.kms.katalon.core.main.ScriptEngine.run(ScriptEngine.java:194)
	at com.kms.katalon.core.main.ScriptEngine.runScriptAsRawText(ScriptEngine.java:119)
	at com.kms.katalon.core.main.TestCaseExecutor.runScript(TestCaseExecutor.java:337)
	at com.kms.katalon.core.main.TestCaseExecutor.doExecute(TestCaseExecutor.java:328)
	at com.kms.katalon.core.main.TestCaseExecutor.processExecutionPhase(TestCaseExecutor.java:307)
	at com.kms.katalon.core.main.TestCaseExecutor.accessMainPhase(TestCaseExecutor.java:299)
	at com.kms.katalon.core.main.TestCaseExecutor.execute(TestCaseExecutor.java:233)
	at com.kms.katalon.core.main.TestSuiteExecutor.accessTestCaseMainPhase(TestSuiteExecutor.java:169)
	at com.kms.katalon.core.main.TestSuiteExecutor.accessTestSuiteMainPhase(TestSuiteExecutor.java:142)
	at com.kms.katalon.core.main.TestSuiteExecutor.execute(TestSuiteExecutor.java:91)
	at com.kms.katalon.core.main.TestCaseMain.startTestSuite(TestCaseMain.java:157)
	at com.kms.katalon.core.main.TestCaseMain$startTestSuite$0.call(Unknown Source)
	at TempTestSuite1575402574161.run(TempTestSuite1575402574161.groovy:36)
Caused by: com.kms.katalon.core.webui.exception.WebElementNotFoundException: Web element with id: 'Object Repository/DeletionObject/Page_Home/i_Settings_fa fa-gear' located by 'By.xpath: /html[@class="fa-events-icons-ready"]/body[1]/header[@class="main-header nav-down"]/div[@class="topbar"]/div[@class="container-fluid"]/div[@class="row"]/div[@class="col-xs-6 col-sm-3 col-sm-push-6"]/div[@class="notif"]/div[@class="pull-right dropdown"]/button[@class="btn dropdown-toggle setting"]/i[@class="fa fa-gear"]' not found
	at com.kms.katalon.core.webui.common.WebUiCommonHelper.findWebElement(WebUiCommonHelper.java:1113)
	at com.kms.katalon.core.webui.keyword.internal.WebUIAbstractKeyword.findWebElement(WebUIAbstractKeyword.groovy:27)
	at com.kms.katalon.core.webui.keyword.internal.WebUIAbstractKeyword.findWebElement(WebUIAbstractKeyword.groovy:26)
	at com.kms.katalon.core.webui.keyword.builtin.ClickKeyword$_click_closure1.doCall(ClickKeyword.groovy:68)
	at com.kms.katalon.core.webui.keyword.builtin.ClickKeyword$_click_closure1.call(ClickKeyword.groovy)
	at com.kms.katalon.core.webui.keyword.internal.WebUIKeywordMain.runKeyword(WebUIKeywordMain.groovy:20)
	... 19 more]]></system-err>
      </testcase>
      <testcase name="Test Cases/workLifeTest/RateUnverifiedUserByVerified" time="49.904" classname="Test Cases/workLifeTest/RateUnverifiedUserByVerified" status="PASSED">
         <system-out><![CDATA[2019-12-04 02:07:41 - [TEST_CASE][PASSED] - Test Cases/workLifeTest/RateUnverifiedUserByVerified: Test Cases/workLifeTest/RateUnverifiedUserByVerified

2019-12-04 02:07:41 - [TEST_STEP][PASSED] - Start listener action : beforeTestcase: null

2019-12-04 02:07:42 - [TEST_STEP][PASSED] - openBrowser(AppUrl): Browser is opened with url: 'https://qa.thework.life'

2019-12-04 02:07:42 - [MESSAGE][INFO] - Starting 'Firefox' driver

2019-12-04 02:07:55 - [MESSAGE][PASSED] - Browser is opened with url: 'https://qa.thework.life'

2019-12-04 02:07:55 - [TEST_STEP][PASSED] - navigateToUrl(AppUrl): Navigate to 'https://qa.thework.life' successfully

2019-12-04 02:07:58 - [MESSAGE][PASSED] - Navigate to 'https://qa.thework.life' successfully

2019-12-04 02:07:58 - [TEST_STEP][PASSED] - setText(findTestObject("Object Repository/VerifiedUserRatingUnverified/Page_theworklife - Find Great People To Work With/input_Forgot password_username"), "vijayvstest01@gmail.com"): Text 'vijayvstest01@gmail.com' is set on object 'Object Repository/VerifiedUserRatingUnverified/Page_theworklife - Find Great People To Work With/input_Forgot password_username'

2019-12-04 02:07:58 - [MESSAGE][PASSED] - Text 'vijayvstest01@gmail.com' is set on object 'Object Repository/VerifiedUserRatingUnverified/Page_theworklife - Find Great People To Work With/input_Forgot password_username'

2019-12-04 02:07:58 - [TEST_STEP][PASSED] - setEncryptedText(findTestObject("Object Repository/VerifiedUserRatingUnverified/Page_theworklife - Find Great People To Work With/input_Forgot password_password"), "cvW8qx4B2o3F4VwP/kNsqA=="): Text ****** has been set on object 'Object Repository/VerifiedUserRatingUnverified/Page_theworklife - Find Great People To Work With/input_Forgot password_password'

2019-12-04 02:07:59 - [MESSAGE][PASSED] - Text ****** has been set on object 'Object Repository/VerifiedUserRatingUnverified/Page_theworklife - Find Great People To Work With/input_Forgot password_password'

2019-12-04 02:07:59 - [TEST_STEP][PASSED] - click(findTestObject("Object Repository/VerifiedUserRatingUnverified/Page_theworklife - Find Great People To Work With/button_Sign in")): Object: 'Object Repository/VerifiedUserRatingUnverified/Page_theworklife - Find Great People To Work With/button_Sign in' is clicked on

2019-12-04 02:08:04 - [MESSAGE][PASSED] - Object: 'Object Repository/VerifiedUserRatingUnverified/Page_theworklife - Find Great People To Work With/button_Sign in' is clicked on

2019-12-04 02:08:04 - [TEST_STEP][PASSED] - setText(findTestObject("Object Repository/VerifiedUserRatingUnverified/Page_Home/input_View all_searchText"), "User User"): Text 'User User' is set on object 'Object Repository/VerifiedUserRatingUnverified/Page_Home/input_View all_searchText'

2019-12-04 02:08:06 - [MESSAGE][PASSED] - Text 'User User' is set on object 'Object Repository/VerifiedUserRatingUnverified/Page_Home/input_View all_searchText'

2019-12-04 02:08:06 - [TEST_STEP][PASSED] - click(findTestObject("Object Repository/VerifiedUserRatingUnverified/Page_Home/button_No search results_btnSearch")): Object: 'Object Repository/VerifiedUserRatingUnverified/Page_Home/button_No search results_btnSearch' is clicked on

2019-12-04 02:08:14 - [MESSAGE][PASSED] - Object: 'Object Repository/VerifiedUserRatingUnverified/Page_Home/button_No search results_btnSearch' is clicked on

2019-12-04 02:08:14 - [TEST_STEP][PASSED] - click(findTestObject("Object Repository/VerifiedUserRatingUnverified/Page_Search/div_user user")): Object: 'Object Repository/VerifiedUserRatingUnverified/Page_Search/div_user user' is clicked on

2019-12-04 02:08:14 - [MESSAGE][PASSED] - Object: 'Object Repository/VerifiedUserRatingUnverified/Page_Search/div_user user' is clicked on

2019-12-04 02:08:14 - [TEST_STEP][PASSED] - click(findTestObject("Object Repository/VerifiedUserRatingUnverified/Page_View Profile/button_Rate Now")): Object: 'Object Repository/VerifiedUserRatingUnverified/Page_View Profile/button_Rate Now' is clicked on

2019-12-04 02:08:21 - [MESSAGE][PASSED] - Object: 'Object Repository/VerifiedUserRatingUnverified/Page_View Profile/button_Rate Now' is clicked on

2019-12-04 02:08:21 - [TEST_STEP][PASSED] - delay(5): Delayed 5 second(s)

2019-12-04 02:08:26 - [MESSAGE][PASSED] - Delayed 5 second(s)

2019-12-04 02:08:26 - [TEST_STEP][PASSED] - verifyElementText(findTestObject("Object Repository/VerifiedUserRatingUnverified/Page_View Profile/p_This is an unverified user Please input Facebook or LinkedIn Profile Link for user user"), "This is an unverified user. Please input Facebook or LinkedIn Profile Link for user user."): Actual text and expected text of test object 'Object Repository/VerifiedUserRatingUnverified/Page_View Profile/p_This is an unverified user Please input Facebook or LinkedIn Profile Link for user user' are matched.

2019-12-04 02:08:27 - [MESSAGE][PASSED] - Actual text and expected text of test object 'Object Repository/VerifiedUserRatingUnverified/Page_View Profile/p_This is an unverified user Please input Facebook or LinkedIn Profile Link for user user' are matched.

2019-12-04 02:08:27 - [TEST_STEP][PASSED] - click(findTestObject("Object Repository/VerifiedUserRatingUnverified/Page_View Profile/button_Cancel")): Object: 'Object Repository/VerifiedUserRatingUnverified/Page_View Profile/button_Cancel' is clicked on

2019-12-04 02:08:27 - [MESSAGE][PASSED] - Object: 'Object Repository/VerifiedUserRatingUnverified/Page_View Profile/button_Cancel' is clicked on

2019-12-04 02:08:27 - [TEST_STEP][PASSED] - closeBrowser(): Browser is closed

2019-12-04 02:08:29 - [MESSAGE][PASSED] - Browser is closed

2019-12-04 02:08:29 - [TEST_STEP][PASSED] - Start listener action : afterTestcase: Browser is closed

2019-12-04 02:08:29 - [TEST_STEP][PASSED] - closeBrowser(): Browser is closed

2019-12-04 02:08:29 - [MESSAGE][PASSED] - Browser is closed

2019-12-04 02:08:31 - [TEST_STEP][PASSED] - Video: Video recording for test case 'Test Cases/workLifeTest/RateUnverifiedUserByVerified' .

2019-12-04 02:08:31 - [MESSAGE][INFO] - Video recording for test case 'Test Cases/workLifeTest/RateUnverifiedUserByVerified' .
[[ATTACHMENT|C:\\Users\\Suraj Kumar\\git\\KatalonBDD\\Reports\\20191204_011934\\Regression\\20191204_011934/videos\\test_51.avi]]]]></system-out>
         <system-err><![CDATA[]]></system-err>
      </testcase>
      <testcase name="Test Cases/workLifeTest/ReaquireTest" time="65.091" classname="Test Cases/workLifeTest/ReaquireTest" status="FAILED">
         <failure type="FAILED" message="Test Cases/workLifeTest/ReaquireTest FAILED.
Reason:
com.kms.katalon.core.exception.StepFailedException: Unable to switch to window with title: 'Sign Up'
	at com.kms.katalon.core.webui.keyword.internal.WebUIKeywordMain.stepFailed(WebUIKeywordMain.groovy:64)
	at com.kms.katalon.core.webui.keyword.internal.WebUIKeywordMain.runKeyword(WebUIKeywordMain.groovy:26)
	at com.kms.katalon.core.webui.keyword.builtin.SwitchToWindowTitleKeyword.switchToWindowTitle(SwitchToWindowTitleKeyword.groovy:84)
	at com.kms.katalon.core.webui.keyword.builtin.SwitchToWindowTitleKeyword.execute(SwitchToWindowTitleKeyword.groovy:67)
	at com.kms.katalon.core.keyword.internal.KeywordExecutor.executeKeywordForPlatform(KeywordExecutor.groovy:60)
	at com.kms.katalon.core.webui.keyword.WebUiBuiltInKeywords.switchToWindowTitle(WebUiBuiltInKeywords.groovy:1753)
	at com.kms.katalon.core.webui.keyword.WebUiBuiltInKeywords$switchToWindowTitle$8.call(Unknown Source)
	at ReaquireTest.run(ReaquireTest:43)
	at com.kms.katalon.core.main.ScriptEngine.run(ScriptEngine.java:194)
	at com.kms.katalon.core.main.ScriptEngine.runScriptAsRawText(ScriptEngine.java:119)
	at com.kms.katalon.core.main.TestCaseExecutor.runScript(TestCaseExecutor.java:337)
	at com.kms.katalon.core.main.TestCaseExecutor.doExecute(TestCaseExecutor.java:328)
	at com.kms.katalon.core.main.TestCaseExecutor.processExecutionPhase(TestCaseExecutor.java:307)
	at com.kms.katalon.core.main.TestCaseExecutor.accessMainPhase(TestCaseExecutor.java:299)
	at com.kms.katalon.core.main.TestCaseExecutor.execute(TestCaseExecutor.java:233)
	at com.kms.katalon.core.main.TestSuiteExecutor.accessTestCaseMainPhase(TestSuiteExecutor.java:169)
	at com.kms.katalon.core.main.TestSuiteExecutor.accessTestSuiteMainPhase(TestSuiteExecutor.java:142)
	at com.kms.katalon.core.main.TestSuiteExecutor.execute(TestSuiteExecutor.java:91)
	at com.kms.katalon.core.main.TestCaseMain.startTestSuite(TestCaseMain.java:157)
	at com.kms.katalon.core.main.TestCaseMain$startTestSuite$0.call(Unknown Source)
	at TempTestSuite1575402574161.run(TempTestSuite1575402574161.groovy:36)
Caused by: com.kms.katalon.core.exception.StepFailedException: Cannot find window with title: 'Sign Up'
	at com.kms.katalon.core.webui.keyword.internal.WebUIKeywordMain.stepFailed(WebUIKeywordMain.groovy:64)
	at com.kms.katalon.core.webui.keyword.builtin.SwitchToWindowTitleKeyword$_switchToWindowTitle_closure1.doCall(SwitchToWindowTitleKeyword.groovy:82)
	at com.kms.katalon.core.webui.keyword.builtin.SwitchToWindowTitleKeyword$_switchToWindowTitle_closure1.call(SwitchToWindowTitleKeyword.groovy)
	at com.kms.katalon.core.webui.keyword.internal.WebUIKeywordMain.runKeyword(WebUIKeywordMain.groovy:20)
	... 19 more
"/>
         <system-out><![CDATA[2019-12-04 02:08:31 - [TEST_CASE][FAILED] - Test Cases/workLifeTest/ReaquireTest: Test Cases/workLifeTest/ReaquireTest FAILED.
Reason:
com.kms.katalon.core.exception.StepFailedException: Unable to switch to window with title: 'Sign Up'
	at com.kms.katalon.core.webui.keyword.internal.WebUIKeywordMain.stepFailed(WebUIKeywordMain.groovy:64)
	at com.kms.katalon.core.webui.keyword.internal.WebUIKeywordMain.runKeyword(WebUIKeywordMain.groovy:26)
	at com.kms.katalon.core.webui.keyword.builtin.SwitchToWindowTitleKeyword.switchToWindowTitle(SwitchToWindowTitleKeyword.groovy:84)
	at com.kms.katalon.core.webui.keyword.builtin.SwitchToWindowTitleKeyword.execute(SwitchToWindowTitleKeyword.groovy:67)
	at com.kms.katalon.core.keyword.internal.KeywordExecutor.executeKeywordForPlatform(KeywordExecutor.groovy:60)
	at com.kms.katalon.core.webui.keyword.WebUiBuiltInKeywords.switchToWindowTitle(WebUiBuiltInKeywords.groovy:1753)
	at com.kms.katalon.core.webui.keyword.WebUiBuiltInKeywords$switchToWindowTitle$8.call(Unknown Source)
	at ReaquireTest.run(ReaquireTest:43)
	at com.kms.katalon.core.main.ScriptEngine.run(ScriptEngine.java:194)
	at com.kms.katalon.core.main.ScriptEngine.runScriptAsRawText(ScriptEngine.java:119)
	at com.kms.katalon.core.main.TestCaseExecutor.runScript(TestCaseExecutor.java:337)
	at com.kms.katalon.core.main.TestCaseExecutor.doExecute(TestCaseExecutor.java:328)
	at com.kms.katalon.core.main.TestCaseExecutor.processExecutionPhase(TestCaseExecutor.java:307)
	at com.kms.katalon.core.main.TestCaseExecutor.accessMainPhase(TestCaseExecutor.java:299)
	at com.kms.katalon.core.main.TestCaseExecutor.execute(TestCaseExecutor.java:233)
	at com.kms.katalon.core.main.TestSuiteExecutor.accessTestCaseMainPhase(TestSuiteExecutor.java:169)
	at com.kms.katalon.core.main.TestSuiteExecutor.accessTestSuiteMainPhase(TestSuiteExecutor.java:142)
	at com.kms.katalon.core.main.TestSuiteExecutor.execute(TestSuiteExecutor.java:91)
	at com.kms.katalon.core.main.TestCaseMain.startTestSuite(TestCaseMain.java:157)
	at com.kms.katalon.core.main.TestCaseMain$startTestSuite$0.call(Unknown Source)
	at TempTestSuite1575402574161.run(TempTestSuite1575402574161.groovy:36)
Caused by: com.kms.katalon.core.exception.StepFailedException: Cannot find window with title: 'Sign Up'
	at com.kms.katalon.core.webui.keyword.internal.WebUIKeywordMain.stepFailed(WebUIKeywordMain.groovy:64)
	at com.kms.katalon.core.webui.keyword.builtin.SwitchToWindowTitleKeyword$_switchToWindowTitle_closure1.doCall(SwitchToWindowTitleKeyword.groovy:82)
	at com.kms.katalon.core.webui.keyword.builtin.SwitchToWindowTitleKeyword$_switchToWindowTitle_closure1.call(SwitchToWindowTitleKeyword.groovy)
	at com.kms.katalon.core.webui.keyword.internal.WebUIKeywordMain.runKeyword(WebUIKeywordMain.groovy:20)
	... 19 more


2019-12-04 02:08:31 - [TEST_STEP][PASSED] - Start listener action : beforeTestcase: null

2019-12-04 02:08:32 - [TEST_STEP][PASSED] - openBrowser(AppUrl): Browser is opened with url: 'https://qa.thework.life'

2019-12-04 02:08:32 - [MESSAGE][INFO] - Starting 'Firefox' driver

2019-12-04 02:08:44 - [MESSAGE][PASSED] - Browser is opened with url: 'https://qa.thework.life'

2019-12-04 02:08:44 - [TEST_STEP][PASSED] - navigateToUrl(AppUrl): Navigate to 'https://qa.thework.life' successfully

2019-12-04 02:08:46 - [MESSAGE][PASSED] - Navigate to 'https://qa.thework.life' successfully

2019-12-04 02:08:46 - [TEST_STEP][PASSED] - click(findTestObject("Object Repository/FacebookLogin/Page_theworklife - Find Great People To Work With/a_Join Now")): Object: 'Object Repository/FacebookLogin/Page_theworklife - Find Great People To Work With/a_Join Now' is clicked on

2019-12-04 02:08:47 - [MESSAGE][PASSED] - Object: 'Object Repository/FacebookLogin/Page_theworklife - Find Great People To Work With/a_Join Now' is clicked on

2019-12-04 02:08:47 - [TEST_STEP][PASSED] - click(findTestObject("Object Repository/FacebookLogin/Page_theworklife - Find Great People To Work With/div_ Register to theworklife")): Object: 'Object Repository/FacebookLogin/Page_theworklife - Find Great People To Work With/div_ Register to theworklife' is clicked on

2019-12-04 02:08:48 - [MESSAGE][PASSED] - Object: 'Object Repository/FacebookLogin/Page_theworklife - Find Great People To Work With/div_ Register to theworklife' is clicked on

2019-12-04 02:08:48 - [TEST_STEP][PASSED] - click(findTestObject("Object Repository/FacebookLogin/Page_theworklife - Find Great People To Work With/button_Facebook")): Object: 'Object Repository/FacebookLogin/Page_theworklife - Find Great People To Work With/button_Facebook' is clicked on

2019-12-04 02:08:48 - [MESSAGE][PASSED] - Object: 'Object Repository/FacebookLogin/Page_theworklife - Find Great People To Work With/button_Facebook' is clicked on

2019-12-04 02:08:48 - [TEST_STEP][PASSED] - delay(2): Delayed 2 second(s)

2019-12-04 02:08:50 - [MESSAGE][PASSED] - Delayed 2 second(s)

2019-12-04 02:08:50 - [TEST_STEP][PASSED] - switchToWindowTitle("Facebook"): Switched to window with title: 'Facebook'

2019-12-04 02:08:51 - [MESSAGE][PASSED] - Switched to window with title: 'Facebook'

2019-12-04 02:08:51 - [TEST_STEP][PASSED] - waitForElementClickable(findTestObject("FacebookLogin/Page_Facebook/input_Email address or phone number_email"), 5): Object 'Object Repository/FacebookLogin/Page_Facebook/input_Email address or phone number_email' is clickable

2019-12-04 02:08:51 - [MESSAGE][PASSED] - Object 'Object Repository/FacebookLogin/Page_Facebook/input_Email address or phone number_email' is clickable

2019-12-04 02:08:51 - [TEST_STEP][PASSED] - clearText(findTestObject("FacebookLogin/Page_Facebook/input_Email address or phone number_email")): Text of object 'Object Repository/FacebookLogin/Page_Facebook/input_Email address or phone number_email' is cleared

2019-12-04 02:08:51 - [MESSAGE][PASSED] - Text of object 'Object Repository/FacebookLogin/Page_Facebook/input_Email address or phone number_email' is cleared

2019-12-04 02:08:51 - [TEST_STEP][PASSED] - setText(findTestObject("FacebookLogin/Page_Facebook/input_Email address or phone number_email"), "worklifetest10002@gmail.com"): Text 'worklifetest10002@gmail.com' is set on object 'Object Repository/FacebookLogin/Page_Facebook/input_Email address or phone number_email'

2019-12-04 02:08:52 - [MESSAGE][PASSED] - Text 'worklifetest10002@gmail.com' is set on object 'Object Repository/FacebookLogin/Page_Facebook/input_Email address or phone number_email'

2019-12-04 02:08:52 - [TEST_STEP][PASSED] - setEncryptedText(findTestObject("FacebookLogin/Page_Facebook/input_Password_pass"), "XU9cBalmEBp1UP+jEU2w4UUBUuNgBY4U"): Text ****** has been set on object 'Object Repository/FacebookLogin/Page_Facebook/input_Password_pass'

2019-12-04 02:08:52 - [MESSAGE][PASSED] - Text ****** has been set on object 'Object Repository/FacebookLogin/Page_Facebook/input_Password_pass'

2019-12-04 02:08:52 - [TEST_STEP][PASSED] - click(findTestObject("FacebookLogin/Page_Facebook/input_Password_login")): Object: 'Object Repository/FacebookLogin/Page_Facebook/input_Password_login' is clicked on

2019-12-04 02:08:56 - [MESSAGE][PASSED] - Object: 'Object Repository/FacebookLogin/Page_Facebook/input_Password_login' is clicked on

2019-12-04 02:08:56 - [TEST_STEP][PASSED] - sleep(5000): null

2019-12-04 02:09:01 - [TEST_STEP][FAILED] - switchToWindowTitle("Sign Up"): Unable to switch to window with title: 'Sign Up' (Root cause: com.kms.katalon.core.exception.StepFailedException: Unable to switch to window with title: 'Sign Up'
	at com.kms.katalon.core.webui.keyword.internal.WebUIKeywordMain.stepFailed(WebUIKeywordMain.groovy:64)
	at com.kms.katalon.core.webui.keyword.internal.WebUIKeywordMain.runKeyword(WebUIKeywordMain.groovy:26)
	at com.kms.katalon.core.webui.keyword.builtin.SwitchToWindowTitleKeyword.switchToWindowTitle(SwitchToWindowTitleKeyword.groovy:84)
	at com.kms.katalon.core.webui.keyword.builtin.SwitchToWindowTitleKeyword.execute(SwitchToWindowTitleKeyword.groovy:67)
	at com.kms.katalon.core.keyword.internal.KeywordExecutor.executeKeywordForPlatform(KeywordExecutor.groovy:60)
	at com.kms.katalon.core.webui.keyword.WebUiBuiltInKeywords.switchToWindowTitle(WebUiBuiltInKeywords.groovy:1753)
	at com.kms.katalon.core.webui.keyword.WebUiBuiltInKeywords$switchToWindowTitle$8.call(Unknown Source)
	at ReaquireTest.run(ReaquireTest:43)
	at com.kms.katalon.core.main.ScriptEngine.run(ScriptEngine.java:194)
	at com.kms.katalon.core.main.ScriptEngine.runScriptAsRawText(ScriptEngine.java:119)
	at com.kms.katalon.core.main.TestCaseExecutor.runScript(TestCaseExecutor.java:337)
	at com.kms.katalon.core.main.TestCaseExecutor.doExecute(TestCaseExecutor.java:328)
	at com.kms.katalon.core.main.TestCaseExecutor.processExecutionPhase(TestCaseExecutor.java:307)
	at com.kms.katalon.core.main.TestCaseExecutor.accessMainPhase(TestCaseExecutor.java:299)
	at com.kms.katalon.core.main.TestCaseExecutor.execute(TestCaseExecutor.java:233)
	at com.kms.katalon.core.main.TestSuiteExecutor.accessTestCaseMainPhase(TestSuiteExecutor.java:169)
	at com.kms.katalon.core.main.TestSuiteExecutor.accessTestSuiteMainPhase(TestSuiteExecutor.java:142)
	at com.kms.katalon.core.main.TestSuiteExecutor.execute(TestSuiteExecutor.java:91)
	at com.kms.katalon.core.main.TestCaseMain.startTestSuite(TestCaseMain.java:157)
	at com.kms.katalon.core.main.TestCaseMain$startTestSuite$0.call(Unknown Source)
	at TempTestSuite1575402574161.run(TempTestSuite1575402574161.groovy:36)
Caused by: com.kms.katalon.core.exception.StepFailedException: Cannot find window with title: 'Sign Up'
	at com.kms.katalon.core.webui.keyword.internal.WebUIKeywordMain.stepFailed(WebUIKeywordMain.groovy:64)
	at com.kms.katalon.core.webui.keyword.builtin.SwitchToWindowTitleKeyword$_switchToWindowTitle_closure1.doCall(SwitchToWindowTitleKeyword.groovy:82)
	at com.kms.katalon.core.webui.keyword.builtin.SwitchToWindowTitleKeyword$_switchToWindowTitle_closure1.call(SwitchToWindowTitleKeyword.groovy)
	at com.kms.katalon.core.webui.keyword.internal.WebUIKeywordMain.runKeyword(WebUIKeywordMain.groovy:20)
	... 19 more
)

2019-12-04 02:09:32 - [MESSAGE][FAILED] - Cannot find window with title: 'Sign Up' (Root cause: com.kms.katalon.core.exception.StepFailedException: Cannot find window with title: 'Sign Up'
	at com.kms.katalon.core.webui.keyword.internal.WebUIKeywordMain.stepFailed(WebUIKeywordMain.groovy:64)
	at com.kms.katalon.core.webui.keyword.builtin.SwitchToWindowTitleKeyword$_switchToWindowTitle_closure1.doCall(SwitchToWindowTitleKeyword.groovy:82)
	at com.kms.katalon.core.webui.keyword.builtin.SwitchToWindowTitleKeyword$_switchToWindowTitle_closure1.call(SwitchToWindowTitleKeyword.groovy)
	at com.kms.katalon.core.webui.keyword.internal.WebUIKeywordMain.runKeyword(WebUIKeywordMain.groovy:20)
	at com.kms.katalon.core.webui.keyword.builtin.SwitchToWindowTitleKeyword.switchToWindowTitle(SwitchToWindowTitleKeyword.groovy:84)
	at com.kms.katalon.core.webui.keyword.builtin.SwitchToWindowTitleKeyword.execute(SwitchToWindowTitleKeyword.groovy:67)
	at com.kms.katalon.core.keyword.internal.KeywordExecutor.executeKeywordForPlatform(KeywordExecutor.groovy:60)
	at com.kms.katalon.core.webui.keyword.WebUiBuiltInKeywords.switchToWindowTitle(WebUiBuiltInKeywords.groovy:1753)
	at com.kms.katalon.core.webui.keyword.WebUiBuiltInKeywords$switchToWindowTitle$8.call(Unknown Source)
	at ReaquireTest.run(ReaquireTest:43)
	at com.kms.katalon.core.main.ScriptEngine.run(ScriptEngine.java:194)
	at com.kms.katalon.core.main.ScriptEngine.runScriptAsRawText(ScriptEngine.java:119)
	at com.kms.katalon.core.main.TestCaseExecutor.runScript(TestCaseExecutor.java:337)
	at com.kms.katalon.core.main.TestCaseExecutor.doExecute(TestCaseExecutor.java:328)
	at com.kms.katalon.core.main.TestCaseExecutor.processExecutionPhase(TestCaseExecutor.java:307)
	at com.kms.katalon.core.main.TestCaseExecutor.accessMainPhase(TestCaseExecutor.java:299)
	at com.kms.katalon.core.main.TestCaseExecutor.execute(TestCaseExecutor.java:233)
	at com.kms.katalon.core.main.TestSuiteExecutor.accessTestCaseMainPhase(TestSuiteExecutor.java:169)
	at com.kms.katalon.core.main.TestSuiteExecutor.accessTestSuiteMainPhase(TestSuiteExecutor.java:142)
	at com.kms.katalon.core.main.TestSuiteExecutor.execute(TestSuiteExecutor.java:91)
	at com.kms.katalon.core.main.TestCaseMain.startTestSuite(TestCaseMain.java:157)
	at com.kms.katalon.core.main.TestCaseMain$startTestSuite$0.call(Unknown Source)
	at TempTestSuite1575402574161.run(TempTestSuite1575402574161.groovy:36)
)
[[ATTACHMENT|C:\\Users\\Suraj Kumar\\git\\KatalonBDD\\Reports\\20191204_011934\\Regression\\20191204_011934\\1575405572437.png]]

2019-12-04 02:09:32 - [MESSAGE][FAILED] - Unable to switch to window with title: 'Sign Up' (Root cause: com.kms.katalon.core.exception.StepFailedException: Unable to switch to window with title: 'Sign Up'
	at com.kms.katalon.core.webui.keyword.internal.WebUIKeywordMain.stepFailed(WebUIKeywordMain.groovy:64)
	at com.kms.katalon.core.webui.keyword.internal.WebUIKeywordMain.runKeyword(WebUIKeywordMain.groovy:26)
	at com.kms.katalon.core.webui.keyword.builtin.SwitchToWindowTitleKeyword.switchToWindowTitle(SwitchToWindowTitleKeyword.groovy:84)
	at com.kms.katalon.core.webui.keyword.builtin.SwitchToWindowTitleKeyword.execute(SwitchToWindowTitleKeyword.groovy:67)
	at com.kms.katalon.core.keyword.internal.KeywordExecutor.executeKeywordForPlatform(KeywordExecutor.groovy:60)
	at com.kms.katalon.core.webui.keyword.WebUiBuiltInKeywords.switchToWindowTitle(WebUiBuiltInKeywords.groovy:1753)
	at com.kms.katalon.core.webui.keyword.WebUiBuiltInKeywords$switchToWindowTitle$8.call(Unknown Source)
	at ReaquireTest.run(ReaquireTest:43)
	at com.kms.katalon.core.main.ScriptEngine.run(ScriptEngine.java:194)
	at com.kms.katalon.core.main.ScriptEngine.runScriptAsRawText(ScriptEngine.java:119)
	at com.kms.katalon.core.main.TestCaseExecutor.runScript(TestCaseExecutor.java:337)
	at com.kms.katalon.core.main.TestCaseExecutor.doExecute(TestCaseExecutor.java:328)
	at com.kms.katalon.core.main.TestCaseExecutor.processExecutionPhase(TestCaseExecutor.java:307)
	at com.kms.katalon.core.main.TestCaseExecutor.accessMainPhase(TestCaseExecutor.java:299)
	at com.kms.katalon.core.main.TestCaseExecutor.execute(TestCaseExecutor.java:233)
	at com.kms.katalon.core.main.TestSuiteExecutor.accessTestCaseMainPhase(TestSuiteExecutor.java:169)
	at com.kms.katalon.core.main.TestSuiteExecutor.accessTestSuiteMainPhase(TestSuiteExecutor.java:142)
	at com.kms.katalon.core.main.TestSuiteExecutor.execute(TestSuiteExecutor.java:91)
	at com.kms.katalon.core.main.TestCaseMain.startTestSuite(TestCaseMain.java:157)
	at com.kms.katalon.core.main.TestCaseMain$startTestSuite$0.call(Unknown Source)
	at TempTestSuite1575402574161.run(TempTestSuite1575402574161.groovy:36)
Caused by: com.kms.katalon.core.exception.StepFailedException: Cannot find window with title: 'Sign Up'
	at com.kms.katalon.core.webui.keyword.internal.WebUIKeywordMain.stepFailed(WebUIKeywordMain.groovy:64)
	at com.kms.katalon.core.webui.keyword.builtin.SwitchToWindowTitleKeyword$_switchToWindowTitle_closure1.doCall(SwitchToWindowTitleKeyword.groovy:82)
	at com.kms.katalon.core.webui.keyword.builtin.SwitchToWindowTitleKeyword$_switchToWindowTitle_closure1.call(SwitchToWindowTitleKeyword.groovy)
	at com.kms.katalon.core.webui.keyword.internal.WebUIKeywordMain.runKeyword(WebUIKeywordMain.groovy:20)
	... 19 more
)
[[ATTACHMENT|C:\\Users\\Suraj Kumar\\git\\KatalonBDD\\Reports\\20191204_011934\\Regression\\20191204_011934\\1575405572527.png]]

2019-12-04 02:09:32 - [TEST_STEP][PASSED] - Start listener action : afterTestcase: Browser is closed

2019-12-04 02:09:32 - [TEST_STEP][PASSED] - closeBrowser(): Browser is closed

2019-12-04 02:09:34 - [MESSAGE][PASSED] - Browser is closed

2019-12-04 02:09:36 - [TEST_STEP][PASSED] - Video: Video recording for test case 'Test Cases/workLifeTest/ReaquireTest' .

2019-12-04 02:09:36 - [MESSAGE][INFO] - Video recording for test case 'Test Cases/workLifeTest/ReaquireTest' .
[[ATTACHMENT|C:\\Users\\Suraj Kumar\\git\\KatalonBDD\\Reports\\20191204_011934\\Regression\\20191204_011934/videos\\test_52.avi]]]]></system-out>
         <system-err><![CDATA[2019-12-04 02:08:31 - [TEST_CASE][FAILED] - Test Cases/workLifeTest/ReaquireTest: Test Cases/workLifeTest/ReaquireTest FAILED.
Reason:
com.kms.katalon.core.exception.StepFailedException: Unable to switch to window with title: 'Sign Up'
	at com.kms.katalon.core.webui.keyword.internal.WebUIKeywordMain.stepFailed(WebUIKeywordMain.groovy:64)
	at com.kms.katalon.core.webui.keyword.internal.WebUIKeywordMain.runKeyword(WebUIKeywordMain.groovy:26)
	at com.kms.katalon.core.webui.keyword.builtin.SwitchToWindowTitleKeyword.switchToWindowTitle(SwitchToWindowTitleKeyword.groovy:84)
	at com.kms.katalon.core.webui.keyword.builtin.SwitchToWindowTitleKeyword.execute(SwitchToWindowTitleKeyword.groovy:67)
	at com.kms.katalon.core.keyword.internal.KeywordExecutor.executeKeywordForPlatform(KeywordExecutor.groovy:60)
	at com.kms.katalon.core.webui.keyword.WebUiBuiltInKeywords.switchToWindowTitle(WebUiBuiltInKeywords.groovy:1753)
	at com.kms.katalon.core.webui.keyword.WebUiBuiltInKeywords$switchToWindowTitle$8.call(Unknown Source)
	at ReaquireTest.run(ReaquireTest:43)
	at com.kms.katalon.core.main.ScriptEngine.run(ScriptEngine.java:194)
	at com.kms.katalon.core.main.ScriptEngine.runScriptAsRawText(ScriptEngine.java:119)
	at com.kms.katalon.core.main.TestCaseExecutor.runScript(TestCaseExecutor.java:337)
	at com.kms.katalon.core.main.TestCaseExecutor.doExecute(TestCaseExecutor.java:328)
	at com.kms.katalon.core.main.TestCaseExecutor.processExecutionPhase(TestCaseExecutor.java:307)
	at com.kms.katalon.core.main.TestCaseExecutor.accessMainPhase(TestCaseExecutor.java:299)
	at com.kms.katalon.core.main.TestCaseExecutor.execute(TestCaseExecutor.java:233)
	at com.kms.katalon.core.main.TestSuiteExecutor.accessTestCaseMainPhase(TestSuiteExecutor.java:169)
	at com.kms.katalon.core.main.TestSuiteExecutor.accessTestSuiteMainPhase(TestSuiteExecutor.java:142)
	at com.kms.katalon.core.main.TestSuiteExecutor.execute(TestSuiteExecutor.java:91)
	at com.kms.katalon.core.main.TestCaseMain.startTestSuite(TestCaseMain.java:157)
	at com.kms.katalon.core.main.TestCaseMain$startTestSuite$0.call(Unknown Source)
	at TempTestSuite1575402574161.run(TempTestSuite1575402574161.groovy:36)
Caused by: com.kms.katalon.core.exception.StepFailedException: Cannot find window with title: 'Sign Up'
	at com.kms.katalon.core.webui.keyword.internal.WebUIKeywordMain.stepFailed(WebUIKeywordMain.groovy:64)
	at com.kms.katalon.core.webui.keyword.builtin.SwitchToWindowTitleKeyword$_switchToWindowTitle_closure1.doCall(SwitchToWindowTitleKeyword.groovy:82)
	at com.kms.katalon.core.webui.keyword.builtin.SwitchToWindowTitleKeyword$_switchToWindowTitle_closure1.call(SwitchToWindowTitleKeyword.groovy)
	at com.kms.katalon.core.webui.keyword.internal.WebUIKeywordMain.runKeyword(WebUIKeywordMain.groovy:20)
	... 19 more]]></system-err>
      </testcase>
      <testcase name="Test Cases/workLifeTest/RecommendationCheck" time="50.14" classname="Test Cases/workLifeTest/RecommendationCheck" status="PASSED">
         <system-out><![CDATA[2019-12-04 02:09:36 - [TEST_CASE][PASSED] - Test Cases/workLifeTest/RecommendationCheck: Test Cases/workLifeTest/RecommendationCheck

2019-12-04 02:09:36 - [TEST_STEP][PASSED] - Start listener action : beforeTestcase: null

2019-12-04 02:09:37 - [TEST_STEP][PASSED] - openBrowser(AppUrl): Browser is opened with url: 'https://qa.thework.life'

2019-12-04 02:09:37 - [MESSAGE][INFO] - Starting 'Firefox' driver

2019-12-04 02:09:49 - [MESSAGE][PASSED] - Browser is opened with url: 'https://qa.thework.life'

2019-12-04 02:09:49 - [TEST_STEP][PASSED] - navigateToUrl(AppUrl): Navigate to 'https://qa.thework.life' successfully

2019-12-04 02:09:52 - [MESSAGE][PASSED] - Navigate to 'https://qa.thework.life' successfully

2019-12-04 02:09:52 - [TEST_STEP][PASSED] - setText(findTestObject("Object Repository/RecommandationCheck/Page_theworklife - Find Great People To Work With/input_Forgot password_username"), "vijayvstest01@gmail.com"): Text 'vijayvstest01@gmail.com' is set on object 'Object Repository/RecommandationCheck/Page_theworklife - Find Great People To Work With/input_Forgot password_username'

2019-12-04 02:09:52 - [MESSAGE][PASSED] - Text 'vijayvstest01@gmail.com' is set on object 'Object Repository/RecommandationCheck/Page_theworklife - Find Great People To Work With/input_Forgot password_username'

2019-12-04 02:09:52 - [TEST_STEP][PASSED] - setEncryptedText(findTestObject("Object Repository/RecommandationCheck/Page_theworklife - Find Great People To Work With/input_Forgot password_password"), "cvW8qx4B2o3F4VwP/kNsqA=="): Text ****** has been set on object 'Object Repository/RecommandationCheck/Page_theworklife - Find Great People To Work With/input_Forgot password_password'

2019-12-04 02:09:53 - [MESSAGE][PASSED] - Text ****** has been set on object 'Object Repository/RecommandationCheck/Page_theworklife - Find Great People To Work With/input_Forgot password_password'

2019-12-04 02:09:53 - [TEST_STEP][PASSED] - click(findTestObject("Object Repository/RecommandationCheck/Page_theworklife - Find Great People To Work With/button_Sign in")): Object: 'Object Repository/RecommandationCheck/Page_theworklife - Find Great People To Work With/button_Sign in' is clicked on

2019-12-04 02:09:59 - [MESSAGE][PASSED] - Object: 'Object Repository/RecommandationCheck/Page_theworklife - Find Great People To Work With/button_Sign in' is clicked on

2019-12-04 02:09:59 - [TEST_STEP][PASSED] - click(findTestObject("Object Repository/RecommandationCheck/Page_Home/a_profile")): Object: 'Object Repository/RecommandationCheck/Page_Home/a_profile' is clicked on

2019-12-04 02:10:00 - [MESSAGE][PASSED] - Object: 'Object Repository/RecommandationCheck/Page_Home/a_profile' is clicked on

2019-12-04 02:10:00 - [TEST_STEP][PASSED] - click(findTestObject("Object Repository/RecommandationCheck/Page_Home/a_Edit Profile")): Object: 'Object Repository/RecommandationCheck/Page_Home/a_Edit Profile' is clicked on

2019-12-04 02:10:08 - [MESSAGE][PASSED] - Object: 'Object Repository/RecommandationCheck/Page_Home/a_Edit Profile' is clicked on

2019-12-04 02:10:08 - [TEST_STEP][PASSED] - click(findTestObject("Object Repository/RecommandationCheck/Page_Edit Profile/a_Recommendations")): Object: 'Object Repository/RecommandationCheck/Page_Edit Profile/a_Recommendations' is clicked on

2019-12-04 02:10:08 - [MESSAGE][PASSED] - Object: 'Object Repository/RecommandationCheck/Page_Edit Profile/a_Recommendations' is clicked on

2019-12-04 02:10:08 - [TEST_STEP][PASSED] - waitForElementVisible(findTestObject("RecommandationCheck/Page_Edit Profile/a_Submitted (1)"), 5): Object 'Object Repository/RecommandationCheck/Page_Edit Profile/a_Submitted (1)' is visible

2019-12-04 02:10:10 - [MESSAGE][PASSED] - Object 'Object Repository/RecommandationCheck/Page_Edit Profile/a_Submitted (1)' is visible

2019-12-04 02:10:10 - [TEST_STEP][PASSED] - click(findTestObject("Object Repository/RecommandationCheck/Page_Edit Profile/a_Submitted (1)")): Object: 'Object Repository/RecommandationCheck/Page_Edit Profile/a_Submitted (1)' is clicked on

2019-12-04 02:10:10 - [MESSAGE][PASSED] - Object: 'Object Repository/RecommandationCheck/Page_Edit Profile/a_Submitted (1)' is clicked on

2019-12-04 02:10:10 - [TEST_STEP][PASSED] - delay(5): Delayed 5 second(s)

2019-12-04 02:10:15 - [MESSAGE][PASSED] - Delayed 5 second(s)

2019-12-04 02:10:15 - [TEST_STEP][PASSED] - waitForElementVisible(findTestObject("Object Repository/RecommandationCheck/Page_Edit Profile/a_Suraj1571562559339makhija"), 10): Object 'Object Repository/RecommandationCheck/Page_Edit Profile/a_Suraj1571562559339makhija' is visible

2019-12-04 02:10:16 - [MESSAGE][PASSED] - Object 'Object Repository/RecommandationCheck/Page_Edit Profile/a_Suraj1571562559339makhija' is visible

2019-12-04 02:10:16 - [TEST_STEP][PASSED] - verifyElementVisible(findTestObject("Object Repository/RecommandationCheck/Page_Edit Profile/a_Suraj1571562559339makhija"), STOP_ON_FAILURE): Object 'Object Repository/RecommandationCheck/Page_Edit Profile/a_Suraj1571562559339makhija' is visible

2019-12-04 02:10:16 - [MESSAGE][PASSED] - Object 'Object Repository/RecommandationCheck/Page_Edit Profile/a_Suraj1571562559339makhija' is visible

2019-12-04 02:10:16 - [TEST_STEP][PASSED] - click(findTestObject("Object Repository/RecommandationCheck/Page_Edit Profile/a_Received (2)")): Object: 'Object Repository/RecommandationCheck/Page_Edit Profile/a_Received (2)' is clicked on

2019-12-04 02:10:17 - [MESSAGE][PASSED] - Object: 'Object Repository/RecommandationCheck/Page_Edit Profile/a_Received (2)' is clicked on

2019-12-04 02:10:17 - [TEST_STEP][PASSED] - delay(5): Delayed 5 second(s)

2019-12-04 02:10:22 - [MESSAGE][PASSED] - Delayed 5 second(s)

2019-12-04 02:10:22 - [TEST_STEP][PASSED] - waitForElementVisible(findTestObject("Object Repository/RecommandationCheck/Page_Edit Profile/a_Yamanappa Ogennavar"), 10): Object 'Object Repository/RecommandationCheck/Page_Edit Profile/a_Yamanappa Ogennavar' is visible

2019-12-04 02:10:22 - [MESSAGE][PASSED] - Object 'Object Repository/RecommandationCheck/Page_Edit Profile/a_Yamanappa Ogennavar' is visible

2019-12-04 02:10:22 - [TEST_STEP][PASSED] - verifyElementVisible(findTestObject("Object Repository/RecommandationCheck/Page_Edit Profile/a_Yamanappa Ogennavar"), STOP_ON_FAILURE): Object 'Object Repository/RecommandationCheck/Page_Edit Profile/a_Yamanappa Ogennavar' is visible

2019-12-04 02:10:22 - [MESSAGE][PASSED] - Object 'Object Repository/RecommandationCheck/Page_Edit Profile/a_Yamanappa Ogennavar' is visible

2019-12-04 02:10:22 - [TEST_STEP][PASSED] - closeBrowser(): Browser is closed

2019-12-04 02:10:24 - [MESSAGE][PASSED] - Browser is closed

2019-12-04 02:10:24 - [TEST_STEP][PASSED] - Start listener action : afterTestcase: Browser is closed

2019-12-04 02:10:24 - [TEST_STEP][PASSED] - closeBrowser(): Browser is closed

2019-12-04 02:10:24 - [MESSAGE][PASSED] - Browser is closed

2019-12-04 02:10:26 - [TEST_STEP][PASSED] - Video: Video recording for test case 'Test Cases/workLifeTest/RecommendationCheck' .

2019-12-04 02:10:26 - [MESSAGE][INFO] - Video recording for test case 'Test Cases/workLifeTest/RecommendationCheck' .
[[ATTACHMENT|C:\\Users\\Suraj Kumar\\git\\KatalonBDD\\Reports\\20191204_011934\\Regression\\20191204_011934/videos\\test_53.avi]]]]></system-out>
         <system-err><![CDATA[]]></system-err>
      </testcase>
      <testcase name="Test Cases/workLifeTest/RecreationofProfile" time="74.105" classname="Test Cases/workLifeTest/RecreationofProfile" status="FAILED">
         <failure type="FAILED" message="Test Cases/workLifeTest/RecreationofProfile FAILED.
Reason:
com.kms.katalon.core.exception.StepFailedException: Unable to click on object 'Object Repository/DeletionObject/Page_Home/i_Settings_fa fa-gear'
	at com.kms.katalon.core.webui.keyword.internal.WebUIKeywordMain.stepFailed(WebUIKeywordMain.groovy:64)
	at com.kms.katalon.core.webui.keyword.internal.WebUIKeywordMain.runKeyword(WebUIKeywordMain.groovy:26)
	at com.kms.katalon.core.webui.keyword.builtin.ClickKeyword.click(ClickKeyword.groovy:103)
	at com.kms.katalon.core.webui.keyword.builtin.ClickKeyword.execute(ClickKeyword.groovy:43)
	at com.kms.katalon.core.keyword.internal.KeywordExecutor.executeKeywordForPlatform(KeywordExecutor.groovy:60)
	at com.kms.katalon.core.webui.keyword.WebUiBuiltInKeywords.click(WebUiBuiltInKeywords.groovy:616)
	at com.kms.katalon.core.webui.keyword.WebUiBuiltInKeywords$click$3.call(Unknown Source)
	at RecreationofProfile.run(RecreationofProfile:28)
	at com.kms.katalon.core.main.ScriptEngine.run(ScriptEngine.java:194)
	at com.kms.katalon.core.main.ScriptEngine.runScriptAsRawText(ScriptEngine.java:119)
	at com.kms.katalon.core.main.TestCaseExecutor.runScript(TestCaseExecutor.java:337)
	at com.kms.katalon.core.main.TestCaseExecutor.doExecute(TestCaseExecutor.java:328)
	at com.kms.katalon.core.main.TestCaseExecutor.processExecutionPhase(TestCaseExecutor.java:307)
	at com.kms.katalon.core.main.TestCaseExecutor.accessMainPhase(TestCaseExecutor.java:299)
	at com.kms.katalon.core.main.TestCaseExecutor.execute(TestCaseExecutor.java:233)
	at com.kms.katalon.core.main.TestSuiteExecutor.accessTestCaseMainPhase(TestSuiteExecutor.java:169)
	at com.kms.katalon.core.main.TestSuiteExecutor.accessTestSuiteMainPhase(TestSuiteExecutor.java:142)
	at com.kms.katalon.core.main.TestSuiteExecutor.execute(TestSuiteExecutor.java:91)
	at com.kms.katalon.core.main.TestCaseMain.startTestSuite(TestCaseMain.java:157)
	at com.kms.katalon.core.main.TestCaseMain$startTestSuite$0.call(Unknown Source)
	at TempTestSuite1575402574161.run(TempTestSuite1575402574161.groovy:36)
Caused by: com.kms.katalon.core.webui.exception.WebElementNotFoundException: Web element with id: 'Object Repository/DeletionObject/Page_Home/i_Settings_fa fa-gear' located by 'By.xpath: /html[@class=&quot;fa-events-icons-ready&quot;]/body[1]/header[@class=&quot;main-header nav-down&quot;]/div[@class=&quot;topbar&quot;]/div[@class=&quot;container-fluid&quot;]/div[@class=&quot;row&quot;]/div[@class=&quot;col-xs-6 col-sm-3 col-sm-push-6&quot;]/div[@class=&quot;notif&quot;]/div[@class=&quot;pull-right dropdown&quot;]/button[@class=&quot;btn dropdown-toggle setting&quot;]/i[@class=&quot;fa fa-gear&quot;]' not found
	at com.kms.katalon.core.webui.common.WebUiCommonHelper.findWebElement(WebUiCommonHelper.java:1113)
	at com.kms.katalon.core.webui.keyword.internal.WebUIAbstractKeyword.findWebElement(WebUIAbstractKeyword.groovy:27)
	at com.kms.katalon.core.webui.keyword.internal.WebUIAbstractKeyword.findWebElement(WebUIAbstractKeyword.groovy:26)
	at com.kms.katalon.core.webui.keyword.builtin.ClickKeyword$_click_closure1.doCall(ClickKeyword.groovy:68)
	at com.kms.katalon.core.webui.keyword.builtin.ClickKeyword$_click_closure1.call(ClickKeyword.groovy)
	at com.kms.katalon.core.webui.keyword.internal.WebUIKeywordMain.runKeyword(WebUIKeywordMain.groovy:20)
	... 19 more
"/>
         <system-out><![CDATA[2019-12-04 02:10:26 - [TEST_CASE][FAILED] - Test Cases/workLifeTest/RecreationofProfile: Test Cases/workLifeTest/RecreationofProfile FAILED.
Reason:
com.kms.katalon.core.exception.StepFailedException: Unable to click on object 'Object Repository/DeletionObject/Page_Home/i_Settings_fa fa-gear'
	at com.kms.katalon.core.webui.keyword.internal.WebUIKeywordMain.stepFailed(WebUIKeywordMain.groovy:64)
	at com.kms.katalon.core.webui.keyword.internal.WebUIKeywordMain.runKeyword(WebUIKeywordMain.groovy:26)
	at com.kms.katalon.core.webui.keyword.builtin.ClickKeyword.click(ClickKeyword.groovy:103)
	at com.kms.katalon.core.webui.keyword.builtin.ClickKeyword.execute(ClickKeyword.groovy:43)
	at com.kms.katalon.core.keyword.internal.KeywordExecutor.executeKeywordForPlatform(KeywordExecutor.groovy:60)
	at com.kms.katalon.core.webui.keyword.WebUiBuiltInKeywords.click(WebUiBuiltInKeywords.groovy:616)
	at com.kms.katalon.core.webui.keyword.WebUiBuiltInKeywords$click$3.call(Unknown Source)
	at RecreationofProfile.run(RecreationofProfile:28)
	at com.kms.katalon.core.main.ScriptEngine.run(ScriptEngine.java:194)
	at com.kms.katalon.core.main.ScriptEngine.runScriptAsRawText(ScriptEngine.java:119)
	at com.kms.katalon.core.main.TestCaseExecutor.runScript(TestCaseExecutor.java:337)
	at com.kms.katalon.core.main.TestCaseExecutor.doExecute(TestCaseExecutor.java:328)
	at com.kms.katalon.core.main.TestCaseExecutor.processExecutionPhase(TestCaseExecutor.java:307)
	at com.kms.katalon.core.main.TestCaseExecutor.accessMainPhase(TestCaseExecutor.java:299)
	at com.kms.katalon.core.main.TestCaseExecutor.execute(TestCaseExecutor.java:233)
	at com.kms.katalon.core.main.TestSuiteExecutor.accessTestCaseMainPhase(TestSuiteExecutor.java:169)
	at com.kms.katalon.core.main.TestSuiteExecutor.accessTestSuiteMainPhase(TestSuiteExecutor.java:142)
	at com.kms.katalon.core.main.TestSuiteExecutor.execute(TestSuiteExecutor.java:91)
	at com.kms.katalon.core.main.TestCaseMain.startTestSuite(TestCaseMain.java:157)
	at com.kms.katalon.core.main.TestCaseMain$startTestSuite$0.call(Unknown Source)
	at TempTestSuite1575402574161.run(TempTestSuite1575402574161.groovy:36)
Caused by: com.kms.katalon.core.webui.exception.WebElementNotFoundException: Web element with id: 'Object Repository/DeletionObject/Page_Home/i_Settings_fa fa-gear' located by 'By.xpath: /html[@class="fa-events-icons-ready"]/body[1]/header[@class="main-header nav-down"]/div[@class="topbar"]/div[@class="container-fluid"]/div[@class="row"]/div[@class="col-xs-6 col-sm-3 col-sm-push-6"]/div[@class="notif"]/div[@class="pull-right dropdown"]/button[@class="btn dropdown-toggle setting"]/i[@class="fa fa-gear"]' not found
	at com.kms.katalon.core.webui.common.WebUiCommonHelper.findWebElement(WebUiCommonHelper.java:1113)
	at com.kms.katalon.core.webui.keyword.internal.WebUIAbstractKeyword.findWebElement(WebUIAbstractKeyword.groovy:27)
	at com.kms.katalon.core.webui.keyword.internal.WebUIAbstractKeyword.findWebElement(WebUIAbstractKeyword.groovy:26)
	at com.kms.katalon.core.webui.keyword.builtin.ClickKeyword$_click_closure1.doCall(ClickKeyword.groovy:68)
	at com.kms.katalon.core.webui.keyword.builtin.ClickKeyword$_click_closure1.call(ClickKeyword.groovy)
	at com.kms.katalon.core.webui.keyword.internal.WebUIKeywordMain.runKeyword(WebUIKeywordMain.groovy:20)
	... 19 more


2019-12-04 02:10:26 - [TEST_STEP][PASSED] - Start listener action : beforeTestcase: null

2019-12-04 02:10:27 - [TEST_STEP][PASSED] - openBrowser(AppUrl): Browser is opened with url: 'https://qa.thework.life'

2019-12-04 02:10:27 - [MESSAGE][INFO] - Starting 'Firefox' driver

2019-12-04 02:10:46 - [MESSAGE][PASSED] - Browser is opened with url: 'https://qa.thework.life'

2019-12-04 02:10:46 - [TEST_STEP][PASSED] - navigateToUrl(AppUrl): Navigate to 'https://qa.thework.life' successfully

2019-12-04 02:10:48 - [MESSAGE][PASSED] - Navigate to 'https://qa.thework.life' successfully

2019-12-04 02:10:48 - [TEST_STEP][PASSED] - setText(findTestObject("Object Repository/DeletionObject/Page_theworklife - Find Great People To Work With/input_Forgot password_username"), "worklifetest10002@gmail.com"): Text 'worklifetest10002@gmail.com' is set on object 'Object Repository/DeletionObject/Page_theworklife - Find Great People To Work With/input_Forgot password_username'

2019-12-04 02:10:48 - [MESSAGE][PASSED] - Text 'worklifetest10002@gmail.com' is set on object 'Object Repository/DeletionObject/Page_theworklife - Find Great People To Work With/input_Forgot password_username'

2019-12-04 02:10:48 - [TEST_STEP][PASSED] - setEncryptedText(findTestObject("Object Repository/DeletionObject/Page_theworklife - Find Great People To Work With/input_Forgot password_password"), "XU9cBalmEBp1UP+jEU2w4UUBUuNgBY4U"): Text ****** has been set on object 'Object Repository/DeletionObject/Page_theworklife - Find Great People To Work With/input_Forgot password_password'

2019-12-04 02:10:49 - [MESSAGE][PASSED] - Text ****** has been set on object 'Object Repository/DeletionObject/Page_theworklife - Find Great People To Work With/input_Forgot password_password'

2019-12-04 02:10:49 - [TEST_STEP][PASSED] - click(findTestObject("Experience/Page_theworklife - Find Great People To Work With/button_Sign in")): Object: 'Object Repository/Experience/Page_theworklife - Find Great People To Work With/button_Sign in' is clicked on

2019-12-04 02:10:53 - [MESSAGE][PASSED] - Object: 'Object Repository/Experience/Page_theworklife - Find Great People To Work With/button_Sign in' is clicked on

2019-12-04 02:10:53 - [TEST_STEP][FAILED] - click(findTestObject("Object Repository/DeletionObject/Page_Home/i_Settings_fa fa-gear")): Unable to click on object 'Object Repository/DeletionObject/Page_Home/i_Settings_fa fa-gear' (Root cause: com.kms.katalon.core.exception.StepFailedException: Unable to click on object 'Object Repository/DeletionObject/Page_Home/i_Settings_fa fa-gear'
	at com.kms.katalon.core.webui.keyword.internal.WebUIKeywordMain.stepFailed(WebUIKeywordMain.groovy:64)
	at com.kms.katalon.core.webui.keyword.internal.WebUIKeywordMain.runKeyword(WebUIKeywordMain.groovy:26)
	at com.kms.katalon.core.webui.keyword.builtin.ClickKeyword.click(ClickKeyword.groovy:103)
	at com.kms.katalon.core.webui.keyword.builtin.ClickKeyword.execute(ClickKeyword.groovy:43)
	at com.kms.katalon.core.keyword.internal.KeywordExecutor.executeKeywordForPlatform(KeywordExecutor.groovy:60)
	at com.kms.katalon.core.webui.keyword.WebUiBuiltInKeywords.click(WebUiBuiltInKeywords.groovy:616)
	at com.kms.katalon.core.webui.keyword.WebUiBuiltInKeywords$click$3.call(Unknown Source)
	at RecreationofProfile.run(RecreationofProfile:28)
	at com.kms.katalon.core.main.ScriptEngine.run(ScriptEngine.java:194)
	at com.kms.katalon.core.main.ScriptEngine.runScriptAsRawText(ScriptEngine.java:119)
	at com.kms.katalon.core.main.TestCaseExecutor.runScript(TestCaseExecutor.java:337)
	at com.kms.katalon.core.main.TestCaseExecutor.doExecute(TestCaseExecutor.java:328)
	at com.kms.katalon.core.main.TestCaseExecutor.processExecutionPhase(TestCaseExecutor.java:307)
	at com.kms.katalon.core.main.TestCaseExecutor.accessMainPhase(TestCaseExecutor.java:299)
	at com.kms.katalon.core.main.TestCaseExecutor.execute(TestCaseExecutor.java:233)
	at com.kms.katalon.core.main.TestSuiteExecutor.accessTestCaseMainPhase(TestSuiteExecutor.java:169)
	at com.kms.katalon.core.main.TestSuiteExecutor.accessTestSuiteMainPhase(TestSuiteExecutor.java:142)
	at com.kms.katalon.core.main.TestSuiteExecutor.execute(TestSuiteExecutor.java:91)
	at com.kms.katalon.core.main.TestCaseMain.startTestSuite(TestCaseMain.java:157)
	at com.kms.katalon.core.main.TestCaseMain$startTestSuite$0.call(Unknown Source)
	at TempTestSuite1575402574161.run(TempTestSuite1575402574161.groovy:36)
Caused by: com.kms.katalon.core.webui.exception.WebElementNotFoundException: Web element with id: 'Object Repository/DeletionObject/Page_Home/i_Settings_fa fa-gear' located by 'By.xpath: /html[@class="fa-events-icons-ready"]/body[1]/header[@class="main-header nav-down"]/div[@class="topbar"]/div[@class="container-fluid"]/div[@class="row"]/div[@class="col-xs-6 col-sm-3 col-sm-push-6"]/div[@class="notif"]/div[@class="pull-right dropdown"]/button[@class="btn dropdown-toggle setting"]/i[@class="fa fa-gear"]' not found
	at com.kms.katalon.core.webui.common.WebUiCommonHelper.findWebElement(WebUiCommonHelper.java:1113)
	at com.kms.katalon.core.webui.keyword.internal.WebUIAbstractKeyword.findWebElement(WebUIAbstractKeyword.groovy:27)
	at com.kms.katalon.core.webui.keyword.internal.WebUIAbstractKeyword.findWebElement(WebUIAbstractKeyword.groovy:26)
	at com.kms.katalon.core.webui.keyword.builtin.ClickKeyword$_click_closure1.doCall(ClickKeyword.groovy:68)
	at com.kms.katalon.core.webui.keyword.builtin.ClickKeyword$_click_closure1.call(ClickKeyword.groovy)
	at com.kms.katalon.core.webui.keyword.internal.WebUIKeywordMain.runKeyword(WebUIKeywordMain.groovy:20)
	at com.kms.katalon.core.webui.keyword.builtin.ClickKeyword.click(ClickKeyword.groovy:103)
	at com.kms.katalon.core.webui.keyword.builtin.ClickKeyword.execute(ClickKeyword.groovy:43)
	at com.kms.katalon.core.keyword.internal.KeywordExecutor.executeKeywordForPlatform(KeywordExecutor.groovy:60)
	at com.kms.katalon.core.webui.keyword.WebUiBuiltInKeywords.click(WebUiBuiltInKeywords.groovy:616)
	at com.kms.katalon.core.webui.keyword.WebUiBuiltInKeywords$click$3.call(Unknown Source)
	at Script1570353756420.run(Script1570353756420.groovy:28)
	... 13 more
)

2019-12-04 02:11:37 - [MESSAGE][INFO] - Unable to find the element located by 'By.xpath: /html[@class="fa-events-icons-ready"]/body[1]/header[@class="main-header nav-down"]/div[@class="topbar"]/div[@class="container-fluid"]/div[@class="row"]/div[@class="col-xs-6 col-sm-3 col-sm-push-6"]/div[@class="notif"]/div[@class="pull-right dropdown"]/button[@class="btn dropdown-toggle setting"]/i[@class="fa fa-gear"]'. Please recheck the objects properties to make sure the desired element is located. 

2019-12-04 02:11:37 - [MESSAGE][FAILED] - Unable to click on object 'Object Repository/DeletionObject/Page_Home/i_Settings_fa fa-gear' (Root cause: com.kms.katalon.core.exception.StepFailedException: Unable to click on object 'Object Repository/DeletionObject/Page_Home/i_Settings_fa fa-gear'
	at com.kms.katalon.core.webui.keyword.internal.WebUIKeywordMain.stepFailed(WebUIKeywordMain.groovy:64)
	at com.kms.katalon.core.webui.keyword.internal.WebUIKeywordMain.runKeyword(WebUIKeywordMain.groovy:26)
	at com.kms.katalon.core.webui.keyword.builtin.ClickKeyword.click(ClickKeyword.groovy:103)
	at com.kms.katalon.core.webui.keyword.builtin.ClickKeyword.execute(ClickKeyword.groovy:43)
	at com.kms.katalon.core.keyword.internal.KeywordExecutor.executeKeywordForPlatform(KeywordExecutor.groovy:60)
	at com.kms.katalon.core.webui.keyword.WebUiBuiltInKeywords.click(WebUiBuiltInKeywords.groovy:616)
	at com.kms.katalon.core.webui.keyword.WebUiBuiltInKeywords$click$3.call(Unknown Source)
	at RecreationofProfile.run(RecreationofProfile:28)
	at com.kms.katalon.core.main.ScriptEngine.run(ScriptEngine.java:194)
	at com.kms.katalon.core.main.ScriptEngine.runScriptAsRawText(ScriptEngine.java:119)
	at com.kms.katalon.core.main.TestCaseExecutor.runScript(TestCaseExecutor.java:337)
	at com.kms.katalon.core.main.TestCaseExecutor.doExecute(TestCaseExecutor.java:328)
	at com.kms.katalon.core.main.TestCaseExecutor.processExecutionPhase(TestCaseExecutor.java:307)
	at com.kms.katalon.core.main.TestCaseExecutor.accessMainPhase(TestCaseExecutor.java:299)
	at com.kms.katalon.core.main.TestCaseExecutor.execute(TestCaseExecutor.java:233)
	at com.kms.katalon.core.main.TestSuiteExecutor.accessTestCaseMainPhase(TestSuiteExecutor.java:169)
	at com.kms.katalon.core.main.TestSuiteExecutor.accessTestSuiteMainPhase(TestSuiteExecutor.java:142)
	at com.kms.katalon.core.main.TestSuiteExecutor.execute(TestSuiteExecutor.java:91)
	at com.kms.katalon.core.main.TestCaseMain.startTestSuite(TestCaseMain.java:157)
	at com.kms.katalon.core.main.TestCaseMain$startTestSuite$0.call(Unknown Source)
	at TempTestSuite1575402574161.run(TempTestSuite1575402574161.groovy:36)
Caused by: com.kms.katalon.core.webui.exception.WebElementNotFoundException: Web element with id: 'Object Repository/DeletionObject/Page_Home/i_Settings_fa fa-gear' located by 'By.xpath: /html[@class="fa-events-icons-ready"]/body[1]/header[@class="main-header nav-down"]/div[@class="topbar"]/div[@class="container-fluid"]/div[@class="row"]/div[@class="col-xs-6 col-sm-3 col-sm-push-6"]/div[@class="notif"]/div[@class="pull-right dropdown"]/button[@class="btn dropdown-toggle setting"]/i[@class="fa fa-gear"]' not found
	at com.kms.katalon.core.webui.common.WebUiCommonHelper.findWebElement(WebUiCommonHelper.java:1113)
	at com.kms.katalon.core.webui.keyword.internal.WebUIAbstractKeyword.findWebElement(WebUIAbstractKeyword.groovy:27)
	at com.kms.katalon.core.webui.keyword.internal.WebUIAbstractKeyword.findWebElement(WebUIAbstractKeyword.groovy:26)
	at com.kms.katalon.core.webui.keyword.builtin.ClickKeyword$_click_closure1.doCall(ClickKeyword.groovy:68)
	at com.kms.katalon.core.webui.keyword.builtin.ClickKeyword$_click_closure1.call(ClickKeyword.groovy)
	at com.kms.katalon.core.webui.keyword.internal.WebUIKeywordMain.runKeyword(WebUIKeywordMain.groovy:20)
	at com.kms.katalon.core.webui.keyword.builtin.ClickKeyword.click(ClickKeyword.groovy:103)
	at com.kms.katalon.core.webui.keyword.builtin.ClickKeyword.execute(ClickKeyword.groovy:43)
	at com.kms.katalon.core.keyword.internal.KeywordExecutor.executeKeywordForPlatform(KeywordExecutor.groovy:60)
	at com.kms.katalon.core.webui.keyword.WebUiBuiltInKeywords.click(WebUiBuiltInKeywords.groovy:616)
	at com.kms.katalon.core.webui.keyword.WebUiBuiltInKeywords$click$3.call(Unknown Source)
	at Script1570353756420.run(Script1570353756420.groovy:28)
	... 13 more
)
[[ATTACHMENT|C:\\Users\\Suraj Kumar\\git\\KatalonBDD\\Reports\\20191204_011934\\Regression\\20191204_011934\\1575405697321.png]]

2019-12-04 02:11:37 - [TEST_STEP][PASSED] - Start listener action : afterTestcase: Browser is closed

2019-12-04 02:11:37 - [TEST_STEP][PASSED] - closeBrowser(): Browser is closed

2019-12-04 02:11:38 - [MESSAGE][PASSED] - Browser is closed

2019-12-04 02:11:41 - [TEST_STEP][PASSED] - Video: Video recording for test case 'Test Cases/workLifeTest/RecreationofProfile' .

2019-12-04 02:11:41 - [MESSAGE][INFO] - Video recording for test case 'Test Cases/workLifeTest/RecreationofProfile' .
[[ATTACHMENT|C:\\Users\\Suraj Kumar\\git\\KatalonBDD\\Reports\\20191204_011934\\Regression\\20191204_011934/videos\\test_54.avi]]]]></system-out>
         <system-err><![CDATA[2019-12-04 02:10:26 - [TEST_CASE][FAILED] - Test Cases/workLifeTest/RecreationofProfile: Test Cases/workLifeTest/RecreationofProfile FAILED.
Reason:
com.kms.katalon.core.exception.StepFailedException: Unable to click on object 'Object Repository/DeletionObject/Page_Home/i_Settings_fa fa-gear'
	at com.kms.katalon.core.webui.keyword.internal.WebUIKeywordMain.stepFailed(WebUIKeywordMain.groovy:64)
	at com.kms.katalon.core.webui.keyword.internal.WebUIKeywordMain.runKeyword(WebUIKeywordMain.groovy:26)
	at com.kms.katalon.core.webui.keyword.builtin.ClickKeyword.click(ClickKeyword.groovy:103)
	at com.kms.katalon.core.webui.keyword.builtin.ClickKeyword.execute(ClickKeyword.groovy:43)
	at com.kms.katalon.core.keyword.internal.KeywordExecutor.executeKeywordForPlatform(KeywordExecutor.groovy:60)
	at com.kms.katalon.core.webui.keyword.WebUiBuiltInKeywords.click(WebUiBuiltInKeywords.groovy:616)
	at com.kms.katalon.core.webui.keyword.WebUiBuiltInKeywords$click$3.call(Unknown Source)
	at RecreationofProfile.run(RecreationofProfile:28)
	at com.kms.katalon.core.main.ScriptEngine.run(ScriptEngine.java:194)
	at com.kms.katalon.core.main.ScriptEngine.runScriptAsRawText(ScriptEngine.java:119)
	at com.kms.katalon.core.main.TestCaseExecutor.runScript(TestCaseExecutor.java:337)
	at com.kms.katalon.core.main.TestCaseExecutor.doExecute(TestCaseExecutor.java:328)
	at com.kms.katalon.core.main.TestCaseExecutor.processExecutionPhase(TestCaseExecutor.java:307)
	at com.kms.katalon.core.main.TestCaseExecutor.accessMainPhase(TestCaseExecutor.java:299)
	at com.kms.katalon.core.main.TestCaseExecutor.execute(TestCaseExecutor.java:233)
	at com.kms.katalon.core.main.TestSuiteExecutor.accessTestCaseMainPhase(TestSuiteExecutor.java:169)
	at com.kms.katalon.core.main.TestSuiteExecutor.accessTestSuiteMainPhase(TestSuiteExecutor.java:142)
	at com.kms.katalon.core.main.TestSuiteExecutor.execute(TestSuiteExecutor.java:91)
	at com.kms.katalon.core.main.TestCaseMain.startTestSuite(TestCaseMain.java:157)
	at com.kms.katalon.core.main.TestCaseMain$startTestSuite$0.call(Unknown Source)
	at TempTestSuite1575402574161.run(TempTestSuite1575402574161.groovy:36)
Caused by: com.kms.katalon.core.webui.exception.WebElementNotFoundException: Web element with id: 'Object Repository/DeletionObject/Page_Home/i_Settings_fa fa-gear' located by 'By.xpath: /html[@class="fa-events-icons-ready"]/body[1]/header[@class="main-header nav-down"]/div[@class="topbar"]/div[@class="container-fluid"]/div[@class="row"]/div[@class="col-xs-6 col-sm-3 col-sm-push-6"]/div[@class="notif"]/div[@class="pull-right dropdown"]/button[@class="btn dropdown-toggle setting"]/i[@class="fa fa-gear"]' not found
	at com.kms.katalon.core.webui.common.WebUiCommonHelper.findWebElement(WebUiCommonHelper.java:1113)
	at com.kms.katalon.core.webui.keyword.internal.WebUIAbstractKeyword.findWebElement(WebUIAbstractKeyword.groovy:27)
	at com.kms.katalon.core.webui.keyword.internal.WebUIAbstractKeyword.findWebElement(WebUIAbstractKeyword.groovy:26)
	at com.kms.katalon.core.webui.keyword.builtin.ClickKeyword$_click_closure1.doCall(ClickKeyword.groovy:68)
	at com.kms.katalon.core.webui.keyword.builtin.ClickKeyword$_click_closure1.call(ClickKeyword.groovy)
	at com.kms.katalon.core.webui.keyword.internal.WebUIKeywordMain.runKeyword(WebUIKeywordMain.groovy:20)
	... 19 more]]></system-err>
      </testcase>
      <system-out><![CDATA[2019-12-04 01:19:44 - [TEST_SUITE][FAILED] - Regression: Test Cases/Accept connection request FAILED.
Reason:
com.kms.katalon.core.exception.StepFailedException: Unable to click on object 'Object Repository/connect with user/Page_Search/button_Connect'
	at com.kms.katalon.core.webui.keyword.internal.WebUIKeywordMain.stepFailed(WebUIKeywordMain.groovy:64)
	at com.kms.katalon.core.webui.keyword.internal.WebUIKeywordMain.runKeyword(WebUIKeywordMain.groovy:26)
	at com.kms.katalon.core.webui.keyword.builtin.ClickKeyword.click(ClickKeyword.groovy:103)
	at com.kms.katalon.core.webui.keyword.builtin.ClickKeyword.execute(ClickKeyword.groovy:43)
	at com.kms.katalon.core.keyword.internal.KeywordExecutor.executeKeywordForPlatform(KeywordExecutor.groovy:60)
	at com.kms.katalon.core.webui.keyword.WebUiBuiltInKeywords.click(WebUiBuiltInKeywords.groovy:616)
	at com.kms.katalon.core.webui.keyword.WebUiBuiltInKeywords$click$3.call(Unknown Source)
	at Accept connection request.run(Accept connection request:33)
	at com.kms.katalon.core.main.ScriptEngine.run(ScriptEngine.java:194)
	at com.kms.katalon.core.main.ScriptEngine.runScriptAsRawText(ScriptEngine.java:119)
	at com.kms.katalon.core.main.TestCaseExecutor.runScript(TestCaseExecutor.java:337)
	at com.kms.katalon.core.main.TestCaseExecutor.doExecute(TestCaseExecutor.java:328)
	at com.kms.katalon.core.main.TestCaseExecutor.processExecutionPhase(TestCaseExecutor.java:307)
	at com.kms.katalon.core.main.TestCaseExecutor.accessMainPhase(TestCaseExecutor.java:299)
	at com.kms.katalon.core.main.TestCaseExecutor.execute(TestCaseExecutor.java:233)
	at com.kms.katalon.core.main.TestSuiteExecutor.accessTestCaseMainPhase(TestSuiteExecutor.java:169)
	at com.kms.katalon.core.main.TestSuiteExecutor.accessTestSuiteMainPhase(TestSuiteExecutor.java:142)
	at com.kms.katalon.core.main.TestSuiteExecutor.execute(TestSuiteExecutor.java:91)
	at com.kms.katalon.core.main.TestCaseMain.startTestSuite(TestCaseMain.java:157)
	at com.kms.katalon.core.main.TestCaseMain$startTestSuite$0.call(Unknown Source)
	at TempTestSuite1575402574161.run(TempTestSuite1575402574161.groovy:36)
Caused by: com.kms.katalon.core.webui.exception.WebElementNotFoundException: Web element with id: 'Object Repository/connect with user/Page_Search/button_Connect' located by 'By.xpath: //*[@id = 'btnConnect' and (text() = 'Connect' or . = 'Connect')]' not found
	at com.kms.katalon.core.webui.common.WebUiCommonHelper.findWebElement(WebUiCommonHelper.java:1113)
	at com.kms.katalon.core.webui.keyword.internal.WebUIAbstractKeyword.findWebElement(WebUIAbstractKeyword.groovy:27)
	at com.kms.katalon.core.webui.keyword.internal.WebUIAbstractKeyword.findWebElement(WebUIAbstractKeyword.groovy:26)
	at com.kms.katalon.core.webui.keyword.builtin.ClickKeyword$_click_closure1.doCall(ClickKeyword.groovy:68)
	at com.kms.katalon.core.webui.keyword.builtin.ClickKeyword$_click_closure1.call(ClickKeyword.groovy)
	at com.kms.katalon.core.webui.keyword.internal.WebUIKeywordMain.runKeyword(WebUIKeywordMain.groovy:20)
	... 19 more]]></system-out>
      <system-err><![CDATA[2019-12-04 01:19:44 - [TEST_SUITE][FAILED] - Regression: Test Cases/Accept connection request FAILED.
Reason:
com.kms.katalon.core.exception.StepFailedException: Unable to click on object 'Object Repository/connect with user/Page_Search/button_Connect'
	at com.kms.katalon.core.webui.keyword.internal.WebUIKeywordMain.stepFailed(WebUIKeywordMain.groovy:64)
	at com.kms.katalon.core.webui.keyword.internal.WebUIKeywordMain.runKeyword(WebUIKeywordMain.groovy:26)
	at com.kms.katalon.core.webui.keyword.builtin.ClickKeyword.click(ClickKeyword.groovy:103)
	at com.kms.katalon.core.webui.keyword.builtin.ClickKeyword.execute(ClickKeyword.groovy:43)
	at com.kms.katalon.core.keyword.internal.KeywordExecutor.executeKeywordForPlatform(KeywordExecutor.groovy:60)
	at com.kms.katalon.core.webui.keyword.WebUiBuiltInKeywords.click(WebUiBuiltInKeywords.groovy:616)
	at com.kms.katalon.core.webui.keyword.WebUiBuiltInKeywords$click$3.call(Unknown Source)
	at Accept connection request.run(Accept connection request:33)
	at com.kms.katalon.core.main.ScriptEngine.run(ScriptEngine.java:194)
	at com.kms.katalon.core.main.ScriptEngine.runScriptAsRawText(ScriptEngine.java:119)
	at com.kms.katalon.core.main.TestCaseExecutor.runScript(TestCaseExecutor.java:337)
	at com.kms.katalon.core.main.TestCaseExecutor.doExecute(TestCaseExecutor.java:328)
	at com.kms.katalon.core.main.TestCaseExecutor.processExecutionPhase(TestCaseExecutor.java:307)
	at com.kms.katalon.core.main.TestCaseExecutor.accessMainPhase(TestCaseExecutor.java:299)
	at com.kms.katalon.core.main.TestCaseExecutor.execute(TestCaseExecutor.java:233)
	at com.kms.katalon.core.main.TestSuiteExecutor.accessTestCaseMainPhase(TestSuiteExecutor.java:169)
	at com.kms.katalon.core.main.TestSuiteExecutor.accessTestSuiteMainPhase(TestSuiteExecutor.java:142)
	at com.kms.katalon.core.main.TestSuiteExecutor.execute(TestSuiteExecutor.java:91)
	at com.kms.katalon.core.main.TestCaseMain.startTestSuite(TestCaseMain.java:157)
	at com.kms.katalon.core.main.TestCaseMain$startTestSuite$0.call(Unknown Source)
	at TempTestSuite1575402574161.run(TempTestSuite1575402574161.groovy:36)
Caused by: com.kms.katalon.core.webui.exception.WebElementNotFoundException: Web element with id: 'Object Repository/connect with user/Page_Search/button_Connect' located by 'By.xpath: //*[@id = 'btnConnect' and (text() = 'Connect' or . = 'Connect')]' not found
	at com.kms.katalon.core.webui.common.WebUiCommonHelper.findWebElement(WebUiCommonHelper.java:1113)
	at com.kms.katalon.core.webui.keyword.internal.WebUIAbstractKeyword.findWebElement(WebUIAbstractKeyword.groovy:27)
	at com.kms.katalon.core.webui.keyword.internal.WebUIAbstractKeyword.findWebElement(WebUIAbstractKeyword.groovy:26)
	at com.kms.katalon.core.webui.keyword.builtin.ClickKeyword$_click_closure1.doCall(ClickKeyword.groovy:68)
	at com.kms.katalon.core.webui.keyword.builtin.ClickKeyword$_click_closure1.call(ClickKeyword.groovy)
	at com.kms.katalon.core.webui.keyword.internal.WebUIKeywordMain.runKeyword(WebUIKeywordMain.groovy:20)
	... 19 more]]></system-err>
   </testsuite>
</testsuites>
